[0.140s] Invoking command in '/home/aaron/workspaces/cliffhangers_ws/build/pymoveit2': CMAKE_PREFIX_PATH=${CMAKE_PREFIX_PATH}:/home/aaron/workspaces/cliffhangers_ws/install/realsense_pointcloud_py:/home/aaron/workspaces/cliffhangers_ws/install/esp_comms:/home/aaron/workspaces/miniur5e_ws/install/ros2_aruco:/opt/ros/jazzy DEBUGINFOD_URLS=https://debuginfod.ubuntu.com PS1=(myenv) \[\e]0;\u@\h: \w\a\]${debian_chroot:+($debian_chroot)}\[\033[01;32m\]\u@\h\[\033[00m\]:\[\033[01;34m\]\w\[\033[00m\]\$ VIRTUAL_ENV_PROMPT=(myenv) /usr/bin/cmake --build /home/aaron/workspaces/cliffhangers_ws/build/pymoveit2 -- -j5 -l5
[0.237s] Built target ament_cmake_python_copy_pymoveit2
[0.301s] running egg_info
[0.312s] writing pymoveit2.egg-info/PKG-INFO
[0.313s] writing dependency_links to pymoveit2.egg-info/dependency_links.txt
[0.313s] writing top-level names to pymoveit2.egg-info/top_level.txt
[0.342s] reading manifest file 'pymoveit2.egg-info/SOURCES.txt'
[0.342s] writing manifest file 'pymoveit2.egg-info/SOURCES.txt'
[0.359s] Built target ament_cmake_python_build_pymoveit2_egg
[0.372s] Invoked command in '/home/aaron/workspaces/cliffhangers_ws/build/pymoveit2' returned '0': CMAKE_PREFIX_PATH=${CMAKE_PREFIX_PATH}:/home/aaron/workspaces/cliffhangers_ws/install/realsense_pointcloud_py:/home/aaron/workspaces/cliffhangers_ws/install/esp_comms:/home/aaron/workspaces/miniur5e_ws/install/ros2_aruco:/opt/ros/jazzy DEBUGINFOD_URLS=https://debuginfod.ubuntu.com PS1=(myenv) \[\e]0;\u@\h: \w\a\]${debian_chroot:+($debian_chroot)}\[\033[01;32m\]\u@\h\[\033[00m\]:\[\033[01;34m\]\w\[\033[00m\]\$ VIRTUAL_ENV_PROMPT=(myenv) /usr/bin/cmake --build /home/aaron/workspaces/cliffhangers_ws/build/pymoveit2 -- -j5 -l5
[0.373s] Invoking command in '/home/aaron/workspaces/cliffhangers_ws/build/pymoveit2': CMAKE_PREFIX_PATH=${CMAKE_PREFIX_PATH}:/home/aaron/workspaces/cliffhangers_ws/install/realsense_pointcloud_py:/home/aaron/workspaces/cliffhangers_ws/install/esp_comms:/home/aaron/workspaces/miniur5e_ws/install/ros2_aruco:/opt/ros/jazzy DEBUGINFOD_URLS=https://debuginfod.ubuntu.com PS1=(myenv) \[\e]0;\u@\h: \w\a\]${debian_chroot:+($debian_chroot)}\[\033[01;32m\]\u@\h\[\033[00m\]:\[\033[01;34m\]\w\[\033[00m\]\$ VIRTUAL_ENV_PROMPT=(myenv) /usr/bin/cmake --install /home/aaron/workspaces/cliffhangers_ws/build/pymoveit2
[0.378s] -- Install configuration: ""
[0.378s] -- Up-to-date: /home/aaron/workspaces/cliffhangers_ws/install/pymoveit2/share/pymoveit2/environment/pythonpath.sh
[0.378s] -- Up-to-date: /home/aaron/workspaces/cliffhangers_ws/install/pymoveit2/share/pymoveit2/environment/pythonpath.dsv
[0.379s] -- Up-to-date: /home/aaron/workspaces/cliffhangers_ws/install/pymoveit2/lib/python3.12/site-packages/pymoveit2-4.0.0-py3.12.egg-info
[0.379s] -- Installing: /home/aaron/workspaces/cliffhangers_ws/install/pymoveit2/lib/python3.12/site-packages/pymoveit2-4.0.0-py3.12.egg-info/SOURCES.txt
[0.379s] -- Installing: /home/aaron/workspaces/cliffhangers_ws/install/pymoveit2/lib/python3.12/site-packages/pymoveit2-4.0.0-py3.12.egg-info/dependency_links.txt
[0.379s] -- Installing: /home/aaron/workspaces/cliffhangers_ws/install/pymoveit2/lib/python3.12/site-packages/pymoveit2-4.0.0-py3.12.egg-info/top_level.txt
[0.379s] -- Installing: /home/aaron/workspaces/cliffhangers_ws/install/pymoveit2/lib/python3.12/site-packages/pymoveit2-4.0.0-py3.12.egg-info/PKG-INFO
[0.379s] -- Up-to-date: /home/aaron/workspaces/cliffhangers_ws/install/pymoveit2/lib/python3.12/site-packages/pymoveit2
[0.379s] -- Up-to-date: /home/aaron/workspaces/cliffhangers_ws/install/pymoveit2/lib/python3.12/site-packages/pymoveit2/utils.py
[0.379s] -- Up-to-date: /home/aaron/workspaces/cliffhangers_ws/install/pymoveit2/lib/python3.12/site-packages/pymoveit2/__init__.py
[0.379s] -- Up-to-date: /home/aaron/workspaces/cliffhangers_ws/install/pymoveit2/lib/python3.12/site-packages/pymoveit2/moveit2.py
[0.379s] -- Up-to-date: /home/aaron/workspaces/cliffhangers_ws/install/pymoveit2/lib/python3.12/site-packages/pymoveit2/moveit2_gripper.py
[0.379s] -- Up-to-date: /home/aaron/workspaces/cliffhangers_ws/install/pymoveit2/lib/python3.12/site-packages/pymoveit2/moveit2_servo.py
[0.379s] -- Up-to-date: /home/aaron/workspaces/cliffhangers_ws/install/pymoveit2/lib/python3.12/site-packages/pymoveit2/gripper_interface.py
[0.379s] -- Up-to-date: /home/aaron/workspaces/cliffhangers_ws/install/pymoveit2/lib/python3.12/site-packages/pymoveit2/gripper_command.py
[0.379s] -- Up-to-date: /home/aaron/workspaces/cliffhangers_ws/install/pymoveit2/lib/python3.12/site-packages/pymoveit2/robots
[0.379s] -- Up-to-date: /home/aaron/workspaces/cliffhangers_ws/install/pymoveit2/lib/python3.12/site-packages/pymoveit2/robots/ur.py
[0.379s] -- Up-to-date: /home/aaron/workspaces/cliffhangers_ws/install/pymoveit2/lib/python3.12/site-packages/pymoveit2/robots/panda.py
[0.379s] -- Up-to-date: /home/aaron/workspaces/cliffhangers_ws/install/pymoveit2/lib/python3.12/site-packages/pymoveit2/robots/climbing_robot.py
[0.379s] -- Up-to-date: /home/aaron/workspaces/cliffhangers_ws/install/pymoveit2/lib/python3.12/site-packages/pymoveit2/robots/__init__.py
[0.379s] -- Up-to-date: /home/aaron/workspaces/cliffhangers_ws/install/pymoveit2/lib/python3.12/site-packages/pymoveit2/robots/phantomx_pincher.py
[0.379s] -- Up-to-date: /home/aaron/workspaces/cliffhangers_ws/install/pymoveit2/lib/python3.12/site-packages/pymoveit2/robots/lbr.py
[0.379s] -- Up-to-date: /home/aaron/workspaces/cliffhangers_ws/install/pymoveit2/lib/python3.12/site-packages/pymoveit2/robots/crane_x7.py
[0.379s] -- Up-to-date: /home/aaron/workspaces/cliffhangers_ws/install/pymoveit2/lib/python3.12/site-packages/pymoveit2/robots/kinova.py
[0.401s] Listing '/home/aaron/workspaces/cliffhangers_ws/install/pymoveit2/lib/python3.12/site-packages/pymoveit2'...
[0.401s] Listing '/home/aaron/workspaces/cliffhangers_ws/install/pymoveit2/lib/python3.12/site-packages/pymoveit2/robots'...
[0.408s] -- Up-to-date: /home/aaron/workspaces/cliffhangers_ws/install/pymoveit2/lib/pymoveit2/ex_allow_collisions.py
[0.410s] -- Up-to-date: /home/aaron/workspaces/cliffhangers_ws/install/pymoveit2/lib/pymoveit2/ex_clear_planning_scene.py
[0.410s] -- Up-to-date: /home/aaron/workspaces/cliffhangers_ws/install/pymoveit2/lib/pymoveit2/ex_collision_mesh.py
[0.410s] -- Up-to-date: /home/aaron/workspaces/cliffhangers_ws/install/pymoveit2/lib/pymoveit2/ex_collision_primitive.py
[0.411s] -- Up-to-date: /home/aaron/workspaces/cliffhangers_ws/install/pymoveit2/lib/pymoveit2/ex_fk.py
[0.411s] -- Up-to-date: /home/aaron/workspaces/cliffhangers_ws/install/pymoveit2/lib/pymoveit2/ex_gripper.py
[0.411s] -- Up-to-date: /home/aaron/workspaces/cliffhangers_ws/install/pymoveit2/lib/pymoveit2/ex_ik.py
[0.411s] -- Up-to-date: /home/aaron/workspaces/cliffhangers_ws/install/pymoveit2/lib/pymoveit2/ex_joint_goal.py
[0.411s] -- Up-to-date: /home/aaron/workspaces/cliffhangers_ws/install/pymoveit2/lib/pymoveit2/ex_orientation_path_constraint.py
[0.411s] -- Up-to-date: /home/aaron/workspaces/cliffhangers_ws/install/pymoveit2/lib/pymoveit2/ex_pose_goal.py
[0.411s] -- Up-to-date: /home/aaron/workspaces/cliffhangers_ws/install/pymoveit2/lib/pymoveit2/ex_servo.py
[0.411s] -- Up-to-date: /home/aaron/workspaces/cliffhangers_ws/install/pymoveit2/share/ament_index/resource_index/package_run_dependencies/pymoveit2
[0.411s] -- Up-to-date: /home/aaron/workspaces/cliffhangers_ws/install/pymoveit2/share/ament_index/resource_index/parent_prefix_path/pymoveit2
[0.411s] -- Up-to-date: /home/aaron/workspaces/cliffhangers_ws/install/pymoveit2/share/pymoveit2/environment/ament_prefix_path.sh
[0.411s] -- Up-to-date: /home/aaron/workspaces/cliffhangers_ws/install/pymoveit2/share/pymoveit2/environment/ament_prefix_path.dsv
[0.411s] -- Up-to-date: /home/aaron/workspaces/cliffhangers_ws/install/pymoveit2/share/pymoveit2/environment/path.sh
[0.411s] -- Up-to-date: /home/aaron/workspaces/cliffhangers_ws/install/pymoveit2/share/pymoveit2/environment/path.dsv
[0.411s] -- Up-to-date: /home/aaron/workspaces/cliffhangers_ws/install/pymoveit2/share/pymoveit2/local_setup.bash
[0.411s] -- Up-to-date: /home/aaron/workspaces/cliffhangers_ws/install/pymoveit2/share/pymoveit2/local_setup.sh
[0.411s] -- Up-to-date: /home/aaron/workspaces/cliffhangers_ws/install/pymoveit2/share/pymoveit2/local_setup.zsh
[0.411s] -- Up-to-date: /home/aaron/workspaces/cliffhangers_ws/install/pymoveit2/share/pymoveit2/local_setup.dsv
[0.411s] -- Installing: /home/aaron/workspaces/cliffhangers_ws/install/pymoveit2/share/pymoveit2/package.dsv
[0.411s] -- Up-to-date: /home/aaron/workspaces/cliffhangers_ws/install/pymoveit2/share/ament_index/resource_index/packages/pymoveit2
[0.412s] -- Up-to-date: /home/aaron/workspaces/cliffhangers_ws/install/pymoveit2/share/pymoveit2/cmake/pymoveit2Config.cmake
[0.412s] -- Up-to-date: /home/aaron/workspaces/cliffhangers_ws/install/pymoveit2/share/pymoveit2/cmake/pymoveit2Config-version.cmake
[0.412s] -- Up-to-date: /home/aaron/workspaces/cliffhangers_ws/install/pymoveit2/share/pymoveit2/package.xml
[0.414s] Invoked command in '/home/aaron/workspaces/cliffhangers_ws/build/pymoveit2' returned '0': CMAKE_PREFIX_PATH=${CMAKE_PREFIX_PATH}:/home/aaron/workspaces/cliffhangers_ws/install/realsense_pointcloud_py:/home/aaron/workspaces/cliffhangers_ws/install/esp_comms:/home/aaron/workspaces/miniur5e_ws/install/ros2_aruco:/opt/ros/jazzy DEBUGINFOD_URLS=https://debuginfod.ubuntu.com PS1=(myenv) \[\e]0;\u@\h: \w\a\]${debian_chroot:+($debian_chroot)}\[\033[01;32m\]\u@\h\[\033[00m\]:\[\033[01;34m\]\w\[\033[00m\]\$ VIRTUAL_ENV_PROMPT=(myenv) /usr/bin/cmake --install /home/aaron/workspaces/cliffhangers_ws/build/pymoveit2
