[0.010s] Invoking command in '/home/aaron/workspaces/cliffhangers_ws/build/climbbot3_gz': DEBUGINFOD_URLS=https://debuginfod.ubuntu.com /usr/bin/cmake /home/aaron/workspaces/cliffhangers_ws/src/climbbot3_gz -DCMAKE_INSTALL_PREFIX=/home/aaron/workspaces/cliffhangers_ws/install/climbbot3_gz
[0.181s] -- The C compiler identification is GNU 13.3.0
[0.265s] -- The CXX compiler identification is GNU 13.3.0
[0.280s] -- Detecting C compiler ABI info
[0.357s] -- Detecting C compiler ABI info - done
[0.368s] -- Check for working C compiler: /usr/bin/cc - skipped
[0.368s] -- Detecting C compile features
[0.368s] -- Detecting C compile features - done
[0.376s] -- Detecting CXX compiler ABI info
[0.467s] -- Detecting CXX compiler ABI info - done
[0.481s] -- Check for working CXX compiler: /usr/bin/c++ - skipped
[0.481s] -- Detecting CXX compile features
[0.482s] -- Detecting CXX compile features - done
[0.489s] [31mCMake Error at CMakeLists.txt:9 (find_package):
[0.490s] -- Configuring incomplete, errors occurred!
[0.490s]   By not providing "Findament_cmake.cmake" in CMAKE_MODULE_PATH this project
[0.490s]   has asked CMake to find a package configuration file provided by
[0.490s]   "ament_cmake", but CMake did not find one.
[0.490s] 
[0.490s]   Could not find a package configuration file provided by "ament_cmake" with
[0.490s]   any of the following names:
[0.490s] 
[0.490s]     ament_cmakeConfig.cmake
[0.490s]     ament_cmake-config.cmake
[0.490s] 
[0.490s]   Add the installation prefix of "ament_cmake" to CMAKE_PREFIX_PATH or set
[0.490s]   "ament_cmake_DIR" to a directory containing one of the above files.  If
[0.490s]   "ament_cmake" provides a separate development package or SDK, be sure it
[0.490s]   has been installed.
[0.491s] 
[0.491s] [0m
[0.494s] Invoked command in '/home/aaron/workspaces/cliffhangers_ws/build/climbbot3_gz' returned '1': DEBUGINFOD_URLS=https://debuginfod.ubuntu.com /usr/bin/cmake /home/aaron/workspaces/cliffhangers_ws/src/climbbot3_gz -DCMAKE_INSTALL_PREFIX=/home/aaron/workspaces/cliffhangers_ws/install/climbbot3_gz
