-- Install configuration: ""
-- Up-to-date: /home/aaron/workspaces/cliffhangers_ws/install/climbbot3_description/share/climbbot3_description//climbbot3
-- Up-to-date: /home/aaron/workspaces/cliffhangers_ws/install/climbbot3_description/share/climbbot3_description//climbbot3/component2.stl
-- Up-to-date: /home/aaron/workspaces/cliffhangers_ws/install/climbbot3_description/share/climbbot3_description//climbbot3/component707.stl
-- Up-to-date: /home/aaron/workspaces/cliffhangers_ws/install/climbbot3_description/share/climbbot3_description//climbbot3/gripper_hook.stl
-- Up-to-date: /home/aaron/workspaces/cliffhangers_ws/install/climbbot3_description/share/climbbot3_description//climbbot3/servo_arm_horn_25t_aluminium.stl
-- Up-to-date: /home/aaron/workspaces/cliffhangers_ws/install/climbbot3_description/share/climbbot3_description//climbbot3/gripper_hook.part
-- Up-to-date: /home/aaron/workspaces/cliffhangers_ws/install/climbbot3_description/share/climbbot3_description//climbbot3/servo_arm_horn_25t_aluminium.part
-- Up-to-date: /home/aaron/workspaces/cliffhangers_ws/install/climbbot3_description/share/climbbot3_description//climbbot3/part_17.part
-- Up-to-date: /home/aaron/workspaces/cliffhangers_ws/install/climbbot3_description/share/climbbot3_description//climbbot3/ds3225mg_servo_25kg_4.8-6.8v.part
-- Up-to-date: /home/aaron/workspaces/cliffhangers_ws/install/climbbot3_description/share/climbbot3_description//climbbot3/spur_gear_(23_teeth).stl
-- Up-to-date: /home/aaron/workspaces/cliffhangers_ws/install/climbbot3_description/share/climbbot3_description//climbbot3/part_23.stl
-- Up-to-date: /home/aaron/workspaces/cliffhangers_ws/install/climbbot3_description/share/climbbot3_description//climbbot3/servomount1.part
-- Up-to-date: /home/aaron/workspaces/cliffhangers_ws/install/climbbot3_description/share/climbbot3_description//climbbot3/spur_gear_(23_teeth).part
-- Up-to-date: /home/aaron/workspaces/cliffhangers_ws/install/climbbot3_description/share/climbbot3_description//climbbot3/assets
-- Up-to-date: /home/aaron/workspaces/cliffhangers_ws/install/climbbot3_description/share/climbbot3_description//climbbot3/assets/ds3225mg_servo_25kg_4_8_6_8v.stl
-- Up-to-date: /home/aaron/workspaces/cliffhangers_ws/install/climbbot3_description/share/climbbot3_description//climbbot3/assets/component2.stl
-- Up-to-date: /home/aaron/workspaces/cliffhangers_ws/install/climbbot3_description/share/climbbot3_description//climbbot3/assets/component707.stl
-- Up-to-date: /home/aaron/workspaces/cliffhangers_ws/install/climbbot3_description/share/climbbot3_description//climbbot3/assets/gripper_hook.stl
-- Up-to-date: /home/aaron/workspaces/cliffhangers_ws/install/climbbot3_description/share/climbbot3_description//climbbot3/assets/servo_arm_horn_25t_aluminium.stl
-- Up-to-date: /home/aaron/workspaces/cliffhangers_ws/install/climbbot3_description/share/climbbot3_description//climbbot3/assets/gripper_hook.part
-- Up-to-date: /home/aaron/workspaces/cliffhangers_ws/install/climbbot3_description/share/climbbot3_description//climbbot3/assets/servo_arm_horn_25t_aluminium.part
-- Up-to-date: /home/aaron/workspaces/cliffhangers_ws/install/climbbot3_description/share/climbbot3_description//climbbot3/assets/part_17.part
-- Up-to-date: /home/aaron/workspaces/cliffhangers_ws/install/climbbot3_description/share/climbbot3_description//climbbot3/assets/spur_gear__23_teeth.part
-- Up-to-date: /home/aaron/workspaces/cliffhangers_ws/install/climbbot3_description/share/climbbot3_description//climbbot3/assets/spur_gear__22_teeth.stl
-- Up-to-date: /home/aaron/workspaces/cliffhangers_ws/install/climbbot3_description/share/climbbot3_description//climbbot3/assets/part_23.stl
-- Up-to-date: /home/aaron/workspaces/cliffhangers_ws/install/climbbot3_description/share/climbbot3_description//climbbot3/assets/intel_rgbd_cam_d435.urdf.xacro
-- Up-to-date: /home/aaron/workspaces/cliffhangers_ws/install/climbbot3_description/share/climbbot3_description//climbbot3/assets/servomount1.part
-- Up-to-date: /home/aaron/workspaces/cliffhangers_ws/install/climbbot3_description/share/climbbot3_description//climbbot3/assets/ds3225mg_servo_25kg_4_8_6_8v.part
-- Up-to-date: /home/aaron/workspaces/cliffhangers_ws/install/climbbot3_description/share/climbbot3_description//climbbot3/assets/part_23.part
-- Up-to-date: /home/aaron/workspaces/cliffhangers_ws/install/climbbot3_description/share/climbbot3_description//climbbot3/assets/part_4.part
-- Up-to-date: /home/aaron/workspaces/cliffhangers_ws/install/climbbot3_description/share/climbbot3_description//climbbot3/assets/part_17.stl
-- Up-to-date: /home/aaron/workspaces/cliffhangers_ws/install/climbbot3_description/share/climbbot3_description//climbbot3/assets/part_6.stl
-- Up-to-date: /home/aaron/workspaces/cliffhangers_ws/install/climbbot3_description/share/climbbot3_description//climbbot3/assets/spur_gear__23_teeth.stl
-- Up-to-date: /home/aaron/workspaces/cliffhangers_ws/install/climbbot3_description/share/climbbot3_description//climbbot3/assets/part_20.stl
-- Up-to-date: /home/aaron/workspaces/cliffhangers_ws/install/climbbot3_description/share/climbbot3_description//climbbot3/assets/servomount1.stl
-- Up-to-date: /home/aaron/workspaces/cliffhangers_ws/install/climbbot3_description/share/climbbot3_description//climbbot3/assets/component707.part
-- Up-to-date: /home/aaron/workspaces/cliffhangers_ws/install/climbbot3_description/share/climbbot3_description//climbbot3/assets/part_1.stl
-- Up-to-date: /home/aaron/workspaces/cliffhangers_ws/install/climbbot3_description/share/climbbot3_description//climbbot3/assets/part_22.stl
-- Up-to-date: /home/aaron/workspaces/cliffhangers_ws/install/climbbot3_description/share/climbbot3_description//climbbot3/assets/part_22.part
-- Up-to-date: /home/aaron/workspaces/cliffhangers_ws/install/climbbot3_description/share/climbbot3_description//climbbot3/assets/part_6.part
-- Up-to-date: /home/aaron/workspaces/cliffhangers_ws/install/climbbot3_description/share/climbbot3_description//climbbot3/assets/part_1.part
-- Up-to-date: /home/aaron/workspaces/cliffhangers_ws/install/climbbot3_description/share/climbbot3_description//climbbot3/assets/component2.part
-- Up-to-date: /home/aaron/workspaces/cliffhangers_ws/install/climbbot3_description/share/climbbot3_description//climbbot3/assets/part_20.part
-- Up-to-date: /home/aaron/workspaces/cliffhangers_ws/install/climbbot3_description/share/climbbot3_description//climbbot3/assets/part_4.stl
-- Up-to-date: /home/aaron/workspaces/cliffhangers_ws/install/climbbot3_description/share/climbbot3_description//climbbot3/assets/spur_gear__22_teeth.part
-- Up-to-date: /home/aaron/workspaces/cliffhangers_ws/install/climbbot3_description/share/climbbot3_description//climbbot3/robot.urdf
-- Up-to-date: /home/aaron/workspaces/cliffhangers_ws/install/climbbot3_description/share/climbbot3_description//climbbot3/part_23.part
-- Up-to-date: /home/aaron/workspaces/cliffhangers_ws/install/climbbot3_description/share/climbbot3_description//climbbot3/part_4.part
-- Up-to-date: /home/aaron/workspaces/cliffhangers_ws/install/climbbot3_description/share/climbbot3_description//climbbot3/part_17.stl
-- Up-to-date: /home/aaron/workspaces/cliffhangers_ws/install/climbbot3_description/share/climbbot3_description//climbbot3/part_6.stl
-- Up-to-date: /home/aaron/workspaces/cliffhangers_ws/install/climbbot3_description/share/climbbot3_description//climbbot3/ds3225mg_servo_25kg_4.8-6.8v.stl
-- Up-to-date: /home/aaron/workspaces/cliffhangers_ws/install/climbbot3_description/share/climbbot3_description//climbbot3/servomount.stl
-- Up-to-date: /home/aaron/workspaces/cliffhangers_ws/install/climbbot3_description/share/climbbot3_description//climbbot3/part_20.stl
-- Up-to-date: /home/aaron/workspaces/cliffhangers_ws/install/climbbot3_description/share/climbbot3_description//climbbot3/servomount1.stl
-- Up-to-date: /home/aaron/workspaces/cliffhangers_ws/install/climbbot3_description/share/climbbot3_description//climbbot3/component707.part
-- Up-to-date: /home/aaron/workspaces/cliffhangers_ws/install/climbbot3_description/share/climbbot3_description//climbbot3/part_1.stl
-- Up-to-date: /home/aaron/workspaces/cliffhangers_ws/install/climbbot3_description/share/climbbot3_description//climbbot3/part_22.stl
-- Up-to-date: /home/aaron/workspaces/cliffhangers_ws/install/climbbot3_description/share/climbbot3_description//climbbot3/part_22.part
-- Up-to-date: /home/aaron/workspaces/cliffhangers_ws/install/climbbot3_description/share/climbbot3_description//climbbot3/part_6.part
-- Up-to-date: /home/aaron/workspaces/cliffhangers_ws/install/climbbot3_description/share/climbbot3_description//climbbot3/part_1.part
-- Up-to-date: /home/aaron/workspaces/cliffhangers_ws/install/climbbot3_description/share/climbbot3_description//climbbot3/component2.part
-- Up-to-date: /home/aaron/workspaces/cliffhangers_ws/install/climbbot3_description/share/climbbot3_description//climbbot3/d435
-- Up-to-date: /home/aaron/workspaces/cliffhangers_ws/install/climbbot3_description/share/climbbot3_description//climbbot3/d435/visual
-- Up-to-date: /home/aaron/workspaces/cliffhangers_ws/install/climbbot3_description/share/climbbot3_description//climbbot3/d435/visual/d435.stl
-- Up-to-date: /home/aaron/workspaces/cliffhangers_ws/install/climbbot3_description/share/climbbot3_description//climbbot3/part_3.stl
-- Up-to-date: /home/aaron/workspaces/cliffhangers_ws/install/climbbot3_description/share/climbbot3_description//climbbot3/part_20.part
-- Up-to-date: /home/aaron/workspaces/cliffhangers_ws/install/climbbot3_description/share/climbbot3_description//climbbot3/part_4.stl
-- Up-to-date: /home/aaron/workspaces/cliffhangers_ws/install/climbbot3_description/share/climbbot3_description//climbbot3/config.json
-- Up-to-date: /home/aaron/workspaces/cliffhangers_ws/install/climbbot3_description/share/climbbot3_description//climbbot3/part_3.part
-- Up-to-date: /home/aaron/workspaces/cliffhangers_ws/install/climbbot3_description/share/climbbot3_description//climbbot3/spur_gear_(22_teeth).part
-- Up-to-date: /home/aaron/workspaces/cliffhangers_ws/install/climbbot3_description/share/climbbot3_description//climbbot3/servomount.part
-- Up-to-date: /home/aaron/workspaces/cliffhangers_ws/install/climbbot3_description/share/climbbot3_description//climbbot3/spur_gear_(22_teeth).stl
-- Up-to-date: /home/aaron/workspaces/cliffhangers_ws/install/climbbot3_description/share/ament_index/resource_index/package_run_dependencies/climbbot3_description
-- Up-to-date: /home/aaron/workspaces/cliffhangers_ws/install/climbbot3_description/share/ament_index/resource_index/parent_prefix_path/climbbot3_description
-- Up-to-date: /home/aaron/workspaces/cliffhangers_ws/install/climbbot3_description/share/climbbot3_description/environment/ament_prefix_path.sh
-- Up-to-date: /home/aaron/workspaces/cliffhangers_ws/install/climbbot3_description/share/climbbot3_description/environment/ament_prefix_path.dsv
-- Up-to-date: /home/aaron/workspaces/cliffhangers_ws/install/climbbot3_description/share/climbbot3_description/environment/path.sh
-- Up-to-date: /home/aaron/workspaces/cliffhangers_ws/install/climbbot3_description/share/climbbot3_description/environment/path.dsv
-- Up-to-date: /home/aaron/workspaces/cliffhangers_ws/install/climbbot3_description/share/climbbot3_description/local_setup.bash
-- Up-to-date: /home/aaron/workspaces/cliffhangers_ws/install/climbbot3_description/share/climbbot3_description/local_setup.sh
-- Up-to-date: /home/aaron/workspaces/cliffhangers_ws/install/climbbot3_description/share/climbbot3_description/local_setup.zsh
-- Up-to-date: /home/aaron/workspaces/cliffhangers_ws/install/climbbot3_description/share/climbbot3_description/local_setup.dsv
-- Installing: /home/aaron/workspaces/cliffhangers_ws/install/climbbot3_description/share/climbbot3_description/package.dsv
-- Up-to-date: /home/aaron/workspaces/cliffhangers_ws/install/climbbot3_description/share/ament_index/resource_index/packages/climbbot3_description
-- Up-to-date: /home/aaron/workspaces/cliffhangers_ws/install/climbbot3_description/share/climbbot3_description/cmake/climbbot3_descriptionConfig.cmake
-- Up-to-date: /home/aaron/workspaces/cliffhangers_ws/install/climbbot3_description/share/climbbot3_description/cmake/climbbot3_descriptionConfig-version.cmake
-- Up-to-date: /home/aaron/workspaces/cliffhangers_ws/install/climbbot3_description/share/climbbot3_description/package.xml
