[0.022s] Invoking command in '/home/aaron/workspaces/cliffhangers_ws/build/climbbot3_description': CMAKE_PREFIX_PATH=${CMAKE_PREFIX_PATH}:/home/aaron/workspaces/cliffhangers_ws/install/realsense_pointcloud_py:/home/aaron/workspaces/cliffhangers_ws/install/esp_comms:/home/aaron/workspaces/miniur5e_ws/install/ros2_aruco:/opt/ros/jazzy DEBUGINFOD_URLS=https://debuginfod.ubuntu.com PS1=\[\e]0;\u@\h: \w\a\]${debian_chroot:+($debian_chroot)}\[\033[01;32m\]\u@\h\[\033[00m\]:\[\033[01;34m\]\w\[\033[00m\]\$ /usr/bin/cmake --build /home/aaron/workspaces/cliffhangers_ws/build/climbbot3_description -- -j5 -l5
[0.172s] Invoked command in '/home/aaron/workspaces/cliffhangers_ws/build/climbbot3_description' returned '0': CMAKE_PREFIX_PATH=${CMAKE_PREFIX_PATH}:/home/aaron/workspaces/cliffhangers_ws/install/realsense_pointcloud_py:/home/aaron/workspaces/cliffhangers_ws/install/esp_comms:/home/aaron/workspaces/miniur5e_ws/install/ros2_aruco:/opt/ros/jazzy DEBUGINFOD_URLS=https://debuginfod.ubuntu.com PS1=\[\e]0;\u@\h: \w\a\]${debian_chroot:+($debian_chroot)}\[\033[01;32m\]\u@\h\[\033[00m\]:\[\033[01;34m\]\w\[\033[00m\]\$ /usr/bin/cmake --build /home/aaron/workspaces/cliffhangers_ws/build/climbbot3_description -- -j5 -l5
[0.172s] Invoking command in '/home/aaron/workspaces/cliffhangers_ws/build/climbbot3_description': CMAKE_PREFIX_PATH=${CMAKE_PREFIX_PATH}:/home/aaron/workspaces/cliffhangers_ws/install/realsense_pointcloud_py:/home/aaron/workspaces/cliffhangers_ws/install/esp_comms:/home/aaron/workspaces/miniur5e_ws/install/ros2_aruco:/opt/ros/jazzy DEBUGINFOD_URLS=https://debuginfod.ubuntu.com PS1=\[\e]0;\u@\h: \w\a\]${debian_chroot:+($debian_chroot)}\[\033[01;32m\]\u@\h\[\033[00m\]:\[\033[01;34m\]\w\[\033[00m\]\$ /usr/bin/cmake --install /home/aaron/workspaces/cliffhangers_ws/build/climbbot3_description
[0.200s] -- Install configuration: ""
[0.200s] -- Up-to-date: /home/aaron/workspaces/cliffhangers_ws/install/climbbot3_description/share/climbbot3_description//climbbot3
[0.200s] -- Up-to-date: /home/aaron/workspaces/cliffhangers_ws/install/climbbot3_description/share/climbbot3_description//climbbot3/spur_gear_(23_teeth).part
[0.200s] -- Up-to-date: /home/aaron/workspaces/cliffhangers_ws/install/climbbot3_description/share/climbbot3_description//climbbot3/assets
[0.200s] -- Up-to-date: /home/aaron/workspaces/cliffhangers_ws/install/climbbot3_description/share/climbbot3_description//climbbot3/assets/part_6.part
[0.201s] -- Up-to-date: /home/aaron/workspaces/cliffhangers_ws/install/climbbot3_description/share/climbbot3_description//climbbot3/assets/servo_arm_horn_25t_aluminium.stl
[0.201s] -- Up-to-date: /home/aaron/workspaces/cliffhangers_ws/install/climbbot3_description/share/climbbot3_description//climbbot3/assets/spur_gear__22_teeth.part
[0.201s] -- Up-to-date: /home/aaron/workspaces/cliffhangers_ws/install/climbbot3_description/share/climbbot3_description//climbbot3/assets/part_23.part
[0.201s] -- Up-to-date: /home/aaron/workspaces/cliffhangers_ws/install/climbbot3_description/share/climbbot3_description//climbbot3/assets/part_1.part
[0.201s] -- Up-to-date: /home/aaron/workspaces/cliffhangers_ws/install/climbbot3_description/share/climbbot3_description//climbbot3/assets/spur_gear__23_teeth.stl
[0.201s] -- Up-to-date: /home/aaron/workspaces/cliffhangers_ws/install/climbbot3_description/share/climbbot3_description//climbbot3/assets/intel_rgbd_cam_d435.urdf.xacro
[0.201s] -- Up-to-date: /home/aaron/workspaces/cliffhangers_ws/install/climbbot3_description/share/climbbot3_description//climbbot3/assets/gripper_hook.part
[0.201s] -- Up-to-date: /home/aaron/workspaces/cliffhangers_ws/install/climbbot3_description/share/climbbot3_description//climbbot3/assets/ds3225mg_servo_25kg_4_8_6_8v.part
[0.201s] -- Up-to-date: /home/aaron/workspaces/cliffhangers_ws/install/climbbot3_description/share/climbbot3_description//climbbot3/assets/ds3225mg_servo_25kg_4_8_6_8v.stl
[0.201s] -- Up-to-date: /home/aaron/workspaces/cliffhangers_ws/install/climbbot3_description/share/climbbot3_description//climbbot3/assets/part_20.part
[0.201s] -- Up-to-date: /home/aaron/workspaces/cliffhangers_ws/install/climbbot3_description/share/climbbot3_description//climbbot3/assets/part_22.part
[0.201s] -- Up-to-date: /home/aaron/workspaces/cliffhangers_ws/install/climbbot3_description/share/climbbot3_description//climbbot3/assets/servomount1.stl
[0.201s] -- Up-to-date: /home/aaron/workspaces/cliffhangers_ws/install/climbbot3_description/share/climbbot3_description//climbbot3/assets/part_4.stl
[0.201s] -- Up-to-date: /home/aaron/workspaces/cliffhangers_ws/install/climbbot3_description/share/climbbot3_description//climbbot3/assets/component2.stl
[0.201s] -- Up-to-date: /home/aaron/workspaces/cliffhangers_ws/install/climbbot3_description/share/climbbot3_description//climbbot3/assets/part_1.stl
[0.201s] -- Up-to-date: /home/aaron/workspaces/cliffhangers_ws/install/climbbot3_description/share/climbbot3_description//climbbot3/assets/part_17.stl
[0.201s] -- Up-to-date: /home/aaron/workspaces/cliffhangers_ws/install/climbbot3_description/share/climbbot3_description//climbbot3/assets/spur_gear__22_teeth.stl
[0.201s] -- Up-to-date: /home/aaron/workspaces/cliffhangers_ws/install/climbbot3_description/share/climbbot3_description//climbbot3/assets/component2.part
[0.201s] -- Up-to-date: /home/aaron/workspaces/cliffhangers_ws/install/climbbot3_description/share/climbbot3_description//climbbot3/assets/servo_arm_horn_25t_aluminium.part
[0.201s] -- Up-to-date: /home/aaron/workspaces/cliffhangers_ws/install/climbbot3_description/share/climbbot3_description//climbbot3/assets/spur_gear__23_teeth.part
[0.201s] -- Up-to-date: /home/aaron/workspaces/cliffhangers_ws/install/climbbot3_description/share/climbbot3_description//climbbot3/assets/servomount1.part
[0.201s] -- Up-to-date: /home/aaron/workspaces/cliffhangers_ws/install/climbbot3_description/share/climbbot3_description//climbbot3/assets/part_4.part
[0.201s] -- Up-to-date: /home/aaron/workspaces/cliffhangers_ws/install/climbbot3_description/share/climbbot3_description//climbbot3/assets/gripper_hook.stl
[0.209s] -- Up-to-date: /home/aaron/workspaces/cliffhangers_ws/install/climbbot3_description/share/climbbot3_description//climbbot3/assets/part_6.stl
[0.209s] -- Up-to-date: /home/aaron/workspaces/cliffhangers_ws/install/climbbot3_description/share/climbbot3_description//climbbot3/assets/component707.part
[0.209s] -- Up-to-date: /home/aaron/workspaces/cliffhangers_ws/install/climbbot3_description/share/climbbot3_description//climbbot3/assets/part_20.stl
[0.209s] -- Up-to-date: /home/aaron/workspaces/cliffhangers_ws/install/climbbot3_description/share/climbbot3_description//climbbot3/assets/part_23.stl
[0.209s] -- Up-to-date: /home/aaron/workspaces/cliffhangers_ws/install/climbbot3_description/share/climbbot3_description//climbbot3/assets/part_22.stl
[0.209s] -- Up-to-date: /home/aaron/workspaces/cliffhangers_ws/install/climbbot3_description/share/climbbot3_description//climbbot3/assets/part_17.part
[0.209s] -- Up-to-date: /home/aaron/workspaces/cliffhangers_ws/install/climbbot3_description/share/climbbot3_description//climbbot3/assets/component707.stl
[0.209s] -- Up-to-date: /home/aaron/workspaces/cliffhangers_ws/install/climbbot3_description/share/climbbot3_description//climbbot3/part_3.part
[0.209s] -- Up-to-date: /home/aaron/workspaces/cliffhangers_ws/install/climbbot3_description/share/climbbot3_description//climbbot3/part_6.part
[0.209s] -- Up-to-date: /home/aaron/workspaces/cliffhangers_ws/install/climbbot3_description/share/climbbot3_description//climbbot3/servo_arm_horn_25t_aluminium.stl
[0.209s] -- Up-to-date: /home/aaron/workspaces/cliffhangers_ws/install/climbbot3_description/share/climbbot3_description//climbbot3/spur_gear_(23_teeth).stl
[0.209s] -- Up-to-date: /home/aaron/workspaces/cliffhangers_ws/install/climbbot3_description/share/climbbot3_description//climbbot3/part_23.part
[0.209s] -- Up-to-date: /home/aaron/workspaces/cliffhangers_ws/install/climbbot3_description/share/climbbot3_description//climbbot3/part_1.part
[0.209s] -- Up-to-date: /home/aaron/workspaces/cliffhangers_ws/install/climbbot3_description/share/climbbot3_description//climbbot3/spur_gear_(22_teeth).stl
[0.209s] -- Up-to-date: /home/aaron/workspaces/cliffhangers_ws/install/climbbot3_description/share/climbbot3_description//climbbot3/gripper_hook.part
[0.209s] -- Up-to-date: /home/aaron/workspaces/cliffhangers_ws/install/climbbot3_description/share/climbbot3_description//climbbot3/robot.urdf
[0.209s] -- Up-to-date: /home/aaron/workspaces/cliffhangers_ws/install/climbbot3_description/share/climbbot3_description//climbbot3/part_20.part
[0.209s] -- Up-to-date: /home/aaron/workspaces/cliffhangers_ws/install/climbbot3_description/share/climbbot3_description//climbbot3/d435
[0.209s] -- Up-to-date: /home/aaron/workspaces/cliffhangers_ws/install/climbbot3_description/share/climbbot3_description//climbbot3/d435/visual
[0.209s] -- Up-to-date: /home/aaron/workspaces/cliffhangers_ws/install/climbbot3_description/share/climbbot3_description//climbbot3/d435/visual/d435.stl
[0.209s] -- Up-to-date: /home/aaron/workspaces/cliffhangers_ws/install/climbbot3_description/share/climbbot3_description//climbbot3/servomount.stl
[0.209s] -- Up-to-date: /home/aaron/workspaces/cliffhangers_ws/install/climbbot3_description/share/climbbot3_description//climbbot3/part_22.part
[0.209s] -- Up-to-date: /home/aaron/workspaces/cliffhangers_ws/install/climbbot3_description/share/climbbot3_description//climbbot3/servomount1.stl
[0.209s] -- Up-to-date: /home/aaron/workspaces/cliffhangers_ws/install/climbbot3_description/share/climbbot3_description//climbbot3/part_4.stl
[0.209s] -- Up-to-date: /home/aaron/workspaces/cliffhangers_ws/install/climbbot3_description/share/climbbot3_description//climbbot3/component2.stl
[0.209s] -- Up-to-date: /home/aaron/workspaces/cliffhangers_ws/install/climbbot3_description/share/climbbot3_description//climbbot3/part_1.stl
[0.209s] -- Up-to-date: /home/aaron/workspaces/cliffhangers_ws/install/climbbot3_description/share/climbbot3_description//climbbot3/part_17.stl
[0.209s] -- Up-to-date: /home/aaron/workspaces/cliffhangers_ws/install/climbbot3_description/share/climbbot3_description//climbbot3/component2.part
[0.210s] -- Up-to-date: /home/aaron/workspaces/cliffhangers_ws/install/climbbot3_description/share/climbbot3_description//climbbot3/servo_arm_horn_25t_aluminium.part
[0.210s] -- Up-to-date: /home/aaron/workspaces/cliffhangers_ws/install/climbbot3_description/share/climbbot3_description//climbbot3/spur_gear_(22_teeth).part
[0.210s] -- Up-to-date: /home/aaron/workspaces/cliffhangers_ws/install/climbbot3_description/share/climbbot3_description//climbbot3/config.json
[0.210s] -- Up-to-date: /home/aaron/workspaces/cliffhangers_ws/install/climbbot3_description/share/climbbot3_description//climbbot3/servomount1.part
[0.210s] -- Up-to-date: /home/aaron/workspaces/cliffhangers_ws/install/climbbot3_description/share/climbbot3_description//climbbot3/part_4.part
[0.210s] -- Up-to-date: /home/aaron/workspaces/cliffhangers_ws/install/climbbot3_description/share/climbbot3_description//climbbot3/gripper_hook.stl
[0.210s] -- Up-to-date: /home/aaron/workspaces/cliffhangers_ws/install/climbbot3_description/share/climbbot3_description//climbbot3/part_6.stl
[0.210s] -- Up-to-date: /home/aaron/workspaces/cliffhangers_ws/install/climbbot3_description/share/climbbot3_description//climbbot3/component707.part
[0.210s] -- Up-to-date: /home/aaron/workspaces/cliffhangers_ws/install/climbbot3_description/share/climbbot3_description//climbbot3/ds3225mg_servo_25kg_4.8-6.8v.part
[0.210s] -- Up-to-date: /home/aaron/workspaces/cliffhangers_ws/install/climbbot3_description/share/climbbot3_description//climbbot3/servomount.part
[0.210s] -- Up-to-date: /home/aaron/workspaces/cliffhangers_ws/install/climbbot3_description/share/climbbot3_description//climbbot3/part_20.stl
[0.210s] -- Up-to-date: /home/aaron/workspaces/cliffhangers_ws/install/climbbot3_description/share/climbbot3_description//climbbot3/part_3.stl
[0.210s] -- Up-to-date: /home/aaron/workspaces/cliffhangers_ws/install/climbbot3_description/share/climbbot3_description//climbbot3/ds3225mg_servo_25kg_4.8-6.8v.stl
[0.210s] -- Up-to-date: /home/aaron/workspaces/cliffhangers_ws/install/climbbot3_description/share/climbbot3_description//climbbot3/part_23.stl
[0.211s] -- Up-to-date: /home/aaron/workspaces/cliffhangers_ws/install/climbbot3_description/share/climbbot3_description//climbbot3/part_22.stl
[0.211s] -- Up-to-date: /home/aaron/workspaces/cliffhangers_ws/install/climbbot3_description/share/climbbot3_description//climbbot3/part_17.part
[0.211s] -- Up-to-date: /home/aaron/workspaces/cliffhangers_ws/install/climbbot3_description/share/climbbot3_description//climbbot3/component707.stl
[0.211s] -- Up-to-date: /home/aaron/workspaces/cliffhangers_ws/install/climbbot3_description/share/ament_index/resource_index/package_run_dependencies/climbbot3_description
[0.211s] -- Up-to-date: /home/aaron/workspaces/cliffhangers_ws/install/climbbot3_description/share/ament_index/resource_index/parent_prefix_path/climbbot3_description
[0.212s] -- Up-to-date: /home/aaron/workspaces/cliffhangers_ws/install/climbbot3_description/share/climbbot3_description/environment/ament_prefix_path.sh
[0.212s] -- Up-to-date: /home/aaron/workspaces/cliffhangers_ws/install/climbbot3_description/share/climbbot3_description/environment/ament_prefix_path.dsv
[0.212s] -- Up-to-date: /home/aaron/workspaces/cliffhangers_ws/install/climbbot3_description/share/climbbot3_description/environment/path.sh
[0.212s] -- Up-to-date: /home/aaron/workspaces/cliffhangers_ws/install/climbbot3_description/share/climbbot3_description/environment/path.dsv
[0.212s] -- Up-to-date: /home/aaron/workspaces/cliffhangers_ws/install/climbbot3_description/share/climbbot3_description/local_setup.bash
[0.212s] -- Up-to-date: /home/aaron/workspaces/cliffhangers_ws/install/climbbot3_description/share/climbbot3_description/local_setup.sh
[0.212s] -- Up-to-date: /home/aaron/workspaces/cliffhangers_ws/install/climbbot3_description/share/climbbot3_description/local_setup.zsh
[0.212s] -- Up-to-date: /home/aaron/workspaces/cliffhangers_ws/install/climbbot3_description/share/climbbot3_description/local_setup.dsv
[0.212s] -- Installing: /home/aaron/workspaces/cliffhangers_ws/install/climbbot3_description/share/climbbot3_description/package.dsv
[0.212s] -- Up-to-date: /home/aaron/workspaces/cliffhangers_ws/install/climbbot3_description/share/ament_index/resource_index/packages/climbbot3_description
[0.212s] -- Up-to-date: /home/aaron/workspaces/cliffhangers_ws/install/climbbot3_description/share/climbbot3_description/cmake/climbbot3_descriptionConfig.cmake
[0.212s] -- Up-to-date: /home/aaron/workspaces/cliffhangers_ws/install/climbbot3_description/share/climbbot3_description/cmake/climbbot3_descriptionConfig-version.cmake
[0.212s] -- Up-to-date: /home/aaron/workspaces/cliffhangers_ws/install/climbbot3_description/share/climbbot3_description/package.xml
[0.233s] Invoked command in '/home/aaron/workspaces/cliffhangers_ws/build/climbbot3_description' returned '0': CMAKE_PREFIX_PATH=${CMAKE_PREFIX_PATH}:/home/aaron/workspaces/cliffhangers_ws/install/realsense_pointcloud_py:/home/aaron/workspaces/cliffhangers_ws/install/esp_comms:/home/aaron/workspaces/miniur5e_ws/install/ros2_aruco:/opt/ros/jazzy DEBUGINFOD_URLS=https://debuginfod.ubuntu.com PS1=\[\e]0;\u@\h: \w\a\]${debian_chroot:+($debian_chroot)}\[\033[01;32m\]\u@\h\[\033[00m\]:\[\033[01;34m\]\w\[\033[00m\]\$ /usr/bin/cmake --install /home/aaron/workspaces/cliffhangers_ws/build/climbbot3_description
