[0.011s] Invoking command in '/home/aaron/workspaces/cliffhangers_ws/build/climbbot3_description': DEBUGINFOD_URLS=https://debuginfod.ubuntu.com /usr/bin/cmake /home/aaron/workspaces/cliffhangers_ws/src/climbbot3_description -DCMAKE_INSTALL_PREFIX=/home/aaron/workspaces/cliffhangers_ws/install/climbbot3_description
[0.183s] -- The C compiler identification is GNU 13.3.0
[0.270s] -- The CXX compiler identification is GNU 13.3.0
[0.282s] -- Detecting C compiler ABI info
[0.359s] -- Detecting C compiler ABI info - done
[0.367s] -- Check for working C compiler: /usr/bin/cc - skipped
[0.367s] -- Detecting C compile features
[0.368s] -- Detecting C compile features - done
[0.377s] -- Detecting CXX compiler ABI info
[0.476s] -- Detecting CXX compiler ABI info - done
[0.491s] -- Check for working CXX compiler: /usr/bin/c++ - skipped
[0.491s] -- Detecting CXX compile features
[0.492s] -- Detecting CXX compile features - done
[0.499s] [31mCMake Error at CMakeLists.txt:9 (find_package):
[0.499s]   By not providing "Findament_cmake.cmake" in CMAKE_MODULE_PATH this project
[0.499s]   has asked CMake to find a package configuration file provided by
[0.499s]   "ament_cmake", but CMake did not find one.
[0.499s] 
[0.499s]   Could not find a package configuration file provided by "ament_cmake" with
[0.499s]   any of the following names:
[0.500s] 
[0.500s]     ament_cmakeConfig.cmake
[0.500s]     ament_cmake-config.cmake
[0.500s] 
[0.500s]   Add the installation prefix of "ament_cmake" to CMAKE_PREFIX_PATH or set
[0.500s]   "ament_cmake_DIR" to a directory containing one of the above files.  If
[0.500s]   "ament_cmake" provides a separate development package or SDK, be sure it
[0.500s]   has been installed.
[0.500s] 
[0.500s] [0m
[0.501s] -- Configuring incomplete, errors occurred!
