[0.084s] DEBUG:colcon:Command line arguments: ['/usr/bin/colcon', 'build']
[0.085s] DEBUG:colcon:Parsed command line arguments: Namespace(log_base=None, log_level=None, verb_name='build', build_base='build', install_base='install', merge_install=False, symlink_install=False, test_result_base=None, continue_on_error=False, executor='parallel', parallel_workers=8, event_handlers=None, ignore_user_meta=False, metas=['./colcon.meta'], base_paths=['.'], packages_ignore=None, packages_ignore_regex=None, paths=None, packages_up_to=None, packages_up_to_regex=None, packages_above=None, packages_above_and_dependencies=None, packages_above_depth=None, packages_select_by_dep=None, packages_skip_by_dep=None, packages_skip_up_to=None, packages_select_build_failed=False, packages_skip_build_finished=False, packages_select_test_failures=False, packages_skip_test_passed=False, packages_select=None, packages_skip=None, packages_select_regex=None, packages_skip_regex=None, packages_start=None, packages_end=None, allow_overriding=[], cmake_args=None, cmake_target=None, cmake_target_skip_unavailable=False, cmake_clean_cache=False, cmake_clean_first=False, cmake_force_configure=False, ament_cmake_args=None, catkin_cmake_args=None, catkin_skip_building_tests=False, mixin_files=None, mixin=None, verb_parser=<colcon_mixin.mixin.mixin_argument.MixinArgumentDecorator object at 0x72227beac350>, verb_extension=<colcon_core.verb.build.BuildVerb object at 0x72227be32150>, main=<bound method BuildVerb.main of <colcon_core.verb.build.BuildVerb object at 0x72227be32150>>, mixin_verb=('build',))
[0.113s] Level 1:colcon.colcon_core.package_discovery:discover_packages(colcon_meta) check parameters
[0.113s] Level 1:colcon.colcon_core.package_discovery:discover_packages(recursive) check parameters
[0.113s] Level 1:colcon.colcon_core.package_discovery:discover_packages(ignore) check parameters
[0.113s] Level 1:colcon.colcon_core.package_discovery:discover_packages(path) check parameters
[0.114s] Level 1:colcon.colcon_core.package_discovery:discover_packages(colcon_meta) discover
[0.114s] Level 1:colcon.colcon_core.package_discovery:discover_packages(recursive) discover
[0.114s] INFO:colcon.colcon_core.package_discovery:Crawling recursively for packages in '/home/aaron/workspaces/cliffhangers_ws'
[0.114s] Level 1:colcon.colcon_core.package_identification:_identify(.) by extensions ['ignore', 'ignore_ament_install']
[0.114s] Level 1:colcon.colcon_core.package_identification:_identify(.) by extension 'ignore'
[0.114s] Level 1:colcon.colcon_core.package_identification:_identify(.) by extension 'ignore_ament_install'
[0.114s] Level 1:colcon.colcon_core.package_identification:_identify(.) by extensions ['colcon_pkg']
[0.114s] Level 1:colcon.colcon_core.package_identification:_identify(.) by extension 'colcon_pkg'
[0.114s] Level 1:colcon.colcon_core.package_identification:_identify(.) by extensions ['colcon_meta']
[0.114s] Level 1:colcon.colcon_core.package_identification:_identify(.) by extension 'colcon_meta'
[0.114s] Level 1:colcon.colcon_core.package_identification:_identify(.) by extensions ['ros']
[0.114s] Level 1:colcon.colcon_core.package_identification:_identify(.) by extension 'ros'
[0.134s] Level 1:colcon.colcon_core.package_identification:_identify(.) by extensions ['cmake', 'python']
[0.134s] Level 1:colcon.colcon_core.package_identification:_identify(.) by extension 'cmake'
[0.134s] Level 1:colcon.colcon_core.package_identification:_identify(.) by extension 'python'
[0.134s] Level 1:colcon.colcon_core.package_identification:_identify(.) by extensions ['python_setup_py']
[0.134s] Level 1:colcon.colcon_core.package_identification:_identify(.) by extension 'python_setup_py'
[0.134s] Level 1:colcon.colcon_core.package_identification:_identify(build) by extensions ['ignore', 'ignore_ament_install']
[0.134s] Level 1:colcon.colcon_core.package_identification:_identify(build) by extension 'ignore'
[0.134s] Level 1:colcon.colcon_core.package_identification:_identify(build) ignored
[0.134s] Level 1:colcon.colcon_core.package_identification:_identify(install) by extensions ['ignore', 'ignore_ament_install']
[0.135s] Level 1:colcon.colcon_core.package_identification:_identify(install) by extension 'ignore'
[0.135s] Level 1:colcon.colcon_core.package_identification:_identify(install) ignored
[0.135s] Level 1:colcon.colcon_core.package_identification:_identify(log) by extensions ['ignore', 'ignore_ament_install']
[0.135s] Level 1:colcon.colcon_core.package_identification:_identify(log) by extension 'ignore'
[0.135s] Level 1:colcon.colcon_core.package_identification:_identify(log) ignored
[0.135s] Level 1:colcon.colcon_core.package_identification:_identify(src) by extensions ['ignore', 'ignore_ament_install']
[0.135s] Level 1:colcon.colcon_core.package_identification:_identify(src) by extension 'ignore'
[0.135s] Level 1:colcon.colcon_core.package_identification:_identify(src) by extension 'ignore_ament_install'
[0.135s] Level 1:colcon.colcon_core.package_identification:_identify(src) by extensions ['colcon_pkg']
[0.135s] Level 1:colcon.colcon_core.package_identification:_identify(src) by extension 'colcon_pkg'
[0.135s] Level 1:colcon.colcon_core.package_identification:_identify(src) by extensions ['colcon_meta']
[0.135s] Level 1:colcon.colcon_core.package_identification:_identify(src) by extension 'colcon_meta'
[0.135s] Level 1:colcon.colcon_core.package_identification:_identify(src) by extensions ['ros']
[0.135s] Level 1:colcon.colcon_core.package_identification:_identify(src) by extension 'ros'
[0.135s] Level 1:colcon.colcon_core.package_identification:_identify(src) by extensions ['cmake', 'python']
[0.136s] Level 1:colcon.colcon_core.package_identification:_identify(src) by extension 'cmake'
[0.136s] Level 1:colcon.colcon_core.package_identification:_identify(src) by extension 'python'
[0.136s] Level 1:colcon.colcon_core.package_identification:_identify(src) by extensions ['python_setup_py']
[0.136s] Level 1:colcon.colcon_core.package_identification:_identify(src) by extension 'python_setup_py'
[0.136s] Level 1:colcon.colcon_core.package_identification:_identify(src/climbbot3_description) by extensions ['ignore', 'ignore_ament_install']
[0.136s] Level 1:colcon.colcon_core.package_identification:_identify(src/climbbot3_description) by extension 'ignore'
[0.136s] Level 1:colcon.colcon_core.package_identification:_identify(src/climbbot3_description) by extension 'ignore_ament_install'
[0.136s] Level 1:colcon.colcon_core.package_identification:_identify(src/climbbot3_description) by extensions ['colcon_pkg']
[0.136s] Level 1:colcon.colcon_core.package_identification:_identify(src/climbbot3_description) by extension 'colcon_pkg'
[0.136s] Level 1:colcon.colcon_core.package_identification:_identify(src/climbbot3_description) by extensions ['colcon_meta']
[0.136s] Level 1:colcon.colcon_core.package_identification:_identify(src/climbbot3_description) by extension 'colcon_meta'
[0.136s] Level 1:colcon.colcon_core.package_identification:_identify(src/climbbot3_description) by extensions ['ros']
[0.136s] Level 1:colcon.colcon_core.package_identification:_identify(src/climbbot3_description) by extension 'ros'
[0.138s] DEBUG:colcon.colcon_core.package_identification:Package 'src/climbbot3_description' with type 'ros.ament_cmake' and name 'climbbot3_description'
[0.138s] Level 1:colcon.colcon_core.package_identification:_identify(src/climbbot3_gz) by extensions ['ignore', 'ignore_ament_install']
[0.138s] Level 1:colcon.colcon_core.package_identification:_identify(src/climbbot3_gz) by extension 'ignore'
[0.138s] Level 1:colcon.colcon_core.package_identification:_identify(src/climbbot3_gz) by extension 'ignore_ament_install'
[0.138s] Level 1:colcon.colcon_core.package_identification:_identify(src/climbbot3_gz) by extensions ['colcon_pkg']
[0.138s] Level 1:colcon.colcon_core.package_identification:_identify(src/climbbot3_gz) by extension 'colcon_pkg'
[0.138s] Level 1:colcon.colcon_core.package_identification:_identify(src/climbbot3_gz) by extensions ['colcon_meta']
[0.138s] Level 1:colcon.colcon_core.package_identification:_identify(src/climbbot3_gz) by extension 'colcon_meta'
[0.138s] Level 1:colcon.colcon_core.package_identification:_identify(src/climbbot3_gz) by extensions ['ros']
[0.138s] Level 1:colcon.colcon_core.package_identification:_identify(src/climbbot3_gz) by extension 'ros'
[0.139s] DEBUG:colcon.colcon_core.package_identification:Package 'src/climbbot3_gz' with type 'ros.ament_cmake' and name 'climbbot3_gz'
[0.140s] Level 1:colcon.colcon_core.package_identification:_identify(src/climbbot3_moveit) by extensions ['ignore', 'ignore_ament_install']
[0.140s] Level 1:colcon.colcon_core.package_identification:_identify(src/climbbot3_moveit) by extension 'ignore'
[0.140s] Level 1:colcon.colcon_core.package_identification:_identify(src/climbbot3_moveit) by extension 'ignore_ament_install'
[0.140s] Level 1:colcon.colcon_core.package_identification:_identify(src/climbbot3_moveit) by extensions ['colcon_pkg']
[0.140s] Level 1:colcon.colcon_core.package_identification:_identify(src/climbbot3_moveit) by extension 'colcon_pkg'
[0.140s] Level 1:colcon.colcon_core.package_identification:_identify(src/climbbot3_moveit) by extensions ['colcon_meta']
[0.140s] Level 1:colcon.colcon_core.package_identification:_identify(src/climbbot3_moveit) by extension 'colcon_meta'
[0.140s] Level 1:colcon.colcon_core.package_identification:_identify(src/climbbot3_moveit) by extensions ['ros']
[0.140s] Level 1:colcon.colcon_core.package_identification:_identify(src/climbbot3_moveit) by extension 'ros'
[0.141s] DEBUG:colcon.colcon_core.package_identification:Package 'src/climbbot3_moveit' with type 'ros.ament_cmake' and name 'climbbot3_moveit'
[0.141s] Level 1:colcon.colcon_core.package_identification:_identify(src/climbing_robot_3_moveit) by extensions ['ignore', 'ignore_ament_install']
[0.141s] Level 1:colcon.colcon_core.package_identification:_identify(src/climbing_robot_3_moveit) by extension 'ignore'
[0.141s] Level 1:colcon.colcon_core.package_identification:_identify(src/climbing_robot_3_moveit) by extension 'ignore_ament_install'
[0.141s] Level 1:colcon.colcon_core.package_identification:_identify(src/climbing_robot_3_moveit) by extensions ['colcon_pkg']
[0.141s] Level 1:colcon.colcon_core.package_identification:_identify(src/climbing_robot_3_moveit) by extension 'colcon_pkg'
[0.141s] Level 1:colcon.colcon_core.package_identification:_identify(src/climbing_robot_3_moveit) by extensions ['colcon_meta']
[0.141s] Level 1:colcon.colcon_core.package_identification:_identify(src/climbing_robot_3_moveit) by extension 'colcon_meta'
[0.141s] Level 1:colcon.colcon_core.package_identification:_identify(src/climbing_robot_3_moveit) by extensions ['ros']
[0.141s] Level 1:colcon.colcon_core.package_identification:_identify(src/climbing_robot_3_moveit) by extension 'ros'
[0.142s] DEBUG:colcon.colcon_core.package_identification:Package 'src/climbing_robot_3_moveit' with type 'ros.ament_cmake' and name 'climbing_robot_3_moveit'
[0.142s] Level 1:colcon.colcon_core.package_identification:_identify(src/esp_comms) by extensions ['ignore', 'ignore_ament_install']
[0.142s] Level 1:colcon.colcon_core.package_identification:_identify(src/esp_comms) by extension 'ignore'
[0.142s] Level 1:colcon.colcon_core.package_identification:_identify(src/esp_comms) by extension 'ignore_ament_install'
[0.142s] Level 1:colcon.colcon_core.package_identification:_identify(src/esp_comms) by extensions ['colcon_pkg']
[0.142s] Level 1:colcon.colcon_core.package_identification:_identify(src/esp_comms) by extension 'colcon_pkg'
[0.142s] Level 1:colcon.colcon_core.package_identification:_identify(src/esp_comms) by extensions ['colcon_meta']
[0.142s] Level 1:colcon.colcon_core.package_identification:_identify(src/esp_comms) by extension 'colcon_meta'
[0.142s] Level 1:colcon.colcon_core.package_identification:_identify(src/esp_comms) by extensions ['ros']
[0.142s] Level 1:colcon.colcon_core.package_identification:_identify(src/esp_comms) by extension 'ros'
[0.142s] DEBUG:colcon.colcon_core.package_identification:Package 'src/esp_comms' with type 'ros.ament_python' and name 'esp_comms'
[0.142s] Level 1:colcon.colcon_core.package_identification:_identify(src/pymoveit2) by extensions ['ignore', 'ignore_ament_install']
[0.143s] Level 1:colcon.colcon_core.package_identification:_identify(src/pymoveit2) by extension 'ignore'
[0.143s] Level 1:colcon.colcon_core.package_identification:_identify(src/pymoveit2) by extension 'ignore_ament_install'
[0.143s] Level 1:colcon.colcon_core.package_identification:_identify(src/pymoveit2) by extensions ['colcon_pkg']
[0.143s] Level 1:colcon.colcon_core.package_identification:_identify(src/pymoveit2) by extension 'colcon_pkg'
[0.143s] Level 1:colcon.colcon_core.package_identification:_identify(src/pymoveit2) by extensions ['colcon_meta']
[0.143s] Level 1:colcon.colcon_core.package_identification:_identify(src/pymoveit2) by extension 'colcon_meta'
[0.143s] Level 1:colcon.colcon_core.package_identification:_identify(src/pymoveit2) by extensions ['ros']
[0.143s] Level 1:colcon.colcon_core.package_identification:_identify(src/pymoveit2) by extension 'ros'
[0.143s] Level 1:colcon.colcon_core.package_identification:_identify(src/pymoveit2) by extensions ['cmake', 'python']
[0.143s] Level 1:colcon.colcon_core.package_identification:_identify(src/pymoveit2) by extension 'cmake'
[0.143s] Level 1:colcon.colcon_core.package_identification:_identify(src/pymoveit2) by extension 'python'
[0.143s] Level 1:colcon.colcon_core.package_identification:_identify(src/pymoveit2) by extensions ['python_setup_py']
[0.143s] Level 1:colcon.colcon_core.package_identification:_identify(src/pymoveit2) by extension 'python_setup_py'
[0.143s] Level 1:colcon.colcon_core.package_identification:_identify(src/realsense_pointcloud) by extensions ['ignore', 'ignore_ament_install']
[0.143s] Level 1:colcon.colcon_core.package_identification:_identify(src/realsense_pointcloud) by extension 'ignore'
[0.143s] Level 1:colcon.colcon_core.package_identification:_identify(src/realsense_pointcloud) by extension 'ignore_ament_install'
[0.143s] Level 1:colcon.colcon_core.package_identification:_identify(src/realsense_pointcloud) by extensions ['colcon_pkg']
[0.143s] Level 1:colcon.colcon_core.package_identification:_identify(src/realsense_pointcloud) by extension 'colcon_pkg'
[0.144s] Level 1:colcon.colcon_core.package_identification:_identify(src/realsense_pointcloud) by extensions ['colcon_meta']
[0.144s] Level 1:colcon.colcon_core.package_identification:_identify(src/realsense_pointcloud) by extension 'colcon_meta'
[0.144s] Level 1:colcon.colcon_core.package_identification:_identify(src/realsense_pointcloud) by extensions ['ros']
[0.144s] Level 1:colcon.colcon_core.package_identification:_identify(src/realsense_pointcloud) by extension 'ros'
[0.144s] DEBUG:colcon.colcon_core.package_identification:Package 'src/realsense_pointcloud' with type 'ros.ament_python' and name 'realsense_pointcloud_py'
[0.144s] Level 1:colcon.colcon_core.package_discovery:discover_packages(recursive) using defaults
[0.144s] Level 1:colcon.colcon_core.package_discovery:discover_packages(ignore) discover
[0.144s] Level 1:colcon.colcon_core.package_discovery:discover_packages(ignore) using defaults
[0.144s] Level 1:colcon.colcon_core.package_discovery:discover_packages(path) discover
[0.144s] Level 1:colcon.colcon_core.package_discovery:discover_packages(path) using defaults
[0.159s] Level 1:colcon.colcon_core.package_discovery:discover_packages(prefix_path) check parameters
[0.159s] Level 1:colcon.colcon_core.package_discovery:discover_packages(prefix_path) discover
[0.160s] DEBUG:colcon.colcon_installed_package_information.package_discovery:Found 6 installed packages in /home/aaron/workspaces/cliffhangers_ws/install
[0.162s] DEBUG:colcon.colcon_installed_package_information.package_discovery:Found 405 installed packages in /opt/ros/jazzy
[0.163s] Level 1:colcon.colcon_core.package_discovery:discover_packages(prefix_path) using defaults
[0.205s] Level 5:colcon.colcon_core.verb:set package 'climbbot3_description' build argument 'cmake_args' from command line to 'None'
[0.205s] Level 5:colcon.colcon_core.verb:set package 'climbbot3_description' build argument 'cmake_target' from command line to 'None'
[0.205s] Level 5:colcon.colcon_core.verb:set package 'climbbot3_description' build argument 'cmake_target_skip_unavailable' from command line to 'False'
[0.205s] Level 5:colcon.colcon_core.verb:set package 'climbbot3_description' build argument 'cmake_clean_cache' from command line to 'False'
[0.205s] Level 5:colcon.colcon_core.verb:set package 'climbbot3_description' build argument 'cmake_clean_first' from command line to 'False'
[0.205s] Level 5:colcon.colcon_core.verb:set package 'climbbot3_description' build argument 'cmake_force_configure' from command line to 'False'
[0.205s] Level 5:colcon.colcon_core.verb:set package 'climbbot3_description' build argument 'ament_cmake_args' from command line to 'None'
[0.205s] Level 5:colcon.colcon_core.verb:set package 'climbbot3_description' build argument 'catkin_cmake_args' from command line to 'None'
[0.205s] Level 5:colcon.colcon_core.verb:set package 'climbbot3_description' build argument 'catkin_skip_building_tests' from command line to 'False'
[0.205s] DEBUG:colcon.colcon_core.verb:Building package 'climbbot3_description' with the following arguments: {'ament_cmake_args': None, 'build_base': '/home/aaron/workspaces/cliffhangers_ws/build/climbbot3_description', 'catkin_cmake_args': None, 'catkin_skip_building_tests': False, 'cmake_args': None, 'cmake_clean_cache': False, 'cmake_clean_first': False, 'cmake_force_configure': False, 'cmake_target': None, 'cmake_target_skip_unavailable': False, 'install_base': '/home/aaron/workspaces/cliffhangers_ws/install/climbbot3_description', 'merge_install': False, 'path': '/home/aaron/workspaces/cliffhangers_ws/src/climbbot3_description', 'symlink_install': False, 'test_result_base': None}
[0.205s] Level 5:colcon.colcon_core.verb:set package 'climbbot3_gz' build argument 'cmake_args' from command line to 'None'
[0.205s] Level 5:colcon.colcon_core.verb:set package 'climbbot3_gz' build argument 'cmake_target' from command line to 'None'
[0.205s] Level 5:colcon.colcon_core.verb:set package 'climbbot3_gz' build argument 'cmake_target_skip_unavailable' from command line to 'False'
[0.205s] Level 5:colcon.colcon_core.verb:set package 'climbbot3_gz' build argument 'cmake_clean_cache' from command line to 'False'
[0.205s] Level 5:colcon.colcon_core.verb:set package 'climbbot3_gz' build argument 'cmake_clean_first' from command line to 'False'
[0.205s] Level 5:colcon.colcon_core.verb:set package 'climbbot3_gz' build argument 'cmake_force_configure' from command line to 'False'
[0.205s] Level 5:colcon.colcon_core.verb:set package 'climbbot3_gz' build argument 'ament_cmake_args' from command line to 'None'
[0.205s] Level 5:colcon.colcon_core.verb:set package 'climbbot3_gz' build argument 'catkin_cmake_args' from command line to 'None'
[0.206s] Level 5:colcon.colcon_core.verb:set package 'climbbot3_gz' build argument 'catkin_skip_building_tests' from command line to 'False'
[0.206s] DEBUG:colcon.colcon_core.verb:Building package 'climbbot3_gz' with the following arguments: {'ament_cmake_args': None, 'build_base': '/home/aaron/workspaces/cliffhangers_ws/build/climbbot3_gz', 'catkin_cmake_args': None, 'catkin_skip_building_tests': False, 'cmake_args': None, 'cmake_clean_cache': False, 'cmake_clean_first': False, 'cmake_force_configure': False, 'cmake_target': None, 'cmake_target_skip_unavailable': False, 'install_base': '/home/aaron/workspaces/cliffhangers_ws/install/climbbot3_gz', 'merge_install': False, 'path': '/home/aaron/workspaces/cliffhangers_ws/src/climbbot3_gz', 'symlink_install': False, 'test_result_base': None}
[0.206s] Level 5:colcon.colcon_core.verb:set package 'climbing_robot_3_moveit' build argument 'cmake_args' from command line to 'None'
[0.206s] Level 5:colcon.colcon_core.verb:set package 'climbing_robot_3_moveit' build argument 'cmake_target' from command line to 'None'
[0.206s] Level 5:colcon.colcon_core.verb:set package 'climbing_robot_3_moveit' build argument 'cmake_target_skip_unavailable' from command line to 'False'
[0.206s] Level 5:colcon.colcon_core.verb:set package 'climbing_robot_3_moveit' build argument 'cmake_clean_cache' from command line to 'False'
[0.206s] Level 5:colcon.colcon_core.verb:set package 'climbing_robot_3_moveit' build argument 'cmake_clean_first' from command line to 'False'
[0.206s] Level 5:colcon.colcon_core.verb:set package 'climbing_robot_3_moveit' build argument 'cmake_force_configure' from command line to 'False'
[0.206s] Level 5:colcon.colcon_core.verb:set package 'climbing_robot_3_moveit' build argument 'ament_cmake_args' from command line to 'None'
[0.206s] Level 5:colcon.colcon_core.verb:set package 'climbing_robot_3_moveit' build argument 'catkin_cmake_args' from command line to 'None'
[0.206s] Level 5:colcon.colcon_core.verb:set package 'climbing_robot_3_moveit' build argument 'catkin_skip_building_tests' from command line to 'False'
[0.206s] DEBUG:colcon.colcon_core.verb:Building package 'climbing_robot_3_moveit' with the following arguments: {'ament_cmake_args': None, 'build_base': '/home/aaron/workspaces/cliffhangers_ws/build/climbing_robot_3_moveit', 'catkin_cmake_args': None, 'catkin_skip_building_tests': False, 'cmake_args': None, 'cmake_clean_cache': False, 'cmake_clean_first': False, 'cmake_force_configure': False, 'cmake_target': None, 'cmake_target_skip_unavailable': False, 'install_base': '/home/aaron/workspaces/cliffhangers_ws/install/climbing_robot_3_moveit', 'merge_install': False, 'path': '/home/aaron/workspaces/cliffhangers_ws/src/climbing_robot_3_moveit', 'symlink_install': False, 'test_result_base': None}
[0.206s] Level 5:colcon.colcon_core.verb:set package 'esp_comms' build argument 'cmake_args' from command line to 'None'
[0.206s] Level 5:colcon.colcon_core.verb:set package 'esp_comms' build argument 'cmake_target' from command line to 'None'
[0.206s] Level 5:colcon.colcon_core.verb:set package 'esp_comms' build argument 'cmake_target_skip_unavailable' from command line to 'False'
[0.206s] Level 5:colcon.colcon_core.verb:set package 'esp_comms' build argument 'cmake_clean_cache' from command line to 'False'
[0.206s] Level 5:colcon.colcon_core.verb:set package 'esp_comms' build argument 'cmake_clean_first' from command line to 'False'
[0.206s] Level 5:colcon.colcon_core.verb:set package 'esp_comms' build argument 'cmake_force_configure' from command line to 'False'
[0.206s] Level 5:colcon.colcon_core.verb:set package 'esp_comms' build argument 'ament_cmake_args' from command line to 'None'
[0.206s] Level 5:colcon.colcon_core.verb:set package 'esp_comms' build argument 'catkin_cmake_args' from command line to 'None'
[0.206s] Level 5:colcon.colcon_core.verb:set package 'esp_comms' build argument 'catkin_skip_building_tests' from command line to 'False'
[0.207s] DEBUG:colcon.colcon_core.verb:Building package 'esp_comms' with the following arguments: {'ament_cmake_args': None, 'build_base': '/home/aaron/workspaces/cliffhangers_ws/build/esp_comms', 'catkin_cmake_args': None, 'catkin_skip_building_tests': False, 'cmake_args': None, 'cmake_clean_cache': False, 'cmake_clean_first': False, 'cmake_force_configure': False, 'cmake_target': None, 'cmake_target_skip_unavailable': False, 'install_base': '/home/aaron/workspaces/cliffhangers_ws/install/esp_comms', 'merge_install': False, 'path': '/home/aaron/workspaces/cliffhangers_ws/src/esp_comms', 'symlink_install': False, 'test_result_base': None}
[0.207s] Level 5:colcon.colcon_core.verb:set package 'realsense_pointcloud_py' build argument 'cmake_args' from command line to 'None'
[0.207s] Level 5:colcon.colcon_core.verb:set package 'realsense_pointcloud_py' build argument 'cmake_target' from command line to 'None'
[0.207s] Level 5:colcon.colcon_core.verb:set package 'realsense_pointcloud_py' build argument 'cmake_target_skip_unavailable' from command line to 'False'
[0.207s] Level 5:colcon.colcon_core.verb:set package 'realsense_pointcloud_py' build argument 'cmake_clean_cache' from command line to 'False'
[0.207s] Level 5:colcon.colcon_core.verb:set package 'realsense_pointcloud_py' build argument 'cmake_clean_first' from command line to 'False'
[0.207s] Level 5:colcon.colcon_core.verb:set package 'realsense_pointcloud_py' build argument 'cmake_force_configure' from command line to 'False'
[0.207s] Level 5:colcon.colcon_core.verb:set package 'realsense_pointcloud_py' build argument 'ament_cmake_args' from command line to 'None'
[0.207s] Level 5:colcon.colcon_core.verb:set package 'realsense_pointcloud_py' build argument 'catkin_cmake_args' from command line to 'None'
[0.207s] Level 5:colcon.colcon_core.verb:set package 'realsense_pointcloud_py' build argument 'catkin_skip_building_tests' from command line to 'False'
[0.207s] DEBUG:colcon.colcon_core.verb:Building package 'realsense_pointcloud_py' with the following arguments: {'ament_cmake_args': None, 'build_base': '/home/aaron/workspaces/cliffhangers_ws/build/realsense_pointcloud_py', 'catkin_cmake_args': None, 'catkin_skip_building_tests': False, 'cmake_args': None, 'cmake_clean_cache': False, 'cmake_clean_first': False, 'cmake_force_configure': False, 'cmake_target': None, 'cmake_target_skip_unavailable': False, 'install_base': '/home/aaron/workspaces/cliffhangers_ws/install/realsense_pointcloud_py', 'merge_install': False, 'path': '/home/aaron/workspaces/cliffhangers_ws/src/realsense_pointcloud', 'symlink_install': False, 'test_result_base': None}
[0.207s] Level 5:colcon.colcon_core.verb:set package 'climbbot3_moveit' build argument 'cmake_args' from command line to 'None'
[0.207s] Level 5:colcon.colcon_core.verb:set package 'climbbot3_moveit' build argument 'cmake_target' from command line to 'None'
[0.207s] Level 5:colcon.colcon_core.verb:set package 'climbbot3_moveit' build argument 'cmake_target_skip_unavailable' from command line to 'False'
[0.207s] Level 5:colcon.colcon_core.verb:set package 'climbbot3_moveit' build argument 'cmake_clean_cache' from command line to 'False'
[0.207s] Level 5:colcon.colcon_core.verb:set package 'climbbot3_moveit' build argument 'cmake_clean_first' from command line to 'False'
[0.207s] Level 5:colcon.colcon_core.verb:set package 'climbbot3_moveit' build argument 'cmake_force_configure' from command line to 'False'
[0.207s] Level 5:colcon.colcon_core.verb:set package 'climbbot3_moveit' build argument 'ament_cmake_args' from command line to 'None'
[0.207s] Level 5:colcon.colcon_core.verb:set package 'climbbot3_moveit' build argument 'catkin_cmake_args' from command line to 'None'
[0.207s] Level 5:colcon.colcon_core.verb:set package 'climbbot3_moveit' build argument 'catkin_skip_building_tests' from command line to 'False'
[0.207s] DEBUG:colcon.colcon_core.verb:Building package 'climbbot3_moveit' with the following arguments: {'ament_cmake_args': None, 'build_base': '/home/aaron/workspaces/cliffhangers_ws/build/climbbot3_moveit', 'catkin_cmake_args': None, 'catkin_skip_building_tests': False, 'cmake_args': None, 'cmake_clean_cache': False, 'cmake_clean_first': False, 'cmake_force_configure': False, 'cmake_target': None, 'cmake_target_skip_unavailable': False, 'install_base': '/home/aaron/workspaces/cliffhangers_ws/install/climbbot3_moveit', 'merge_install': False, 'path': '/home/aaron/workspaces/cliffhangers_ws/src/climbbot3_moveit', 'symlink_install': False, 'test_result_base': None}
[0.208s] INFO:colcon.colcon_core.executor:Executing jobs using 'parallel' executor
[0.208s] DEBUG:colcon.colcon_parallel_executor.executor.parallel:run_until_complete
[0.209s] INFO:colcon.colcon_ros.task.ament_cmake.build:Building ROS package in '/home/aaron/workspaces/cliffhangers_ws/src/climbbot3_description' with build type 'ament_cmake'
[0.209s] INFO:colcon.colcon_cmake.task.cmake.build:Building CMake package in '/home/aaron/workspaces/cliffhangers_ws/src/climbbot3_description'
[0.211s] INFO:colcon.colcon_core.plugin_system:Skipping extension 'colcon_core.shell.bat': Not used on non-Windows systems
[0.211s] INFO:colcon.colcon_core.shell:Skip shell extension 'powershell' for command environment: Not usable outside of PowerShell
[0.211s] DEBUG:colcon.colcon_core.shell:Skip shell extension 'dsv' for command environment
[0.214s] INFO:colcon.colcon_ros.task.ament_cmake.build:Building ROS package in '/home/aaron/workspaces/cliffhangers_ws/src/climbbot3_gz' with build type 'ament_cmake'
[0.214s] INFO:colcon.colcon_cmake.task.cmake.build:Building CMake package in '/home/aaron/workspaces/cliffhangers_ws/src/climbbot3_gz'
[0.215s] INFO:colcon.colcon_core.shell:Skip shell extension 'powershell' for command environment: Not usable outside of PowerShell
[0.215s] DEBUG:colcon.colcon_core.shell:Skip shell extension 'dsv' for command environment
[0.218s] INFO:colcon.colcon_ros.task.ament_cmake.build:Building ROS package in '/home/aaron/workspaces/cliffhangers_ws/src/climbing_robot_3_moveit' with build type 'ament_cmake'
[0.218s] INFO:colcon.colcon_cmake.task.cmake.build:Building CMake package in '/home/aaron/workspaces/cliffhangers_ws/src/climbing_robot_3_moveit'
[0.218s] INFO:colcon.colcon_core.shell:Skip shell extension 'powershell' for command environment: Not usable outside of PowerShell
[0.218s] DEBUG:colcon.colcon_core.shell:Skip shell extension 'dsv' for command environment
[0.221s] INFO:colcon.colcon_ros.task.ament_python.build:Building ROS package in '/home/aaron/workspaces/cliffhangers_ws/src/esp_comms' with build type 'ament_python'
[0.221s] Level 1:colcon.colcon_core.shell:create_environment_hook('esp_comms', 'ament_prefix_path')
[0.221s] INFO:colcon.colcon_core.shell:Creating environment hook '/home/aaron/workspaces/cliffhangers_ws/install/esp_comms/share/esp_comms/hook/ament_prefix_path.ps1'
[0.222s] INFO:colcon.colcon_core.shell:Creating environment descriptor '/home/aaron/workspaces/cliffhangers_ws/install/esp_comms/share/esp_comms/hook/ament_prefix_path.dsv'
[0.223s] INFO:colcon.colcon_core.shell:Creating environment hook '/home/aaron/workspaces/cliffhangers_ws/install/esp_comms/share/esp_comms/hook/ament_prefix_path.sh'
[0.223s] INFO:colcon.colcon_core.shell:Skip shell extension 'powershell' for command environment: Not usable outside of PowerShell
[0.223s] DEBUG:colcon.colcon_core.shell:Skip shell extension 'dsv' for command environment
[0.226s] INFO:colcon.colcon_ros.task.ament_python.build:Building ROS package in '/home/aaron/workspaces/cliffhangers_ws/src/realsense_pointcloud' with build type 'ament_python'
[0.226s] Level 1:colcon.colcon_core.shell:create_environment_hook('realsense_pointcloud_py', 'ament_prefix_path')
[0.226s] INFO:colcon.colcon_core.shell:Creating environment hook '/home/aaron/workspaces/cliffhangers_ws/install/realsense_pointcloud_py/share/realsense_pointcloud_py/hook/ament_prefix_path.ps1'
[0.227s] INFO:colcon.colcon_core.shell:Creating environment descriptor '/home/aaron/workspaces/cliffhangers_ws/install/realsense_pointcloud_py/share/realsense_pointcloud_py/hook/ament_prefix_path.dsv'
[0.227s] INFO:colcon.colcon_core.shell:Creating environment hook '/home/aaron/workspaces/cliffhangers_ws/install/realsense_pointcloud_py/share/realsense_pointcloud_py/hook/ament_prefix_path.sh'
[0.228s] INFO:colcon.colcon_core.shell:Skip shell extension 'powershell' for command environment: Not usable outside of PowerShell
[0.228s] DEBUG:colcon.colcon_core.shell:Skip shell extension 'dsv' for command environment
[0.235s] DEBUG:colcon.colcon_core.event_handler.log_command:Invoking command in '/home/aaron/workspaces/cliffhangers_ws/build/climbbot3_description': CMAKE_PREFIX_PATH=${CMAKE_PREFIX_PATH}:/home/aaron/workspaces/cliffhangers_ws/install/realsense_pointcloud_py:/home/aaron/workspaces/cliffhangers_ws/install/esp_comms:/opt/ros/jazzy DEBUGINFOD_URLS=https://debuginfod.ubuntu.com /usr/bin/cmake --build /home/aaron/workspaces/cliffhangers_ws/build/climbbot3_description -- -j8 -l8
[0.240s] DEBUG:colcon.colcon_core.event_handler.log_command:Invoking command in '/home/aaron/workspaces/cliffhangers_ws/build/climbbot3_gz': CMAKE_PREFIX_PATH=${CMAKE_PREFIX_PATH}:/home/aaron/workspaces/cliffhangers_ws/install/realsense_pointcloud_py:/home/aaron/workspaces/cliffhangers_ws/install/esp_comms:/opt/ros/jazzy DEBUGINFOD_URLS=https://debuginfod.ubuntu.com /usr/bin/cmake --build /home/aaron/workspaces/cliffhangers_ws/build/climbbot3_gz -- -j8 -l8
[0.243s] DEBUG:colcon.colcon_core.event_handler.log_command:Invoking command in '/home/aaron/workspaces/cliffhangers_ws/build/climbing_robot_3_moveit': CMAKE_PREFIX_PATH=${CMAKE_PREFIX_PATH}:/home/aaron/workspaces/cliffhangers_ws/install/realsense_pointcloud_py:/home/aaron/workspaces/cliffhangers_ws/install/esp_comms:/opt/ros/jazzy DEBUGINFOD_URLS=https://debuginfod.ubuntu.com /usr/bin/cmake --build /home/aaron/workspaces/cliffhangers_ws/build/climbing_robot_3_moveit -- -j8 -l8
[0.456s] INFO:colcon.colcon_core.task.python.build:Building Python package in '/home/aaron/workspaces/cliffhangers_ws/src/esp_comms'
[0.456s] INFO:colcon.colcon_core.shell:Skip shell extension 'powershell' for command environment: Not usable outside of PowerShell
[0.456s] DEBUG:colcon.colcon_core.shell:Skip shell extension 'dsv' for command environment
[0.471s] DEBUG:colcon.colcon_core.event_handler.log_command:Invoked command in '/home/aaron/workspaces/cliffhangers_ws/build/climbbot3_description' returned '0': CMAKE_PREFIX_PATH=${CMAKE_PREFIX_PATH}:/home/aaron/workspaces/cliffhangers_ws/install/realsense_pointcloud_py:/home/aaron/workspaces/cliffhangers_ws/install/esp_comms:/opt/ros/jazzy DEBUGINFOD_URLS=https://debuginfod.ubuntu.com /usr/bin/cmake --build /home/aaron/workspaces/cliffhangers_ws/build/climbbot3_description -- -j8 -l8
[0.485s] DEBUG:colcon.colcon_core.event_handler.log_command:Invoking command in '/home/aaron/workspaces/cliffhangers_ws/build/climbbot3_description': CMAKE_PREFIX_PATH=${CMAKE_PREFIX_PATH}:/home/aaron/workspaces/cliffhangers_ws/install/realsense_pointcloud_py:/home/aaron/workspaces/cliffhangers_ws/install/esp_comms:/opt/ros/jazzy DEBUGINFOD_URLS=https://debuginfod.ubuntu.com /usr/bin/cmake --install /home/aaron/workspaces/cliffhangers_ws/build/climbbot3_description
[0.486s] DEBUG:colcon.colcon_core.event_handler.log_command:Invoked command in '/home/aaron/workspaces/cliffhangers_ws/build/climbbot3_gz' returned '0': CMAKE_PREFIX_PATH=${CMAKE_PREFIX_PATH}:/home/aaron/workspaces/cliffhangers_ws/install/realsense_pointcloud_py:/home/aaron/workspaces/cliffhangers_ws/install/esp_comms:/opt/ros/jazzy DEBUGINFOD_URLS=https://debuginfod.ubuntu.com /usr/bin/cmake --build /home/aaron/workspaces/cliffhangers_ws/build/climbbot3_gz -- -j8 -l8
[0.489s] DEBUG:colcon.colcon_core.event_handler.log_command:Invoking command in '/home/aaron/workspaces/cliffhangers_ws/build/climbbot3_gz': CMAKE_PREFIX_PATH=${CMAKE_PREFIX_PATH}:/home/aaron/workspaces/cliffhangers_ws/install/realsense_pointcloud_py:/home/aaron/workspaces/cliffhangers_ws/install/esp_comms:/opt/ros/jazzy DEBUGINFOD_URLS=https://debuginfod.ubuntu.com /usr/bin/cmake --install /home/aaron/workspaces/cliffhangers_ws/build/climbbot3_gz
[0.491s] DEBUG:colcon.colcon_core.event_handler.log_command:Invoked command in '/home/aaron/workspaces/cliffhangers_ws/build/climbing_robot_3_moveit' returned '0': CMAKE_PREFIX_PATH=${CMAKE_PREFIX_PATH}:/home/aaron/workspaces/cliffhangers_ws/install/realsense_pointcloud_py:/home/aaron/workspaces/cliffhangers_ws/install/esp_comms:/opt/ros/jazzy DEBUGINFOD_URLS=https://debuginfod.ubuntu.com /usr/bin/cmake --build /home/aaron/workspaces/cliffhangers_ws/build/climbing_robot_3_moveit -- -j8 -l8
[0.493s] DEBUG:colcon.colcon_core.event_handler.log_command:Invoking command in '/home/aaron/workspaces/cliffhangers_ws/build/climbing_robot_3_moveit': CMAKE_PREFIX_PATH=${CMAKE_PREFIX_PATH}:/home/aaron/workspaces/cliffhangers_ws/install/realsense_pointcloud_py:/home/aaron/workspaces/cliffhangers_ws/install/esp_comms:/opt/ros/jazzy DEBUGINFOD_URLS=https://debuginfod.ubuntu.com /usr/bin/cmake --install /home/aaron/workspaces/cliffhangers_ws/build/climbing_robot_3_moveit
[0.682s] INFO:colcon.colcon_core.task.python.build:Building Python package in '/home/aaron/workspaces/cliffhangers_ws/src/realsense_pointcloud'
[0.682s] INFO:colcon.colcon_core.shell:Skip shell extension 'powershell' for command environment: Not usable outside of PowerShell
[0.682s] DEBUG:colcon.colcon_core.shell:Skip shell extension 'dsv' for command environment
[0.700s] Level 1:colcon.colcon_core.environment:create_environment_scripts_only(climbing_robot_3_moveit)
[0.706s] Level 1:colcon.colcon_core.environment:checking '/home/aaron/workspaces/cliffhangers_ws/install/climbing_robot_3_moveit' for CMake module files
[0.706s] Level 1:colcon.colcon_core.environment:checking '/home/aaron/workspaces/cliffhangers_ws/install/climbing_robot_3_moveit' for CMake config files
[0.710s] Level 1:colcon.colcon_core.shell:create_environment_hook('climbing_robot_3_moveit', 'cmake_prefix_path')
[0.710s] INFO:colcon.colcon_core.shell:Creating environment hook '/home/aaron/workspaces/cliffhangers_ws/install/climbing_robot_3_moveit/share/climbing_robot_3_moveit/hook/cmake_prefix_path.ps1'
[0.717s] INFO:colcon.colcon_core.shell:Creating environment descriptor '/home/aaron/workspaces/cliffhangers_ws/install/climbing_robot_3_moveit/share/climbing_robot_3_moveit/hook/cmake_prefix_path.dsv'
[0.717s] INFO:colcon.colcon_core.shell:Creating environment hook '/home/aaron/workspaces/cliffhangers_ws/install/climbing_robot_3_moveit/share/climbing_robot_3_moveit/hook/cmake_prefix_path.sh'
[0.721s] Level 1:colcon.colcon_core.environment:checking '/home/aaron/workspaces/cliffhangers_ws/install/climbing_robot_3_moveit/bin'
[0.721s] Level 1:colcon.colcon_core.environment:checking '/home/aaron/workspaces/cliffhangers_ws/install/climbing_robot_3_moveit/lib/pkgconfig/climbing_robot_3_moveit.pc'
[0.731s] Level 1:colcon.colcon_core.environment:checking '/home/aaron/workspaces/cliffhangers_ws/install/climbing_robot_3_moveit/lib/python3.12/site-packages'
[0.732s] Level 1:colcon.colcon_core.environment:checking '/home/aaron/workspaces/cliffhangers_ws/install/climbing_robot_3_moveit/bin'
[0.733s] INFO:colcon.colcon_core.shell:Creating package script '/home/aaron/workspaces/cliffhangers_ws/install/climbing_robot_3_moveit/share/climbing_robot_3_moveit/package.ps1'
[0.736s] INFO:colcon.colcon_core.shell:Creating package descriptor '/home/aaron/workspaces/cliffhangers_ws/install/climbing_robot_3_moveit/share/climbing_robot_3_moveit/package.dsv'
[0.741s] INFO:colcon.colcon_core.shell:Creating package script '/home/aaron/workspaces/cliffhangers_ws/install/climbing_robot_3_moveit/share/climbing_robot_3_moveit/package.sh'
[0.742s] INFO:colcon.colcon_core.shell:Creating package script '/home/aaron/workspaces/cliffhangers_ws/install/climbing_robot_3_moveit/share/climbing_robot_3_moveit/package.bash'
[0.743s] INFO:colcon.colcon_core.shell:Creating package script '/home/aaron/workspaces/cliffhangers_ws/install/climbing_robot_3_moveit/share/climbing_robot_3_moveit/package.zsh'
[0.743s] Level 1:colcon.colcon_core.environment:create_file_with_runtime_dependencies(/home/aaron/workspaces/cliffhangers_ws/install/climbing_robot_3_moveit/share/colcon-core/packages/climbing_robot_3_moveit)
[0.744s] Level 1:colcon.colcon_core.environment:create_environment_scripts_only(climbing_robot_3_moveit)
[0.744s] Level 1:colcon.colcon_core.environment:checking '/home/aaron/workspaces/cliffhangers_ws/install/climbing_robot_3_moveit' for CMake module files
[0.748s] Level 1:colcon.colcon_core.environment:checking '/home/aaron/workspaces/cliffhangers_ws/install/climbing_robot_3_moveit' for CMake config files
[0.748s] Level 1:colcon.colcon_core.shell:create_environment_hook('climbing_robot_3_moveit', 'cmake_prefix_path')
[0.749s] INFO:colcon.colcon_core.shell:Creating environment hook '/home/aaron/workspaces/cliffhangers_ws/install/climbing_robot_3_moveit/share/climbing_robot_3_moveit/hook/cmake_prefix_path.ps1'
[0.749s] INFO:colcon.colcon_core.shell:Creating environment descriptor '/home/aaron/workspaces/cliffhangers_ws/install/climbing_robot_3_moveit/share/climbing_robot_3_moveit/hook/cmake_prefix_path.dsv'
[0.749s] INFO:colcon.colcon_core.shell:Creating environment hook '/home/aaron/workspaces/cliffhangers_ws/install/climbing_robot_3_moveit/share/climbing_robot_3_moveit/hook/cmake_prefix_path.sh'
[0.750s] Level 1:colcon.colcon_core.environment:checking '/home/aaron/workspaces/cliffhangers_ws/install/climbing_robot_3_moveit/bin'
[0.750s] Level 1:colcon.colcon_core.environment:checking '/home/aaron/workspaces/cliffhangers_ws/install/climbing_robot_3_moveit/lib/pkgconfig/climbing_robot_3_moveit.pc'
[0.750s] Level 1:colcon.colcon_core.environment:checking '/home/aaron/workspaces/cliffhangers_ws/install/climbing_robot_3_moveit/lib/python3.12/site-packages'
[0.751s] Level 1:colcon.colcon_core.environment:checking '/home/aaron/workspaces/cliffhangers_ws/install/climbing_robot_3_moveit/bin'
[0.751s] INFO:colcon.colcon_core.shell:Creating package script '/home/aaron/workspaces/cliffhangers_ws/install/climbing_robot_3_moveit/share/climbing_robot_3_moveit/package.ps1'
[0.751s] INFO:colcon.colcon_core.shell:Creating package descriptor '/home/aaron/workspaces/cliffhangers_ws/install/climbing_robot_3_moveit/share/climbing_robot_3_moveit/package.dsv'
[0.755s] INFO:colcon.colcon_core.shell:Creating package script '/home/aaron/workspaces/cliffhangers_ws/install/climbing_robot_3_moveit/share/climbing_robot_3_moveit/package.sh'
[0.757s] INFO:colcon.colcon_core.shell:Creating package script '/home/aaron/workspaces/cliffhangers_ws/install/climbing_robot_3_moveit/share/climbing_robot_3_moveit/package.bash'
[0.758s] INFO:colcon.colcon_core.shell:Creating package script '/home/aaron/workspaces/cliffhangers_ws/install/climbing_robot_3_moveit/share/climbing_robot_3_moveit/package.zsh'
[0.760s] Level 1:colcon.colcon_core.environment:create_file_with_runtime_dependencies(/home/aaron/workspaces/cliffhangers_ws/install/climbing_robot_3_moveit/share/colcon-core/packages/climbing_robot_3_moveit)
[0.762s] Level 1:colcon.colcon_core.environment:create_environment_scripts_only(climbbot3_description)
[0.763s] Level 1:colcon.colcon_core.environment:checking '/home/aaron/workspaces/cliffhangers_ws/install/climbbot3_description' for CMake module files
[0.766s] Level 1:colcon.colcon_core.environment:checking '/home/aaron/workspaces/cliffhangers_ws/install/climbbot3_description' for CMake config files
[0.772s] DEBUG:colcon.colcon_core.event_handler.log_command:Invoked command in '/home/aaron/workspaces/cliffhangers_ws/build/climbing_robot_3_moveit' returned '0': CMAKE_PREFIX_PATH=${CMAKE_PREFIX_PATH}:/home/aaron/workspaces/cliffhangers_ws/install/realsense_pointcloud_py:/home/aaron/workspaces/cliffhangers_ws/install/esp_comms:/opt/ros/jazzy DEBUGINFOD_URLS=https://debuginfod.ubuntu.com /usr/bin/cmake --install /home/aaron/workspaces/cliffhangers_ws/build/climbing_robot_3_moveit
[0.775s] Level 1:colcon.colcon_core.shell:create_environment_hook('climbbot3_description', 'cmake_prefix_path')
[0.775s] INFO:colcon.colcon_core.shell:Creating environment hook '/home/aaron/workspaces/cliffhangers_ws/install/climbbot3_description/share/climbbot3_description/hook/cmake_prefix_path.ps1'
[0.776s] INFO:colcon.colcon_core.shell:Creating environment descriptor '/home/aaron/workspaces/cliffhangers_ws/install/climbbot3_description/share/climbbot3_description/hook/cmake_prefix_path.dsv'
[0.776s] INFO:colcon.colcon_core.shell:Creating environment hook '/home/aaron/workspaces/cliffhangers_ws/install/climbbot3_description/share/climbbot3_description/hook/cmake_prefix_path.sh'
[0.777s] Level 1:colcon.colcon_core.environment:checking '/home/aaron/workspaces/cliffhangers_ws/install/climbbot3_description/bin'
[0.777s] Level 1:colcon.colcon_core.environment:checking '/home/aaron/workspaces/cliffhangers_ws/install/climbbot3_description/lib/pkgconfig/climbbot3_description.pc'
[0.777s] Level 1:colcon.colcon_core.environment:checking '/home/aaron/workspaces/cliffhangers_ws/install/climbbot3_description/lib/python3.12/site-packages'
[0.777s] Level 1:colcon.colcon_core.environment:checking '/home/aaron/workspaces/cliffhangers_ws/install/climbbot3_description/bin'
[0.778s] INFO:colcon.colcon_core.shell:Creating package script '/home/aaron/workspaces/cliffhangers_ws/install/climbbot3_description/share/climbbot3_description/package.ps1'
[0.780s] INFO:colcon.colcon_core.shell:Creating package descriptor '/home/aaron/workspaces/cliffhangers_ws/install/climbbot3_description/share/climbbot3_description/package.dsv'
[0.783s] INFO:colcon.colcon_core.shell:Creating package script '/home/aaron/workspaces/cliffhangers_ws/install/climbbot3_description/share/climbbot3_description/package.sh'
[0.785s] INFO:colcon.colcon_core.shell:Creating package script '/home/aaron/workspaces/cliffhangers_ws/install/climbbot3_description/share/climbbot3_description/package.bash'
[0.787s] INFO:colcon.colcon_core.shell:Creating package script '/home/aaron/workspaces/cliffhangers_ws/install/climbbot3_description/share/climbbot3_description/package.zsh'
[0.789s] Level 1:colcon.colcon_core.environment:create_file_with_runtime_dependencies(/home/aaron/workspaces/cliffhangers_ws/install/climbbot3_description/share/colcon-core/packages/climbbot3_description)
[0.791s] Level 1:colcon.colcon_core.environment:create_environment_scripts_only(climbbot3_description)
[0.791s] Level 1:colcon.colcon_core.environment:checking '/home/aaron/workspaces/cliffhangers_ws/install/climbbot3_description' for CMake module files
[0.796s] Level 1:colcon.colcon_core.environment:checking '/home/aaron/workspaces/cliffhangers_ws/install/climbbot3_description' for CMake config files
[0.805s] Level 1:colcon.colcon_core.shell:create_environment_hook('climbbot3_description', 'cmake_prefix_path')
[0.805s] INFO:colcon.colcon_core.shell:Creating environment hook '/home/aaron/workspaces/cliffhangers_ws/install/climbbot3_description/share/climbbot3_description/hook/cmake_prefix_path.ps1'
[0.809s] INFO:colcon.colcon_core.shell:Creating environment descriptor '/home/aaron/workspaces/cliffhangers_ws/install/climbbot3_description/share/climbbot3_description/hook/cmake_prefix_path.dsv'
[0.811s] INFO:colcon.colcon_core.shell:Creating environment hook '/home/aaron/workspaces/cliffhangers_ws/install/climbbot3_description/share/climbbot3_description/hook/cmake_prefix_path.sh'
[0.815s] Level 1:colcon.colcon_core.environment:checking '/home/aaron/workspaces/cliffhangers_ws/install/climbbot3_description/bin'
[0.815s] Level 1:colcon.colcon_core.environment:checking '/home/aaron/workspaces/cliffhangers_ws/install/climbbot3_description/lib/pkgconfig/climbbot3_description.pc'
[0.816s] Level 1:colcon.colcon_core.environment:checking '/home/aaron/workspaces/cliffhangers_ws/install/climbbot3_description/lib/python3.12/site-packages'
[0.816s] Level 1:colcon.colcon_core.environment:checking '/home/aaron/workspaces/cliffhangers_ws/install/climbbot3_description/bin'
[0.817s] INFO:colcon.colcon_core.shell:Creating package script '/home/aaron/workspaces/cliffhangers_ws/install/climbbot3_description/share/climbbot3_description/package.ps1'
[0.818s] INFO:colcon.colcon_core.shell:Creating package descriptor '/home/aaron/workspaces/cliffhangers_ws/install/climbbot3_description/share/climbbot3_description/package.dsv'
[0.820s] INFO:colcon.colcon_core.shell:Creating package script '/home/aaron/workspaces/cliffhangers_ws/install/climbbot3_description/share/climbbot3_description/package.sh'
[0.822s] INFO:colcon.colcon_core.shell:Creating package script '/home/aaron/workspaces/cliffhangers_ws/install/climbbot3_description/share/climbbot3_description/package.bash'
[0.829s] INFO:colcon.colcon_core.shell:Creating package script '/home/aaron/workspaces/cliffhangers_ws/install/climbbot3_description/share/climbbot3_description/package.zsh'
[0.833s] Level 1:colcon.colcon_core.environment:create_file_with_runtime_dependencies(/home/aaron/workspaces/cliffhangers_ws/install/climbbot3_description/share/colcon-core/packages/climbbot3_description)
[0.836s] INFO:colcon.colcon_ros.task.ament_cmake.build:Building ROS package in '/home/aaron/workspaces/cliffhangers_ws/src/climbbot3_moveit' with build type 'ament_cmake'
[0.839s] INFO:colcon.colcon_cmake.task.cmake.build:Building CMake package in '/home/aaron/workspaces/cliffhangers_ws/src/climbbot3_moveit'
[0.839s] INFO:colcon.colcon_core.shell:Skip shell extension 'powershell' for command environment: Not usable outside of PowerShell
[0.839s] DEBUG:colcon.colcon_core.shell:Skip shell extension 'dsv' for command environment
[0.847s] DEBUG:colcon.colcon_core.event_handler.log_command:Invoked command in '/home/aaron/workspaces/cliffhangers_ws/build/climbbot3_description' returned '0': CMAKE_PREFIX_PATH=${CMAKE_PREFIX_PATH}:/home/aaron/workspaces/cliffhangers_ws/install/realsense_pointcloud_py:/home/aaron/workspaces/cliffhangers_ws/install/esp_comms:/opt/ros/jazzy DEBUGINFOD_URLS=https://debuginfod.ubuntu.com /usr/bin/cmake --install /home/aaron/workspaces/cliffhangers_ws/build/climbbot3_description
[0.859s] Level 1:colcon.colcon_core.environment:create_environment_scripts_only(climbbot3_gz)
[0.859s] Level 1:colcon.colcon_core.environment:checking '/home/aaron/workspaces/cliffhangers_ws/install/climbbot3_gz' for CMake module files
[0.861s] Level 1:colcon.colcon_core.environment:checking '/home/aaron/workspaces/cliffhangers_ws/install/climbbot3_gz' for CMake config files
[0.861s] DEBUG:colcon.colcon_core.event_handler.log_command:Invoking command in '/home/aaron/workspaces/cliffhangers_ws/build/climbbot3_moveit': CMAKE_PREFIX_PATH=/home/aaron/workspaces/cliffhangers_ws/install/climbbot3_description:/home/aaron/workspaces/cliffhangers_ws/install/climbing_robot_3_moveit:/home/aaron/workspaces/cliffhangers_ws/install/climbbot3_moveit:/home/aaron/workspaces/cliffhangers_ws/install/climbbot3_gz:/opt/ros/jazzy/opt/gz_sim_vendor:/opt/ros/jazzy/opt/gz_sensors_vendor:/opt/ros/jazzy/opt/gz_physics_vendor:/opt/ros/jazzy/opt/sdformat_vendor:/opt/ros/jazzy/opt/gz_gui_vendor:/opt/ros/jazzy/opt/gz_transport_vendor:/opt/ros/jazzy/opt/gz_rendering_vendor:/opt/ros/jazzy/opt/gz_plugin_vendor:/opt/ros/jazzy/opt/gz_fuel_tools_vendor:/opt/ros/jazzy/opt/gz_msgs_vendor:/opt/ros/jazzy/opt/gz_common_vendor:/opt/ros/jazzy/opt/gz_math_vendor:/opt/ros/jazzy/opt/gz_utils_vendor:/opt/ros/jazzy/opt/gz_tools_vendor:/opt/ros/jazzy/opt/gz_ogre_next_vendor:/opt/ros/jazzy/opt/gz_dartsim_vendor:/opt/ros/jazzy/opt/gz_cmake_vendor:/home/aaron/workspaces/cliffhangers_ws/install/realsense_pointcloud_py:/home/aaron/workspaces/cliffhangers_ws/install/esp_comms:/opt/ros/jazzy DEBUGINFOD_URLS=https://debuginfod.ubuntu.com /usr/bin/cmake --build /home/aaron/workspaces/cliffhangers_ws/build/climbbot3_moveit -- -j8 -l8
[0.862s] DEBUG:colcon.colcon_core.event_handler.log_command:Invoked command in '/home/aaron/workspaces/cliffhangers_ws/build/climbbot3_gz' returned '0': CMAKE_PREFIX_PATH=${CMAKE_PREFIX_PATH}:/home/aaron/workspaces/cliffhangers_ws/install/realsense_pointcloud_py:/home/aaron/workspaces/cliffhangers_ws/install/esp_comms:/opt/ros/jazzy DEBUGINFOD_URLS=https://debuginfod.ubuntu.com /usr/bin/cmake --install /home/aaron/workspaces/cliffhangers_ws/build/climbbot3_gz
[0.862s] Level 1:colcon.colcon_core.shell:create_environment_hook('climbbot3_gz', 'cmake_prefix_path')
[0.862s] INFO:colcon.colcon_core.shell:Creating environment hook '/home/aaron/workspaces/cliffhangers_ws/install/climbbot3_gz/share/climbbot3_gz/hook/cmake_prefix_path.ps1'
[0.863s] INFO:colcon.colcon_core.shell:Creating environment descriptor '/home/aaron/workspaces/cliffhangers_ws/install/climbbot3_gz/share/climbbot3_gz/hook/cmake_prefix_path.dsv'
[0.863s] INFO:colcon.colcon_core.shell:Creating environment hook '/home/aaron/workspaces/cliffhangers_ws/install/climbbot3_gz/share/climbbot3_gz/hook/cmake_prefix_path.sh'
[0.864s] Level 1:colcon.colcon_core.environment:checking '/home/aaron/workspaces/cliffhangers_ws/install/climbbot3_gz/bin'
[0.864s] Level 1:colcon.colcon_core.environment:checking '/home/aaron/workspaces/cliffhangers_ws/install/climbbot3_gz/lib/pkgconfig/climbbot3_gz.pc'
[0.864s] Level 1:colcon.colcon_core.environment:checking '/home/aaron/workspaces/cliffhangers_ws/install/climbbot3_gz/lib/python3.12/site-packages'
[0.864s] Level 1:colcon.colcon_core.environment:checking '/home/aaron/workspaces/cliffhangers_ws/install/climbbot3_gz/bin'
[0.865s] INFO:colcon.colcon_core.shell:Creating package script '/home/aaron/workspaces/cliffhangers_ws/install/climbbot3_gz/share/climbbot3_gz/package.ps1'
[0.865s] INFO:colcon.colcon_core.shell:Creating package descriptor '/home/aaron/workspaces/cliffhangers_ws/install/climbbot3_gz/share/climbbot3_gz/package.dsv'
[0.865s] INFO:colcon.colcon_core.shell:Creating package script '/home/aaron/workspaces/cliffhangers_ws/install/climbbot3_gz/share/climbbot3_gz/package.sh'
[0.866s] INFO:colcon.colcon_core.shell:Creating package script '/home/aaron/workspaces/cliffhangers_ws/install/climbbot3_gz/share/climbbot3_gz/package.bash'
[0.866s] INFO:colcon.colcon_core.shell:Creating package script '/home/aaron/workspaces/cliffhangers_ws/install/climbbot3_gz/share/climbbot3_gz/package.zsh'
[0.867s] Level 1:colcon.colcon_core.environment:create_file_with_runtime_dependencies(/home/aaron/workspaces/cliffhangers_ws/install/climbbot3_gz/share/colcon-core/packages/climbbot3_gz)
[0.867s] Level 1:colcon.colcon_core.environment:create_environment_scripts_only(climbbot3_gz)
[0.867s] Level 1:colcon.colcon_core.environment:checking '/home/aaron/workspaces/cliffhangers_ws/install/climbbot3_gz' for CMake module files
[0.868s] Level 1:colcon.colcon_core.environment:checking '/home/aaron/workspaces/cliffhangers_ws/install/climbbot3_gz' for CMake config files
[0.868s] Level 1:colcon.colcon_core.shell:create_environment_hook('climbbot3_gz', 'cmake_prefix_path')
[0.868s] INFO:colcon.colcon_core.shell:Creating environment hook '/home/aaron/workspaces/cliffhangers_ws/install/climbbot3_gz/share/climbbot3_gz/hook/cmake_prefix_path.ps1'
[0.869s] INFO:colcon.colcon_core.shell:Creating environment descriptor '/home/aaron/workspaces/cliffhangers_ws/install/climbbot3_gz/share/climbbot3_gz/hook/cmake_prefix_path.dsv'
[0.869s] INFO:colcon.colcon_core.shell:Creating environment hook '/home/aaron/workspaces/cliffhangers_ws/install/climbbot3_gz/share/climbbot3_gz/hook/cmake_prefix_path.sh'
[0.870s] Level 1:colcon.colcon_core.environment:checking '/home/aaron/workspaces/cliffhangers_ws/install/climbbot3_gz/bin'
[0.870s] Level 1:colcon.colcon_core.environment:checking '/home/aaron/workspaces/cliffhangers_ws/install/climbbot3_gz/lib/pkgconfig/climbbot3_gz.pc'
[0.870s] Level 1:colcon.colcon_core.environment:checking '/home/aaron/workspaces/cliffhangers_ws/install/climbbot3_gz/lib/python3.12/site-packages'
[0.870s] Level 1:colcon.colcon_core.environment:checking '/home/aaron/workspaces/cliffhangers_ws/install/climbbot3_gz/bin'
[0.871s] INFO:colcon.colcon_core.shell:Creating package script '/home/aaron/workspaces/cliffhangers_ws/install/climbbot3_gz/share/climbbot3_gz/package.ps1'
[0.871s] INFO:colcon.colcon_core.shell:Creating package descriptor '/home/aaron/workspaces/cliffhangers_ws/install/climbbot3_gz/share/climbbot3_gz/package.dsv'
[0.872s] INFO:colcon.colcon_core.shell:Creating package script '/home/aaron/workspaces/cliffhangers_ws/install/climbbot3_gz/share/climbbot3_gz/package.sh'
[0.872s] INFO:colcon.colcon_core.shell:Creating package script '/home/aaron/workspaces/cliffhangers_ws/install/climbbot3_gz/share/climbbot3_gz/package.bash'
[0.872s] INFO:colcon.colcon_core.shell:Creating package script '/home/aaron/workspaces/cliffhangers_ws/install/climbbot3_gz/share/climbbot3_gz/package.zsh'
[0.873s] Level 1:colcon.colcon_core.environment:create_file_with_runtime_dependencies(/home/aaron/workspaces/cliffhangers_ws/install/climbbot3_gz/share/colcon-core/packages/climbbot3_gz)
[0.900s] DEBUG:colcon.colcon_core.event_handler.log_command:Invoked command in '/home/aaron/workspaces/cliffhangers_ws/build/climbbot3_moveit' returned '0': CMAKE_PREFIX_PATH=/home/aaron/workspaces/cliffhangers_ws/install/climbbot3_description:/home/aaron/workspaces/cliffhangers_ws/install/climbing_robot_3_moveit:/home/aaron/workspaces/cliffhangers_ws/install/climbbot3_moveit:/home/aaron/workspaces/cliffhangers_ws/install/climbbot3_gz:/opt/ros/jazzy/opt/gz_sim_vendor:/opt/ros/jazzy/opt/gz_sensors_vendor:/opt/ros/jazzy/opt/gz_physics_vendor:/opt/ros/jazzy/opt/sdformat_vendor:/opt/ros/jazzy/opt/gz_gui_vendor:/opt/ros/jazzy/opt/gz_transport_vendor:/opt/ros/jazzy/opt/gz_rendering_vendor:/opt/ros/jazzy/opt/gz_plugin_vendor:/opt/ros/jazzy/opt/gz_fuel_tools_vendor:/opt/ros/jazzy/opt/gz_msgs_vendor:/opt/ros/jazzy/opt/gz_common_vendor:/opt/ros/jazzy/opt/gz_math_vendor:/opt/ros/jazzy/opt/gz_utils_vendor:/opt/ros/jazzy/opt/gz_tools_vendor:/opt/ros/jazzy/opt/gz_ogre_next_vendor:/opt/ros/jazzy/opt/gz_dartsim_vendor:/opt/ros/jazzy/opt/gz_cmake_vendor:/home/aaron/workspaces/cliffhangers_ws/install/realsense_pointcloud_py:/home/aaron/workspaces/cliffhangers_ws/install/esp_comms:/opt/ros/jazzy DEBUGINFOD_URLS=https://debuginfod.ubuntu.com /usr/bin/cmake --build /home/aaron/workspaces/cliffhangers_ws/build/climbbot3_moveit -- -j8 -l8
[0.901s] DEBUG:colcon.colcon_core.event_handler.log_command:Invoking command in '/home/aaron/workspaces/cliffhangers_ws/build/climbbot3_moveit': CMAKE_PREFIX_PATH=/home/aaron/workspaces/cliffhangers_ws/install/climbbot3_description:/home/aaron/workspaces/cliffhangers_ws/install/climbing_robot_3_moveit:/home/aaron/workspaces/cliffhangers_ws/install/climbbot3_moveit:/home/aaron/workspaces/cliffhangers_ws/install/climbbot3_gz:/opt/ros/jazzy/opt/gz_sim_vendor:/opt/ros/jazzy/opt/gz_sensors_vendor:/opt/ros/jazzy/opt/gz_physics_vendor:/opt/ros/jazzy/opt/sdformat_vendor:/opt/ros/jazzy/opt/gz_gui_vendor:/opt/ros/jazzy/opt/gz_transport_vendor:/opt/ros/jazzy/opt/gz_rendering_vendor:/opt/ros/jazzy/opt/gz_plugin_vendor:/opt/ros/jazzy/opt/gz_fuel_tools_vendor:/opt/ros/jazzy/opt/gz_msgs_vendor:/opt/ros/jazzy/opt/gz_common_vendor:/opt/ros/jazzy/opt/gz_math_vendor:/opt/ros/jazzy/opt/gz_utils_vendor:/opt/ros/jazzy/opt/gz_tools_vendor:/opt/ros/jazzy/opt/gz_ogre_next_vendor:/opt/ros/jazzy/opt/gz_dartsim_vendor:/opt/ros/jazzy/opt/gz_cmake_vendor:/home/aaron/workspaces/cliffhangers_ws/install/realsense_pointcloud_py:/home/aaron/workspaces/cliffhangers_ws/install/esp_comms:/opt/ros/jazzy DEBUGINFOD_URLS=https://debuginfod.ubuntu.com /usr/bin/cmake --install /home/aaron/workspaces/cliffhangers_ws/build/climbbot3_moveit
[0.914s] Level 1:colcon.colcon_core.environment:create_environment_scripts_only(climbbot3_moveit)
[0.915s] Level 1:colcon.colcon_core.environment:checking '/home/aaron/workspaces/cliffhangers_ws/install/climbbot3_moveit' for CMake module files
[0.915s] DEBUG:colcon.colcon_core.event_handler.log_command:Invoked command in '/home/aaron/workspaces/cliffhangers_ws/build/climbbot3_moveit' returned '0': CMAKE_PREFIX_PATH=/home/aaron/workspaces/cliffhangers_ws/install/climbbot3_description:/home/aaron/workspaces/cliffhangers_ws/install/climbing_robot_3_moveit:/home/aaron/workspaces/cliffhangers_ws/install/climbbot3_moveit:/home/aaron/workspaces/cliffhangers_ws/install/climbbot3_gz:/opt/ros/jazzy/opt/gz_sim_vendor:/opt/ros/jazzy/opt/gz_sensors_vendor:/opt/ros/jazzy/opt/gz_physics_vendor:/opt/ros/jazzy/opt/sdformat_vendor:/opt/ros/jazzy/opt/gz_gui_vendor:/opt/ros/jazzy/opt/gz_transport_vendor:/opt/ros/jazzy/opt/gz_rendering_vendor:/opt/ros/jazzy/opt/gz_plugin_vendor:/opt/ros/jazzy/opt/gz_fuel_tools_vendor:/opt/ros/jazzy/opt/gz_msgs_vendor:/opt/ros/jazzy/opt/gz_common_vendor:/opt/ros/jazzy/opt/gz_math_vendor:/opt/ros/jazzy/opt/gz_utils_vendor:/opt/ros/jazzy/opt/gz_tools_vendor:/opt/ros/jazzy/opt/gz_ogre_next_vendor:/opt/ros/jazzy/opt/gz_dartsim_vendor:/opt/ros/jazzy/opt/gz_cmake_vendor:/home/aaron/workspaces/cliffhangers_ws/install/realsense_pointcloud_py:/home/aaron/workspaces/cliffhangers_ws/install/esp_comms:/opt/ros/jazzy DEBUGINFOD_URLS=https://debuginfod.ubuntu.com /usr/bin/cmake --install /home/aaron/workspaces/cliffhangers_ws/build/climbbot3_moveit
[0.915s] Level 1:colcon.colcon_core.environment:checking '/home/aaron/workspaces/cliffhangers_ws/install/climbbot3_moveit' for CMake config files
[0.916s] Level 1:colcon.colcon_core.shell:create_environment_hook('climbbot3_moveit', 'cmake_prefix_path')
[0.916s] INFO:colcon.colcon_core.shell:Creating environment hook '/home/aaron/workspaces/cliffhangers_ws/install/climbbot3_moveit/share/climbbot3_moveit/hook/cmake_prefix_path.ps1'
[0.916s] INFO:colcon.colcon_core.shell:Creating environment descriptor '/home/aaron/workspaces/cliffhangers_ws/install/climbbot3_moveit/share/climbbot3_moveit/hook/cmake_prefix_path.dsv'
[0.917s] INFO:colcon.colcon_core.shell:Creating environment hook '/home/aaron/workspaces/cliffhangers_ws/install/climbbot3_moveit/share/climbbot3_moveit/hook/cmake_prefix_path.sh'
[0.917s] Level 1:colcon.colcon_core.environment:checking '/home/aaron/workspaces/cliffhangers_ws/install/climbbot3_moveit/lib'
[0.917s] Level 1:colcon.colcon_core.environment:checking '/home/aaron/workspaces/cliffhangers_ws/install/climbbot3_moveit/bin'
[0.917s] Level 1:colcon.colcon_core.environment:checking '/home/aaron/workspaces/cliffhangers_ws/install/climbbot3_moveit/lib/pkgconfig/climbbot3_moveit.pc'
[0.918s] Level 1:colcon.colcon_core.environment:checking '/home/aaron/workspaces/cliffhangers_ws/install/climbbot3_moveit/lib/python3.12/site-packages'
[0.918s] Level 1:colcon.colcon_core.environment:checking '/home/aaron/workspaces/cliffhangers_ws/install/climbbot3_moveit/bin'
[0.918s] INFO:colcon.colcon_core.shell:Creating package script '/home/aaron/workspaces/cliffhangers_ws/install/climbbot3_moveit/share/climbbot3_moveit/package.ps1'
[0.918s] INFO:colcon.colcon_core.shell:Creating package descriptor '/home/aaron/workspaces/cliffhangers_ws/install/climbbot3_moveit/share/climbbot3_moveit/package.dsv'
[0.919s] INFO:colcon.colcon_core.shell:Creating package script '/home/aaron/workspaces/cliffhangers_ws/install/climbbot3_moveit/share/climbbot3_moveit/package.sh'
[0.919s] INFO:colcon.colcon_core.shell:Creating package script '/home/aaron/workspaces/cliffhangers_ws/install/climbbot3_moveit/share/climbbot3_moveit/package.bash'
[0.919s] INFO:colcon.colcon_core.shell:Creating package script '/home/aaron/workspaces/cliffhangers_ws/install/climbbot3_moveit/share/climbbot3_moveit/package.zsh'
[0.921s] Level 1:colcon.colcon_core.environment:create_file_with_runtime_dependencies(/home/aaron/workspaces/cliffhangers_ws/install/climbbot3_moveit/share/colcon-core/packages/climbbot3_moveit)
[0.922s] Level 1:colcon.colcon_core.environment:create_environment_scripts_only(climbbot3_moveit)
[0.922s] Level 1:colcon.colcon_core.environment:checking '/home/aaron/workspaces/cliffhangers_ws/install/climbbot3_moveit' for CMake module files
[0.922s] Level 1:colcon.colcon_core.environment:checking '/home/aaron/workspaces/cliffhangers_ws/install/climbbot3_moveit' for CMake config files
[0.923s] Level 1:colcon.colcon_core.shell:create_environment_hook('climbbot3_moveit', 'cmake_prefix_path')
[0.923s] INFO:colcon.colcon_core.shell:Creating environment hook '/home/aaron/workspaces/cliffhangers_ws/install/climbbot3_moveit/share/climbbot3_moveit/hook/cmake_prefix_path.ps1'
[0.923s] INFO:colcon.colcon_core.shell:Creating environment descriptor '/home/aaron/workspaces/cliffhangers_ws/install/climbbot3_moveit/share/climbbot3_moveit/hook/cmake_prefix_path.dsv'
[0.923s] INFO:colcon.colcon_core.shell:Creating environment hook '/home/aaron/workspaces/cliffhangers_ws/install/climbbot3_moveit/share/climbbot3_moveit/hook/cmake_prefix_path.sh'
[0.924s] Level 1:colcon.colcon_core.environment:checking '/home/aaron/workspaces/cliffhangers_ws/install/climbbot3_moveit/lib'
[0.924s] Level 1:colcon.colcon_core.environment:checking '/home/aaron/workspaces/cliffhangers_ws/install/climbbot3_moveit/bin'
[0.924s] Level 1:colcon.colcon_core.environment:checking '/home/aaron/workspaces/cliffhangers_ws/install/climbbot3_moveit/lib/pkgconfig/climbbot3_moveit.pc'
[0.924s] Level 1:colcon.colcon_core.environment:checking '/home/aaron/workspaces/cliffhangers_ws/install/climbbot3_moveit/lib/python3.12/site-packages'
[0.924s] Level 1:colcon.colcon_core.environment:checking '/home/aaron/workspaces/cliffhangers_ws/install/climbbot3_moveit/bin'
[0.925s] INFO:colcon.colcon_core.shell:Creating package script '/home/aaron/workspaces/cliffhangers_ws/install/climbbot3_moveit/share/climbbot3_moveit/package.ps1'
[0.925s] INFO:colcon.colcon_core.shell:Creating package descriptor '/home/aaron/workspaces/cliffhangers_ws/install/climbbot3_moveit/share/climbbot3_moveit/package.dsv'
[0.926s] INFO:colcon.colcon_core.shell:Creating package script '/home/aaron/workspaces/cliffhangers_ws/install/climbbot3_moveit/share/climbbot3_moveit/package.sh'
[0.926s] INFO:colcon.colcon_core.shell:Creating package script '/home/aaron/workspaces/cliffhangers_ws/install/climbbot3_moveit/share/climbbot3_moveit/package.bash'
[0.926s] INFO:colcon.colcon_core.shell:Creating package script '/home/aaron/workspaces/cliffhangers_ws/install/climbbot3_moveit/share/climbbot3_moveit/package.zsh'
[0.927s] Level 1:colcon.colcon_core.environment:create_file_with_runtime_dependencies(/home/aaron/workspaces/cliffhangers_ws/install/climbbot3_moveit/share/colcon-core/packages/climbbot3_moveit)
[1.200s] DEBUG:colcon.colcon_core.event_handler.log_command:Invoking command in '/home/aaron/workspaces/cliffhangers_ws/src/esp_comms': DEBUGINFOD_URLS=https://debuginfod.ubuntu.com PYTHONPATH=/home/aaron/workspaces/cliffhangers_ws/build/esp_comms/prefix_override:/usr/lib/python3/dist-packages/colcon_core/task/python/colcon_distutils_commands:/home/aaron/workspaces/cliffhangers_ws/install/esp_comms/lib/python3.12/site-packages:${PYTHONPATH} /usr/bin/python3 -W ignore:setup.py install is deprecated -W ignore:easy_install command is deprecated setup.py egg_info --egg-base ../../build/esp_comms build --build-base /home/aaron/workspaces/cliffhangers_ws/build/esp_comms/build install --record /home/aaron/workspaces/cliffhangers_ws/build/esp_comms/install.log --single-version-externally-managed install_data
[1.333s] DEBUG:colcon.colcon_core.event_handler.log_command:Invoking command in '/home/aaron/workspaces/cliffhangers_ws/src/realsense_pointcloud': DEBUGINFOD_URLS=https://debuginfod.ubuntu.com PYTHONPATH=/home/aaron/workspaces/cliffhangers_ws/build/realsense_pointcloud_py/prefix_override:/usr/lib/python3/dist-packages/colcon_core/task/python/colcon_distutils_commands:/home/aaron/workspaces/cliffhangers_ws/install/realsense_pointcloud_py/lib/python3.12/site-packages:${PYTHONPATH} /usr/bin/python3 -W ignore:setup.py install is deprecated -W ignore:easy_install command is deprecated setup.py egg_info --egg-base ../../build/realsense_pointcloud_py build --build-base /home/aaron/workspaces/cliffhangers_ws/build/realsense_pointcloud_py/build install --record /home/aaron/workspaces/cliffhangers_ws/build/realsense_pointcloud_py/install.log --single-version-externally-managed install_data
[1.660s] Level 1:colcon.colcon_core.environment:checking '/home/aaron/workspaces/cliffhangers_ws/install/esp_comms' for CMake module files
[1.662s] DEBUG:colcon.colcon_core.event_handler.log_command:Invoked command in '/home/aaron/workspaces/cliffhangers_ws/src/esp_comms' returned '0': DEBUGINFOD_URLS=https://debuginfod.ubuntu.com PYTHONPATH=/home/aaron/workspaces/cliffhangers_ws/build/esp_comms/prefix_override:/usr/lib/python3/dist-packages/colcon_core/task/python/colcon_distutils_commands:/home/aaron/workspaces/cliffhangers_ws/install/esp_comms/lib/python3.12/site-packages:${PYTHONPATH} /usr/bin/python3 -W ignore:setup.py install is deprecated -W ignore:easy_install command is deprecated setup.py egg_info --egg-base ../../build/esp_comms build --build-base /home/aaron/workspaces/cliffhangers_ws/build/esp_comms/build install --record /home/aaron/workspaces/cliffhangers_ws/build/esp_comms/install.log --single-version-externally-managed install_data
[1.662s] Level 1:colcon.colcon_core.environment:checking '/home/aaron/workspaces/cliffhangers_ws/install/esp_comms' for CMake config files
[1.663s] Level 1:colcon.colcon_core.environment:checking '/home/aaron/workspaces/cliffhangers_ws/install/esp_comms/lib'
[1.664s] Level 1:colcon.colcon_core.environment:checking '/home/aaron/workspaces/cliffhangers_ws/install/esp_comms/bin'
[1.664s] Level 1:colcon.colcon_core.environment:checking '/home/aaron/workspaces/cliffhangers_ws/install/esp_comms/lib/pkgconfig/esp_comms.pc'
[1.665s] Level 1:colcon.colcon_core.environment:checking '/home/aaron/workspaces/cliffhangers_ws/install/esp_comms/lib/python3.12/site-packages'
[1.665s] Level 1:colcon.colcon_core.shell:create_environment_hook('esp_comms', 'pythonpath')
[1.665s] INFO:colcon.colcon_core.shell:Creating environment hook '/home/aaron/workspaces/cliffhangers_ws/install/esp_comms/share/esp_comms/hook/pythonpath.ps1'
[1.666s] INFO:colcon.colcon_core.shell:Creating environment descriptor '/home/aaron/workspaces/cliffhangers_ws/install/esp_comms/share/esp_comms/hook/pythonpath.dsv'
[1.667s] INFO:colcon.colcon_core.shell:Creating environment hook '/home/aaron/workspaces/cliffhangers_ws/install/esp_comms/share/esp_comms/hook/pythonpath.sh'
[1.669s] Level 1:colcon.colcon_core.environment:checking '/home/aaron/workspaces/cliffhangers_ws/install/esp_comms/bin'
[1.669s] Level 1:colcon.colcon_core.environment:create_environment_scripts_only(esp_comms)
[1.669s] INFO:colcon.colcon_core.shell:Creating package script '/home/aaron/workspaces/cliffhangers_ws/install/esp_comms/share/esp_comms/package.ps1'
[1.670s] INFO:colcon.colcon_core.shell:Creating package descriptor '/home/aaron/workspaces/cliffhangers_ws/install/esp_comms/share/esp_comms/package.dsv'
[1.671s] INFO:colcon.colcon_core.shell:Creating package script '/home/aaron/workspaces/cliffhangers_ws/install/esp_comms/share/esp_comms/package.sh'
[1.690s] INFO:colcon.colcon_core.shell:Creating package script '/home/aaron/workspaces/cliffhangers_ws/install/esp_comms/share/esp_comms/package.bash'
[1.690s] INFO:colcon.colcon_core.shell:Creating package script '/home/aaron/workspaces/cliffhangers_ws/install/esp_comms/share/esp_comms/package.zsh'
[1.691s] Level 1:colcon.colcon_core.environment:create_file_with_runtime_dependencies(/home/aaron/workspaces/cliffhangers_ws/install/esp_comms/share/colcon-core/packages/esp_comms)
[1.782s] Level 1:colcon.colcon_core.environment:checking '/home/aaron/workspaces/cliffhangers_ws/install/realsense_pointcloud_py' for CMake module files
[1.783s] DEBUG:colcon.colcon_core.event_handler.log_command:Invoked command in '/home/aaron/workspaces/cliffhangers_ws/src/realsense_pointcloud' returned '0': DEBUGINFOD_URLS=https://debuginfod.ubuntu.com PYTHONPATH=/home/aaron/workspaces/cliffhangers_ws/build/realsense_pointcloud_py/prefix_override:/usr/lib/python3/dist-packages/colcon_core/task/python/colcon_distutils_commands:/home/aaron/workspaces/cliffhangers_ws/install/realsense_pointcloud_py/lib/python3.12/site-packages:${PYTHONPATH} /usr/bin/python3 -W ignore:setup.py install is deprecated -W ignore:easy_install command is deprecated setup.py egg_info --egg-base ../../build/realsense_pointcloud_py build --build-base /home/aaron/workspaces/cliffhangers_ws/build/realsense_pointcloud_py/build install --record /home/aaron/workspaces/cliffhangers_ws/build/realsense_pointcloud_py/install.log --single-version-externally-managed install_data
[1.784s] Level 1:colcon.colcon_core.environment:checking '/home/aaron/workspaces/cliffhangers_ws/install/realsense_pointcloud_py' for CMake config files
[1.785s] Level 1:colcon.colcon_core.environment:checking '/home/aaron/workspaces/cliffhangers_ws/install/realsense_pointcloud_py/lib'
[1.785s] Level 1:colcon.colcon_core.environment:checking '/home/aaron/workspaces/cliffhangers_ws/install/realsense_pointcloud_py/bin'
[1.785s] Level 1:colcon.colcon_core.environment:checking '/home/aaron/workspaces/cliffhangers_ws/install/realsense_pointcloud_py/lib/pkgconfig/realsense_pointcloud_py.pc'
[1.786s] Level 1:colcon.colcon_core.environment:checking '/home/aaron/workspaces/cliffhangers_ws/install/realsense_pointcloud_py/lib/python3.12/site-packages'
[1.786s] Level 1:colcon.colcon_core.shell:create_environment_hook('realsense_pointcloud_py', 'pythonpath')
[1.787s] INFO:colcon.colcon_core.shell:Creating environment hook '/home/aaron/workspaces/cliffhangers_ws/install/realsense_pointcloud_py/share/realsense_pointcloud_py/hook/pythonpath.ps1'
[1.788s] INFO:colcon.colcon_core.shell:Creating environment descriptor '/home/aaron/workspaces/cliffhangers_ws/install/realsense_pointcloud_py/share/realsense_pointcloud_py/hook/pythonpath.dsv'
[1.789s] INFO:colcon.colcon_core.shell:Creating environment hook '/home/aaron/workspaces/cliffhangers_ws/install/realsense_pointcloud_py/share/realsense_pointcloud_py/hook/pythonpath.sh'
[1.790s] Level 1:colcon.colcon_core.environment:checking '/home/aaron/workspaces/cliffhangers_ws/install/realsense_pointcloud_py/bin'
[1.790s] Level 1:colcon.colcon_core.environment:create_environment_scripts_only(realsense_pointcloud_py)
[1.791s] INFO:colcon.colcon_core.shell:Creating package script '/home/aaron/workspaces/cliffhangers_ws/install/realsense_pointcloud_py/share/realsense_pointcloud_py/package.ps1'
[1.792s] INFO:colcon.colcon_core.shell:Creating package descriptor '/home/aaron/workspaces/cliffhangers_ws/install/realsense_pointcloud_py/share/realsense_pointcloud_py/package.dsv'
[1.793s] INFO:colcon.colcon_core.shell:Creating package script '/home/aaron/workspaces/cliffhangers_ws/install/realsense_pointcloud_py/share/realsense_pointcloud_py/package.sh'
[1.794s] INFO:colcon.colcon_core.shell:Creating package script '/home/aaron/workspaces/cliffhangers_ws/install/realsense_pointcloud_py/share/realsense_pointcloud_py/package.bash'
[1.795s] INFO:colcon.colcon_core.shell:Creating package script '/home/aaron/workspaces/cliffhangers_ws/install/realsense_pointcloud_py/share/realsense_pointcloud_py/package.zsh'
[1.795s] Level 1:colcon.colcon_core.environment:create_file_with_runtime_dependencies(/home/aaron/workspaces/cliffhangers_ws/install/realsense_pointcloud_py/share/colcon-core/packages/realsense_pointcloud_py)
[1.796s] DEBUG:colcon.colcon_parallel_executor.executor.parallel:closing loop
[1.797s] DEBUG:colcon.colcon_parallel_executor.executor.parallel:loop closed
[1.797s] DEBUG:colcon.colcon_parallel_executor.executor.parallel:run_until_complete finished with '0'
[1.797s] DEBUG:colcon.colcon_core.event_reactor:joining thread
[1.805s] INFO:colcon.colcon_core.plugin_system:Skipping extension 'colcon_notification.desktop_notification.terminal_notifier': Not used on non-Darwin systems
[1.805s] INFO:colcon.colcon_core.plugin_system:Skipping extension 'colcon_notification.desktop_notification.win32': Not used on non-Windows systems
[1.805s] INFO:colcon.colcon_notification.desktop_notification:Sending desktop notification using 'notify2'
[1.827s] DEBUG:colcon.colcon_core.event_reactor:joined thread
[1.828s] INFO:colcon.colcon_core.shell:Creating prefix script '/home/aaron/workspaces/cliffhangers_ws/install/local_setup.ps1'
[1.830s] INFO:colcon.colcon_core.shell:Creating prefix util module '/home/aaron/workspaces/cliffhangers_ws/install/_local_setup_util_ps1.py'
[1.833s] INFO:colcon.colcon_core.shell:Creating prefix chain script '/home/aaron/workspaces/cliffhangers_ws/install/setup.ps1'
[1.836s] INFO:colcon.colcon_core.shell:Creating prefix script '/home/aaron/workspaces/cliffhangers_ws/install/local_setup.sh'
[1.837s] INFO:colcon.colcon_core.shell:Creating prefix util module '/home/aaron/workspaces/cliffhangers_ws/install/_local_setup_util_sh.py'
[1.838s] INFO:colcon.colcon_core.shell:Creating prefix chain script '/home/aaron/workspaces/cliffhangers_ws/install/setup.sh'
[1.841s] INFO:colcon.colcon_core.shell:Creating prefix script '/home/aaron/workspaces/cliffhangers_ws/install/local_setup.bash'
[1.841s] INFO:colcon.colcon_core.shell:Creating prefix chain script '/home/aaron/workspaces/cliffhangers_ws/install/setup.bash'
[1.843s] INFO:colcon.colcon_core.shell:Creating prefix script '/home/aaron/workspaces/cliffhangers_ws/install/local_setup.zsh'
[1.844s] INFO:colcon.colcon_core.shell:Creating prefix chain script '/home/aaron/workspaces/cliffhangers_ws/install/setup.zsh'
