[0.500s] Invoking command in '/home/aaron/workspaces/cliffhangers_ws/src/realsense_pointcloud': DEBUGINFOD_URLS=https://debuginfod.ubuntu.com PS1=\[\e]0;\u@\h: \w\a\]${debian_chroot:+($debian_chroot)}\[\033[01;32m\]\u@\h\[\033[00m\]:\[\033[01;34m\]\w\[\033[00m\]\$ PYTHONPATH=/home/aaron/workspaces/cliffhangers_ws/build/realsense_pointcloud_py/prefix_override:/usr/lib/python3/dist-packages/colcon_core/task/python/colcon_distutils_commands:/home/aaron/workspaces/cliffhangers_ws/install/realsense_pointcloud_py/lib/python3.12/site-packages:${PYTHONPATH} /usr/bin/python3 -W ignore:setup.py install is deprecated -W ignore:easy_install command is deprecated setup.py egg_info --egg-base ../../build/realsense_pointcloud_py build --build-base /home/aaron/workspaces/cliffhangers_ws/build/realsense_pointcloud_py/build install --record /home/aaron/workspaces/cliffhangers_ws/build/realsense_pointcloud_py/install.log --single-version-externally-managed install_data
[0.640s] running egg_info
[0.650s] writing ../../build/realsense_pointcloud_py/realsense_pointcloud_py.egg-info/PKG-INFO
[0.650s] writing dependency_links to ../../build/realsense_pointcloud_py/realsense_pointcloud_py.egg-info/dependency_links.txt
[0.650s] writing entry points to ../../build/realsense_pointcloud_py/realsense_pointcloud_py.egg-info/entry_points.txt
[0.650s] writing requirements to ../../build/realsense_pointcloud_py/realsense_pointcloud_py.egg-info/requires.txt
[0.650s] writing top-level names to ../../build/realsense_pointcloud_py/realsense_pointcloud_py.egg-info/top_level.txt
[0.669s] reading manifest file '../../build/realsense_pointcloud_py/realsense_pointcloud_py.egg-info/SOURCES.txt'
[0.669s] adding license file 'LICENSE'
[0.669s] writing manifest file '../../build/realsense_pointcloud_py/realsense_pointcloud_py.egg-info/SOURCES.txt'
[0.669s] running build
[0.669s] running build_py
[0.669s] running install
[0.673s] running install_lib
[0.685s] running install_data
[0.685s] running install_egg_info
[0.695s] removing '/home/aaron/workspaces/cliffhangers_ws/install/realsense_pointcloud_py/lib/python3.12/site-packages/realsense_pointcloud_py-0.0.1-py3.12.egg-info' (and everything under it)
[0.695s] Copying ../../build/realsense_pointcloud_py/realsense_pointcloud_py.egg-info to /home/aaron/workspaces/cliffhangers_ws/install/realsense_pointcloud_py/lib/python3.12/site-packages/realsense_pointcloud_py-0.0.1-py3.12.egg-info
[0.696s] running install_scripts
[0.767s] Installing aruco_detect script to /home/aaron/workspaces/cliffhangers_ws/install/realsense_pointcloud_py/lib/realsense_pointcloud_py
[0.767s] Installing pointcloud_visualizer script to /home/aaron/workspaces/cliffhangers_ws/install/realsense_pointcloud_py/lib/realsense_pointcloud_py
[0.768s] writing list of installed files to '/home/aaron/workspaces/cliffhangers_ws/build/realsense_pointcloud_py/install.log'
[0.785s] Invoked command in '/home/aaron/workspaces/cliffhangers_ws/src/realsense_pointcloud' returned '0': DEBUGINFOD_URLS=https://debuginfod.ubuntu.com PS1=\[\e]0;\u@\h: \w\a\]${debian_chroot:+($debian_chroot)}\[\033[01;32m\]\u@\h\[\033[00m\]:\[\033[01;34m\]\w\[\033[00m\]\$ PYTHONPATH=/home/aaron/workspaces/cliffhangers_ws/build/realsense_pointcloud_py/prefix_override:/usr/lib/python3/dist-packages/colcon_core/task/python/colcon_distutils_commands:/home/aaron/workspaces/cliffhangers_ws/install/realsense_pointcloud_py/lib/python3.12/site-packages:${PYTHONPATH} /usr/bin/python3 -W ignore:setup.py install is deprecated -W ignore:easy_install command is deprecated setup.py egg_info --egg-base ../../build/realsense_pointcloud_py build --build-base /home/aaron/workspaces/cliffhangers_ws/build/realsense_pointcloud_py/build install --record /home/aaron/workspaces/cliffhangers_ws/build/realsense_pointcloud_py/install.log --single-version-externally-managed install_data
