[0.017s] Invoking command in '/home/aaron/workspaces/cliffhangers_ws/build/climbbot3_gz': CMAKE_PREFIX_PATH=${CMAKE_PREFIX_PATH}:/opt/ros/jazzy DEBUGINFOD_URLS=https://debuginfod.ubuntu.com /usr/bin/cmake /home/aaron/workspaces/cliffhangers_ws/src/climbbot3_gz -DCMAKE_INSTALL_PREFIX=/home/aaron/workspaces/cliffhangers_ws/install/climbbot3_gz
[0.198s] -- Found ament_cmake: 2.5.4 (/opt/ros/jazzy/share/ament_cmake/cmake)
[0.232s] -- Found controller_manager: 4.28.1 (/opt/ros/jazzy/share/controller_manager/cmake)
[0.269s] -- Found rosidl_generator_c: 4.6.5 (/opt/ros/jazzy/share/rosidl_generator_c/cmake)
[0.279s] -- Found rosidl_generator_cpp: 4.6.5 (/opt/ros/jazzy/share/rosidl_generator_cpp/cmake)
[0.291s] -- Using all available rosidl_typesupport_c: rosidl_typesupport_fastrtps_c;rosidl_typesupport_introspection_c
[0.305s] -- Using all available rosidl_typesupport_cpp: rosidl_typesupport_fastrtps_cpp;rosidl_typesupport_introspection_cpp
[0.367s] -- Found rmw_implementation_cmake: 7.3.2 (/opt/ros/jazzy/share/rmw_implementation_cmake/cmake)
[0.368s] -- Found rmw_fastrtps_cpp: 8.4.2 (/opt/ros/jazzy/share/rmw_fastrtps_cpp/cmake)
[0.450s] -- Found OpenSSL: /usr/lib/x86_64-linux-gnu/libcrypto.so (found version "3.0.13")  
[0.473s] -- Found FastRTPS: /opt/ros/jazzy/include (Required is at least version "2.13") 
[0.502s] -- Using RMW implementation 'rmw_fastrtps_cpp' as default
[1.018s] [31mCMake Error at CMakeLists.txt:11 (find_package):
[1.018s]   By not providing "Findgripper_controllers.cmake" in CMAKE_MODULE_PATH this
[1.018s]   project has asked CMake to find a package configuration file provided by
[1.018s]   "gripper_controllers", but CMake did not find one.
[1.018s] 
[1.019s]   Could not find a package configuration file provided by
[1.019s]   "gripper_controllers" with any of the following names:
[1.019s] 
[1.019s]     gripper_controllersConfig.cmake
[1.019s]     gripper_controllers-config.cmake
[1.019s] 
[1.019s]   Add the installation prefix of "gripper_controllers" to CMAKE_PREFIX_PATH
[1.019s]   or set "gripper_controllers_DIR" to a directory containing one of the above
[1.019s]   files.  If "gripper_controllers" provides a separate development package or
[1.019s]   SDK, be sure it has been installed.
[1.019s] 
[1.019s] [0m
[1.020s] -- Configuring incomplete, errors occurred!
[1.029s] Invoked command in '/home/aaron/workspaces/cliffhangers_ws/build/climbbot3_gz' returned '1': CMAKE_PREFIX_PATH=${CMAKE_PREFIX_PATH}:/opt/ros/jazzy DEBUGINFOD_URLS=https://debuginfod.ubuntu.com /usr/bin/cmake /home/aaron/workspaces/cliffhangers_ws/src/climbbot3_gz -DCMAKE_INSTALL_PREFIX=/home/aaron/workspaces/cliffhangers_ws/install/climbbot3_gz
