[0.037s] Invoking command in '/home/aaron/workspaces/cliffhangers_ws/build/climbing_robot_3_moveit': CMAKE_PREFIX_PATH=${CMAKE_PREFIX_PATH}:/home/aaron/workspaces/cliffhangers_ws/install/realsense_pointcloud_py:/home/aaron/workspaces/cliffhangers_ws/install/esp_comms:/opt/ros/jazzy DEBUGINFOD_URLS=https://debuginfod.ubuntu.com /usr/bin/cmake --build /home/aaron/workspaces/cliffhangers_ws/build/climbing_robot_3_moveit -- -j8 -l8
[0.246s] Invoked command in '/home/aaron/workspaces/cliffhangers_ws/build/climbing_robot_3_moveit' returned '0': CMAKE_PREFIX_PATH=${CMAKE_PREFIX_PATH}:/home/aaron/workspaces/cliffhangers_ws/install/realsense_pointcloud_py:/home/aaron/workspaces/cliffhangers_ws/install/esp_comms:/opt/ros/jazzy DEBUGINFOD_URLS=https://debuginfod.ubuntu.com /usr/bin/cmake --build /home/aaron/workspaces/cliffhangers_ws/build/climbing_robot_3_moveit -- -j8 -l8
[0.249s] Invoking command in '/home/aaron/workspaces/cliffhangers_ws/build/climbing_robot_3_moveit': CMAKE_PREFIX_PATH=${CMAKE_PREFIX_PATH}:/home/aaron/workspaces/cliffhangers_ws/install/realsense_pointcloud_py:/home/aaron/workspaces/cliffhangers_ws/install/esp_comms:/opt/ros/jazzy DEBUGINFOD_URLS=https://debuginfod.ubuntu.com /usr/bin/cmake --install /home/aaron/workspaces/cliffhangers_ws/build/climbing_robot_3_moveit
[0.441s] -- Install configuration: ""
[0.441s] -- Up-to-date: /home/aaron/workspaces/cliffhangers_ws/install/climbing_robot_3_moveit/share/ament_index/resource_index/package_run_dependencies/climbing_robot_3_moveit
[0.442s] -- Up-to-date: /home/aaron/workspaces/cliffhangers_ws/install/climbing_robot_3_moveit/share/ament_index/resource_index/parent_prefix_path/climbing_robot_3_moveit
[0.442s] -- Up-to-date: /home/aaron/workspaces/cliffhangers_ws/install/climbing_robot_3_moveit/share/climbing_robot_3_moveit/environment/ament_prefix_path.sh
[0.443s] -- Up-to-date: /home/aaron/workspaces/cliffhangers_ws/install/climbing_robot_3_moveit/share/climbing_robot_3_moveit/environment/ament_prefix_path.dsv
[0.444s] -- Up-to-date: /home/aaron/workspaces/cliffhangers_ws/install/climbing_robot_3_moveit/share/climbing_robot_3_moveit/environment/path.sh
[0.445s] -- Up-to-date: /home/aaron/workspaces/cliffhangers_ws/install/climbing_robot_3_moveit/share/climbing_robot_3_moveit/environment/path.dsv
[0.446s] -- Up-to-date: /home/aaron/workspaces/cliffhangers_ws/install/climbing_robot_3_moveit/share/climbing_robot_3_moveit/local_setup.bash
[0.446s] -- Up-to-date: /home/aaron/workspaces/cliffhangers_ws/install/climbing_robot_3_moveit/share/climbing_robot_3_moveit/local_setup.sh
[0.447s] -- Up-to-date: /home/aaron/workspaces/cliffhangers_ws/install/climbing_robot_3_moveit/share/climbing_robot_3_moveit/local_setup.zsh
[0.449s] -- Up-to-date: /home/aaron/workspaces/cliffhangers_ws/install/climbing_robot_3_moveit/share/climbing_robot_3_moveit/local_setup.dsv
[0.449s] -- Installing: /home/aaron/workspaces/cliffhangers_ws/install/climbing_robot_3_moveit/share/climbing_robot_3_moveit/package.dsv
[0.449s] -- Up-to-date: /home/aaron/workspaces/cliffhangers_ws/install/climbing_robot_3_moveit/share/ament_index/resource_index/packages/climbing_robot_3_moveit
[0.449s] -- Up-to-date: /home/aaron/workspaces/cliffhangers_ws/install/climbing_robot_3_moveit/share/climbing_robot_3_moveit/cmake/climbing_robot_3_moveitConfig.cmake
[0.450s] -- Up-to-date: /home/aaron/workspaces/cliffhangers_ws/install/climbing_robot_3_moveit/share/climbing_robot_3_moveit/cmake/climbing_robot_3_moveitConfig-version.cmake
[0.450s] -- Up-to-date: /home/aaron/workspaces/cliffhangers_ws/install/climbing_robot_3_moveit/share/climbing_robot_3_moveit/package.xml
[0.450s] -- Up-to-date: /home/aaron/workspaces/cliffhangers_ws/install/climbing_robot_3_moveit/share/climbing_robot_3_moveit/launch
[0.450s] -- Up-to-date: /home/aaron/workspaces/cliffhangers_ws/install/climbing_robot_3_moveit/share/climbing_robot_3_moveit/launch/moveit_rviz.launch.py
[0.450s] -- Up-to-date: /home/aaron/workspaces/cliffhangers_ws/install/climbing_robot_3_moveit/share/climbing_robot_3_moveit/launch/demo.launch.py
[0.451s] -- Up-to-date: /home/aaron/workspaces/cliffhangers_ws/install/climbing_robot_3_moveit/share/climbing_robot_3_moveit/launch/warehouse_db.launch.py
[0.452s] -- Up-to-date: /home/aaron/workspaces/cliffhangers_ws/install/climbing_robot_3_moveit/share/climbing_robot_3_moveit/launch/rsp.launch.py
[0.453s] -- Up-to-date: /home/aaron/workspaces/cliffhangers_ws/install/climbing_robot_3_moveit/share/climbing_robot_3_moveit/launch/static_virtual_joint_tfs.launch.py
[0.453s] -- Up-to-date: /home/aaron/workspaces/cliffhangers_ws/install/climbing_robot_3_moveit/share/climbing_robot_3_moveit/launch/spawn_controllers.launch.py
[0.454s] -- Up-to-date: /home/aaron/workspaces/cliffhangers_ws/install/climbing_robot_3_moveit/share/climbing_robot_3_moveit/launch/move_group.launch.py
[0.454s] -- Up-to-date: /home/aaron/workspaces/cliffhangers_ws/install/climbing_robot_3_moveit/share/climbing_robot_3_moveit/launch/setup_assistant.launch.py
[0.455s] -- Up-to-date: /home/aaron/workspaces/cliffhangers_ws/install/climbing_robot_3_moveit/share/climbing_robot_3_moveit/config
[0.455s] -- Up-to-date: /home/aaron/workspaces/cliffhangers_ws/install/climbing_robot_3_moveit/share/climbing_robot_3_moveit/config/moveit_controllers.yaml
[0.455s] -- Up-to-date: /home/aaron/workspaces/cliffhangers_ws/install/climbing_robot_3_moveit/share/climbing_robot_3_moveit/config/kinematics.yaml
[0.455s] -- Up-to-date: /home/aaron/workspaces/cliffhangers_ws/install/climbing_robot_3_moveit/share/climbing_robot_3_moveit/config/robot.urdf.xacro
[0.457s] -- Up-to-date: /home/aaron/workspaces/cliffhangers_ws/install/climbing_robot_3_moveit/share/climbing_robot_3_moveit/config/robot.srdf
[0.457s] -- Up-to-date: /home/aaron/workspaces/cliffhangers_ws/install/climbing_robot_3_moveit/share/climbing_robot_3_moveit/config/moveit.rviz
[0.457s] -- Up-to-date: /home/aaron/workspaces/cliffhangers_ws/install/climbing_robot_3_moveit/share/climbing_robot_3_moveit/config/pilz_cartesian_limits.yaml
[0.457s] -- Up-to-date: /home/aaron/workspaces/cliffhangers_ws/install/climbing_robot_3_moveit/share/climbing_robot_3_moveit/config/ros2_controllers.yaml
[0.457s] -- Up-to-date: /home/aaron/workspaces/cliffhangers_ws/install/climbing_robot_3_moveit/share/climbing_robot_3_moveit/config/initial_positions.yaml
[0.457s] -- Up-to-date: /home/aaron/workspaces/cliffhangers_ws/install/climbing_robot_3_moveit/share/climbing_robot_3_moveit/config/joint_limits.yaml
[0.458s] -- Up-to-date: /home/aaron/workspaces/cliffhangers_ws/install/climbing_robot_3_moveit/share/climbing_robot_3_moveit/config/robot.ros2_control.xacro
[0.458s] -- Up-to-date: /home/aaron/workspaces/cliffhangers_ws/install/climbing_robot_3_moveit/share/climbing_robot_3_moveit/.setup_assistant
[0.540s] Invoked command in '/home/aaron/workspaces/cliffhangers_ws/build/climbing_robot_3_moveit' returned '0': CMAKE_PREFIX_PATH=${CMAKE_PREFIX_PATH}:/home/aaron/workspaces/cliffhangers_ws/install/realsense_pointcloud_py:/home/aaron/workspaces/cliffhangers_ws/install/esp_comms:/opt/ros/jazzy DEBUGINFOD_URLS=https://debuginfod.ubuntu.com /usr/bin/cmake --install /home/aaron/workspaces/cliffhangers_ws/build/climbing_robot_3_moveit
