-- Install configuration: ""
-- Up-to-date: /home/aaron/workspaces/cliffhangers_ws/install/climbbot3_moveit/lib/climbbot3_moveit/fake_points.py
-- Up-to-date: /home/aaron/workspaces/cliffhangers_ws/install/climbbot3_moveit/lib/climbbot3_moveit/climb.py
-- Up-to-date: /home/aaron/workspaces/cliffhangers_ws/install/climbbot3_moveit/lib/climbbot3_moveit/servo_control.py
-- Up-to-date: /home/aaron/workspaces/cliffhangers_ws/install/climbbot3_moveit/lib/climbbot3_moveit/real_climb.py
-- Up-to-date: /home/aaron/workspaces/cliffhangers_ws/install/climbbot3_moveit/lib/climbbot3_moveit/fake_camera_link.py
-- Up-to-date: /home/aaron/workspaces/cliffhangers_ws/install/climbbot3_moveit/lib/climbbot3_moveit/simple_climb.py
-- Up-to-date: /home/aaron/workspaces/cliffhangers_ws/install/climbbot3_moveit/lib/climbbot3_moveit/gz_odom_tf.py
-- Up-to-date: /home/aaron/workspaces/cliffhangers_ws/install/climbbot3_moveit/share/ament_index/resource_index/package_run_dependencies/climbbot3_moveit
-- Up-to-date: /home/aaron/workspaces/cliffhangers_ws/install/climbbot3_moveit/share/ament_index/resource_index/parent_prefix_path/climbbot3_moveit
-- Up-to-date: /home/aaron/workspaces/cliffhangers_ws/install/climbbot3_moveit/share/climbbot3_moveit/environment/ament_prefix_path.sh
-- Up-to-date: /home/aaron/workspaces/cliffhangers_ws/install/climbbot3_moveit/share/climbbot3_moveit/environment/ament_prefix_path.dsv
-- Up-to-date: /home/aaron/workspaces/cliffhangers_ws/install/climbbot3_moveit/share/climbbot3_moveit/environment/path.sh
-- Up-to-date: /home/aaron/workspaces/cliffhangers_ws/install/climbbot3_moveit/share/climbbot3_moveit/environment/path.dsv
-- Up-to-date: /home/aaron/workspaces/cliffhangers_ws/install/climbbot3_moveit/share/climbbot3_moveit/local_setup.bash
-- Up-to-date: /home/aaron/workspaces/cliffhangers_ws/install/climbbot3_moveit/share/climbbot3_moveit/local_setup.sh
-- Up-to-date: /home/aaron/workspaces/cliffhangers_ws/install/climbbot3_moveit/share/climbbot3_moveit/local_setup.zsh
-- Up-to-date: /home/aaron/workspaces/cliffhangers_ws/install/climbbot3_moveit/share/climbbot3_moveit/local_setup.dsv
-- Up-to-date: /home/aaron/workspaces/cliffhangers_ws/install/climbbot3_moveit/share/climbbot3_moveit/package.dsv
-- Up-to-date: /home/aaron/workspaces/cliffhangers_ws/install/climbbot3_moveit/share/ament_index/resource_index/packages/climbbot3_moveit
-- Up-to-date: /home/aaron/workspaces/cliffhangers_ws/install/climbbot3_moveit/share/climbbot3_moveit/cmake/climbbot3_moveitConfig.cmake
-- Up-to-date: /home/aaron/workspaces/cliffhangers_ws/install/climbbot3_moveit/share/climbbot3_moveit/cmake/climbbot3_moveitConfig-version.cmake
-- Up-to-date: /home/aaron/workspaces/cliffhangers_ws/install/climbbot3_moveit/share/climbbot3_moveit/package.xml
-- Up-to-date: /home/aaron/workspaces/cliffhangers_ws/install/climbbot3_moveit/share/climbbot3_moveit/launch
-- Up-to-date: /home/aaron/workspaces/cliffhangers_ws/install/climbbot3_moveit/share/climbbot3_moveit/launch/gazebo.launch.py
-- Up-to-date: /home/aaron/workspaces/cliffhangers_ws/install/climbbot3_moveit/share/climbbot3_moveit/launch/moveit_rviz.launch.py
-- Up-to-date: /home/aaron/workspaces/cliffhangers_ws/install/climbbot3_moveit/share/climbbot3_moveit/launch/move_group.launch.py
-- Up-to-date: /home/aaron/workspaces/cliffhangers_ws/install/climbbot3_moveit/share/climbbot3_moveit/launch/robot_state_publisher.launch.py
-- Up-to-date: /home/aaron/workspaces/cliffhangers_ws/install/climbbot3_moveit/share/climbbot3_moveit/launch/static_virtual_joint_tfs.launch.py
-- Up-to-date: /home/aaron/workspaces/cliffhangers_ws/install/climbbot3_moveit/share/climbbot3_moveit/launch/camera_state_publisher.launch.py
-- Up-to-date: /home/aaron/workspaces/cliffhangers_ws/install/climbbot3_moveit/share/climbbot3_moveit/launch/rsp.launch.py
-- Up-to-date: /home/aaron/workspaces/cliffhangers_ws/install/climbbot3_moveit/share/climbbot3_moveit/launch/demo.launch.py
-- Up-to-date: /home/aaron/workspaces/cliffhangers_ws/install/climbbot3_moveit/share/climbbot3_moveit/launch/gazebo2.launch.py
-- Up-to-date: /home/aaron/workspaces/cliffhangers_ws/install/climbbot3_moveit/share/climbbot3_moveit/launch/spawn_gz_controllers.launch.py
-- Up-to-date: /home/aaron/workspaces/cliffhangers_ws/install/climbbot3_moveit/share/climbbot3_moveit/launch/spawn_controllers.launch.py
-- Up-to-date: /home/aaron/workspaces/cliffhangers_ws/install/climbbot3_moveit/share/climbbot3_moveit/launch/setup_assistant.launch.py
-- Up-to-date: /home/aaron/workspaces/cliffhangers_ws/install/climbbot3_moveit/share/climbbot3_moveit/launch/warehouse_db.launch.py
-- Up-to-date: /home/aaron/workspaces/cliffhangers_ws/install/climbbot3_moveit/share/climbbot3_moveit/config
-- Up-to-date: /home/aaron/workspaces/cliffhangers_ws/install/climbbot3_moveit/share/climbbot3_moveit/config/climbbot3.ros2_control.xacro
-- Up-to-date: /home/aaron/workspaces/cliffhangers_ws/install/climbbot3_moveit/share/climbbot3_moveit/config/gz_controllers.yaml
-- Up-to-date: /home/aaron/workspaces/cliffhangers_ws/install/climbbot3_moveit/share/climbbot3_moveit/config/joint_limits.yaml
-- Up-to-date: /home/aaron/workspaces/cliffhangers_ws/install/climbbot3_moveit/share/climbbot3_moveit/config/initial_positions.yaml
-- Up-to-date: /home/aaron/workspaces/cliffhangers_ws/install/climbbot3_moveit/share/climbbot3_moveit/config/moveit_controllers.yaml
-- Up-to-date: /home/aaron/workspaces/cliffhangers_ws/install/climbbot3_moveit/share/climbbot3_moveit/config/ros2_controllers_template.yaml
-- Up-to-date: /home/aaron/workspaces/cliffhangers_ws/install/climbbot3_moveit/share/climbbot3_moveit/config/ros2_controllers.yaml
-- Up-to-date: /home/aaron/workspaces/cliffhangers_ws/install/climbbot3_moveit/share/climbbot3_moveit/config/moveit.rviz
-- Up-to-date: /home/aaron/workspaces/cliffhangers_ws/install/climbbot3_moveit/share/climbbot3_moveit/config/kinematics.yaml
-- Up-to-date: /home/aaron/workspaces/cliffhangers_ws/install/climbbot3_moveit/share/climbbot3_moveit/config/pilz_cartesian_limits.yaml
-- Up-to-date: /home/aaron/workspaces/cliffhangers_ws/install/climbbot3_moveit/share/climbbot3_moveit/config/rsp.rviz
-- Up-to-date: /home/aaron/workspaces/cliffhangers_ws/install/climbbot3_moveit/share/climbbot3_moveit/config/climbbot3.srdf
-- Up-to-date: /home/aaron/workspaces/cliffhangers_ws/install/climbbot3_moveit/share/climbbot3_moveit/config/climbbot3.urdf.xacro
-- Up-to-date: /home/aaron/workspaces/cliffhangers_ws/install/climbbot3_moveit/share/climbbot3_moveit/config/gazebo_sim_ros2_control.urdf.xacro
-- Up-to-date: /home/aaron/workspaces/cliffhangers_ws/install/climbbot3_moveit/share/climbbot3_moveit/.setup_assistant
