[0.950s] Invoking command in '/home/aaron/workspaces/cliffhangers_ws/src/esp_comms': DEBUGINFOD_URLS=https://debuginfod.ubuntu.com PYTHONPATH=/home/aaron/workspaces/cliffhangers_ws/build/esp_comms/prefix_override:/usr/lib/python3/dist-packages/colcon_core/task/python/colcon_distutils_commands:/home/aaron/workspaces/cliffhangers_ws/install/esp_comms/lib/python3.12/site-packages:${PYTHONPATH} /usr/bin/python3 -W ignore:setup.py install is deprecated -W ignore:easy_install command is deprecated setup.py egg_info --egg-base ../../build/esp_comms build --build-base /home/aaron/workspaces/cliffhangers_ws/build/esp_comms/build install --record /home/aaron/workspaces/cliffhangers_ws/build/esp_comms/install.log --single-version-externally-managed install_data
[1.174s] running egg_info
[1.174s] creating ../../build/esp_comms/esp_comms.egg-info
[1.189s] writing ../../build/esp_comms/esp_comms.egg-info/PKG-INFO
[1.189s] writing dependency_links to ../../build/esp_comms/esp_comms.egg-info/dependency_links.txt
[1.190s] writing entry points to ../../build/esp_comms/esp_comms.egg-info/entry_points.txt
[1.190s] writing requirements to ../../build/esp_comms/esp_comms.egg-info/requires.txt
[1.190s] writing top-level names to ../../build/esp_comms/esp_comms.egg-info/top_level.txt
[1.191s] writing manifest file '../../build/esp_comms/esp_comms.egg-info/SOURCES.txt'
[1.220s] reading manifest file '../../build/esp_comms/esp_comms.egg-info/SOURCES.txt'
[1.220s] writing manifest file '../../build/esp_comms/esp_comms.egg-info/SOURCES.txt'
[1.221s] running build
[1.221s] running build_py
[1.221s] creating /home/aaron/workspaces/cliffhangers_ws/build/esp_comms/build
[1.221s] creating /home/aaron/workspaces/cliffhangers_ws/build/esp_comms/build/lib
[1.221s] creating /home/aaron/workspaces/cliffhangers_ws/build/esp_comms/build/lib/esp_comms
[1.222s] copying esp_comms/__init__.py -> /home/aaron/workspaces/cliffhangers_ws/build/esp_comms/build/lib/esp_comms
[1.222s] copying esp_comms/rpi_esp_comms.py -> /home/aaron/workspaces/cliffhangers_ws/build/esp_comms/build/lib/esp_comms
[1.222s] running install
[1.227s] running install_lib
[1.241s] creating /home/aaron/workspaces/cliffhangers_ws/install/esp_comms/lib/python3.12/site-packages/esp_comms
[1.242s] copying /home/aaron/workspaces/cliffhangers_ws/build/esp_comms/build/lib/esp_comms/__init__.py -> /home/aaron/workspaces/cliffhangers_ws/install/esp_comms/lib/python3.12/site-packages/esp_comms
[1.242s] copying /home/aaron/workspaces/cliffhangers_ws/build/esp_comms/build/lib/esp_comms/rpi_esp_comms.py -> /home/aaron/workspaces/cliffhangers_ws/install/esp_comms/lib/python3.12/site-packages/esp_comms
[1.242s] byte-compiling /home/aaron/workspaces/cliffhangers_ws/install/esp_comms/lib/python3.12/site-packages/esp_comms/__init__.py to __init__.cpython-312.pyc
[1.242s] byte-compiling /home/aaron/workspaces/cliffhangers_ws/install/esp_comms/lib/python3.12/site-packages/esp_comms/rpi_esp_comms.py to rpi_esp_comms.cpython-312.pyc
[1.243s] running install_data
[1.244s] creating /home/aaron/workspaces/cliffhangers_ws/install/esp_comms/share/ament_index
[1.244s] creating /home/aaron/workspaces/cliffhangers_ws/install/esp_comms/share/ament_index/resource_index
[1.244s] creating /home/aaron/workspaces/cliffhangers_ws/install/esp_comms/share/ament_index/resource_index/packages
[1.244s] copying resource/esp_comms -> /home/aaron/workspaces/cliffhangers_ws/install/esp_comms/share/ament_index/resource_index/packages
[1.244s] copying package.xml -> /home/aaron/workspaces/cliffhangers_ws/install/esp_comms/share/esp_comms
[1.244s] running install_egg_info
[1.260s] Copying ../../build/esp_comms/esp_comms.egg-info to /home/aaron/workspaces/cliffhangers_ws/install/esp_comms/lib/python3.12/site-packages/esp_comms-0.0.0-py3.12.egg-info
[1.260s] running install_scripts
[1.360s] Installing rpi_esp_comms script to /home/aaron/workspaces/cliffhangers_ws/install/esp_comms/lib/esp_comms
[1.360s] writing list of installed files to '/home/aaron/workspaces/cliffhangers_ws/build/esp_comms/install.log'
