-- The C compiler identification is GNU 13.3.0
-- The CXX compiler identification is GNU 13.3.0
-- Detecting C compiler ABI info
-- Detecting C compiler ABI info - done
-- Check for working C compiler: /usr/bin/cc - skipped
-- Detecting C compile features
-- Detecting C compile features - done
-- Detecting CXX compiler ABI info
-- Detecting CXX compiler ABI info - done
-- Check for working CXX compiler: /usr/bin/c++ - skipped
-- Detecting CXX compile features
-- Detecting CXX compile features - done
-- Found ament_cmake: 2.5.4 (/opt/ros/jazzy/share/ament_cmake/cmake)
-- Found Python3: /usr/bin/python3 (found version "3.12.3") found components: Interpreter 
-- Configuring done (0.6s)
-- Generating done (0.0s)
-- Build files have been written to: /home/aaron/workspaces/cliffhangers_ws/build/pymoveit2
Built target ament_cmake_python_copy_pymoveit2
running egg_info
creating pymoveit2.egg-info
writing pymoveit2.egg-info/PKG-INFO
writing dependency_links to pymoveit2.egg-info/dependency_links.txt
writing top-level names to pymoveit2.egg-info/top_level.txt
writing manifest file 'pymoveit2.egg-info/SOURCES.txt'
reading manifest file 'pymoveit2.egg-info/SOURCES.txt'
writing manifest file 'pymoveit2.egg-info/SOURCES.txt'
Built target ament_cmake_python_build_pymoveit2_egg
-- Install configuration: ""
-- Installing: /home/aaron/workspaces/cliffhangers_ws/install/pymoveit2/share/pymoveit2/environment/pythonpath.sh
-- Installing: /home/aaron/workspaces/cliffhangers_ws/install/pymoveit2/share/pymoveit2/environment/pythonpath.dsv
-- Installing: /home/aaron/workspaces/cliffhangers_ws/install/pymoveit2/lib/python3.12/site-packages/pymoveit2-4.0.0-py3.12.egg-info
-- Installing: /home/aaron/workspaces/cliffhangers_ws/install/pymoveit2/lib/python3.12/site-packages/pymoveit2-4.0.0-py3.12.egg-info/SOURCES.txt
-- Installing: /home/aaron/workspaces/cliffhangers_ws/install/pymoveit2/lib/python3.12/site-packages/pymoveit2-4.0.0-py3.12.egg-info/dependency_links.txt
-- Installing: /home/aaron/workspaces/cliffhangers_ws/install/pymoveit2/lib/python3.12/site-packages/pymoveit2-4.0.0-py3.12.egg-info/top_level.txt
-- Installing: /home/aaron/workspaces/cliffhangers_ws/install/pymoveit2/lib/python3.12/site-packages/pymoveit2-4.0.0-py3.12.egg-info/PKG-INFO
-- Installing: /home/aaron/workspaces/cliffhangers_ws/install/pymoveit2/lib/python3.12/site-packages/pymoveit2
-- Installing: /home/aaron/workspaces/cliffhangers_ws/install/pymoveit2/lib/python3.12/site-packages/pymoveit2/utils.py
-- Installing: /home/aaron/workspaces/cliffhangers_ws/install/pymoveit2/lib/python3.12/site-packages/pymoveit2/__init__.py
-- Installing: /home/aaron/workspaces/cliffhangers_ws/install/pymoveit2/lib/python3.12/site-packages/pymoveit2/moveit2.py
-- Installing: /home/aaron/workspaces/cliffhangers_ws/install/pymoveit2/lib/python3.12/site-packages/pymoveit2/moveit2_gripper.py
-- Installing: /home/aaron/workspaces/cliffhangers_ws/install/pymoveit2/lib/python3.12/site-packages/pymoveit2/moveit2_servo.py
-- Installing: /home/aaron/workspaces/cliffhangers_ws/install/pymoveit2/lib/python3.12/site-packages/pymoveit2/gripper_interface.py
-- Installing: /home/aaron/workspaces/cliffhangers_ws/install/pymoveit2/lib/python3.12/site-packages/pymoveit2/gripper_command.py
-- Installing: /home/aaron/workspaces/cliffhangers_ws/install/pymoveit2/lib/python3.12/site-packages/pymoveit2/robots
-- Installing: /home/aaron/workspaces/cliffhangers_ws/install/pymoveit2/lib/python3.12/site-packages/pymoveit2/robots/ur.py
-- Installing: /home/aaron/workspaces/cliffhangers_ws/install/pymoveit2/lib/python3.12/site-packages/pymoveit2/robots/panda.py
-- Installing: /home/aaron/workspaces/cliffhangers_ws/install/pymoveit2/lib/python3.12/site-packages/pymoveit2/robots/climbing_robot.py
-- Installing: /home/aaron/workspaces/cliffhangers_ws/install/pymoveit2/lib/python3.12/site-packages/pymoveit2/robots/__init__.py
-- Installing: /home/aaron/workspaces/cliffhangers_ws/install/pymoveit2/lib/python3.12/site-packages/pymoveit2/robots/phantomx_pincher.py
-- Installing: /home/aaron/workspaces/cliffhangers_ws/install/pymoveit2/lib/python3.12/site-packages/pymoveit2/robots/lbr.py
-- Installing: /home/aaron/workspaces/cliffhangers_ws/install/pymoveit2/lib/python3.12/site-packages/pymoveit2/robots/crane_x7.py
-- Installing: /home/aaron/workspaces/cliffhangers_ws/install/pymoveit2/lib/python3.12/site-packages/pymoveit2/robots/kinova.py
Listing '/home/aaron/workspaces/cliffhangers_ws/install/pymoveit2/lib/python3.12/site-packages/pymoveit2'...
Compiling '/home/aaron/workspaces/cliffhangers_ws/install/pymoveit2/lib/python3.12/site-packages/pymoveit2/__init__.py'...
Compiling '/home/aaron/workspaces/cliffhangers_ws/install/pymoveit2/lib/python3.12/site-packages/pymoveit2/gripper_command.py'...
Compiling '/home/aaron/workspaces/cliffhangers_ws/install/pymoveit2/lib/python3.12/site-packages/pymoveit2/gripper_interface.py'...
Compiling '/home/aaron/workspaces/cliffhangers_ws/install/pymoveit2/lib/python3.12/site-packages/pymoveit2/moveit2.py'...
Compiling '/home/aaron/workspaces/cliffhangers_ws/install/pymoveit2/lib/python3.12/site-packages/pymoveit2/moveit2_gripper.py'...
Compiling '/home/aaron/workspaces/cliffhangers_ws/install/pymoveit2/lib/python3.12/site-packages/pymoveit2/moveit2_servo.py'...
Listing '/home/aaron/workspaces/cliffhangers_ws/install/pymoveit2/lib/python3.12/site-packages/pymoveit2/robots'...
Compiling '/home/aaron/workspaces/cliffhangers_ws/install/pymoveit2/lib/python3.12/site-packages/pymoveit2/robots/__init__.py'...
Compiling '/home/aaron/workspaces/cliffhangers_ws/install/pymoveit2/lib/python3.12/site-packages/pymoveit2/robots/climbing_robot.py'...
Compiling '/home/aaron/workspaces/cliffhangers_ws/install/pymoveit2/lib/python3.12/site-packages/pymoveit2/robots/crane_x7.py'...
Compiling '/home/aaron/workspaces/cliffhangers_ws/install/pymoveit2/lib/python3.12/site-packages/pymoveit2/robots/kinova.py'...
Compiling '/home/aaron/workspaces/cliffhangers_ws/install/pymoveit2/lib/python3.12/site-packages/pymoveit2/robots/lbr.py'...
Compiling '/home/aaron/workspaces/cliffhangers_ws/install/pymoveit2/lib/python3.12/site-packages/pymoveit2/robots/panda.py'...
Compiling '/home/aaron/workspaces/cliffhangers_ws/install/pymoveit2/lib/python3.12/site-packages/pymoveit2/robots/phantomx_pincher.py'...
Compiling '/home/aaron/workspaces/cliffhangers_ws/install/pymoveit2/lib/python3.12/site-packages/pymoveit2/robots/ur.py'...
Compiling '/home/aaron/workspaces/cliffhangers_ws/install/pymoveit2/lib/python3.12/site-packages/pymoveit2/utils.py'...
-- Installing: /home/aaron/workspaces/cliffhangers_ws/install/pymoveit2/lib/pymoveit2/ex_allow_collisions.py
-- Installing: /home/aaron/workspaces/cliffhangers_ws/install/pymoveit2/lib/pymoveit2/ex_clear_planning_scene.py
-- Installing: /home/aaron/workspaces/cliffhangers_ws/install/pymoveit2/lib/pymoveit2/ex_collision_mesh.py
-- Installing: /home/aaron/workspaces/cliffhangers_ws/install/pymoveit2/lib/pymoveit2/ex_collision_primitive.py
-- Installing: /home/aaron/workspaces/cliffhangers_ws/install/pymoveit2/lib/pymoveit2/ex_fk.py
-- Installing: /home/aaron/workspaces/cliffhangers_ws/install/pymoveit2/lib/pymoveit2/ex_gripper.py
-- Installing: /home/aaron/workspaces/cliffhangers_ws/install/pymoveit2/lib/pymoveit2/ex_ik.py
-- Installing: /home/aaron/workspaces/cliffhangers_ws/install/pymoveit2/lib/pymoveit2/ex_joint_goal.py
-- Installing: /home/aaron/workspaces/cliffhangers_ws/install/pymoveit2/lib/pymoveit2/ex_orientation_path_constraint.py
-- Installing: /home/aaron/workspaces/cliffhangers_ws/install/pymoveit2/lib/pymoveit2/ex_pose_goal.py
-- Installing: /home/aaron/workspaces/cliffhangers_ws/install/pymoveit2/lib/pymoveit2/ex_servo.py
-- Installing: /home/aaron/workspaces/cliffhangers_ws/install/pymoveit2/share/ament_index/resource_index/package_run_dependencies/pymoveit2
-- Installing: /home/aaron/workspaces/cliffhangers_ws/install/pymoveit2/share/ament_index/resource_index/parent_prefix_path/pymoveit2
-- Installing: /home/aaron/workspaces/cliffhangers_ws/install/pymoveit2/share/pymoveit2/environment/ament_prefix_path.sh
-- Installing: /home/aaron/workspaces/cliffhangers_ws/install/pymoveit2/share/pymoveit2/environment/ament_prefix_path.dsv
-- Installing: /home/aaron/workspaces/cliffhangers_ws/install/pymoveit2/share/pymoveit2/environment/path.sh
-- Installing: /home/aaron/workspaces/cliffhangers_ws/install/pymoveit2/share/pymoveit2/environment/path.dsv
-- Installing: /home/aaron/workspaces/cliffhangers_ws/install/pymoveit2/share/pymoveit2/local_setup.bash
-- Installing: /home/aaron/workspaces/cliffhangers_ws/install/pymoveit2/share/pymoveit2/local_setup.sh
-- Installing: /home/aaron/workspaces/cliffhangers_ws/install/pymoveit2/share/pymoveit2/local_setup.zsh
-- Installing: /home/aaron/workspaces/cliffhangers_ws/install/pymoveit2/share/pymoveit2/local_setup.dsv
-- Installing: /home/aaron/workspaces/cliffhangers_ws/install/pymoveit2/share/pymoveit2/package.dsv
-- Installing: /home/aaron/workspaces/cliffhangers_ws/install/pymoveit2/share/ament_index/resource_index/packages/pymoveit2
-- Installing: /home/aaron/workspaces/cliffhangers_ws/install/pymoveit2/share/pymoveit2/cmake/pymoveit2Config.cmake
-- Installing: /home/aaron/workspaces/cliffhangers_ws/install/pymoveit2/share/pymoveit2/cmake/pymoveit2Config-version.cmake
-- Installing: /home/aaron/workspaces/cliffhangers_ws/install/pymoveit2/share/pymoveit2/package.xml
