[0.019s] Invoking command in '/home/aaron/workspaces/cliffhangers_ws/build/climbbot3_gz': CMAKE_PREFIX_PATH=${CMAKE_PREFIX_PATH}:/opt/ros/jazzy DEBUGINFOD_URLS=https://debuginfod.ubuntu.com /usr/bin/cmake /home/aaron/workspaces/cliffhangers_ws/src/climbbot3_gz -DCMAKE_INSTALL_PREFIX=/home/aaron/workspaces/cliffhangers_ws/install/climbbot3_gz
[0.221s] -- Found ament_cmake: 2.5.4 (/opt/ros/jazzy/share/ament_cmake/cmake)
[0.249s] [31mCMake Error at CMakeLists.txt:10 (find_package):
[0.249s]   By not providing "Findcontroller_manager.cmake" in CMAKE_MODULE_PATH this
[0.249s]   project has asked CMake to find a package configuration file provided by
[0.250s]   "controller_manager", but CMake did not find one.
[0.250s] 
[0.250s]   Could not find a package configuration file provided by
[0.250s]   "controller_manager" with any of the following names:
[0.250s] 
[0.250s]     controller_managerConfig.cmake
[0.250s]     controller_manager-config.cmake
[0.250s] 
[0.250s]   Add the installation prefix of "controller_manager" to CMAKE_PREFIX_PATH or
[0.250s]   set "controller_manager_DIR" to a directory containing one of the above
[0.250s]   files.  If "controller_manager" provides a separate development package or
[0.250s]   SDK, be sure it has been installed.
[0.250s] 
[0.250s] [0m
[0.251s] -- Configuring incomplete, errors occurred!
[0.461s] Invoked command in '/home/aaron/workspaces/cliffhangers_ws/build/climbbot3_gz' returned '1': CMAKE_PREFIX_PATH=${CMAKE_PREFIX_PATH}:/opt/ros/jazzy DEBUGINFOD_URLS=https://debuginfod.ubuntu.com /usr/bin/cmake /home/aaron/workspaces/cliffhangers_ws/src/climbbot3_gz -DCMAKE_INSTALL_PREFIX=/home/aaron/workspaces/cliffhangers_ws/install/climbbot3_gz
