[0.022s] Invoking command in '/home/aaron/workspaces/cliffhangers_ws/build/climbing_robot_3_moveit': CMAKE_PREFIX_PATH=${CMAKE_PREFIX_PATH}:/home/aaron/workspaces/cliffhangers_ws/install/realsense_pointcloud_py:/home/aaron/workspaces/cliffhangers_ws/install/esp_comms:/home/aaron/workspaces/miniur5e_ws/install/ros2_aruco:/opt/ros/jazzy DEBUGINFOD_URLS=https://debuginfod.ubuntu.com PS1=\[\e]0;\u@\h: \w\a\]${debian_chroot:+($debian_chroot)}\[\033[01;32m\]\u@\h\[\033[00m\]:\[\033[01;34m\]\w\[\033[00m\]\$ /usr/bin/cmake --build /home/aaron/workspaces/cliffhangers_ws/build/climbing_robot_3_moveit -- -j5 -l5
[0.168s] Invoked command in '/home/aaron/workspaces/cliffhangers_ws/build/climbing_robot_3_moveit' returned '0': CMAKE_PREFIX_PATH=${CMAKE_PREFIX_PATH}:/home/aaron/workspaces/cliffhangers_ws/install/realsense_pointcloud_py:/home/aaron/workspaces/cliffhangers_ws/install/esp_comms:/home/aaron/workspaces/miniur5e_ws/install/ros2_aruco:/opt/ros/jazzy DEBUGINFOD_URLS=https://debuginfod.ubuntu.com PS1=\[\e]0;\u@\h: \w\a\]${debian_chroot:+($debian_chroot)}\[\033[01;32m\]\u@\h\[\033[00m\]:\[\033[01;34m\]\w\[\033[00m\]\$ /usr/bin/cmake --build /home/aaron/workspaces/cliffhangers_ws/build/climbing_robot_3_moveit -- -j5 -l5
[0.168s] Invoking command in '/home/aaron/workspaces/cliffhangers_ws/build/climbing_robot_3_moveit': CMAKE_PREFIX_PATH=${CMAKE_PREFIX_PATH}:/home/aaron/workspaces/cliffhangers_ws/install/realsense_pointcloud_py:/home/aaron/workspaces/cliffhangers_ws/install/esp_comms:/home/aaron/workspaces/miniur5e_ws/install/ros2_aruco:/opt/ros/jazzy DEBUGINFOD_URLS=https://debuginfod.ubuntu.com PS1=\[\e]0;\u@\h: \w\a\]${debian_chroot:+($debian_chroot)}\[\033[01;32m\]\u@\h\[\033[00m\]:\[\033[01;34m\]\w\[\033[00m\]\$ /usr/bin/cmake --install /home/aaron/workspaces/cliffhangers_ws/build/climbing_robot_3_moveit
[0.216s] -- Install configuration: ""
[0.217s] -- Up-to-date: /home/aaron/workspaces/cliffhangers_ws/install/climbing_robot_3_moveit/share/ament_index/resource_index/package_run_dependencies/climbing_robot_3_moveit
[0.217s] -- Up-to-date: /home/aaron/workspaces/cliffhangers_ws/install/climbing_robot_3_moveit/share/ament_index/resource_index/parent_prefix_path/climbing_robot_3_moveit
[0.217s] -- Up-to-date: /home/aaron/workspaces/cliffhangers_ws/install/climbing_robot_3_moveit/share/climbing_robot_3_moveit/environment/ament_prefix_path.sh
[0.217s] -- Up-to-date: /home/aaron/workspaces/cliffhangers_ws/install/climbing_robot_3_moveit/share/climbing_robot_3_moveit/environment/ament_prefix_path.dsv
[0.217s] -- Up-to-date: /home/aaron/workspaces/cliffhangers_ws/install/climbing_robot_3_moveit/share/climbing_robot_3_moveit/environment/path.sh
[0.217s] -- Up-to-date: /home/aaron/workspaces/cliffhangers_ws/install/climbing_robot_3_moveit/share/climbing_robot_3_moveit/environment/path.dsv
[0.217s] -- Up-to-date: /home/aaron/workspaces/cliffhangers_ws/install/climbing_robot_3_moveit/share/climbing_robot_3_moveit/local_setup.bash
[0.217s] -- Up-to-date: /home/aaron/workspaces/cliffhangers_ws/install/climbing_robot_3_moveit/share/climbing_robot_3_moveit/local_setup.sh
[0.217s] -- Up-to-date: /home/aaron/workspaces/cliffhangers_ws/install/climbing_robot_3_moveit/share/climbing_robot_3_moveit/local_setup.zsh
[0.217s] -- Up-to-date: /home/aaron/workspaces/cliffhangers_ws/install/climbing_robot_3_moveit/share/climbing_robot_3_moveit/local_setup.dsv
[0.217s] -- Installing: /home/aaron/workspaces/cliffhangers_ws/install/climbing_robot_3_moveit/share/climbing_robot_3_moveit/package.dsv
[0.217s] -- Up-to-date: /home/aaron/workspaces/cliffhangers_ws/install/climbing_robot_3_moveit/share/ament_index/resource_index/packages/climbing_robot_3_moveit
[0.217s] -- Up-to-date: /home/aaron/workspaces/cliffhangers_ws/install/climbing_robot_3_moveit/share/climbing_robot_3_moveit/cmake/climbing_robot_3_moveitConfig.cmake
[0.217s] -- Up-to-date: /home/aaron/workspaces/cliffhangers_ws/install/climbing_robot_3_moveit/share/climbing_robot_3_moveit/cmake/climbing_robot_3_moveitConfig-version.cmake
[0.217s] -- Up-to-date: /home/aaron/workspaces/cliffhangers_ws/install/climbing_robot_3_moveit/share/climbing_robot_3_moveit/package.xml
[0.217s] -- Up-to-date: /home/aaron/workspaces/cliffhangers_ws/install/climbing_robot_3_moveit/share/climbing_robot_3_moveit/launch
[0.217s] -- Up-to-date: /home/aaron/workspaces/cliffhangers_ws/install/climbing_robot_3_moveit/share/climbing_robot_3_moveit/launch/moveit_rviz.launch.py
[0.217s] -- Up-to-date: /home/aaron/workspaces/cliffhangers_ws/install/climbing_robot_3_moveit/share/climbing_robot_3_moveit/launch/move_group.launch.py
[0.218s] -- Up-to-date: /home/aaron/workspaces/cliffhangers_ws/install/climbing_robot_3_moveit/share/climbing_robot_3_moveit/launch/static_virtual_joint_tfs.launch.py
[0.218s] -- Up-to-date: /home/aaron/workspaces/cliffhangers_ws/install/climbing_robot_3_moveit/share/climbing_robot_3_moveit/launch/rsp.launch.py
[0.218s] -- Up-to-date: /home/aaron/workspaces/cliffhangers_ws/install/climbing_robot_3_moveit/share/climbing_robot_3_moveit/launch/demo.launch.py
[0.218s] -- Up-to-date: /home/aaron/workspaces/cliffhangers_ws/install/climbing_robot_3_moveit/share/climbing_robot_3_moveit/launch/spawn_controllers.launch.py
[0.218s] -- Up-to-date: /home/aaron/workspaces/cliffhangers_ws/install/climbing_robot_3_moveit/share/climbing_robot_3_moveit/launch/setup_assistant.launch.py
[0.219s] -- Up-to-date: /home/aaron/workspaces/cliffhangers_ws/install/climbing_robot_3_moveit/share/climbing_robot_3_moveit/launch/warehouse_db.launch.py
[0.219s] -- Up-to-date: /home/aaron/workspaces/cliffhangers_ws/install/climbing_robot_3_moveit/share/climbing_robot_3_moveit/config
[0.219s] -- Up-to-date: /home/aaron/workspaces/cliffhangers_ws/install/climbing_robot_3_moveit/share/climbing_robot_3_moveit/config/robot.srdf
[0.219s] -- Up-to-date: /home/aaron/workspaces/cliffhangers_ws/install/climbing_robot_3_moveit/share/climbing_robot_3_moveit/config/robot.urdf.xacro
[0.219s] -- Up-to-date: /home/aaron/workspaces/cliffhangers_ws/install/climbing_robot_3_moveit/share/climbing_robot_3_moveit/config/joint_limits.yaml
[0.219s] -- Up-to-date: /home/aaron/workspaces/cliffhangers_ws/install/climbing_robot_3_moveit/share/climbing_robot_3_moveit/config/initial_positions.yaml
[0.219s] -- Up-to-date: /home/aaron/workspaces/cliffhangers_ws/install/climbing_robot_3_moveit/share/climbing_robot_3_moveit/config/robot.ros2_control.xacro
[0.219s] -- Up-to-date: /home/aaron/workspaces/cliffhangers_ws/install/climbing_robot_3_moveit/share/climbing_robot_3_moveit/config/moveit_controllers.yaml
[0.219s] -- Up-to-date: /home/aaron/workspaces/cliffhangers_ws/install/climbing_robot_3_moveit/share/climbing_robot_3_moveit/config/ros2_controllers.yaml
[0.219s] -- Up-to-date: /home/aaron/workspaces/cliffhangers_ws/install/climbing_robot_3_moveit/share/climbing_robot_3_moveit/config/moveit.rviz
[0.219s] -- Up-to-date: /home/aaron/workspaces/cliffhangers_ws/install/climbing_robot_3_moveit/share/climbing_robot_3_moveit/config/kinematics.yaml
[0.219s] -- Up-to-date: /home/aaron/workspaces/cliffhangers_ws/install/climbing_robot_3_moveit/share/climbing_robot_3_moveit/config/pilz_cartesian_limits.yaml
[0.219s] -- Up-to-date: /home/aaron/workspaces/cliffhangers_ws/install/climbing_robot_3_moveit/share/climbing_robot_3_moveit/.setup_assistant
[0.252s] Invoked command in '/home/aaron/workspaces/cliffhangers_ws/build/climbing_robot_3_moveit' returned '0': CMAKE_PREFIX_PATH=${CMAKE_PREFIX_PATH}:/home/aaron/workspaces/cliffhangers_ws/install/realsense_pointcloud_py:/home/aaron/workspaces/cliffhangers_ws/install/esp_comms:/home/aaron/workspaces/miniur5e_ws/install/ros2_aruco:/opt/ros/jazzy DEBUGINFOD_URLS=https://debuginfod.ubuntu.com PS1=\[\e]0;\u@\h: \w\a\]${debian_chroot:+($debian_chroot)}\[\033[01;32m\]\u@\h\[\033[00m\]:\[\033[01;34m\]\w\[\033[00m\]\$ /usr/bin/cmake --install /home/aaron/workspaces/cliffhangers_ws/build/climbing_robot_3_moveit
