running egg_info
writing ../../build/realsense_pointcloud_py/realsense_pointcloud_py.egg-info/PKG-INFO
writing dependency_links to ../../build/realsense_pointcloud_py/realsense_pointcloud_py.egg-info/dependency_links.txt
writing entry points to ../../build/realsense_pointcloud_py/realsense_pointcloud_py.egg-info/entry_points.txt
writing requirements to ../../build/realsense_pointcloud_py/realsense_pointcloud_py.egg-info/requires.txt
writing top-level names to ../../build/realsense_pointcloud_py/realsense_pointcloud_py.egg-info/top_level.txt
reading manifest file '../../build/realsense_pointcloud_py/realsense_pointcloud_py.egg-info/SOURCES.txt'
adding license file 'LICENSE'
writing manifest file '../../build/realsense_pointcloud_py/realsense_pointcloud_py.egg-info/SOURCES.txt'
running build
running build_py
running install
running install_lib
running install_data
running install_egg_info
removing '/home/aaron/workspaces/cliffhangers_ws/install/realsense_pointcloud_py/lib/python3.12/site-packages/realsense_pointcloud_py-0.0.1-py3.12.egg-info' (and everything under it)
Copying ../../build/realsense_pointcloud_py/realsense_pointcloud_py.egg-info to /home/aaron/workspaces/cliffhangers_ws/install/realsense_pointcloud_py/lib/python3.12/site-packages/realsense_pointcloud_py-0.0.1-py3.12.egg-info
running install_scripts
Installing aruco_detect script to /home/aaron/workspaces/cliffhangers_ws/install/realsense_pointcloud_py/lib/realsense_pointcloud_py
Installing pointcloud_visualizer script to /home/aaron/workspaces/cliffhangers_ws/install/realsense_pointcloud_py/lib/realsense_pointcloud_py
writing list of installed files to '/home/aaron/workspaces/cliffhangers_ws/build/realsense_pointcloud_py/install.log'
