[0.022s] Invoking command in '/home/aaron/workspaces/cliffhangers_ws/build/climbbot3_moveit': AMENT_PREFIX_PATH=/home/aaron/workspaces/cliffhangers_ws/install/climbbot3_description:${AMENT_PREFIX_PATH} CMAKE_PREFIX_PATH=/home/aaron/workspaces/cliffhangers_ws/install/climbbot3_description:/opt/ros/jazzy/opt/gz_math_vendor:/opt/ros/jazzy/opt/gz_utils_vendor:/opt/ros/jazzy/opt/gz_cmake_vendor:/opt/ros/jazzy DEBUGINFOD_URLS=https://debuginfod.ubuntu.com /usr/bin/cmake /home/aaron/workspaces/cliffhangers_ws/src/climbbot3_moveit -DCMAKE_INSTALL_PREFIX=/home/aaron/workspaces/cliffhangers_ws/install/climbbot3_moveit
[0.096s] -- The C compiler identification is GNU 13.3.0
[0.155s] -- The CXX compiler identification is GNU 13.3.0
[0.170s] -- Detecting C compiler ABI info
[0.251s] -- Detecting C compiler ABI info - done
[0.265s] -- Check for working C compiler: /usr/bin/cc - skipped
[0.265s] -- Detecting C compile features
[0.265s] -- Detecting C compile features - done
[0.276s] -- Detecting CXX compiler ABI info
[0.370s] -- Detecting CXX compiler ABI info - done
[0.385s] -- Check for working CXX compiler: /usr/bin/c++ - skipped
[0.385s] -- Detecting CXX compile features
[0.385s] -- Detecting CXX compile features - done
[0.388s] -- Found ament_cmake: 2.5.4 (/opt/ros/jazzy/share/ament_cmake/cmake)
[0.535s] -- Found Python3: /usr/bin/python3 (found version "3.12.3") found components: Interpreter 
[0.618s] -- Found rclpy: 7.1.4 (/opt/ros/jazzy/share/rclpy/cmake)
[0.624s] [33mCMake Warning at CMakeLists.txt:6 (find_package):
[0.624s]   By not providing "Findtf_transformations.cmake" in CMAKE_MODULE_PATH this
[0.624s]   project has asked CMake to find a package configuration file provided by
[0.624s]   "tf_transformations", but CMake did not find one.
[0.624s] 
[0.625s]   Could not find a package configuration file provided by
[0.625s]   "tf_transformations" with any of the following names:
[0.625s] 
[0.625s]     tf_transformationsConfig.cmake
[0.625s]     tf_transformations-config.cmake
[0.625s] 
[0.625s]   Add the installation prefix of "tf_transformations" to CMAKE_PREFIX_PATH or
[0.625s]   set "tf_transformations_DIR" to a directory containing one of the above
[0.625s]   files.  If "tf_transformations" provides a separate development package or
[0.625s]   SDK, be sure it has been installed.
[0.625s] 
[0.625s] [0m
[0.698s] -- Configuring done (0.7s)
[0.700s] -- Generating done (0.0s)
[0.701s] -- Build files have been written to: /home/aaron/workspaces/cliffhangers_ws/build/climbbot3_moveit
