[0.005s] Invoking command in '/home/aaron/workspaces/cliffhangers_ws/build/climbbot3_moveit': CMAKE_PREFIX_PATH=/home/aaron/workspaces/cliffhangers_ws/install/climbbot3_description:/home/aaron/workspaces/cliffhangers_ws/install/pymoveit2:/home/aaron/workspaces/cliffhangers_ws/install/climbing_robot_3_moveit:/home/aaron/workspaces/cliffhangers_ws/install/climbbot3_moveit:/home/aaron/workspaces/cliffhangers_ws/install/climbbot3_gz:/home/aaron/workspaces/automatic_ws/install/mycobot_moveit_config:/home/aaron/workspaces/automatic_ws/install/mycobot_gazebo:/home/aaron/workspaces/automatic_ws/install/mycobot_description:/home/aaron/workspaces/automatic_ws/install/mycobot_bringup:/home/aaron/workspaces/miniur5e_ws/install/ros2_aruco_interfaces:/home/aaron/workspaces/miniur5e_ws/install/mini_ur5e_moveit:/home/aaron/workspaces/miniur5e_ws/install/mini_ur5e:/opt/ros/jazzy/opt/gz_sim_vendor:/opt/ros/jazzy/opt/gz_sensors_vendor:/opt/ros/jazzy/opt/gz_physics_vendor:/opt/ros/jazzy/opt/sdformat_vendor:/opt/ros/jazzy/opt/gz_gui_vendor:/opt/ros/jazzy/opt/gz_transport_vendor:/opt/ros/jazzy/opt/gz_rendering_vendor:/opt/ros/jazzy/opt/gz_plugin_vendor:/opt/ros/jazzy/opt/gz_fuel_tools_vendor:/opt/ros/jazzy/opt/gz_msgs_vendor:/opt/ros/jazzy/opt/gz_common_vendor:/opt/ros/jazzy/opt/gz_math_vendor:/opt/ros/jazzy/opt/gz_utils_vendor:/opt/ros/jazzy/opt/gz_tools_vendor:/opt/ros/jazzy/opt/gz_ogre_next_vendor:/opt/ros/jazzy/opt/gz_dartsim_vendor:/opt/ros/jazzy/opt/gz_cmake_vendor:/home/aaron/workspaces/cliffhangers_ws/install/realsense_pointcloud_py:/home/aaron/workspaces/cliffhangers_ws/install/esp_comms:/home/aaron/workspaces/miniur5e_ws/install/ros2_aruco:/opt/ros/jazzy DEBUGINFOD_URLS=https://debuginfod.ubuntu.com PS1=\[\e]0;\u@\h: \w\a\]${debian_chroot:+($debian_chroot)}\[\033[01;32m\]\u@\h\[\033[00m\]:\[\033[01;34m\]\w\[\033[00m\]\$ /usr/bin/cmake /home/aaron/workspaces/cliffhangers_ws/src/climbbot3_moveit -DCMAKE_INSTALL_PREFIX=/home/aaron/workspaces/cliffhangers_ws/install/climbbot3_moveit
[0.046s] -- The C compiler identification is GNU 13.3.0
[0.089s] -- The CXX compiler identification is GNU 13.3.0
[0.102s] -- Detecting C compiler ABI info
[0.183s] -- Detecting C compiler ABI info - done
[0.192s] -- Check for working C compiler: /usr/bin/cc - skipped
[0.192s] -- Detecting C compile features
[0.193s] -- Detecting C compile features - done
[0.203s] -- Detecting CXX compiler ABI info
[0.306s] -- Detecting CXX compiler ABI info - done
[0.321s] -- Check for working CXX compiler: /usr/bin/c++ - skipped
[0.321s] -- Detecting CXX compile features
[0.322s] -- Detecting CXX compile features - done
[0.330s] -- Found ament_cmake: 2.5.4 (/opt/ros/jazzy/share/ament_cmake/cmake)
[0.458s] -- Found Python3: /usr/bin/python3 (found version "3.12.3") found components: Interpreter 
[0.558s] -- Found rclpy: 7.1.4 (/opt/ros/jazzy/share/rclpy/cmake)
[0.568s] [33mCMake Warning at CMakeLists.txt:6 (find_package):
[0.568s]   By not providing "Findtf_transformations.cmake" in CMAKE_MODULE_PATH this
[0.568s]   project has asked CMake to find a package configuration file provided by
[0.568s]   "tf_transformations", but CMake did not find one.
[0.568s] 
[0.568s]   Could not find a package configuration file provided by
[0.568s]   "tf_transformations" with any of the following names:
[0.568s] 
[0.568s]     tf_transformationsConfig.cmake
[0.568s]     tf_transformations-config.cmake
[0.568s] 
[0.569s]   Add the installation prefix of "tf_transformations" to CMAKE_PREFIX_PATH or
[0.569s]   set "tf_transformations_DIR" to a directory containing one of the above
[0.569s]   files.  If "tf_transformations" provides a separate development package or
[0.569s]   SDK, be sure it has been installed.
[0.569s] 
[0.569s] [0m
[0.638s] -- Configuring done (0.6s)
[0.640s] -- Generating done (0.0s)
[0.641s] -- Build files have been written to: /home/aaron/workspaces/cliffhangers_ws/build/climbbot3_moveit
[0.645s] Invoked command in '/home/aaron/workspaces/cliffhangers_ws/build/climbbot3_moveit' returned '0': CMAKE_PREFIX_PATH=/home/aaron/workspaces/cliffhangers_ws/install/climbbot3_description:/home/aaron/workspaces/cliffhangers_ws/install/pymoveit2:/home/aaron/workspaces/cliffhangers_ws/install/climbing_robot_3_moveit:/home/aaron/workspaces/cliffhangers_ws/install/climbbot3_moveit:/home/aaron/workspaces/cliffhangers_ws/install/climbbot3_gz:/home/aaron/workspaces/automatic_ws/install/mycobot_moveit_config:/home/aaron/workspaces/automatic_ws/install/mycobot_gazebo:/home/aaron/workspaces/automatic_ws/install/mycobot_description:/home/aaron/workspaces/automatic_ws/install/mycobot_bringup:/home/aaron/workspaces/miniur5e_ws/install/ros2_aruco_interfaces:/home/aaron/workspaces/miniur5e_ws/install/mini_ur5e_moveit:/home/aaron/workspaces/miniur5e_ws/install/mini_ur5e:/opt/ros/jazzy/opt/gz_sim_vendor:/opt/ros/jazzy/opt/gz_sensors_vendor:/opt/ros/jazzy/opt/gz_physics_vendor:/opt/ros/jazzy/opt/sdformat_vendor:/opt/ros/jazzy/opt/gz_gui_vendor:/opt/ros/jazzy/opt/gz_transport_vendor:/opt/ros/jazzy/opt/gz_rendering_vendor:/opt/ros/jazzy/opt/gz_plugin_vendor:/opt/ros/jazzy/opt/gz_fuel_tools_vendor:/opt/ros/jazzy/opt/gz_msgs_vendor:/opt/ros/jazzy/opt/gz_common_vendor:/opt/ros/jazzy/opt/gz_math_vendor:/opt/ros/jazzy/opt/gz_utils_vendor:/opt/ros/jazzy/opt/gz_tools_vendor:/opt/ros/jazzy/opt/gz_ogre_next_vendor:/opt/ros/jazzy/opt/gz_dartsim_vendor:/opt/ros/jazzy/opt/gz_cmake_vendor:/home/aaron/workspaces/cliffhangers_ws/install/realsense_pointcloud_py:/home/aaron/workspaces/cliffhangers_ws/install/esp_comms:/home/aaron/workspaces/miniur5e_ws/install/ros2_aruco:/opt/ros/jazzy DEBUGINFOD_URLS=https://debuginfod.ubuntu.com PS1=\[\e]0;\u@\h: \w\a\]${debian_chroot:+($debian_chroot)}\[\033[01;32m\]\u@\h\[\033[00m\]:\[\033[01;34m\]\w\[\033[00m\]\$ /usr/bin/cmake /home/aaron/workspaces/cliffhangers_ws/src/climbbot3_moveit -DCMAKE_INSTALL_PREFIX=/home/aaron/workspaces/cliffhangers_ws/install/climbbot3_moveit
[0.645s] Invoking command in '/home/aaron/workspaces/cliffhangers_ws/build/climbbot3_moveit': CMAKE_PREFIX_PATH=/home/aaron/workspaces/cliffhangers_ws/install/climbbot3_description:/home/aaron/workspaces/cliffhangers_ws/install/pymoveit2:/home/aaron/workspaces/cliffhangers_ws/install/climbing_robot_3_moveit:/home/aaron/workspaces/cliffhangers_ws/install/climbbot3_moveit:/home/aaron/workspaces/cliffhangers_ws/install/climbbot3_gz:/home/aaron/workspaces/automatic_ws/install/mycobot_moveit_config:/home/aaron/workspaces/automatic_ws/install/mycobot_gazebo:/home/aaron/workspaces/automatic_ws/install/mycobot_description:/home/aaron/workspaces/automatic_ws/install/mycobot_bringup:/home/aaron/workspaces/miniur5e_ws/install/ros2_aruco_interfaces:/home/aaron/workspaces/miniur5e_ws/install/mini_ur5e_moveit:/home/aaron/workspaces/miniur5e_ws/install/mini_ur5e:/opt/ros/jazzy/opt/gz_sim_vendor:/opt/ros/jazzy/opt/gz_sensors_vendor:/opt/ros/jazzy/opt/gz_physics_vendor:/opt/ros/jazzy/opt/sdformat_vendor:/opt/ros/jazzy/opt/gz_gui_vendor:/opt/ros/jazzy/opt/gz_transport_vendor:/opt/ros/jazzy/opt/gz_rendering_vendor:/opt/ros/jazzy/opt/gz_plugin_vendor:/opt/ros/jazzy/opt/gz_fuel_tools_vendor:/opt/ros/jazzy/opt/gz_msgs_vendor:/opt/ros/jazzy/opt/gz_common_vendor:/opt/ros/jazzy/opt/gz_math_vendor:/opt/ros/jazzy/opt/gz_utils_vendor:/opt/ros/jazzy/opt/gz_tools_vendor:/opt/ros/jazzy/opt/gz_ogre_next_vendor:/opt/ros/jazzy/opt/gz_dartsim_vendor:/opt/ros/jazzy/opt/gz_cmake_vendor:/home/aaron/workspaces/cliffhangers_ws/install/realsense_pointcloud_py:/home/aaron/workspaces/cliffhangers_ws/install/esp_comms:/home/aaron/workspaces/miniur5e_ws/install/ros2_aruco:/opt/ros/jazzy DEBUGINFOD_URLS=https://debuginfod.ubuntu.com PS1=\[\e]0;\u@\h: \w\a\]${debian_chroot:+($debian_chroot)}\[\033[01;32m\]\u@\h\[\033[00m\]:\[\033[01;34m\]\w\[\033[00m\]\$ /usr/bin/cmake --build /home/aaron/workspaces/cliffhangers_ws/build/climbbot3_moveit -- -j5 -l5
[0.675s] Invoked command in '/home/aaron/workspaces/cliffhangers_ws/build/climbbot3_moveit' returned '0': CMAKE_PREFIX_PATH=/home/aaron/workspaces/cliffhangers_ws/install/climbbot3_description:/home/aaron/workspaces/cliffhangers_ws/install/pymoveit2:/home/aaron/workspaces/cliffhangers_ws/install/climbing_robot_3_moveit:/home/aaron/workspaces/cliffhangers_ws/install/climbbot3_moveit:/home/aaron/workspaces/cliffhangers_ws/install/climbbot3_gz:/home/aaron/workspaces/automatic_ws/install/mycobot_moveit_config:/home/aaron/workspaces/automatic_ws/install/mycobot_gazebo:/home/aaron/workspaces/automatic_ws/install/mycobot_description:/home/aaron/workspaces/automatic_ws/install/mycobot_bringup:/home/aaron/workspaces/miniur5e_ws/install/ros2_aruco_interfaces:/home/aaron/workspaces/miniur5e_ws/install/mini_ur5e_moveit:/home/aaron/workspaces/miniur5e_ws/install/mini_ur5e:/opt/ros/jazzy/opt/gz_sim_vendor:/opt/ros/jazzy/opt/gz_sensors_vendor:/opt/ros/jazzy/opt/gz_physics_vendor:/opt/ros/jazzy/opt/sdformat_vendor:/opt/ros/jazzy/opt/gz_gui_vendor:/opt/ros/jazzy/opt/gz_transport_vendor:/opt/ros/jazzy/opt/gz_rendering_vendor:/opt/ros/jazzy/opt/gz_plugin_vendor:/opt/ros/jazzy/opt/gz_fuel_tools_vendor:/opt/ros/jazzy/opt/gz_msgs_vendor:/opt/ros/jazzy/opt/gz_common_vendor:/opt/ros/jazzy/opt/gz_math_vendor:/opt/ros/jazzy/opt/gz_utils_vendor:/opt/ros/jazzy/opt/gz_tools_vendor:/opt/ros/jazzy/opt/gz_ogre_next_vendor:/opt/ros/jazzy/opt/gz_dartsim_vendor:/opt/ros/jazzy/opt/gz_cmake_vendor:/home/aaron/workspaces/cliffhangers_ws/install/realsense_pointcloud_py:/home/aaron/workspaces/cliffhangers_ws/install/esp_comms:/home/aaron/workspaces/miniur5e_ws/install/ros2_aruco:/opt/ros/jazzy DEBUGINFOD_URLS=https://debuginfod.ubuntu.com PS1=\[\e]0;\u@\h: \w\a\]${debian_chroot:+($debian_chroot)}\[\033[01;32m\]\u@\h\[\033[00m\]:\[\033[01;34m\]\w\[\033[00m\]\$ /usr/bin/cmake --build /home/aaron/workspaces/cliffhangers_ws/build/climbbot3_moveit -- -j5 -l5
[0.675s] Invoking command in '/home/aaron/workspaces/cliffhangers_ws/build/climbbot3_moveit': CMAKE_PREFIX_PATH=/home/aaron/workspaces/cliffhangers_ws/install/climbbot3_description:/home/aaron/workspaces/cliffhangers_ws/install/pymoveit2:/home/aaron/workspaces/cliffhangers_ws/install/climbing_robot_3_moveit:/home/aaron/workspaces/cliffhangers_ws/install/climbbot3_moveit:/home/aaron/workspaces/cliffhangers_ws/install/climbbot3_gz:/home/aaron/workspaces/automatic_ws/install/mycobot_moveit_config:/home/aaron/workspaces/automatic_ws/install/mycobot_gazebo:/home/aaron/workspaces/automatic_ws/install/mycobot_description:/home/aaron/workspaces/automatic_ws/install/mycobot_bringup:/home/aaron/workspaces/miniur5e_ws/install/ros2_aruco_interfaces:/home/aaron/workspaces/miniur5e_ws/install/mini_ur5e_moveit:/home/aaron/workspaces/miniur5e_ws/install/mini_ur5e:/opt/ros/jazzy/opt/gz_sim_vendor:/opt/ros/jazzy/opt/gz_sensors_vendor:/opt/ros/jazzy/opt/gz_physics_vendor:/opt/ros/jazzy/opt/sdformat_vendor:/opt/ros/jazzy/opt/gz_gui_vendor:/opt/ros/jazzy/opt/gz_transport_vendor:/opt/ros/jazzy/opt/gz_rendering_vendor:/opt/ros/jazzy/opt/gz_plugin_vendor:/opt/ros/jazzy/opt/gz_fuel_tools_vendor:/opt/ros/jazzy/opt/gz_msgs_vendor:/opt/ros/jazzy/opt/gz_common_vendor:/opt/ros/jazzy/opt/gz_math_vendor:/opt/ros/jazzy/opt/gz_utils_vendor:/opt/ros/jazzy/opt/gz_tools_vendor:/opt/ros/jazzy/opt/gz_ogre_next_vendor:/opt/ros/jazzy/opt/gz_dartsim_vendor:/opt/ros/jazzy/opt/gz_cmake_vendor:/home/aaron/workspaces/cliffhangers_ws/install/realsense_pointcloud_py:/home/aaron/workspaces/cliffhangers_ws/install/esp_comms:/home/aaron/workspaces/miniur5e_ws/install/ros2_aruco:/opt/ros/jazzy DEBUGINFOD_URLS=https://debuginfod.ubuntu.com PS1=\[\e]0;\u@\h: \w\a\]${debian_chroot:+($debian_chroot)}\[\033[01;32m\]\u@\h\[\033[00m\]:\[\033[01;34m\]\w\[\033[00m\]\$ /usr/bin/cmake --install /home/aaron/workspaces/cliffhangers_ws/build/climbbot3_moveit
[0.683s] -- Install configuration: ""
[0.683s] -- Installing: /home/aaron/workspaces/cliffhangers_ws/install/climbbot3_moveit/lib/climbbot3_moveit/fake_points.py
[0.683s] -- Installing: /home/aaron/workspaces/cliffhangers_ws/install/climbbot3_moveit/lib/climbbot3_moveit/climb.py
[0.683s] -- Installing: /home/aaron/workspaces/cliffhangers_ws/install/climbbot3_moveit/lib/climbbot3_moveit/servo_control.py
[0.683s] -- Installing: /home/aaron/workspaces/cliffhangers_ws/install/climbbot3_moveit/lib/climbbot3_moveit/real_climb.py
[0.683s] -- Installing: /home/aaron/workspaces/cliffhangers_ws/install/climbbot3_moveit/lib/climbbot3_moveit/fake_camera_link.py
[0.683s] -- Installing: /home/aaron/workspaces/cliffhangers_ws/install/climbbot3_moveit/lib/climbbot3_moveit/simple_climb.py
[0.683s] -- Installing: /home/aaron/workspaces/cliffhangers_ws/install/climbbot3_moveit/lib/climbbot3_moveit/gz_odom_tf.py
[0.683s] -- Installing: /home/aaron/workspaces/cliffhangers_ws/install/climbbot3_moveit/share/ament_index/resource_index/package_run_dependencies/climbbot3_moveit
[0.683s] -- Installing: /home/aaron/workspaces/cliffhangers_ws/install/climbbot3_moveit/share/ament_index/resource_index/parent_prefix_path/climbbot3_moveit
[0.683s] -- Installing: /home/aaron/workspaces/cliffhangers_ws/install/climbbot3_moveit/share/climbbot3_moveit/environment/ament_prefix_path.sh
[0.683s] -- Installing: /home/aaron/workspaces/cliffhangers_ws/install/climbbot3_moveit/share/climbbot3_moveit/environment/ament_prefix_path.dsv
[0.683s] -- Installing: /home/aaron/workspaces/cliffhangers_ws/install/climbbot3_moveit/share/climbbot3_moveit/environment/path.sh
[0.683s] -- Installing: /home/aaron/workspaces/cliffhangers_ws/install/climbbot3_moveit/share/climbbot3_moveit/environment/path.dsv
[0.684s] -- Installing: /home/aaron/workspaces/cliffhangers_ws/install/climbbot3_moveit/share/climbbot3_moveit/local_setup.bash
[0.684s] -- Installing: /home/aaron/workspaces/cliffhangers_ws/install/climbbot3_moveit/share/climbbot3_moveit/local_setup.sh
[0.684s] -- Installing: /home/aaron/workspaces/cliffhangers_ws/install/climbbot3_moveit/share/climbbot3_moveit/local_setup.zsh
[0.684s] -- Installing: /home/aaron/workspaces/cliffhangers_ws/install/climbbot3_moveit/share/climbbot3_moveit/local_setup.dsv
[0.684s] -- Installing: /home/aaron/workspaces/cliffhangers_ws/install/climbbot3_moveit/share/climbbot3_moveit/package.dsv
[0.684s] -- Installing: /home/aaron/workspaces/cliffhangers_ws/install/climbbot3_moveit/share/ament_index/resource_index/packages/climbbot3_moveit
[0.684s] -- Installing: /home/aaron/workspaces/cliffhangers_ws/install/climbbot3_moveit/share/climbbot3_moveit/cmake/climbbot3_moveitConfig.cmake
[0.684s] -- Installing: /home/aaron/workspaces/cliffhangers_ws/install/climbbot3_moveit/share/climbbot3_moveit/cmake/climbbot3_moveitConfig-version.cmake
[0.684s] -- Installing: /home/aaron/workspaces/cliffhangers_ws/install/climbbot3_moveit/share/climbbot3_moveit/package.xml
[0.684s] -- Installing: /home/aaron/workspaces/cliffhangers_ws/install/climbbot3_moveit/share/climbbot3_moveit/launch
[0.684s] -- Installing: /home/aaron/workspaces/cliffhangers_ws/install/climbbot3_moveit/share/climbbot3_moveit/launch/gazebo.launch.py
[0.684s] -- Installing: /home/aaron/workspaces/cliffhangers_ws/install/climbbot3_moveit/share/climbbot3_moveit/launch/moveit_rviz.launch.py
[0.684s] -- Installing: /home/aaron/workspaces/cliffhangers_ws/install/climbbot3_moveit/share/climbbot3_moveit/launch/move_group.launch.py
[0.684s] -- Installing: /home/aaron/workspaces/cliffhangers_ws/install/climbbot3_moveit/share/climbbot3_moveit/launch/robot_state_publisher.launch.py
[0.685s] -- Installing: /home/aaron/workspaces/cliffhangers_ws/install/climbbot3_moveit/share/climbbot3_moveit/launch/static_virtual_joint_tfs.launch.py
[0.685s] -- Installing: /home/aaron/workspaces/cliffhangers_ws/install/climbbot3_moveit/share/climbbot3_moveit/launch/camera_state_publisher.launch.py
[0.685s] -- Installing: /home/aaron/workspaces/cliffhangers_ws/install/climbbot3_moveit/share/climbbot3_moveit/launch/rsp.launch.py
[0.685s] -- Installing: /home/aaron/workspaces/cliffhangers_ws/install/climbbot3_moveit/share/climbbot3_moveit/launch/demo.launch.py
[0.685s] -- Installing: /home/aaron/workspaces/cliffhangers_ws/install/climbbot3_moveit/share/climbbot3_moveit/launch/gazebo2.launch.py
[0.685s] -- Installing: /home/aaron/workspaces/cliffhangers_ws/install/climbbot3_moveit/share/climbbot3_moveit/launch/spawn_gz_controllers.launch.py
[0.685s] -- Installing: /home/aaron/workspaces/cliffhangers_ws/install/climbbot3_moveit/share/climbbot3_moveit/launch/spawn_controllers.launch.py
[0.685s] -- Installing: /home/aaron/workspaces/cliffhangers_ws/install/climbbot3_moveit/share/climbbot3_moveit/launch/setup_assistant.launch.py
[0.685s] -- Installing: /home/aaron/workspaces/cliffhangers_ws/install/climbbot3_moveit/share/climbbot3_moveit/launch/warehouse_db.launch.py
[0.685s] -- Installing: /home/aaron/workspaces/cliffhangers_ws/install/climbbot3_moveit/share/climbbot3_moveit/config
[0.685s] -- Installing: /home/aaron/workspaces/cliffhangers_ws/install/climbbot3_moveit/share/climbbot3_moveit/config/climbbot3.ros2_control.xacro
[0.685s] -- Installing: /home/aaron/workspaces/cliffhangers_ws/install/climbbot3_moveit/share/climbbot3_moveit/config/gz_controllers.yaml
[0.685s] -- Installing: /home/aaron/workspaces/cliffhangers_ws/install/climbbot3_moveit/share/climbbot3_moveit/config/joint_limits.yaml
[0.685s] -- Installing: /home/aaron/workspaces/cliffhangers_ws/install/climbbot3_moveit/share/climbbot3_moveit/config/initial_positions.yaml
[0.685s] -- Installing: /home/aaron/workspaces/cliffhangers_ws/install/climbbot3_moveit/share/climbbot3_moveit/config/moveit_controllers.yaml
[0.685s] -- Installing: /home/aaron/workspaces/cliffhangers_ws/install/climbbot3_moveit/share/climbbot3_moveit/config/ros2_controllers_template.yaml
[0.686s] -- Installing: /home/aaron/workspaces/cliffhangers_ws/install/climbbot3_moveit/share/climbbot3_moveit/config/ros2_controllers.yaml
[0.686s] -- Installing: /home/aaron/workspaces/cliffhangers_ws/install/climbbot3_moveit/share/climbbot3_moveit/config/moveit.rviz
[0.686s] -- Installing: /home/aaron/workspaces/cliffhangers_ws/install/climbbot3_moveit/share/climbbot3_moveit/config/kinematics.yaml
[0.686s] -- Installing: /home/aaron/workspaces/cliffhangers_ws/install/climbbot3_moveit/share/climbbot3_moveit/config/pilz_cartesian_limits.yaml
[0.686s] -- Installing: /home/aaron/workspaces/cliffhangers_ws/install/climbbot3_moveit/share/climbbot3_moveit/config/rsp.rviz
[0.686s] -- Installing: /home/aaron/workspaces/cliffhangers_ws/install/climbbot3_moveit/share/climbbot3_moveit/config/climbbot3.srdf
[0.686s] -- Installing: /home/aaron/workspaces/cliffhangers_ws/install/climbbot3_moveit/share/climbbot3_moveit/config/climbbot3.urdf.xacro
[0.686s] -- Installing: /home/aaron/workspaces/cliffhangers_ws/install/climbbot3_moveit/share/climbbot3_moveit/config/gazebo_sim_ros2_control.urdf.xacro
[0.686s] -- Installing: /home/aaron/workspaces/cliffhangers_ws/install/climbbot3_moveit/share/climbbot3_moveit/.setup_assistant
[0.692s] Invoked command in '/home/aaron/workspaces/cliffhangers_ws/build/climbbot3_moveit' returned '0': CMAKE_PREFIX_PATH=/home/aaron/workspaces/cliffhangers_ws/install/climbbot3_description:/home/aaron/workspaces/cliffhangers_ws/install/pymoveit2:/home/aaron/workspaces/cliffhangers_ws/install/climbing_robot_3_moveit:/home/aaron/workspaces/cliffhangers_ws/install/climbbot3_moveit:/home/aaron/workspaces/cliffhangers_ws/install/climbbot3_gz:/home/aaron/workspaces/automatic_ws/install/mycobot_moveit_config:/home/aaron/workspaces/automatic_ws/install/mycobot_gazebo:/home/aaron/workspaces/automatic_ws/install/mycobot_description:/home/aaron/workspaces/automatic_ws/install/mycobot_bringup:/home/aaron/workspaces/miniur5e_ws/install/ros2_aruco_interfaces:/home/aaron/workspaces/miniur5e_ws/install/mini_ur5e_moveit:/home/aaron/workspaces/miniur5e_ws/install/mini_ur5e:/opt/ros/jazzy/opt/gz_sim_vendor:/opt/ros/jazzy/opt/gz_sensors_vendor:/opt/ros/jazzy/opt/gz_physics_vendor:/opt/ros/jazzy/opt/sdformat_vendor:/opt/ros/jazzy/opt/gz_gui_vendor:/opt/ros/jazzy/opt/gz_transport_vendor:/opt/ros/jazzy/opt/gz_rendering_vendor:/opt/ros/jazzy/opt/gz_plugin_vendor:/opt/ros/jazzy/opt/gz_fuel_tools_vendor:/opt/ros/jazzy/opt/gz_msgs_vendor:/opt/ros/jazzy/opt/gz_common_vendor:/opt/ros/jazzy/opt/gz_math_vendor:/opt/ros/jazzy/opt/gz_utils_vendor:/opt/ros/jazzy/opt/gz_tools_vendor:/opt/ros/jazzy/opt/gz_ogre_next_vendor:/opt/ros/jazzy/opt/gz_dartsim_vendor:/opt/ros/jazzy/opt/gz_cmake_vendor:/home/aaron/workspaces/cliffhangers_ws/install/realsense_pointcloud_py:/home/aaron/workspaces/cliffhangers_ws/install/esp_comms:/home/aaron/workspaces/miniur5e_ws/install/ros2_aruco:/opt/ros/jazzy DEBUGINFOD_URLS=https://debuginfod.ubuntu.com PS1=\[\e]0;\u@\h: \w\a\]${debian_chroot:+($debian_chroot)}\[\033[01;32m\]\u@\h\[\033[00m\]:\[\033[01;34m\]\w\[\033[00m\]\$ /usr/bin/cmake --install /home/aaron/workspaces/cliffhangers_ws/build/climbbot3_moveit
