[0.902s] Invoking command in '/home/aaron/workspaces/cliffhangers_ws/src/realsense_pointcloud': DEBUGINFOD_URLS=https://debuginfod.ubuntu.com PYTHONPATH=/home/aaron/workspaces/cliffhangers_ws/build/realsense_pointcloud_py/prefix_override:/usr/lib/python3/dist-packages/colcon_core/task/python/colcon_distutils_commands:/home/aaron/workspaces/cliffhangers_ws/install/realsense_pointcloud_py/lib/python3.12/site-packages:${PYTHONPATH} /usr/bin/python3 -W ignore:setup.py install is deprecated -W ignore:easy_install command is deprecated setup.py egg_info --egg-base ../../build/realsense_pointcloud_py build --build-base /home/aaron/workspaces/cliffhangers_ws/build/realsense_pointcloud_py/build install --record /home/aaron/workspaces/cliffhangers_ws/build/realsense_pointcloud_py/install.log --single-version-externally-managed install_data
[1.116s] running egg_info
[1.116s] creating ../../build/realsense_pointcloud_py/realsense_pointcloud_py.egg-info
[1.132s] writing ../../build/realsense_pointcloud_py/realsense_pointcloud_py.egg-info/PKG-INFO
[1.132s] writing dependency_links to ../../build/realsense_pointcloud_py/realsense_pointcloud_py.egg-info/dependency_links.txt
[1.132s] writing entry points to ../../build/realsense_pointcloud_py/realsense_pointcloud_py.egg-info/entry_points.txt
[1.132s] writing requirements to ../../build/realsense_pointcloud_py/realsense_pointcloud_py.egg-info/requires.txt
[1.132s] writing top-level names to ../../build/realsense_pointcloud_py/realsense_pointcloud_py.egg-info/top_level.txt
[1.133s] writing manifest file '../../build/realsense_pointcloud_py/realsense_pointcloud_py.egg-info/SOURCES.txt'
[1.162s] reading manifest file '../../build/realsense_pointcloud_py/realsense_pointcloud_py.egg-info/SOURCES.txt'
[1.163s] adding license file 'LICENSE'
[1.163s] writing manifest file '../../build/realsense_pointcloud_py/realsense_pointcloud_py.egg-info/SOURCES.txt'
[1.163s] running build
[1.164s] running build_py
[1.164s] creating /home/aaron/workspaces/cliffhangers_ws/build/realsense_pointcloud_py/build
[1.164s] creating /home/aaron/workspaces/cliffhangers_ws/build/realsense_pointcloud_py/build/lib
[1.164s] creating /home/aaron/workspaces/cliffhangers_ws/build/realsense_pointcloud_py/build/lib/realsense_pointcloud_py
[1.165s] copying realsense_pointcloud_py/__init__.py -> /home/aaron/workspaces/cliffhangers_ws/build/realsense_pointcloud_py/build/lib/realsense_pointcloud_py
[1.165s] copying realsense_pointcloud_py/pointcloud_visualizer.py -> /home/aaron/workspaces/cliffhangers_ws/build/realsense_pointcloud_py/build/lib/realsense_pointcloud_py
[1.165s] copying realsense_pointcloud_py/aruco_detect.py -> /home/aaron/workspaces/cliffhangers_ws/build/realsense_pointcloud_py/build/lib/realsense_pointcloud_py
[1.165s] running install
[1.169s] running install_lib
[1.184s] creating /home/aaron/workspaces/cliffhangers_ws/install/realsense_pointcloud_py/lib/python3.12/site-packages/realsense_pointcloud_py
[1.184s] copying /home/aaron/workspaces/cliffhangers_ws/build/realsense_pointcloud_py/build/lib/realsense_pointcloud_py/__init__.py -> /home/aaron/workspaces/cliffhangers_ws/install/realsense_pointcloud_py/lib/python3.12/site-packages/realsense_pointcloud_py
[1.184s] copying /home/aaron/workspaces/cliffhangers_ws/build/realsense_pointcloud_py/build/lib/realsense_pointcloud_py/pointcloud_visualizer.py -> /home/aaron/workspaces/cliffhangers_ws/install/realsense_pointcloud_py/lib/python3.12/site-packages/realsense_pointcloud_py
[1.184s] copying /home/aaron/workspaces/cliffhangers_ws/build/realsense_pointcloud_py/build/lib/realsense_pointcloud_py/aruco_detect.py -> /home/aaron/workspaces/cliffhangers_ws/install/realsense_pointcloud_py/lib/python3.12/site-packages/realsense_pointcloud_py
[1.186s] byte-compiling /home/aaron/workspaces/cliffhangers_ws/install/realsense_pointcloud_py/lib/python3.12/site-packages/realsense_pointcloud_py/__init__.py to __init__.cpython-312.pyc
[1.187s] byte-compiling /home/aaron/workspaces/cliffhangers_ws/install/realsense_pointcloud_py/lib/python3.12/site-packages/realsense_pointcloud_py/pointcloud_visualizer.py to pointcloud_visualizer.cpython-312.pyc
[1.187s] byte-compiling /home/aaron/workspaces/cliffhangers_ws/install/realsense_pointcloud_py/lib/python3.12/site-packages/realsense_pointcloud_py/aruco_detect.py to aruco_detect.cpython-312.pyc
[1.187s] running install_data
[1.187s] creating /home/aaron/workspaces/cliffhangers_ws/install/realsense_pointcloud_py/share/ament_index
[1.188s] creating /home/aaron/workspaces/cliffhangers_ws/install/realsense_pointcloud_py/share/ament_index/resource_index
[1.188s] creating /home/aaron/workspaces/cliffhangers_ws/install/realsense_pointcloud_py/share/ament_index/resource_index/packages
[1.188s] copying resource/realsense_pointcloud_py -> /home/aaron/workspaces/cliffhangers_ws/install/realsense_pointcloud_py/share/ament_index/resource_index/packages
[1.189s] copying package.xml -> /home/aaron/workspaces/cliffhangers_ws/install/realsense_pointcloud_py/share/realsense_pointcloud_py
[1.189s] creating /home/aaron/workspaces/cliffhangers_ws/install/realsense_pointcloud_py/share/realsense_pointcloud_py/launch
[1.189s] running install_egg_info
[1.204s] Copying ../../build/realsense_pointcloud_py/realsense_pointcloud_py.egg-info to /home/aaron/workspaces/cliffhangers_ws/install/realsense_pointcloud_py/lib/python3.12/site-packages/realsense_pointcloud_py-0.0.1-py3.12.egg-info
[1.205s] running install_scripts
[1.304s] Installing aruco_detect script to /home/aaron/workspaces/cliffhangers_ws/install/realsense_pointcloud_py/lib/realsense_pointcloud_py
[1.304s] Installing pointcloud_visualizer script to /home/aaron/workspaces/cliffhangers_ws/install/realsense_pointcloud_py/lib/realsense_pointcloud_py
[1.305s] writing list of installed files to '/home/aaron/workspaces/cliffhangers_ws/build/realsense_pointcloud_py/install.log'
