[0.082s] DEBUG:colcon:Command line arguments: ['/usr/bin/colcon', 'build']
[0.082s] DEBUG:colcon:Parsed command line arguments: Namespace(log_base=None, log_level=None, verb_name='build', build_base='build', install_base='install', merge_install=False, symlink_install=False, test_result_base=None, continue_on_error=False, executor='parallel', parallel_workers=8, event_handlers=None, ignore_user_meta=False, metas=['./colcon.meta'], base_paths=['.'], packages_ignore=None, packages_ignore_regex=None, paths=None, packages_up_to=None, packages_up_to_regex=None, packages_above=None, packages_above_and_dependencies=None, packages_above_depth=None, packages_select_by_dep=None, packages_skip_by_dep=None, packages_skip_up_to=None, packages_select_build_failed=False, packages_skip_build_finished=False, packages_select_test_failures=False, packages_skip_test_passed=False, packages_select=None, packages_skip=None, packages_select_regex=None, packages_skip_regex=None, packages_start=None, packages_end=None, allow_overriding=[], cmake_args=None, cmake_target=None, cmake_target_skip_unavailable=False, cmake_clean_cache=False, cmake_clean_first=False, cmake_force_configure=False, ament_cmake_args=None, catkin_cmake_args=None, catkin_skip_building_tests=False, mixin_files=None, mixin=None, verb_parser=<colcon_mixin.mixin.mixin_argument.MixinArgumentDecorator object at 0x72b07084d9a0>, verb_extension=<colcon_core.verb.build.BuildVerb object at 0x72b0709f2c90>, main=<bound method BuildVerb.main of <colcon_core.verb.build.BuildVerb object at 0x72b0709f2c90>>, mixin_verb=('build',))
[0.111s] Level 1:colcon.colcon_core.package_discovery:discover_packages(colcon_meta) check parameters
[0.111s] Level 1:colcon.colcon_core.package_discovery:discover_packages(recursive) check parameters
[0.111s] Level 1:colcon.colcon_core.package_discovery:discover_packages(ignore) check parameters
[0.111s] Level 1:colcon.colcon_core.package_discovery:discover_packages(path) check parameters
[0.111s] Level 1:colcon.colcon_core.package_discovery:discover_packages(colcon_meta) discover
[0.112s] Level 1:colcon.colcon_core.package_discovery:discover_packages(recursive) discover
[0.112s] INFO:colcon.colcon_core.package_discovery:Crawling recursively for packages in '/home/aaron/workspaces/cliffhangers_ws'
[0.112s] Level 1:colcon.colcon_core.package_identification:_identify(.) by extensions ['ignore', 'ignore_ament_install']
[0.112s] Level 1:colcon.colcon_core.package_identification:_identify(.) by extension 'ignore'
[0.112s] Level 1:colcon.colcon_core.package_identification:_identify(.) by extension 'ignore_ament_install'
[0.112s] Level 1:colcon.colcon_core.package_identification:_identify(.) by extensions ['colcon_pkg']
[0.112s] Level 1:colcon.colcon_core.package_identification:_identify(.) by extension 'colcon_pkg'
[0.112s] Level 1:colcon.colcon_core.package_identification:_identify(.) by extensions ['colcon_meta']
[0.112s] Level 1:colcon.colcon_core.package_identification:_identify(.) by extension 'colcon_meta'
[0.112s] Level 1:colcon.colcon_core.package_identification:_identify(.) by extensions ['ros']
[0.112s] Level 1:colcon.colcon_core.package_identification:_identify(.) by extension 'ros'
[0.132s] Level 1:colcon.colcon_core.package_identification:_identify(.) by extensions ['cmake', 'python']
[0.132s] Level 1:colcon.colcon_core.package_identification:_identify(.) by extension 'cmake'
[0.132s] Level 1:colcon.colcon_core.package_identification:_identify(.) by extension 'python'
[0.132s] Level 1:colcon.colcon_core.package_identification:_identify(.) by extensions ['python_setup_py']
[0.132s] Level 1:colcon.colcon_core.package_identification:_identify(.) by extension 'python_setup_py'
[0.132s] Level 1:colcon.colcon_core.package_identification:_identify(build) by extensions ['ignore', 'ignore_ament_install']
[0.132s] Level 1:colcon.colcon_core.package_identification:_identify(build) by extension 'ignore'
[0.132s] Level 1:colcon.colcon_core.package_identification:_identify(build) ignored
[0.132s] Level 1:colcon.colcon_core.package_identification:_identify(install) by extensions ['ignore', 'ignore_ament_install']
[0.132s] Level 1:colcon.colcon_core.package_identification:_identify(install) by extension 'ignore'
[0.132s] Level 1:colcon.colcon_core.package_identification:_identify(install) ignored
[0.132s] Level 1:colcon.colcon_core.package_identification:_identify(log) by extensions ['ignore', 'ignore_ament_install']
[0.132s] Level 1:colcon.colcon_core.package_identification:_identify(log) by extension 'ignore'
[0.132s] Level 1:colcon.colcon_core.package_identification:_identify(log) ignored
[0.132s] Level 1:colcon.colcon_core.package_identification:_identify(src) by extensions ['ignore', 'ignore_ament_install']
[0.132s] Level 1:colcon.colcon_core.package_identification:_identify(src) by extension 'ignore'
[0.132s] Level 1:colcon.colcon_core.package_identification:_identify(src) by extension 'ignore_ament_install'
[0.132s] Level 1:colcon.colcon_core.package_identification:_identify(src) by extensions ['colcon_pkg']
[0.132s] Level 1:colcon.colcon_core.package_identification:_identify(src) by extension 'colcon_pkg'
[0.132s] Level 1:colcon.colcon_core.package_identification:_identify(src) by extensions ['colcon_meta']
[0.132s] Level 1:colcon.colcon_core.package_identification:_identify(src) by extension 'colcon_meta'
[0.132s] Level 1:colcon.colcon_core.package_identification:_identify(src) by extensions ['ros']
[0.133s] Level 1:colcon.colcon_core.package_identification:_identify(src) by extension 'ros'
[0.133s] Level 1:colcon.colcon_core.package_identification:_identify(src) by extensions ['cmake', 'python']
[0.133s] Level 1:colcon.colcon_core.package_identification:_identify(src) by extension 'cmake'
[0.133s] Level 1:colcon.colcon_core.package_identification:_identify(src) by extension 'python'
[0.133s] Level 1:colcon.colcon_core.package_identification:_identify(src) by extensions ['python_setup_py']
[0.133s] Level 1:colcon.colcon_core.package_identification:_identify(src) by extension 'python_setup_py'
[0.133s] Level 1:colcon.colcon_core.package_identification:_identify(src/climbbot3_description) by extensions ['ignore', 'ignore_ament_install']
[0.133s] Level 1:colcon.colcon_core.package_identification:_identify(src/climbbot3_description) by extension 'ignore'
[0.133s] Level 1:colcon.colcon_core.package_identification:_identify(src/climbbot3_description) by extension 'ignore_ament_install'
[0.133s] Level 1:colcon.colcon_core.package_identification:_identify(src/climbbot3_description) by extensions ['colcon_pkg']
[0.133s] Level 1:colcon.colcon_core.package_identification:_identify(src/climbbot3_description) by extension 'colcon_pkg'
[0.133s] Level 1:colcon.colcon_core.package_identification:_identify(src/climbbot3_description) by extensions ['colcon_meta']
[0.133s] Level 1:colcon.colcon_core.package_identification:_identify(src/climbbot3_description) by extension 'colcon_meta'
[0.133s] Level 1:colcon.colcon_core.package_identification:_identify(src/climbbot3_description) by extensions ['ros']
[0.133s] Level 1:colcon.colcon_core.package_identification:_identify(src/climbbot3_description) by extension 'ros'
[0.135s] DEBUG:colcon.colcon_core.package_identification:Package 'src/climbbot3_description' with type 'ros.ament_cmake' and name 'climbbot3_description'
[0.135s] Level 1:colcon.colcon_core.package_identification:_identify(src/climbbot3_gz) by extensions ['ignore', 'ignore_ament_install']
[0.135s] Level 1:colcon.colcon_core.package_identification:_identify(src/climbbot3_gz) by extension 'ignore'
[0.135s] Level 1:colcon.colcon_core.package_identification:_identify(src/climbbot3_gz) by extension 'ignore_ament_install'
[0.135s] Level 1:colcon.colcon_core.package_identification:_identify(src/climbbot3_gz) by extensions ['colcon_pkg']
[0.135s] Level 1:colcon.colcon_core.package_identification:_identify(src/climbbot3_gz) by extension 'colcon_pkg'
[0.135s] Level 1:colcon.colcon_core.package_identification:_identify(src/climbbot3_gz) by extensions ['colcon_meta']
[0.135s] Level 1:colcon.colcon_core.package_identification:_identify(src/climbbot3_gz) by extension 'colcon_meta'
[0.135s] Level 1:colcon.colcon_core.package_identification:_identify(src/climbbot3_gz) by extensions ['ros']
[0.135s] Level 1:colcon.colcon_core.package_identification:_identify(src/climbbot3_gz) by extension 'ros'
[0.136s] DEBUG:colcon.colcon_core.package_identification:Package 'src/climbbot3_gz' with type 'ros.ament_cmake' and name 'climbbot3_gz'
[0.136s] Level 1:colcon.colcon_core.package_identification:_identify(src/climbbot3_moveit) by extensions ['ignore', 'ignore_ament_install']
[0.136s] Level 1:colcon.colcon_core.package_identification:_identify(src/climbbot3_moveit) by extension 'ignore'
[0.136s] Level 1:colcon.colcon_core.package_identification:_identify(src/climbbot3_moveit) by extension 'ignore_ament_install'
[0.136s] Level 1:colcon.colcon_core.package_identification:_identify(src/climbbot3_moveit) by extensions ['colcon_pkg']
[0.136s] Level 1:colcon.colcon_core.package_identification:_identify(src/climbbot3_moveit) by extension 'colcon_pkg'
[0.136s] Level 1:colcon.colcon_core.package_identification:_identify(src/climbbot3_moveit) by extensions ['colcon_meta']
[0.136s] Level 1:colcon.colcon_core.package_identification:_identify(src/climbbot3_moveit) by extension 'colcon_meta'
[0.136s] Level 1:colcon.colcon_core.package_identification:_identify(src/climbbot3_moveit) by extensions ['ros']
[0.136s] Level 1:colcon.colcon_core.package_identification:_identify(src/climbbot3_moveit) by extension 'ros'
[0.137s] DEBUG:colcon.colcon_core.package_identification:Package 'src/climbbot3_moveit' with type 'ros.ament_cmake' and name 'climbbot3_moveit'
[0.137s] Level 1:colcon.colcon_core.package_identification:_identify(src/climbing_robot_3_moveit) by extensions ['ignore', 'ignore_ament_install']
[0.137s] Level 1:colcon.colcon_core.package_identification:_identify(src/climbing_robot_3_moveit) by extension 'ignore'
[0.137s] Level 1:colcon.colcon_core.package_identification:_identify(src/climbing_robot_3_moveit) by extension 'ignore_ament_install'
[0.137s] Level 1:colcon.colcon_core.package_identification:_identify(src/climbing_robot_3_moveit) by extensions ['colcon_pkg']
[0.137s] Level 1:colcon.colcon_core.package_identification:_identify(src/climbing_robot_3_moveit) by extension 'colcon_pkg'
[0.137s] Level 1:colcon.colcon_core.package_identification:_identify(src/climbing_robot_3_moveit) by extensions ['colcon_meta']
[0.137s] Level 1:colcon.colcon_core.package_identification:_identify(src/climbing_robot_3_moveit) by extension 'colcon_meta'
[0.137s] Level 1:colcon.colcon_core.package_identification:_identify(src/climbing_robot_3_moveit) by extensions ['ros']
[0.137s] Level 1:colcon.colcon_core.package_identification:_identify(src/climbing_robot_3_moveit) by extension 'ros'
[0.138s] DEBUG:colcon.colcon_core.package_identification:Package 'src/climbing_robot_3_moveit' with type 'ros.ament_cmake' and name 'climbing_robot_3_moveit'
[0.138s] Level 1:colcon.colcon_core.package_identification:_identify(src/esp_comms) by extensions ['ignore', 'ignore_ament_install']
[0.138s] Level 1:colcon.colcon_core.package_identification:_identify(src/esp_comms) by extension 'ignore'
[0.138s] Level 1:colcon.colcon_core.package_identification:_identify(src/esp_comms) by extension 'ignore_ament_install'
[0.138s] Level 1:colcon.colcon_core.package_identification:_identify(src/esp_comms) by extensions ['colcon_pkg']
[0.138s] Level 1:colcon.colcon_core.package_identification:_identify(src/esp_comms) by extension 'colcon_pkg'
[0.138s] Level 1:colcon.colcon_core.package_identification:_identify(src/esp_comms) by extensions ['colcon_meta']
[0.138s] Level 1:colcon.colcon_core.package_identification:_identify(src/esp_comms) by extension 'colcon_meta'
[0.138s] Level 1:colcon.colcon_core.package_identification:_identify(src/esp_comms) by extensions ['ros']
[0.138s] Level 1:colcon.colcon_core.package_identification:_identify(src/esp_comms) by extension 'ros'
[0.138s] DEBUG:colcon.colcon_core.package_identification:Package 'src/esp_comms' with type 'ros.ament_python' and name 'esp_comms'
[0.138s] Level 1:colcon.colcon_core.package_identification:_identify(src/pymoveit2) by extensions ['ignore', 'ignore_ament_install']
[0.138s] Level 1:colcon.colcon_core.package_identification:_identify(src/pymoveit2) by extension 'ignore'
[0.138s] Level 1:colcon.colcon_core.package_identification:_identify(src/pymoveit2) by extension 'ignore_ament_install'
[0.139s] Level 1:colcon.colcon_core.package_identification:_identify(src/pymoveit2) by extensions ['colcon_pkg']
[0.139s] Level 1:colcon.colcon_core.package_identification:_identify(src/pymoveit2) by extension 'colcon_pkg'
[0.139s] Level 1:colcon.colcon_core.package_identification:_identify(src/pymoveit2) by extensions ['colcon_meta']
[0.139s] Level 1:colcon.colcon_core.package_identification:_identify(src/pymoveit2) by extension 'colcon_meta'
[0.139s] Level 1:colcon.colcon_core.package_identification:_identify(src/pymoveit2) by extensions ['ros']
[0.139s] Level 1:colcon.colcon_core.package_identification:_identify(src/pymoveit2) by extension 'ros'
[0.139s] Level 1:colcon.colcon_core.package_identification:_identify(src/pymoveit2) by extensions ['cmake', 'python']
[0.139s] Level 1:colcon.colcon_core.package_identification:_identify(src/pymoveit2) by extension 'cmake'
[0.139s] Level 1:colcon.colcon_core.package_identification:_identify(src/pymoveit2) by extension 'python'
[0.139s] Level 1:colcon.colcon_core.package_identification:_identify(src/pymoveit2) by extensions ['python_setup_py']
[0.139s] Level 1:colcon.colcon_core.package_identification:_identify(src/pymoveit2) by extension 'python_setup_py'
[0.139s] Level 1:colcon.colcon_core.package_identification:_identify(src/realsense_pointcloud) by extensions ['ignore', 'ignore_ament_install']
[0.139s] Level 1:colcon.colcon_core.package_identification:_identify(src/realsense_pointcloud) by extension 'ignore'
[0.139s] Level 1:colcon.colcon_core.package_identification:_identify(src/realsense_pointcloud) by extension 'ignore_ament_install'
[0.139s] Level 1:colcon.colcon_core.package_identification:_identify(src/realsense_pointcloud) by extensions ['colcon_pkg']
[0.139s] Level 1:colcon.colcon_core.package_identification:_identify(src/realsense_pointcloud) by extension 'colcon_pkg'
[0.139s] Level 1:colcon.colcon_core.package_identification:_identify(src/realsense_pointcloud) by extensions ['colcon_meta']
[0.139s] Level 1:colcon.colcon_core.package_identification:_identify(src/realsense_pointcloud) by extension 'colcon_meta'
[0.139s] Level 1:colcon.colcon_core.package_identification:_identify(src/realsense_pointcloud) by extensions ['ros']
[0.139s] Level 1:colcon.colcon_core.package_identification:_identify(src/realsense_pointcloud) by extension 'ros'
[0.140s] DEBUG:colcon.colcon_core.package_identification:Package 'src/realsense_pointcloud' with type 'ros.ament_python' and name 'realsense_pointcloud_py'
[0.140s] Level 1:colcon.colcon_core.package_discovery:discover_packages(recursive) using defaults
[0.140s] Level 1:colcon.colcon_core.package_discovery:discover_packages(ignore) discover
[0.140s] Level 1:colcon.colcon_core.package_discovery:discover_packages(ignore) using defaults
[0.140s] Level 1:colcon.colcon_core.package_discovery:discover_packages(path) discover
[0.140s] Level 1:colcon.colcon_core.package_discovery:discover_packages(path) using defaults
[0.154s] Level 1:colcon.colcon_core.package_discovery:discover_packages(prefix_path) check parameters
[0.154s] Level 1:colcon.colcon_core.package_discovery:discover_packages(prefix_path) discover
[0.155s] DEBUG:colcon.colcon_installed_package_information.package_discovery:Found 3 installed packages in /home/aaron/workspaces/cliffhangers_ws/install
[0.156s] DEBUG:colcon.colcon_installed_package_information.package_discovery:Found 305 installed packages in /opt/ros/jazzy
[0.157s] Level 1:colcon.colcon_core.package_discovery:discover_packages(prefix_path) using defaults
[0.191s] Level 5:colcon.colcon_core.verb:set package 'climbbot3_description' build argument 'cmake_args' from command line to 'None'
[0.191s] Level 5:colcon.colcon_core.verb:set package 'climbbot3_description' build argument 'cmake_target' from command line to 'None'
[0.191s] Level 5:colcon.colcon_core.verb:set package 'climbbot3_description' build argument 'cmake_target_skip_unavailable' from command line to 'False'
[0.191s] Level 5:colcon.colcon_core.verb:set package 'climbbot3_description' build argument 'cmake_clean_cache' from command line to 'False'
[0.191s] Level 5:colcon.colcon_core.verb:set package 'climbbot3_description' build argument 'cmake_clean_first' from command line to 'False'
[0.191s] Level 5:colcon.colcon_core.verb:set package 'climbbot3_description' build argument 'cmake_force_configure' from command line to 'False'
[0.191s] Level 5:colcon.colcon_core.verb:set package 'climbbot3_description' build argument 'ament_cmake_args' from command line to 'None'
[0.191s] Level 5:colcon.colcon_core.verb:set package 'climbbot3_description' build argument 'catkin_cmake_args' from command line to 'None'
[0.191s] Level 5:colcon.colcon_core.verb:set package 'climbbot3_description' build argument 'catkin_skip_building_tests' from command line to 'False'
[0.191s] DEBUG:colcon.colcon_core.verb:Building package 'climbbot3_description' with the following arguments: {'ament_cmake_args': None, 'build_base': '/home/aaron/workspaces/cliffhangers_ws/build/climbbot3_description', 'catkin_cmake_args': None, 'catkin_skip_building_tests': False, 'cmake_args': None, 'cmake_clean_cache': False, 'cmake_clean_first': False, 'cmake_force_configure': False, 'cmake_target': None, 'cmake_target_skip_unavailable': False, 'install_base': '/home/aaron/workspaces/cliffhangers_ws/install/climbbot3_description', 'merge_install': False, 'path': '/home/aaron/workspaces/cliffhangers_ws/src/climbbot3_description', 'symlink_install': False, 'test_result_base': None}
[0.191s] Level 5:colcon.colcon_core.verb:set package 'climbbot3_gz' build argument 'cmake_args' from command line to 'None'
[0.191s] Level 5:colcon.colcon_core.verb:set package 'climbbot3_gz' build argument 'cmake_target' from command line to 'None'
[0.191s] Level 5:colcon.colcon_core.verb:set package 'climbbot3_gz' build argument 'cmake_target_skip_unavailable' from command line to 'False'
[0.191s] Level 5:colcon.colcon_core.verb:set package 'climbbot3_gz' build argument 'cmake_clean_cache' from command line to 'False'
[0.191s] Level 5:colcon.colcon_core.verb:set package 'climbbot3_gz' build argument 'cmake_clean_first' from command line to 'False'
[0.191s] Level 5:colcon.colcon_core.verb:set package 'climbbot3_gz' build argument 'cmake_force_configure' from command line to 'False'
[0.191s] Level 5:colcon.colcon_core.verb:set package 'climbbot3_gz' build argument 'ament_cmake_args' from command line to 'None'
[0.191s] Level 5:colcon.colcon_core.verb:set package 'climbbot3_gz' build argument 'catkin_cmake_args' from command line to 'None'
[0.191s] Level 5:colcon.colcon_core.verb:set package 'climbbot3_gz' build argument 'catkin_skip_building_tests' from command line to 'False'
[0.191s] DEBUG:colcon.colcon_core.verb:Building package 'climbbot3_gz' with the following arguments: {'ament_cmake_args': None, 'build_base': '/home/aaron/workspaces/cliffhangers_ws/build/climbbot3_gz', 'catkin_cmake_args': None, 'catkin_skip_building_tests': False, 'cmake_args': None, 'cmake_clean_cache': False, 'cmake_clean_first': False, 'cmake_force_configure': False, 'cmake_target': None, 'cmake_target_skip_unavailable': False, 'install_base': '/home/aaron/workspaces/cliffhangers_ws/install/climbbot3_gz', 'merge_install': False, 'path': '/home/aaron/workspaces/cliffhangers_ws/src/climbbot3_gz', 'symlink_install': False, 'test_result_base': None}
[0.191s] Level 5:colcon.colcon_core.verb:set package 'climbing_robot_3_moveit' build argument 'cmake_args' from command line to 'None'
[0.191s] Level 5:colcon.colcon_core.verb:set package 'climbing_robot_3_moveit' build argument 'cmake_target' from command line to 'None'
[0.191s] Level 5:colcon.colcon_core.verb:set package 'climbing_robot_3_moveit' build argument 'cmake_target_skip_unavailable' from command line to 'False'
[0.191s] Level 5:colcon.colcon_core.verb:set package 'climbing_robot_3_moveit' build argument 'cmake_clean_cache' from command line to 'False'
[0.191s] Level 5:colcon.colcon_core.verb:set package 'climbing_robot_3_moveit' build argument 'cmake_clean_first' from command line to 'False'
[0.191s] Level 5:colcon.colcon_core.verb:set package 'climbing_robot_3_moveit' build argument 'cmake_force_configure' from command line to 'False'
[0.191s] Level 5:colcon.colcon_core.verb:set package 'climbing_robot_3_moveit' build argument 'ament_cmake_args' from command line to 'None'
[0.191s] Level 5:colcon.colcon_core.verb:set package 'climbing_robot_3_moveit' build argument 'catkin_cmake_args' from command line to 'None'
[0.191s] Level 5:colcon.colcon_core.verb:set package 'climbing_robot_3_moveit' build argument 'catkin_skip_building_tests' from command line to 'False'
[0.191s] DEBUG:colcon.colcon_core.verb:Building package 'climbing_robot_3_moveit' with the following arguments: {'ament_cmake_args': None, 'build_base': '/home/aaron/workspaces/cliffhangers_ws/build/climbing_robot_3_moveit', 'catkin_cmake_args': None, 'catkin_skip_building_tests': False, 'cmake_args': None, 'cmake_clean_cache': False, 'cmake_clean_first': False, 'cmake_force_configure': False, 'cmake_target': None, 'cmake_target_skip_unavailable': False, 'install_base': '/home/aaron/workspaces/cliffhangers_ws/install/climbing_robot_3_moveit', 'merge_install': False, 'path': '/home/aaron/workspaces/cliffhangers_ws/src/climbing_robot_3_moveit', 'symlink_install': False, 'test_result_base': None}
[0.192s] Level 5:colcon.colcon_core.verb:set package 'esp_comms' build argument 'cmake_args' from command line to 'None'
[0.192s] Level 5:colcon.colcon_core.verb:set package 'esp_comms' build argument 'cmake_target' from command line to 'None'
[0.192s] Level 5:colcon.colcon_core.verb:set package 'esp_comms' build argument 'cmake_target_skip_unavailable' from command line to 'False'
[0.192s] Level 5:colcon.colcon_core.verb:set package 'esp_comms' build argument 'cmake_clean_cache' from command line to 'False'
[0.192s] Level 5:colcon.colcon_core.verb:set package 'esp_comms' build argument 'cmake_clean_first' from command line to 'False'
[0.192s] Level 5:colcon.colcon_core.verb:set package 'esp_comms' build argument 'cmake_force_configure' from command line to 'False'
[0.192s] Level 5:colcon.colcon_core.verb:set package 'esp_comms' build argument 'ament_cmake_args' from command line to 'None'
[0.192s] Level 5:colcon.colcon_core.verb:set package 'esp_comms' build argument 'catkin_cmake_args' from command line to 'None'
[0.192s] Level 5:colcon.colcon_core.verb:set package 'esp_comms' build argument 'catkin_skip_building_tests' from command line to 'False'
[0.192s] DEBUG:colcon.colcon_core.verb:Building package 'esp_comms' with the following arguments: {'ament_cmake_args': None, 'build_base': '/home/aaron/workspaces/cliffhangers_ws/build/esp_comms', 'catkin_cmake_args': None, 'catkin_skip_building_tests': False, 'cmake_args': None, 'cmake_clean_cache': False, 'cmake_clean_first': False, 'cmake_force_configure': False, 'cmake_target': None, 'cmake_target_skip_unavailable': False, 'install_base': '/home/aaron/workspaces/cliffhangers_ws/install/esp_comms', 'merge_install': False, 'path': '/home/aaron/workspaces/cliffhangers_ws/src/esp_comms', 'symlink_install': False, 'test_result_base': None}
[0.192s] Level 5:colcon.colcon_core.verb:set package 'realsense_pointcloud_py' build argument 'cmake_args' from command line to 'None'
[0.192s] Level 5:colcon.colcon_core.verb:set package 'realsense_pointcloud_py' build argument 'cmake_target' from command line to 'None'
[0.192s] Level 5:colcon.colcon_core.verb:set package 'realsense_pointcloud_py' build argument 'cmake_target_skip_unavailable' from command line to 'False'
[0.192s] Level 5:colcon.colcon_core.verb:set package 'realsense_pointcloud_py' build argument 'cmake_clean_cache' from command line to 'False'
[0.192s] Level 5:colcon.colcon_core.verb:set package 'realsense_pointcloud_py' build argument 'cmake_clean_first' from command line to 'False'
[0.192s] Level 5:colcon.colcon_core.verb:set package 'realsense_pointcloud_py' build argument 'cmake_force_configure' from command line to 'False'
[0.192s] Level 5:colcon.colcon_core.verb:set package 'realsense_pointcloud_py' build argument 'ament_cmake_args' from command line to 'None'
[0.192s] Level 5:colcon.colcon_core.verb:set package 'realsense_pointcloud_py' build argument 'catkin_cmake_args' from command line to 'None'
[0.192s] Level 5:colcon.colcon_core.verb:set package 'realsense_pointcloud_py' build argument 'catkin_skip_building_tests' from command line to 'False'
[0.192s] DEBUG:colcon.colcon_core.verb:Building package 'realsense_pointcloud_py' with the following arguments: {'ament_cmake_args': None, 'build_base': '/home/aaron/workspaces/cliffhangers_ws/build/realsense_pointcloud_py', 'catkin_cmake_args': None, 'catkin_skip_building_tests': False, 'cmake_args': None, 'cmake_clean_cache': False, 'cmake_clean_first': False, 'cmake_force_configure': False, 'cmake_target': None, 'cmake_target_skip_unavailable': False, 'install_base': '/home/aaron/workspaces/cliffhangers_ws/install/realsense_pointcloud_py', 'merge_install': False, 'path': '/home/aaron/workspaces/cliffhangers_ws/src/realsense_pointcloud', 'symlink_install': False, 'test_result_base': None}
[0.192s] Level 5:colcon.colcon_core.verb:set package 'climbbot3_moveit' build argument 'cmake_args' from command line to 'None'
[0.192s] Level 5:colcon.colcon_core.verb:set package 'climbbot3_moveit' build argument 'cmake_target' from command line to 'None'
[0.192s] Level 5:colcon.colcon_core.verb:set package 'climbbot3_moveit' build argument 'cmake_target_skip_unavailable' from command line to 'False'
[0.192s] Level 5:colcon.colcon_core.verb:set package 'climbbot3_moveit' build argument 'cmake_clean_cache' from command line to 'False'
[0.192s] Level 5:colcon.colcon_core.verb:set package 'climbbot3_moveit' build argument 'cmake_clean_first' from command line to 'False'
[0.192s] Level 5:colcon.colcon_core.verb:set package 'climbbot3_moveit' build argument 'cmake_force_configure' from command line to 'False'
[0.192s] Level 5:colcon.colcon_core.verb:set package 'climbbot3_moveit' build argument 'ament_cmake_args' from command line to 'None'
[0.192s] Level 5:colcon.colcon_core.verb:set package 'climbbot3_moveit' build argument 'catkin_cmake_args' from command line to 'None'
[0.192s] Level 5:colcon.colcon_core.verb:set package 'climbbot3_moveit' build argument 'catkin_skip_building_tests' from command line to 'False'
[0.192s] DEBUG:colcon.colcon_core.verb:Building package 'climbbot3_moveit' with the following arguments: {'ament_cmake_args': None, 'build_base': '/home/aaron/workspaces/cliffhangers_ws/build/climbbot3_moveit', 'catkin_cmake_args': None, 'catkin_skip_building_tests': False, 'cmake_args': None, 'cmake_clean_cache': False, 'cmake_clean_first': False, 'cmake_force_configure': False, 'cmake_target': None, 'cmake_target_skip_unavailable': False, 'install_base': '/home/aaron/workspaces/cliffhangers_ws/install/climbbot3_moveit', 'merge_install': False, 'path': '/home/aaron/workspaces/cliffhangers_ws/src/climbbot3_moveit', 'symlink_install': False, 'test_result_base': None}
[0.192s] INFO:colcon.colcon_core.executor:Executing jobs using 'parallel' executor
[0.193s] DEBUG:colcon.colcon_parallel_executor.executor.parallel:run_until_complete
[0.194s] INFO:colcon.colcon_ros.task.ament_cmake.build:Building ROS package in '/home/aaron/workspaces/cliffhangers_ws/src/climbbot3_description' with build type 'ament_cmake'
[0.194s] INFO:colcon.colcon_cmake.task.cmake.build:Building CMake package in '/home/aaron/workspaces/cliffhangers_ws/src/climbbot3_description'
[0.195s] INFO:colcon.colcon_core.plugin_system:Skipping extension 'colcon_core.shell.bat': Not used on non-Windows systems
[0.196s] INFO:colcon.colcon_core.shell:Skip shell extension 'powershell' for command environment: Not usable outside of PowerShell
[0.196s] DEBUG:colcon.colcon_core.shell:Skip shell extension 'dsv' for command environment
[0.198s] INFO:colcon.colcon_ros.task.ament_cmake.build:Building ROS package in '/home/aaron/workspaces/cliffhangers_ws/src/climbbot3_gz' with build type 'ament_cmake'
[0.198s] INFO:colcon.colcon_cmake.task.cmake.build:Building CMake package in '/home/aaron/workspaces/cliffhangers_ws/src/climbbot3_gz'
[0.198s] INFO:colcon.colcon_core.shell:Skip shell extension 'powershell' for command environment: Not usable outside of PowerShell
[0.198s] DEBUG:colcon.colcon_core.shell:Skip shell extension 'dsv' for command environment
[0.201s] INFO:colcon.colcon_ros.task.ament_cmake.build:Building ROS package in '/home/aaron/workspaces/cliffhangers_ws/src/climbing_robot_3_moveit' with build type 'ament_cmake'
[0.201s] INFO:colcon.colcon_cmake.task.cmake.build:Building CMake package in '/home/aaron/workspaces/cliffhangers_ws/src/climbing_robot_3_moveit'
[0.201s] INFO:colcon.colcon_core.shell:Skip shell extension 'powershell' for command environment: Not usable outside of PowerShell
[0.201s] DEBUG:colcon.colcon_core.shell:Skip shell extension 'dsv' for command environment
[0.204s] INFO:colcon.colcon_ros.task.ament_python.build:Building ROS package in '/home/aaron/workspaces/cliffhangers_ws/src/esp_comms' with build type 'ament_python'
[0.204s] Level 1:colcon.colcon_core.shell:create_environment_hook('esp_comms', 'ament_prefix_path')
[0.204s] INFO:colcon.colcon_core.shell:Creating environment hook '/home/aaron/workspaces/cliffhangers_ws/install/esp_comms/share/esp_comms/hook/ament_prefix_path.ps1'
[0.204s] INFO:colcon.colcon_core.shell:Creating environment descriptor '/home/aaron/workspaces/cliffhangers_ws/install/esp_comms/share/esp_comms/hook/ament_prefix_path.dsv'
[0.205s] INFO:colcon.colcon_core.shell:Creating environment hook '/home/aaron/workspaces/cliffhangers_ws/install/esp_comms/share/esp_comms/hook/ament_prefix_path.sh'
[0.205s] INFO:colcon.colcon_core.shell:Skip shell extension 'powershell' for command environment: Not usable outside of PowerShell
[0.205s] DEBUG:colcon.colcon_core.shell:Skip shell extension 'dsv' for command environment
[0.208s] INFO:colcon.colcon_ros.task.ament_python.build:Building ROS package in '/home/aaron/workspaces/cliffhangers_ws/src/realsense_pointcloud' with build type 'ament_python'
[0.208s] Level 1:colcon.colcon_core.shell:create_environment_hook('realsense_pointcloud_py', 'ament_prefix_path')
[0.208s] INFO:colcon.colcon_core.shell:Creating environment hook '/home/aaron/workspaces/cliffhangers_ws/install/realsense_pointcloud_py/share/realsense_pointcloud_py/hook/ament_prefix_path.ps1'
[0.209s] INFO:colcon.colcon_core.shell:Creating environment descriptor '/home/aaron/workspaces/cliffhangers_ws/install/realsense_pointcloud_py/share/realsense_pointcloud_py/hook/ament_prefix_path.dsv'
[0.209s] INFO:colcon.colcon_core.shell:Creating environment hook '/home/aaron/workspaces/cliffhangers_ws/install/realsense_pointcloud_py/share/realsense_pointcloud_py/hook/ament_prefix_path.sh'
[0.209s] INFO:colcon.colcon_core.shell:Skip shell extension 'powershell' for command environment: Not usable outside of PowerShell
[0.209s] DEBUG:colcon.colcon_core.shell:Skip shell extension 'dsv' for command environment
[0.215s] DEBUG:colcon.colcon_core.event_handler.log_command:Invoking command in '/home/aaron/workspaces/cliffhangers_ws/build/climbbot3_description': CMAKE_PREFIX_PATH=${CMAKE_PREFIX_PATH}:/opt/ros/jazzy DEBUGINFOD_URLS=https://debuginfod.ubuntu.com /usr/bin/cmake --build /home/aaron/workspaces/cliffhangers_ws/build/climbbot3_description -- -j8 -l8
[0.216s] DEBUG:colcon.colcon_core.event_handler.log_command:Invoking command in '/home/aaron/workspaces/cliffhangers_ws/build/climbbot3_gz': CMAKE_PREFIX_PATH=${CMAKE_PREFIX_PATH}:/opt/ros/jazzy DEBUGINFOD_URLS=https://debuginfod.ubuntu.com /usr/bin/cmake /home/aaron/workspaces/cliffhangers_ws/src/climbbot3_gz -DCMAKE_INSTALL_PREFIX=/home/aaron/workspaces/cliffhangers_ws/install/climbbot3_gz
[0.217s] DEBUG:colcon.colcon_core.event_handler.log_command:Invoking command in '/home/aaron/workspaces/cliffhangers_ws/build/climbing_robot_3_moveit': CMAKE_PREFIX_PATH=${CMAKE_PREFIX_PATH}:/opt/ros/jazzy DEBUGINFOD_URLS=https://debuginfod.ubuntu.com /usr/bin/cmake --build /home/aaron/workspaces/cliffhangers_ws/build/climbing_robot_3_moveit -- -j8 -l8
[0.391s] INFO:colcon.colcon_core.task.python.build:Building Python package in '/home/aaron/workspaces/cliffhangers_ws/src/esp_comms'
[0.391s] INFO:colcon.colcon_core.shell:Skip shell extension 'powershell' for command environment: Not usable outside of PowerShell
[0.391s] DEBUG:colcon.colcon_core.shell:Skip shell extension 'dsv' for command environment
[0.397s] DEBUG:colcon.colcon_core.event_handler.log_command:Invoked command in '/home/aaron/workspaces/cliffhangers_ws/build/climbbot3_description' returned '0': CMAKE_PREFIX_PATH=${CMAKE_PREFIX_PATH}:/opt/ros/jazzy DEBUGINFOD_URLS=https://debuginfod.ubuntu.com /usr/bin/cmake --build /home/aaron/workspaces/cliffhangers_ws/build/climbbot3_description -- -j8 -l8
[0.414s] DEBUG:colcon.colcon_core.event_handler.log_command:Invoking command in '/home/aaron/workspaces/cliffhangers_ws/build/climbbot3_description': CMAKE_PREFIX_PATH=${CMAKE_PREFIX_PATH}:/opt/ros/jazzy DEBUGINFOD_URLS=https://debuginfod.ubuntu.com /usr/bin/cmake --install /home/aaron/workspaces/cliffhangers_ws/build/climbbot3_description
[0.593s] INFO:colcon.colcon_core.task.python.build:Building Python package in '/home/aaron/workspaces/cliffhangers_ws/src/realsense_pointcloud'
[0.593s] INFO:colcon.colcon_core.shell:Skip shell extension 'powershell' for command environment: Not usable outside of PowerShell
[0.593s] DEBUG:colcon.colcon_core.shell:Skip shell extension 'dsv' for command environment
[0.602s] DEBUG:colcon.colcon_core.event_handler.log_command:Invoked command in '/home/aaron/workspaces/cliffhangers_ws/build/climbing_robot_3_moveit' returned '0': CMAKE_PREFIX_PATH=${CMAKE_PREFIX_PATH}:/opt/ros/jazzy DEBUGINFOD_URLS=https://debuginfod.ubuntu.com /usr/bin/cmake --build /home/aaron/workspaces/cliffhangers_ws/build/climbing_robot_3_moveit -- -j8 -l8
[0.609s] DEBUG:colcon.colcon_core.event_handler.log_command:Invoking command in '/home/aaron/workspaces/cliffhangers_ws/build/climbing_robot_3_moveit': CMAKE_PREFIX_PATH=${CMAKE_PREFIX_PATH}:/opt/ros/jazzy DEBUGINFOD_URLS=https://debuginfod.ubuntu.com /usr/bin/cmake --install /home/aaron/workspaces/cliffhangers_ws/build/climbing_robot_3_moveit
[0.615s] Level 1:colcon.colcon_core.environment:create_environment_scripts_only(climbbot3_description)
[0.618s] DEBUG:colcon.colcon_core.event_handler.log_command:Invoked command in '/home/aaron/workspaces/cliffhangers_ws/build/climbbot3_description' returned '0': CMAKE_PREFIX_PATH=${CMAKE_PREFIX_PATH}:/opt/ros/jazzy DEBUGINFOD_URLS=https://debuginfod.ubuntu.com /usr/bin/cmake --install /home/aaron/workspaces/cliffhangers_ws/build/climbbot3_description
[0.619s] Level 1:colcon.colcon_core.environment:checking '/home/aaron/workspaces/cliffhangers_ws/install/climbbot3_description' for CMake module files
[0.620s] Level 1:colcon.colcon_core.environment:checking '/home/aaron/workspaces/cliffhangers_ws/install/climbbot3_description' for CMake config files
[0.620s] Level 1:colcon.colcon_core.shell:create_environment_hook('climbbot3_description', 'cmake_prefix_path')
[0.620s] INFO:colcon.colcon_core.shell:Creating environment hook '/home/aaron/workspaces/cliffhangers_ws/install/climbbot3_description/share/climbbot3_description/hook/cmake_prefix_path.ps1'
[0.620s] INFO:colcon.colcon_core.shell:Creating environment descriptor '/home/aaron/workspaces/cliffhangers_ws/install/climbbot3_description/share/climbbot3_description/hook/cmake_prefix_path.dsv'
[0.621s] INFO:colcon.colcon_core.shell:Creating environment hook '/home/aaron/workspaces/cliffhangers_ws/install/climbbot3_description/share/climbbot3_description/hook/cmake_prefix_path.sh'
[0.621s] Level 1:colcon.colcon_core.environment:checking '/home/aaron/workspaces/cliffhangers_ws/install/climbbot3_description/bin'
[0.621s] Level 1:colcon.colcon_core.environment:checking '/home/aaron/workspaces/cliffhangers_ws/install/climbbot3_description/lib/pkgconfig/climbbot3_description.pc'
[0.622s] Level 1:colcon.colcon_core.environment:checking '/home/aaron/workspaces/cliffhangers_ws/install/climbbot3_description/lib/python3.12/site-packages'
[0.622s] Level 1:colcon.colcon_core.environment:checking '/home/aaron/workspaces/cliffhangers_ws/install/climbbot3_description/bin'
[0.622s] INFO:colcon.colcon_core.shell:Creating package script '/home/aaron/workspaces/cliffhangers_ws/install/climbbot3_description/share/climbbot3_description/package.ps1'
[0.623s] INFO:colcon.colcon_core.shell:Creating package descriptor '/home/aaron/workspaces/cliffhangers_ws/install/climbbot3_description/share/climbbot3_description/package.dsv'
[0.623s] INFO:colcon.colcon_core.shell:Creating package script '/home/aaron/workspaces/cliffhangers_ws/install/climbbot3_description/share/climbbot3_description/package.sh'
[0.624s] INFO:colcon.colcon_core.shell:Creating package script '/home/aaron/workspaces/cliffhangers_ws/install/climbbot3_description/share/climbbot3_description/package.bash'
[0.625s] INFO:colcon.colcon_core.shell:Creating package script '/home/aaron/workspaces/cliffhangers_ws/install/climbbot3_description/share/climbbot3_description/package.zsh'
[0.625s] Level 1:colcon.colcon_core.environment:create_file_with_runtime_dependencies(/home/aaron/workspaces/cliffhangers_ws/install/climbbot3_description/share/colcon-core/packages/climbbot3_description)
[0.626s] Level 1:colcon.colcon_core.environment:create_environment_scripts_only(climbbot3_description)
[0.626s] Level 1:colcon.colcon_core.environment:checking '/home/aaron/workspaces/cliffhangers_ws/install/climbbot3_description' for CMake module files
[0.626s] Level 1:colcon.colcon_core.environment:checking '/home/aaron/workspaces/cliffhangers_ws/install/climbbot3_description' for CMake config files
[0.626s] Level 1:colcon.colcon_core.shell:create_environment_hook('climbbot3_description', 'cmake_prefix_path')
[0.627s] INFO:colcon.colcon_core.shell:Creating environment hook '/home/aaron/workspaces/cliffhangers_ws/install/climbbot3_description/share/climbbot3_description/hook/cmake_prefix_path.ps1'
[0.627s] INFO:colcon.colcon_core.shell:Creating environment descriptor '/home/aaron/workspaces/cliffhangers_ws/install/climbbot3_description/share/climbbot3_description/hook/cmake_prefix_path.dsv'
[0.627s] INFO:colcon.colcon_core.shell:Creating environment hook '/home/aaron/workspaces/cliffhangers_ws/install/climbbot3_description/share/climbbot3_description/hook/cmake_prefix_path.sh'
[0.628s] Level 1:colcon.colcon_core.environment:checking '/home/aaron/workspaces/cliffhangers_ws/install/climbbot3_description/bin'
[0.628s] Level 1:colcon.colcon_core.environment:checking '/home/aaron/workspaces/cliffhangers_ws/install/climbbot3_description/lib/pkgconfig/climbbot3_description.pc'
[0.628s] Level 1:colcon.colcon_core.environment:checking '/home/aaron/workspaces/cliffhangers_ws/install/climbbot3_description/lib/python3.12/site-packages'
[0.628s] Level 1:colcon.colcon_core.environment:checking '/home/aaron/workspaces/cliffhangers_ws/install/climbbot3_description/bin'
[0.628s] INFO:colcon.colcon_core.shell:Creating package script '/home/aaron/workspaces/cliffhangers_ws/install/climbbot3_description/share/climbbot3_description/package.ps1'
[0.629s] INFO:colcon.colcon_core.shell:Creating package descriptor '/home/aaron/workspaces/cliffhangers_ws/install/climbbot3_description/share/climbbot3_description/package.dsv'
[0.629s] INFO:colcon.colcon_core.shell:Creating package script '/home/aaron/workspaces/cliffhangers_ws/install/climbbot3_description/share/climbbot3_description/package.sh'
[0.630s] INFO:colcon.colcon_core.shell:Creating package script '/home/aaron/workspaces/cliffhangers_ws/install/climbbot3_description/share/climbbot3_description/package.bash'
[0.630s] INFO:colcon.colcon_core.shell:Creating package script '/home/aaron/workspaces/cliffhangers_ws/install/climbbot3_description/share/climbbot3_description/package.zsh'
[0.630s] Level 1:colcon.colcon_core.environment:create_file_with_runtime_dependencies(/home/aaron/workspaces/cliffhangers_ws/install/climbbot3_description/share/colcon-core/packages/climbbot3_description)
[0.632s] INFO:colcon.colcon_ros.task.ament_cmake.build:Building ROS package in '/home/aaron/workspaces/cliffhangers_ws/src/climbbot3_moveit' with build type 'ament_cmake'
[0.632s] INFO:colcon.colcon_cmake.task.cmake.build:Building CMake package in '/home/aaron/workspaces/cliffhangers_ws/src/climbbot3_moveit'
[0.632s] INFO:colcon.colcon_core.shell:Skip shell extension 'powershell' for command environment: Not usable outside of PowerShell
[0.633s] DEBUG:colcon.colcon_core.shell:Skip shell extension 'dsv' for command environment
[0.637s] Level 1:colcon.colcon_core.environment:create_environment_scripts_only(climbing_robot_3_moveit)
[0.637s] Level 1:colcon.colcon_core.environment:checking '/home/aaron/workspaces/cliffhangers_ws/install/climbing_robot_3_moveit' for CMake module files
[0.638s] Level 1:colcon.colcon_core.environment:checking '/home/aaron/workspaces/cliffhangers_ws/install/climbing_robot_3_moveit' for CMake config files
[0.638s] Level 1:colcon.colcon_core.shell:create_environment_hook('climbing_robot_3_moveit', 'cmake_prefix_path')
[0.638s] INFO:colcon.colcon_core.shell:Creating environment hook '/home/aaron/workspaces/cliffhangers_ws/install/climbing_robot_3_moveit/share/climbing_robot_3_moveit/hook/cmake_prefix_path.ps1'
[0.639s] DEBUG:colcon.colcon_core.event_handler.log_command:Invoked command in '/home/aaron/workspaces/cliffhangers_ws/build/climbing_robot_3_moveit' returned '0': CMAKE_PREFIX_PATH=${CMAKE_PREFIX_PATH}:/opt/ros/jazzy DEBUGINFOD_URLS=https://debuginfod.ubuntu.com /usr/bin/cmake --install /home/aaron/workspaces/cliffhangers_ws/build/climbing_robot_3_moveit
[0.639s] INFO:colcon.colcon_core.shell:Creating environment descriptor '/home/aaron/workspaces/cliffhangers_ws/install/climbing_robot_3_moveit/share/climbing_robot_3_moveit/hook/cmake_prefix_path.dsv'
[0.640s] INFO:colcon.colcon_core.shell:Creating environment hook '/home/aaron/workspaces/cliffhangers_ws/install/climbing_robot_3_moveit/share/climbing_robot_3_moveit/hook/cmake_prefix_path.sh'
[0.640s] Level 1:colcon.colcon_core.environment:checking '/home/aaron/workspaces/cliffhangers_ws/install/climbing_robot_3_moveit/bin'
[0.640s] Level 1:colcon.colcon_core.environment:checking '/home/aaron/workspaces/cliffhangers_ws/install/climbing_robot_3_moveit/lib/pkgconfig/climbing_robot_3_moveit.pc'
[0.641s] Level 1:colcon.colcon_core.environment:checking '/home/aaron/workspaces/cliffhangers_ws/install/climbing_robot_3_moveit/lib/python3.12/site-packages'
[0.641s] Level 1:colcon.colcon_core.environment:checking '/home/aaron/workspaces/cliffhangers_ws/install/climbing_robot_3_moveit/bin'
[0.641s] INFO:colcon.colcon_core.shell:Creating package script '/home/aaron/workspaces/cliffhangers_ws/install/climbing_robot_3_moveit/share/climbing_robot_3_moveit/package.ps1'
[0.642s] INFO:colcon.colcon_core.shell:Creating package descriptor '/home/aaron/workspaces/cliffhangers_ws/install/climbing_robot_3_moveit/share/climbing_robot_3_moveit/package.dsv'
[0.642s] INFO:colcon.colcon_core.shell:Creating package script '/home/aaron/workspaces/cliffhangers_ws/install/climbing_robot_3_moveit/share/climbing_robot_3_moveit/package.sh'
[0.643s] INFO:colcon.colcon_core.shell:Creating package script '/home/aaron/workspaces/cliffhangers_ws/install/climbing_robot_3_moveit/share/climbing_robot_3_moveit/package.bash'
[0.643s] INFO:colcon.colcon_core.shell:Creating package script '/home/aaron/workspaces/cliffhangers_ws/install/climbing_robot_3_moveit/share/climbing_robot_3_moveit/package.zsh'
[0.643s] Level 1:colcon.colcon_core.environment:create_file_with_runtime_dependencies(/home/aaron/workspaces/cliffhangers_ws/install/climbing_robot_3_moveit/share/colcon-core/packages/climbing_robot_3_moveit)
[0.644s] Level 1:colcon.colcon_core.environment:create_environment_scripts_only(climbing_robot_3_moveit)
[0.644s] Level 1:colcon.colcon_core.environment:checking '/home/aaron/workspaces/cliffhangers_ws/install/climbing_robot_3_moveit' for CMake module files
[0.645s] Level 1:colcon.colcon_core.environment:checking '/home/aaron/workspaces/cliffhangers_ws/install/climbing_robot_3_moveit' for CMake config files
[0.645s] Level 1:colcon.colcon_core.shell:create_environment_hook('climbing_robot_3_moveit', 'cmake_prefix_path')
[0.645s] INFO:colcon.colcon_core.shell:Creating environment hook '/home/aaron/workspaces/cliffhangers_ws/install/climbing_robot_3_moveit/share/climbing_robot_3_moveit/hook/cmake_prefix_path.ps1'
[0.646s] INFO:colcon.colcon_core.shell:Creating environment descriptor '/home/aaron/workspaces/cliffhangers_ws/install/climbing_robot_3_moveit/share/climbing_robot_3_moveit/hook/cmake_prefix_path.dsv'
[0.646s] INFO:colcon.colcon_core.shell:Creating environment hook '/home/aaron/workspaces/cliffhangers_ws/install/climbing_robot_3_moveit/share/climbing_robot_3_moveit/hook/cmake_prefix_path.sh'
[0.646s] Level 1:colcon.colcon_core.environment:checking '/home/aaron/workspaces/cliffhangers_ws/install/climbing_robot_3_moveit/bin'
[0.647s] Level 1:colcon.colcon_core.environment:checking '/home/aaron/workspaces/cliffhangers_ws/install/climbing_robot_3_moveit/lib/pkgconfig/climbing_robot_3_moveit.pc'
[0.647s] Level 1:colcon.colcon_core.environment:checking '/home/aaron/workspaces/cliffhangers_ws/install/climbing_robot_3_moveit/lib/python3.12/site-packages'
[0.647s] Level 1:colcon.colcon_core.environment:checking '/home/aaron/workspaces/cliffhangers_ws/install/climbing_robot_3_moveit/bin'
[0.647s] INFO:colcon.colcon_core.shell:Creating package script '/home/aaron/workspaces/cliffhangers_ws/install/climbing_robot_3_moveit/share/climbing_robot_3_moveit/package.ps1'
[0.649s] INFO:colcon.colcon_core.shell:Creating package descriptor '/home/aaron/workspaces/cliffhangers_ws/install/climbing_robot_3_moveit/share/climbing_robot_3_moveit/package.dsv'
[0.649s] INFO:colcon.colcon_core.shell:Creating package script '/home/aaron/workspaces/cliffhangers_ws/install/climbing_robot_3_moveit/share/climbing_robot_3_moveit/package.sh'
[0.650s] INFO:colcon.colcon_core.shell:Creating package script '/home/aaron/workspaces/cliffhangers_ws/install/climbing_robot_3_moveit/share/climbing_robot_3_moveit/package.bash'
[0.650s] INFO:colcon.colcon_core.shell:Creating package script '/home/aaron/workspaces/cliffhangers_ws/install/climbing_robot_3_moveit/share/climbing_robot_3_moveit/package.zsh'
[0.650s] Level 1:colcon.colcon_core.environment:create_file_with_runtime_dependencies(/home/aaron/workspaces/cliffhangers_ws/install/climbing_robot_3_moveit/share/colcon-core/packages/climbing_robot_3_moveit)
[0.654s] DEBUG:colcon.colcon_core.event_handler.log_command:Invoking command in '/home/aaron/workspaces/cliffhangers_ws/build/climbbot3_moveit': AMENT_PREFIX_PATH=/home/aaron/workspaces/cliffhangers_ws/install/climbbot3_description:${AMENT_PREFIX_PATH} CMAKE_PREFIX_PATH=/home/aaron/workspaces/cliffhangers_ws/install/climbbot3_description:/opt/ros/jazzy/opt/gz_math_vendor:/opt/ros/jazzy/opt/gz_utils_vendor:/opt/ros/jazzy/opt/gz_cmake_vendor:/opt/ros/jazzy DEBUGINFOD_URLS=https://debuginfod.ubuntu.com /usr/bin/cmake /home/aaron/workspaces/cliffhangers_ws/src/climbbot3_moveit -DCMAKE_INSTALL_PREFIX=/home/aaron/workspaces/cliffhangers_ws/install/climbbot3_moveit
[1.111s] DEBUG:colcon.colcon_core.event_handler.log_command:Invoking command in '/home/aaron/workspaces/cliffhangers_ws/src/realsense_pointcloud': DEBUGINFOD_URLS=https://debuginfod.ubuntu.com PYTHONPATH=/home/aaron/workspaces/cliffhangers_ws/build/realsense_pointcloud_py/prefix_override:/usr/lib/python3/dist-packages/colcon_core/task/python/colcon_distutils_commands:/home/aaron/workspaces/cliffhangers_ws/install/realsense_pointcloud_py/lib/python3.12/site-packages:${PYTHONPATH} /usr/bin/python3 -W ignore:setup.py install is deprecated -W ignore:easy_install command is deprecated setup.py egg_info --egg-base ../../build/realsense_pointcloud_py build --build-base /home/aaron/workspaces/cliffhangers_ws/build/realsense_pointcloud_py/build install --record /home/aaron/workspaces/cliffhangers_ws/build/realsense_pointcloud_py/install.log --single-version-externally-managed install_data
[1.155s] DEBUG:colcon.colcon_core.event_handler.log_command:Invoking command in '/home/aaron/workspaces/cliffhangers_ws/src/esp_comms': DEBUGINFOD_URLS=https://debuginfod.ubuntu.com PYTHONPATH=/home/aaron/workspaces/cliffhangers_ws/build/esp_comms/prefix_override:/usr/lib/python3/dist-packages/colcon_core/task/python/colcon_distutils_commands:/home/aaron/workspaces/cliffhangers_ws/install/esp_comms/lib/python3.12/site-packages:${PYTHONPATH} /usr/bin/python3 -W ignore:setup.py install is deprecated -W ignore:easy_install command is deprecated setup.py egg_info --egg-base ../../build/esp_comms build --build-base /home/aaron/workspaces/cliffhangers_ws/build/esp_comms/build install --record /home/aaron/workspaces/cliffhangers_ws/build/esp_comms/install.log --single-version-externally-managed install_data
[1.227s] DEBUG:colcon.colcon_core.event_handler.log_command:Invoked command in '/home/aaron/workspaces/cliffhangers_ws/build/climbbot3_gz' returned '1': CMAKE_PREFIX_PATH=${CMAKE_PREFIX_PATH}:/opt/ros/jazzy DEBUGINFOD_URLS=https://debuginfod.ubuntu.com /usr/bin/cmake /home/aaron/workspaces/cliffhangers_ws/src/climbbot3_gz -DCMAKE_INSTALL_PREFIX=/home/aaron/workspaces/cliffhangers_ws/install/climbbot3_gz
[1.236s] Level 1:colcon.colcon_core.environment:create_environment_scripts_only(climbbot3_gz)
[1.237s] Level 1:colcon.colcon_core.environment:checking '/home/aaron/workspaces/cliffhangers_ws/install/climbbot3_gz' for CMake module files
[1.237s] Level 1:colcon.colcon_core.environment:checking '/home/aaron/workspaces/cliffhangers_ws/install/climbbot3_gz' for CMake config files
[1.238s] Level 1:colcon.colcon_core.environment:checking '/home/aaron/workspaces/cliffhangers_ws/install/climbbot3_gz/bin'
[1.238s] Level 1:colcon.colcon_core.environment:checking '/home/aaron/workspaces/cliffhangers_ws/install/climbbot3_gz/lib/pkgconfig/climbbot3_gz.pc'
[1.238s] Level 1:colcon.colcon_core.environment:checking '/home/aaron/workspaces/cliffhangers_ws/install/climbbot3_gz/lib/python3.12/site-packages'
[1.238s] Level 1:colcon.colcon_core.environment:checking '/home/aaron/workspaces/cliffhangers_ws/install/climbbot3_gz/bin'
[1.239s] INFO:colcon.colcon_core.shell:Creating package script '/home/aaron/workspaces/cliffhangers_ws/install/climbbot3_gz/share/climbbot3_gz/package.ps1'
[1.239s] INFO:colcon.colcon_core.shell:Creating package descriptor '/home/aaron/workspaces/cliffhangers_ws/install/climbbot3_gz/share/climbbot3_gz/package.dsv'
[1.239s] INFO:colcon.colcon_core.shell:Creating package script '/home/aaron/workspaces/cliffhangers_ws/install/climbbot3_gz/share/climbbot3_gz/package.sh'
[1.240s] INFO:colcon.colcon_core.shell:Creating package script '/home/aaron/workspaces/cliffhangers_ws/install/climbbot3_gz/share/climbbot3_gz/package.bash'
[1.240s] INFO:colcon.colcon_core.shell:Creating package script '/home/aaron/workspaces/cliffhangers_ws/install/climbbot3_gz/share/climbbot3_gz/package.zsh'
[1.240s] Level 1:colcon.colcon_core.environment:create_file_with_runtime_dependencies(/home/aaron/workspaces/cliffhangers_ws/install/climbbot3_gz/share/colcon-core/packages/climbbot3_gz)
[1.602s] DEBUG:colcon.colcon_parallel_executor.executor.parallel:closing loop
[1.602s] DEBUG:colcon.colcon_parallel_executor.executor.parallel:loop closed
[1.602s] DEBUG:colcon.colcon_parallel_executor.executor.parallel:run_until_complete finished with '1'
[1.602s] DEBUG:colcon.colcon_core.event_reactor:joining thread
[1.614s] INFO:colcon.colcon_core.plugin_system:Skipping extension 'colcon_notification.desktop_notification.terminal_notifier': Not used on non-Darwin systems
[1.614s] INFO:colcon.colcon_core.plugin_system:Skipping extension 'colcon_notification.desktop_notification.win32': Not used on non-Windows systems
[1.614s] INFO:colcon.colcon_notification.desktop_notification:Sending desktop notification using 'notify2'
[1.637s] DEBUG:colcon.colcon_core.event_reactor:joined thread
[1.637s] INFO:colcon.colcon_core.shell:Creating prefix script '/home/aaron/workspaces/cliffhangers_ws/install/local_setup.ps1'
[1.639s] INFO:colcon.colcon_core.shell:Creating prefix util module '/home/aaron/workspaces/cliffhangers_ws/install/_local_setup_util_ps1.py'
[1.642s] INFO:colcon.colcon_core.shell:Creating prefix chain script '/home/aaron/workspaces/cliffhangers_ws/install/setup.ps1'
[1.644s] INFO:colcon.colcon_core.shell:Creating prefix script '/home/aaron/workspaces/cliffhangers_ws/install/local_setup.sh'
[1.645s] INFO:colcon.colcon_core.shell:Creating prefix util module '/home/aaron/workspaces/cliffhangers_ws/install/_local_setup_util_sh.py'
[1.647s] INFO:colcon.colcon_core.shell:Creating prefix chain script '/home/aaron/workspaces/cliffhangers_ws/install/setup.sh'
[1.649s] INFO:colcon.colcon_core.shell:Creating prefix script '/home/aaron/workspaces/cliffhangers_ws/install/local_setup.bash'
[1.650s] INFO:colcon.colcon_core.shell:Creating prefix chain script '/home/aaron/workspaces/cliffhangers_ws/install/setup.bash'
[1.652s] INFO:colcon.colcon_core.shell:Creating prefix script '/home/aaron/workspaces/cliffhangers_ws/install/local_setup.zsh'
[1.653s] INFO:colcon.colcon_core.shell:Creating prefix chain script '/home/aaron/workspaces/cliffhangers_ws/install/setup.zsh'
