running egg_info
creating ../../build/esp_comms/esp_comms.egg-info
writing ../../build/esp_comms/esp_comms.egg-info/PKG-INFO
writing dependency_links to ../../build/esp_comms/esp_comms.egg-info/dependency_links.txt
writing entry points to ../../build/esp_comms/esp_comms.egg-info/entry_points.txt
writing requirements to ../../build/esp_comms/esp_comms.egg-info/requires.txt
writing top-level names to ../../build/esp_comms/esp_comms.egg-info/top_level.txt
writing manifest file '../../build/esp_comms/esp_comms.egg-info/SOURCES.txt'
reading manifest file '../../build/esp_comms/esp_comms.egg-info/SOURCES.txt'
writing manifest file '../../build/esp_comms/esp_comms.egg-info/SOURCES.txt'
running build
running build_py
creating /home/aaron/workspaces/cliffhangers_ws/build/esp_comms/build
creating /home/aaron/workspaces/cliffhangers_ws/build/esp_comms/build/lib
creating /home/aaron/workspaces/cliffhangers_ws/build/esp_comms/build/lib/esp_comms
copying esp_comms/rpi_esp_comms.py -> /home/aaron/workspaces/cliffhangers_ws/build/esp_comms/build/lib/esp_comms
copying esp_comms/__init__.py -> /home/aaron/workspaces/cliffhangers_ws/build/esp_comms/build/lib/esp_comms
running install
running install_lib
creating /home/aaron/workspaces/cliffhangers_ws/install/esp_comms/lib/python3.12/site-packages/esp_comms
copying /home/aaron/workspaces/cliffhangers_ws/build/esp_comms/build/lib/esp_comms/rpi_esp_comms.py -> /home/aaron/workspaces/cliffhangers_ws/install/esp_comms/lib/python3.12/site-packages/esp_comms
copying /home/aaron/workspaces/cliffhangers_ws/build/esp_comms/build/lib/esp_comms/__init__.py -> /home/aaron/workspaces/cliffhangers_ws/install/esp_comms/lib/python3.12/site-packages/esp_comms
byte-compiling /home/aaron/workspaces/cliffhangers_ws/install/esp_comms/lib/python3.12/site-packages/esp_comms/rpi_esp_comms.py to rpi_esp_comms.cpython-312.pyc
byte-compiling /home/aaron/workspaces/cliffhangers_ws/install/esp_comms/lib/python3.12/site-packages/esp_comms/__init__.py to __init__.cpython-312.pyc
running install_data
creating /home/aaron/workspaces/cliffhangers_ws/install/esp_comms/share/ament_index
creating /home/aaron/workspaces/cliffhangers_ws/install/esp_comms/share/ament_index/resource_index
creating /home/aaron/workspaces/cliffhangers_ws/install/esp_comms/share/ament_index/resource_index/packages
copying resource/esp_comms -> /home/aaron/workspaces/cliffhangers_ws/install/esp_comms/share/ament_index/resource_index/packages
copying package.xml -> /home/aaron/workspaces/cliffhangers_ws/install/esp_comms/share/esp_comms
running install_egg_info
Copying ../../build/esp_comms/esp_comms.egg-info to /home/aaron/workspaces/cliffhangers_ws/install/esp_comms/lib/python3.12/site-packages/esp_comms-0.0.0-py3.12.egg-info
running install_scripts
Installing rpi_esp_comms script to /home/aaron/workspaces/cliffhangers_ws/install/esp_comms/lib/esp_comms
writing list of installed files to '/home/aaron/workspaces/cliffhangers_ws/build/esp_comms/install.log'
