[0.498s] Invoking command in '/home/aaron/workspaces/cliffhangers_ws/src/esp_comms': DEBUGINFOD_URLS=https://debuginfod.ubuntu.com PS1=\[\e]0;\u@\h: \w\a\]${debian_chroot:+($debian_chroot)}\[\033[01;32m\]\u@\h\[\033[00m\]:\[\033[01;34m\]\w\[\033[00m\]\$ PYTHONPATH=/home/aaron/workspaces/cliffhangers_ws/build/esp_comms/prefix_override:/usr/lib/python3/dist-packages/colcon_core/task/python/colcon_distutils_commands:/home/aaron/workspaces/cliffhangers_ws/install/esp_comms/lib/python3.12/site-packages:${PYTHONPATH} /usr/bin/python3 -W ignore:setup.py install is deprecated -W ignore:easy_install command is deprecated setup.py egg_info --egg-base ../../build/esp_comms build --build-base /home/aaron/workspaces/cliffhangers_ws/build/esp_comms/build install --record /home/aaron/workspaces/cliffhangers_ws/build/esp_comms/install.log --single-version-externally-managed install_data
[0.663s] running egg_info
[0.664s] creating ../../build/esp_comms/esp_comms.egg-info
[0.674s] writing ../../build/esp_comms/esp_comms.egg-info/PKG-INFO
[0.674s] writing dependency_links to ../../build/esp_comms/esp_comms.egg-info/dependency_links.txt
[0.674s] writing entry points to ../../build/esp_comms/esp_comms.egg-info/entry_points.txt
[0.674s] writing requirements to ../../build/esp_comms/esp_comms.egg-info/requires.txt
[0.674s] writing top-level names to ../../build/esp_comms/esp_comms.egg-info/top_level.txt
[0.674s] writing manifest file '../../build/esp_comms/esp_comms.egg-info/SOURCES.txt'
[0.698s] reading manifest file '../../build/esp_comms/esp_comms.egg-info/SOURCES.txt'
[0.698s] writing manifest file '../../build/esp_comms/esp_comms.egg-info/SOURCES.txt'
[0.699s] running build
[0.699s] running build_py
[0.699s] creating /home/aaron/workspaces/cliffhangers_ws/build/esp_comms/build
[0.699s] creating /home/aaron/workspaces/cliffhangers_ws/build/esp_comms/build/lib
[0.699s] creating /home/aaron/workspaces/cliffhangers_ws/build/esp_comms/build/lib/esp_comms
[0.699s] copying esp_comms/rpi_esp_comms.py -> /home/aaron/workspaces/cliffhangers_ws/build/esp_comms/build/lib/esp_comms
[0.699s] copying esp_comms/__init__.py -> /home/aaron/workspaces/cliffhangers_ws/build/esp_comms/build/lib/esp_comms
[0.699s] running install
[0.702s] running install_lib
[0.714s] creating /home/aaron/workspaces/cliffhangers_ws/install/esp_comms/lib/python3.12/site-packages/esp_comms
[0.715s] copying /home/aaron/workspaces/cliffhangers_ws/build/esp_comms/build/lib/esp_comms/rpi_esp_comms.py -> /home/aaron/workspaces/cliffhangers_ws/install/esp_comms/lib/python3.12/site-packages/esp_comms
[0.715s] copying /home/aaron/workspaces/cliffhangers_ws/build/esp_comms/build/lib/esp_comms/__init__.py -> /home/aaron/workspaces/cliffhangers_ws/install/esp_comms/lib/python3.12/site-packages/esp_comms
[0.715s] byte-compiling /home/aaron/workspaces/cliffhangers_ws/install/esp_comms/lib/python3.12/site-packages/esp_comms/rpi_esp_comms.py to rpi_esp_comms.cpython-312.pyc
[0.717s] byte-compiling /home/aaron/workspaces/cliffhangers_ws/install/esp_comms/lib/python3.12/site-packages/esp_comms/__init__.py to __init__.cpython-312.pyc
[0.717s] running install_data
[0.717s] creating /home/aaron/workspaces/cliffhangers_ws/install/esp_comms/share/ament_index
[0.717s] creating /home/aaron/workspaces/cliffhangers_ws/install/esp_comms/share/ament_index/resource_index
[0.717s] creating /home/aaron/workspaces/cliffhangers_ws/install/esp_comms/share/ament_index/resource_index/packages
[0.718s] copying resource/esp_comms -> /home/aaron/workspaces/cliffhangers_ws/install/esp_comms/share/ament_index/resource_index/packages
[0.718s] copying package.xml -> /home/aaron/workspaces/cliffhangers_ws/install/esp_comms/share/esp_comms
[0.718s] running install_egg_info
[0.730s] Copying ../../build/esp_comms/esp_comms.egg-info to /home/aaron/workspaces/cliffhangers_ws/install/esp_comms/lib/python3.12/site-packages/esp_comms-0.0.0-py3.12.egg-info
[0.730s] running install_scripts
[0.807s] Installing rpi_esp_comms script to /home/aaron/workspaces/cliffhangers_ws/install/esp_comms/lib/esp_comms
[0.807s] writing list of installed files to '/home/aaron/workspaces/cliffhangers_ws/build/esp_comms/install.log'
[0.840s] Invoked command in '/home/aaron/workspaces/cliffhangers_ws/src/esp_comms' returned '0': DEBUGINFOD_URLS=https://debuginfod.ubuntu.com PS1=\[\e]0;\u@\h: \w\a\]${debian_chroot:+($debian_chroot)}\[\033[01;32m\]\u@\h\[\033[00m\]:\[\033[01;34m\]\w\[\033[00m\]\$ PYTHONPATH=/home/aaron/workspaces/cliffhangers_ws/build/esp_comms/prefix_override:/usr/lib/python3/dist-packages/colcon_core/task/python/colcon_distutils_commands:/home/aaron/workspaces/cliffhangers_ws/install/esp_comms/lib/python3.12/site-packages:${PYTHONPATH} /usr/bin/python3 -W ignore:setup.py install is deprecated -W ignore:easy_install command is deprecated setup.py egg_info --egg-base ../../build/esp_comms build --build-base /home/aaron/workspaces/cliffhangers_ws/build/esp_comms/build install --record /home/aaron/workspaces/cliffhangers_ws/build/esp_comms/install.log --single-version-externally-managed install_data
