[0.135s] Invoking command in '/home/aaron/workspaces/cliffhangers_ws/build/climbbot3_moveit': CMAKE_PREFIX_PATH=/home/aaron/workspaces/cliffhangers_ws/install/climbbot3_description:/home/aaron/workspaces/cliffhangers_ws/install/pymoveit2:/home/aaron/workspaces/cliffhangers_ws/install/climbing_robot_3_moveit:/home/aaron/workspaces/cliffhangers_ws/install/climbbot3_moveit:/home/aaron/workspaces/cliffhangers_ws/install/climbbot3_gz:/home/aaron/workspaces/automatic_ws/install/mycobot_moveit_config:/home/aaron/workspaces/automatic_ws/install/mycobot_gazebo:/home/aaron/workspaces/automatic_ws/install/mycobot_description:/home/aaron/workspaces/automatic_ws/install/mycobot_bringup:/home/aaron/workspaces/miniur5e_ws/install/ros2_aruco_interfaces:/home/aaron/workspaces/miniur5e_ws/install/mini_ur5e_moveit:/home/aaron/workspaces/miniur5e_ws/install/mini_ur5e:/opt/ros/jazzy/opt/gz_sim_vendor:/opt/ros/jazzy/opt/gz_sensors_vendor:/opt/ros/jazzy/opt/gz_physics_vendor:/opt/ros/jazzy/opt/sdformat_vendor:/opt/ros/jazzy/opt/gz_gui_vendor:/opt/ros/jazzy/opt/gz_transport_vendor:/opt/ros/jazzy/opt/gz_rendering_vendor:/opt/ros/jazzy/opt/gz_plugin_vendor:/opt/ros/jazzy/opt/gz_fuel_tools_vendor:/opt/ros/jazzy/opt/gz_msgs_vendor:/opt/ros/jazzy/opt/gz_common_vendor:/opt/ros/jazzy/opt/gz_math_vendor:/opt/ros/jazzy/opt/gz_utils_vendor:/opt/ros/jazzy/opt/gz_tools_vendor:/opt/ros/jazzy/opt/gz_ogre_next_vendor:/opt/ros/jazzy/opt/gz_dartsim_vendor:/opt/ros/jazzy/opt/gz_cmake_vendor:/home/aaron/workspaces/cliffhangers_ws/install/realsense_pointcloud_py:/home/aaron/workspaces/cliffhangers_ws/install/esp_comms:/home/aaron/workspaces/miniur5e_ws/install/ros2_aruco:/opt/ros/jazzy DEBUGINFOD_URLS=https://debuginfod.ubuntu.com PS1=\[\e]0;\u@\h: \w\a\]${debian_chroot:+($debian_chroot)}\[\033[01;32m\]\u@\h\[\033[00m\]:\[\033[01;34m\]\w\[\033[00m\]\$ /usr/bin/cmake --build /home/aaron/workspaces/cliffhangers_ws/build/climbbot3_moveit -- -j5 -l5
[0.172s] Invoked command in '/home/aaron/workspaces/cliffhangers_ws/build/climbbot3_moveit' returned '0': CMAKE_PREFIX_PATH=/home/aaron/workspaces/cliffhangers_ws/install/climbbot3_description:/home/aaron/workspaces/cliffhangers_ws/install/pymoveit2:/home/aaron/workspaces/cliffhangers_ws/install/climbing_robot_3_moveit:/home/aaron/workspaces/cliffhangers_ws/install/climbbot3_moveit:/home/aaron/workspaces/cliffhangers_ws/install/climbbot3_gz:/home/aaron/workspaces/automatic_ws/install/mycobot_moveit_config:/home/aaron/workspaces/automatic_ws/install/mycobot_gazebo:/home/aaron/workspaces/automatic_ws/install/mycobot_description:/home/aaron/workspaces/automatic_ws/install/mycobot_bringup:/home/aaron/workspaces/miniur5e_ws/install/ros2_aruco_interfaces:/home/aaron/workspaces/miniur5e_ws/install/mini_ur5e_moveit:/home/aaron/workspaces/miniur5e_ws/install/mini_ur5e:/opt/ros/jazzy/opt/gz_sim_vendor:/opt/ros/jazzy/opt/gz_sensors_vendor:/opt/ros/jazzy/opt/gz_physics_vendor:/opt/ros/jazzy/opt/sdformat_vendor:/opt/ros/jazzy/opt/gz_gui_vendor:/opt/ros/jazzy/opt/gz_transport_vendor:/opt/ros/jazzy/opt/gz_rendering_vendor:/opt/ros/jazzy/opt/gz_plugin_vendor:/opt/ros/jazzy/opt/gz_fuel_tools_vendor:/opt/ros/jazzy/opt/gz_msgs_vendor:/opt/ros/jazzy/opt/gz_common_vendor:/opt/ros/jazzy/opt/gz_math_vendor:/opt/ros/jazzy/opt/gz_utils_vendor:/opt/ros/jazzy/opt/gz_tools_vendor:/opt/ros/jazzy/opt/gz_ogre_next_vendor:/opt/ros/jazzy/opt/gz_dartsim_vendor:/opt/ros/jazzy/opt/gz_cmake_vendor:/home/aaron/workspaces/cliffhangers_ws/install/realsense_pointcloud_py:/home/aaron/workspaces/cliffhangers_ws/install/esp_comms:/home/aaron/workspaces/miniur5e_ws/install/ros2_aruco:/opt/ros/jazzy DEBUGINFOD_URLS=https://debuginfod.ubuntu.com PS1=\[\e]0;\u@\h: \w\a\]${debian_chroot:+($debian_chroot)}\[\033[01;32m\]\u@\h\[\033[00m\]:\[\033[01;34m\]\w\[\033[00m\]\$ /usr/bin/cmake --build /home/aaron/workspaces/cliffhangers_ws/build/climbbot3_moveit -- -j5 -l5
[0.173s] Invoking command in '/home/aaron/workspaces/cliffhangers_ws/build/climbbot3_moveit': CMAKE_PREFIX_PATH=/home/aaron/workspaces/cliffhangers_ws/install/climbbot3_description:/home/aaron/workspaces/cliffhangers_ws/install/pymoveit2:/home/aaron/workspaces/cliffhangers_ws/install/climbing_robot_3_moveit:/home/aaron/workspaces/cliffhangers_ws/install/climbbot3_moveit:/home/aaron/workspaces/cliffhangers_ws/install/climbbot3_gz:/home/aaron/workspaces/automatic_ws/install/mycobot_moveit_config:/home/aaron/workspaces/automatic_ws/install/mycobot_gazebo:/home/aaron/workspaces/automatic_ws/install/mycobot_description:/home/aaron/workspaces/automatic_ws/install/mycobot_bringup:/home/aaron/workspaces/miniur5e_ws/install/ros2_aruco_interfaces:/home/aaron/workspaces/miniur5e_ws/install/mini_ur5e_moveit:/home/aaron/workspaces/miniur5e_ws/install/mini_ur5e:/opt/ros/jazzy/opt/gz_sim_vendor:/opt/ros/jazzy/opt/gz_sensors_vendor:/opt/ros/jazzy/opt/gz_physics_vendor:/opt/ros/jazzy/opt/sdformat_vendor:/opt/ros/jazzy/opt/gz_gui_vendor:/opt/ros/jazzy/opt/gz_transport_vendor:/opt/ros/jazzy/opt/gz_rendering_vendor:/opt/ros/jazzy/opt/gz_plugin_vendor:/opt/ros/jazzy/opt/gz_fuel_tools_vendor:/opt/ros/jazzy/opt/gz_msgs_vendor:/opt/ros/jazzy/opt/gz_common_vendor:/opt/ros/jazzy/opt/gz_math_vendor:/opt/ros/jazzy/opt/gz_utils_vendor:/opt/ros/jazzy/opt/gz_tools_vendor:/opt/ros/jazzy/opt/gz_ogre_next_vendor:/opt/ros/jazzy/opt/gz_dartsim_vendor:/opt/ros/jazzy/opt/gz_cmake_vendor:/home/aaron/workspaces/cliffhangers_ws/install/realsense_pointcloud_py:/home/aaron/workspaces/cliffhangers_ws/install/esp_comms:/home/aaron/workspaces/miniur5e_ws/install/ros2_aruco:/opt/ros/jazzy DEBUGINFOD_URLS=https://debuginfod.ubuntu.com PS1=\[\e]0;\u@\h: \w\a\]${debian_chroot:+($debian_chroot)}\[\033[01;32m\]\u@\h\[\033[00m\]:\[\033[01;34m\]\w\[\033[00m\]\$ /usr/bin/cmake --install /home/aaron/workspaces/cliffhangers_ws/build/climbbot3_moveit
[0.177s] -- Install configuration: ""
[0.177s] -- Up-to-date: /home/aaron/workspaces/cliffhangers_ws/install/climbbot3_moveit/lib/climbbot3_moveit/fake_points.py
[0.177s] -- Up-to-date: /home/aaron/workspaces/cliffhangers_ws/install/climbbot3_moveit/lib/climbbot3_moveit/climb.py
[0.178s] -- Up-to-date: /home/aaron/workspaces/cliffhangers_ws/install/climbbot3_moveit/lib/climbbot3_moveit/servo_control.py
[0.178s] -- Up-to-date: /home/aaron/workspaces/cliffhangers_ws/install/climbbot3_moveit/lib/climbbot3_moveit/real_climb.py
[0.178s] -- Up-to-date: /home/aaron/workspaces/cliffhangers_ws/install/climbbot3_moveit/lib/climbbot3_moveit/fake_camera_link.py
[0.178s] -- Up-to-date: /home/aaron/workspaces/cliffhangers_ws/install/climbbot3_moveit/lib/climbbot3_moveit/simple_climb.py
[0.178s] -- Up-to-date: /home/aaron/workspaces/cliffhangers_ws/install/climbbot3_moveit/lib/climbbot3_moveit/gz_odom_tf.py
[0.178s] -- Up-to-date: /home/aaron/workspaces/cliffhangers_ws/install/climbbot3_moveit/share/ament_index/resource_index/package_run_dependencies/climbbot3_moveit
[0.179s] -- Up-to-date: /home/aaron/workspaces/cliffhangers_ws/install/climbbot3_moveit/share/ament_index/resource_index/parent_prefix_path/climbbot3_moveit
[0.179s] -- Up-to-date: /home/aaron/workspaces/cliffhangers_ws/install/climbbot3_moveit/share/climbbot3_moveit/environment/ament_prefix_path.sh
[0.179s] -- Up-to-date: /home/aaron/workspaces/cliffhangers_ws/install/climbbot3_moveit/share/climbbot3_moveit/environment/ament_prefix_path.dsv
[0.179s] -- Up-to-date: /home/aaron/workspaces/cliffhangers_ws/install/climbbot3_moveit/share/climbbot3_moveit/environment/path.sh
[0.179s] -- Up-to-date: /home/aaron/workspaces/cliffhangers_ws/install/climbbot3_moveit/share/climbbot3_moveit/environment/path.dsv
[0.179s] -- Up-to-date: /home/aaron/workspaces/cliffhangers_ws/install/climbbot3_moveit/share/climbbot3_moveit/local_setup.bash
[0.179s] -- Up-to-date: /home/aaron/workspaces/cliffhangers_ws/install/climbbot3_moveit/share/climbbot3_moveit/local_setup.sh
[0.179s] -- Up-to-date: /home/aaron/workspaces/cliffhangers_ws/install/climbbot3_moveit/share/climbbot3_moveit/local_setup.zsh
[0.179s] -- Up-to-date: /home/aaron/workspaces/cliffhangers_ws/install/climbbot3_moveit/share/climbbot3_moveit/local_setup.dsv
[0.179s] -- Installing: /home/aaron/workspaces/cliffhangers_ws/install/climbbot3_moveit/share/climbbot3_moveit/package.dsv
[0.179s] -- Up-to-date: /home/aaron/workspaces/cliffhangers_ws/install/climbbot3_moveit/share/ament_index/resource_index/packages/climbbot3_moveit
[0.179s] -- Up-to-date: /home/aaron/workspaces/cliffhangers_ws/install/climbbot3_moveit/share/climbbot3_moveit/cmake/climbbot3_moveitConfig.cmake
[0.179s] -- Up-to-date: /home/aaron/workspaces/cliffhangers_ws/install/climbbot3_moveit/share/climbbot3_moveit/cmake/climbbot3_moveitConfig-version.cmake
[0.179s] -- Up-to-date: /home/aaron/workspaces/cliffhangers_ws/install/climbbot3_moveit/share/climbbot3_moveit/package.xml
[0.179s] -- Up-to-date: /home/aaron/workspaces/cliffhangers_ws/install/climbbot3_moveit/share/climbbot3_moveit/launch
[0.179s] -- Up-to-date: /home/aaron/workspaces/cliffhangers_ws/install/climbbot3_moveit/share/climbbot3_moveit/launch/gazebo.launch.py
[0.179s] -- Up-to-date: /home/aaron/workspaces/cliffhangers_ws/install/climbbot3_moveit/share/climbbot3_moveit/launch/moveit_rviz.launch.py
[0.179s] -- Up-to-date: /home/aaron/workspaces/cliffhangers_ws/install/climbbot3_moveit/share/climbbot3_moveit/launch/move_group.launch.py
[0.179s] -- Up-to-date: /home/aaron/workspaces/cliffhangers_ws/install/climbbot3_moveit/share/climbbot3_moveit/launch/robot_state_publisher.launch.py
[0.179s] -- Up-to-date: /home/aaron/workspaces/cliffhangers_ws/install/climbbot3_moveit/share/climbbot3_moveit/launch/static_virtual_joint_tfs.launch.py
[0.179s] -- Up-to-date: /home/aaron/workspaces/cliffhangers_ws/install/climbbot3_moveit/share/climbbot3_moveit/launch/camera_state_publisher.launch.py
[0.180s] -- Up-to-date: /home/aaron/workspaces/cliffhangers_ws/install/climbbot3_moveit/share/climbbot3_moveit/launch/rsp.launch.py
[0.180s] -- Up-to-date: /home/aaron/workspaces/cliffhangers_ws/install/climbbot3_moveit/share/climbbot3_moveit/launch/demo.launch.py
[0.180s] -- Up-to-date: /home/aaron/workspaces/cliffhangers_ws/install/climbbot3_moveit/share/climbbot3_moveit/launch/gazebo2.launch.py
[0.180s] -- Up-to-date: /home/aaron/workspaces/cliffhangers_ws/install/climbbot3_moveit/share/climbbot3_moveit/launch/spawn_gz_controllers.launch.py
[0.180s] -- Up-to-date: /home/aaron/workspaces/cliffhangers_ws/install/climbbot3_moveit/share/climbbot3_moveit/launch/spawn_controllers.launch.py
[0.180s] -- Up-to-date: /home/aaron/workspaces/cliffhangers_ws/install/climbbot3_moveit/share/climbbot3_moveit/launch/setup_assistant.launch.py
[0.180s] -- Up-to-date: /home/aaron/workspaces/cliffhangers_ws/install/climbbot3_moveit/share/climbbot3_moveit/launch/warehouse_db.launch.py
[0.180s] -- Up-to-date: /home/aaron/workspaces/cliffhangers_ws/install/climbbot3_moveit/share/climbbot3_moveit/config
[0.180s] -- Up-to-date: /home/aaron/workspaces/cliffhangers_ws/install/climbbot3_moveit/share/climbbot3_moveit/config/climbbot3.ros2_control.xacro
[0.180s] -- Up-to-date: /home/aaron/workspaces/cliffhangers_ws/install/climbbot3_moveit/share/climbbot3_moveit/config/gz_controllers.yaml
[0.180s] -- Up-to-date: /home/aaron/workspaces/cliffhangers_ws/install/climbbot3_moveit/share/climbbot3_moveit/config/joint_limits.yaml
[0.180s] -- Up-to-date: /home/aaron/workspaces/cliffhangers_ws/install/climbbot3_moveit/share/climbbot3_moveit/config/initial_positions.yaml
[0.180s] -- Up-to-date: /home/aaron/workspaces/cliffhangers_ws/install/climbbot3_moveit/share/climbbot3_moveit/config/moveit_controllers.yaml
[0.180s] -- Up-to-date: /home/aaron/workspaces/cliffhangers_ws/install/climbbot3_moveit/share/climbbot3_moveit/config/ros2_controllers_template.yaml
[0.180s] -- Up-to-date: /home/aaron/workspaces/cliffhangers_ws/install/climbbot3_moveit/share/climbbot3_moveit/config/ros2_controllers.yaml
[0.180s] -- Up-to-date: /home/aaron/workspaces/cliffhangers_ws/install/climbbot3_moveit/share/climbbot3_moveit/config/moveit.rviz
[0.180s] -- Up-to-date: /home/aaron/workspaces/cliffhangers_ws/install/climbbot3_moveit/share/climbbot3_moveit/config/kinematics.yaml
[0.180s] -- Up-to-date: /home/aaron/workspaces/cliffhangers_ws/install/climbbot3_moveit/share/climbbot3_moveit/config/pilz_cartesian_limits.yaml
[0.181s] -- Up-to-date: /home/aaron/workspaces/cliffhangers_ws/install/climbbot3_moveit/share/climbbot3_moveit/config/rsp.rviz
[0.181s] -- Up-to-date: /home/aaron/workspaces/cliffhangers_ws/install/climbbot3_moveit/share/climbbot3_moveit/config/climbbot3.srdf
[0.182s] -- Up-to-date: /home/aaron/workspaces/cliffhangers_ws/install/climbbot3_moveit/share/climbbot3_moveit/config/climbbot3.urdf.xacro
[0.182s] -- Up-to-date: /home/aaron/workspaces/cliffhangers_ws/install/climbbot3_moveit/share/climbbot3_moveit/config/gazebo_sim_ros2_control.urdf.xacro
[0.182s] -- Up-to-date: /home/aaron/workspaces/cliffhangers_ws/install/climbbot3_moveit/share/climbbot3_moveit/.setup_assistant
[0.183s] Invoked command in '/home/aaron/workspaces/cliffhangers_ws/build/climbbot3_moveit' returned '0': CMAKE_PREFIX_PATH=/home/aaron/workspaces/cliffhangers_ws/install/climbbot3_description:/home/aaron/workspaces/cliffhangers_ws/install/pymoveit2:/home/aaron/workspaces/cliffhangers_ws/install/climbing_robot_3_moveit:/home/aaron/workspaces/cliffhangers_ws/install/climbbot3_moveit:/home/aaron/workspaces/cliffhangers_ws/install/climbbot3_gz:/home/aaron/workspaces/automatic_ws/install/mycobot_moveit_config:/home/aaron/workspaces/automatic_ws/install/mycobot_gazebo:/home/aaron/workspaces/automatic_ws/install/mycobot_description:/home/aaron/workspaces/automatic_ws/install/mycobot_bringup:/home/aaron/workspaces/miniur5e_ws/install/ros2_aruco_interfaces:/home/aaron/workspaces/miniur5e_ws/install/mini_ur5e_moveit:/home/aaron/workspaces/miniur5e_ws/install/mini_ur5e:/opt/ros/jazzy/opt/gz_sim_vendor:/opt/ros/jazzy/opt/gz_sensors_vendor:/opt/ros/jazzy/opt/gz_physics_vendor:/opt/ros/jazzy/opt/sdformat_vendor:/opt/ros/jazzy/opt/gz_gui_vendor:/opt/ros/jazzy/opt/gz_transport_vendor:/opt/ros/jazzy/opt/gz_rendering_vendor:/opt/ros/jazzy/opt/gz_plugin_vendor:/opt/ros/jazzy/opt/gz_fuel_tools_vendor:/opt/ros/jazzy/opt/gz_msgs_vendor:/opt/ros/jazzy/opt/gz_common_vendor:/opt/ros/jazzy/opt/gz_math_vendor:/opt/ros/jazzy/opt/gz_utils_vendor:/opt/ros/jazzy/opt/gz_tools_vendor:/opt/ros/jazzy/opt/gz_ogre_next_vendor:/opt/ros/jazzy/opt/gz_dartsim_vendor:/opt/ros/jazzy/opt/gz_cmake_vendor:/home/aaron/workspaces/cliffhangers_ws/install/realsense_pointcloud_py:/home/aaron/workspaces/cliffhangers_ws/install/esp_comms:/home/aaron/workspaces/miniur5e_ws/install/ros2_aruco:/opt/ros/jazzy DEBUGINFOD_URLS=https://debuginfod.ubuntu.com PS1=\[\e]0;\u@\h: \w\a\]${debian_chroot:+($debian_chroot)}\[\033[01;32m\]\u@\h\[\033[00m\]:\[\033[01;34m\]\w\[\033[00m\]\$ /usr/bin/cmake --install /home/aaron/workspaces/cliffhangers_ws/build/climbbot3_moveit
