[0.084s] DEBUG:colcon:Command line arguments: ['/usr/bin/colcon', 'build']
[0.085s] DEBUG:colcon:Parsed command line arguments: Namespace(log_base=None, log_level=None, verb_name='build', build_base='build', install_base='install', merge_install=False, symlink_install=False, test_result_base=None, continue_on_error=False, executor='parallel', parallel_workers=8, event_handlers=None, ignore_user_meta=False, metas=['./colcon.meta'], base_paths=['.'], packages_ignore=None, packages_ignore_regex=None, paths=None, packages_up_to=None, packages_up_to_regex=None, packages_above=None, packages_above_and_dependencies=None, packages_above_depth=None, packages_select_by_dep=None, packages_skip_by_dep=None, packages_skip_up_to=None, packages_select_build_failed=False, packages_skip_build_finished=False, packages_select_test_failures=False, packages_skip_test_passed=False, packages_select=None, packages_skip=None, packages_select_regex=None, packages_skip_regex=None, packages_start=None, packages_end=None, allow_overriding=[], cmake_args=None, cmake_target=None, cmake_target_skip_unavailable=False, cmake_clean_cache=False, cmake_clean_first=False, cmake_force_configure=False, ament_cmake_args=None, catkin_cmake_args=None, catkin_skip_building_tests=False, mixin_files=None, mixin=None, verb_parser=<colcon_mixin.mixin.mixin_argument.MixinArgumentDecorator object at 0x7b563e4a0410>, verb_extension=<colcon_core.verb.build.BuildVerb object at 0x7b563e431f40>, main=<bound method BuildVerb.main of <colcon_core.verb.build.BuildVerb object at 0x7b563e431f40>>, mixin_verb=('build',))
[0.114s] Level 1:colcon.colcon_core.package_discovery:discover_packages(colcon_meta) check parameters
[0.114s] Level 1:colcon.colcon_core.package_discovery:discover_packages(recursive) check parameters
[0.114s] Level 1:colcon.colcon_core.package_discovery:discover_packages(ignore) check parameters
[0.114s] Level 1:colcon.colcon_core.package_discovery:discover_packages(path) check parameters
[0.114s] Level 1:colcon.colcon_core.package_discovery:discover_packages(colcon_meta) discover
[0.114s] Level 1:colcon.colcon_core.package_discovery:discover_packages(recursive) discover
[0.114s] INFO:colcon.colcon_core.package_discovery:Crawling recursively for packages in '/home/aaron/workspaces/cliffhangers_ws'
[0.114s] Level 1:colcon.colcon_core.package_identification:_identify(.) by extensions ['ignore', 'ignore_ament_install']
[0.114s] Level 1:colcon.colcon_core.package_identification:_identify(.) by extension 'ignore'
[0.114s] Level 1:colcon.colcon_core.package_identification:_identify(.) by extension 'ignore_ament_install'
[0.114s] Level 1:colcon.colcon_core.package_identification:_identify(.) by extensions ['colcon_pkg']
[0.114s] Level 1:colcon.colcon_core.package_identification:_identify(.) by extension 'colcon_pkg'
[0.114s] Level 1:colcon.colcon_core.package_identification:_identify(.) by extensions ['colcon_meta']
[0.114s] Level 1:colcon.colcon_core.package_identification:_identify(.) by extension 'colcon_meta'
[0.114s] Level 1:colcon.colcon_core.package_identification:_identify(.) by extensions ['ros']
[0.114s] Level 1:colcon.colcon_core.package_identification:_identify(.) by extension 'ros'
[0.134s] Level 1:colcon.colcon_core.package_identification:_identify(.) by extensions ['cmake', 'python']
[0.134s] Level 1:colcon.colcon_core.package_identification:_identify(.) by extension 'cmake'
[0.134s] Level 1:colcon.colcon_core.package_identification:_identify(.) by extension 'python'
[0.134s] Level 1:colcon.colcon_core.package_identification:_identify(.) by extensions ['python_setup_py']
[0.134s] Level 1:colcon.colcon_core.package_identification:_identify(.) by extension 'python_setup_py'
[0.135s] Level 1:colcon.colcon_core.package_identification:_identify(build) by extensions ['ignore', 'ignore_ament_install']
[0.135s] Level 1:colcon.colcon_core.package_identification:_identify(build) by extension 'ignore'
[0.135s] Level 1:colcon.colcon_core.package_identification:_identify(build) ignored
[0.135s] Level 1:colcon.colcon_core.package_identification:_identify(install) by extensions ['ignore', 'ignore_ament_install']
[0.135s] Level 1:colcon.colcon_core.package_identification:_identify(install) by extension 'ignore'
[0.135s] Level 1:colcon.colcon_core.package_identification:_identify(install) ignored
[0.135s] Level 1:colcon.colcon_core.package_identification:_identify(log) by extensions ['ignore', 'ignore_ament_install']
[0.135s] Level 1:colcon.colcon_core.package_identification:_identify(log) by extension 'ignore'
[0.135s] Level 1:colcon.colcon_core.package_identification:_identify(log) ignored
[0.135s] Level 1:colcon.colcon_core.package_identification:_identify(src) by extensions ['ignore', 'ignore_ament_install']
[0.135s] Level 1:colcon.colcon_core.package_identification:_identify(src) by extension 'ignore'
[0.135s] Level 1:colcon.colcon_core.package_identification:_identify(src) by extension 'ignore_ament_install'
[0.135s] Level 1:colcon.colcon_core.package_identification:_identify(src) by extensions ['colcon_pkg']
[0.135s] Level 1:colcon.colcon_core.package_identification:_identify(src) by extension 'colcon_pkg'
[0.135s] Level 1:colcon.colcon_core.package_identification:_identify(src) by extensions ['colcon_meta']
[0.135s] Level 1:colcon.colcon_core.package_identification:_identify(src) by extension 'colcon_meta'
[0.135s] Level 1:colcon.colcon_core.package_identification:_identify(src) by extensions ['ros']
[0.135s] Level 1:colcon.colcon_core.package_identification:_identify(src) by extension 'ros'
[0.135s] Level 1:colcon.colcon_core.package_identification:_identify(src) by extensions ['cmake', 'python']
[0.135s] Level 1:colcon.colcon_core.package_identification:_identify(src) by extension 'cmake'
[0.135s] Level 1:colcon.colcon_core.package_identification:_identify(src) by extension 'python'
[0.135s] Level 1:colcon.colcon_core.package_identification:_identify(src) by extensions ['python_setup_py']
[0.136s] Level 1:colcon.colcon_core.package_identification:_identify(src) by extension 'python_setup_py'
[0.136s] Level 1:colcon.colcon_core.package_identification:_identify(src/climbbot3_description) by extensions ['ignore', 'ignore_ament_install']
[0.136s] Level 1:colcon.colcon_core.package_identification:_identify(src/climbbot3_description) by extension 'ignore'
[0.136s] Level 1:colcon.colcon_core.package_identification:_identify(src/climbbot3_description) by extension 'ignore_ament_install'
[0.136s] Level 1:colcon.colcon_core.package_identification:_identify(src/climbbot3_description) by extensions ['colcon_pkg']
[0.136s] Level 1:colcon.colcon_core.package_identification:_identify(src/climbbot3_description) by extension 'colcon_pkg'
[0.136s] Level 1:colcon.colcon_core.package_identification:_identify(src/climbbot3_description) by extensions ['colcon_meta']
[0.136s] Level 1:colcon.colcon_core.package_identification:_identify(src/climbbot3_description) by extension 'colcon_meta'
[0.136s] Level 1:colcon.colcon_core.package_identification:_identify(src/climbbot3_description) by extensions ['ros']
[0.136s] Level 1:colcon.colcon_core.package_identification:_identify(src/climbbot3_description) by extension 'ros'
[0.138s] DEBUG:colcon.colcon_core.package_identification:Package 'src/climbbot3_description' with type 'ros.ament_cmake' and name 'climbbot3_description'
[0.138s] Level 1:colcon.colcon_core.package_identification:_identify(src/climbbot3_gz) by extensions ['ignore', 'ignore_ament_install']
[0.138s] Level 1:colcon.colcon_core.package_identification:_identify(src/climbbot3_gz) by extension 'ignore'
[0.138s] Level 1:colcon.colcon_core.package_identification:_identify(src/climbbot3_gz) by extension 'ignore_ament_install'
[0.138s] Level 1:colcon.colcon_core.package_identification:_identify(src/climbbot3_gz) by extensions ['colcon_pkg']
[0.138s] Level 1:colcon.colcon_core.package_identification:_identify(src/climbbot3_gz) by extension 'colcon_pkg'
[0.138s] Level 1:colcon.colcon_core.package_identification:_identify(src/climbbot3_gz) by extensions ['colcon_meta']
[0.138s] Level 1:colcon.colcon_core.package_identification:_identify(src/climbbot3_gz) by extension 'colcon_meta'
[0.138s] Level 1:colcon.colcon_core.package_identification:_identify(src/climbbot3_gz) by extensions ['ros']
[0.138s] Level 1:colcon.colcon_core.package_identification:_identify(src/climbbot3_gz) by extension 'ros'
[0.139s] DEBUG:colcon.colcon_core.package_identification:Package 'src/climbbot3_gz' with type 'ros.ament_cmake' and name 'climbbot3_gz'
[0.139s] Level 1:colcon.colcon_core.package_identification:_identify(src/climbbot3_moveit) by extensions ['ignore', 'ignore_ament_install']
[0.139s] Level 1:colcon.colcon_core.package_identification:_identify(src/climbbot3_moveit) by extension 'ignore'
[0.139s] Level 1:colcon.colcon_core.package_identification:_identify(src/climbbot3_moveit) by extension 'ignore_ament_install'
[0.139s] Level 1:colcon.colcon_core.package_identification:_identify(src/climbbot3_moveit) by extensions ['colcon_pkg']
[0.139s] Level 1:colcon.colcon_core.package_identification:_identify(src/climbbot3_moveit) by extension 'colcon_pkg'
[0.139s] Level 1:colcon.colcon_core.package_identification:_identify(src/climbbot3_moveit) by extensions ['colcon_meta']
[0.139s] Level 1:colcon.colcon_core.package_identification:_identify(src/climbbot3_moveit) by extension 'colcon_meta'
[0.139s] Level 1:colcon.colcon_core.package_identification:_identify(src/climbbot3_moveit) by extensions ['ros']
[0.139s] Level 1:colcon.colcon_core.package_identification:_identify(src/climbbot3_moveit) by extension 'ros'
[0.140s] DEBUG:colcon.colcon_core.package_identification:Package 'src/climbbot3_moveit' with type 'ros.ament_cmake' and name 'climbbot3_moveit'
[0.140s] Level 1:colcon.colcon_core.package_identification:_identify(src/climbing_robot_3_moveit) by extensions ['ignore', 'ignore_ament_install']
[0.140s] Level 1:colcon.colcon_core.package_identification:_identify(src/climbing_robot_3_moveit) by extension 'ignore'
[0.140s] Level 1:colcon.colcon_core.package_identification:_identify(src/climbing_robot_3_moveit) by extension 'ignore_ament_install'
[0.140s] Level 1:colcon.colcon_core.package_identification:_identify(src/climbing_robot_3_moveit) by extensions ['colcon_pkg']
[0.140s] Level 1:colcon.colcon_core.package_identification:_identify(src/climbing_robot_3_moveit) by extension 'colcon_pkg'
[0.140s] Level 1:colcon.colcon_core.package_identification:_identify(src/climbing_robot_3_moveit) by extensions ['colcon_meta']
[0.140s] Level 1:colcon.colcon_core.package_identification:_identify(src/climbing_robot_3_moveit) by extension 'colcon_meta'
[0.140s] Level 1:colcon.colcon_core.package_identification:_identify(src/climbing_robot_3_moveit) by extensions ['ros']
[0.140s] Level 1:colcon.colcon_core.package_identification:_identify(src/climbing_robot_3_moveit) by extension 'ros'
[0.141s] DEBUG:colcon.colcon_core.package_identification:Package 'src/climbing_robot_3_moveit' with type 'ros.ament_cmake' and name 'climbing_robot_3_moveit'
[0.141s] Level 1:colcon.colcon_core.package_identification:_identify(src/esp_comms) by extensions ['ignore', 'ignore_ament_install']
[0.141s] Level 1:colcon.colcon_core.package_identification:_identify(src/esp_comms) by extension 'ignore'
[0.141s] Level 1:colcon.colcon_core.package_identification:_identify(src/esp_comms) by extension 'ignore_ament_install'
[0.141s] Level 1:colcon.colcon_core.package_identification:_identify(src/esp_comms) by extensions ['colcon_pkg']
[0.141s] Level 1:colcon.colcon_core.package_identification:_identify(src/esp_comms) by extension 'colcon_pkg'
[0.141s] Level 1:colcon.colcon_core.package_identification:_identify(src/esp_comms) by extensions ['colcon_meta']
[0.141s] Level 1:colcon.colcon_core.package_identification:_identify(src/esp_comms) by extension 'colcon_meta'
[0.141s] Level 1:colcon.colcon_core.package_identification:_identify(src/esp_comms) by extensions ['ros']
[0.141s] Level 1:colcon.colcon_core.package_identification:_identify(src/esp_comms) by extension 'ros'
[0.142s] DEBUG:colcon.colcon_core.package_identification:Package 'src/esp_comms' with type 'ros.ament_python' and name 'esp_comms'
[0.142s] Level 1:colcon.colcon_core.package_identification:_identify(src/pymoveit2) by extensions ['ignore', 'ignore_ament_install']
[0.142s] Level 1:colcon.colcon_core.package_identification:_identify(src/pymoveit2) by extension 'ignore'
[0.142s] Level 1:colcon.colcon_core.package_identification:_identify(src/pymoveit2) by extension 'ignore_ament_install'
[0.142s] Level 1:colcon.colcon_core.package_identification:_identify(src/pymoveit2) by extensions ['colcon_pkg']
[0.142s] Level 1:colcon.colcon_core.package_identification:_identify(src/pymoveit2) by extension 'colcon_pkg'
[0.142s] Level 1:colcon.colcon_core.package_identification:_identify(src/pymoveit2) by extensions ['colcon_meta']
[0.142s] Level 1:colcon.colcon_core.package_identification:_identify(src/pymoveit2) by extension 'colcon_meta'
[0.142s] Level 1:colcon.colcon_core.package_identification:_identify(src/pymoveit2) by extensions ['ros']
[0.142s] Level 1:colcon.colcon_core.package_identification:_identify(src/pymoveit2) by extension 'ros'
[0.142s] Level 1:colcon.colcon_core.package_identification:_identify(src/pymoveit2) by extensions ['cmake', 'python']
[0.142s] Level 1:colcon.colcon_core.package_identification:_identify(src/pymoveit2) by extension 'cmake'
[0.142s] Level 1:colcon.colcon_core.package_identification:_identify(src/pymoveit2) by extension 'python'
[0.142s] Level 1:colcon.colcon_core.package_identification:_identify(src/pymoveit2) by extensions ['python_setup_py']
[0.142s] Level 1:colcon.colcon_core.package_identification:_identify(src/pymoveit2) by extension 'python_setup_py'
[0.142s] Level 1:colcon.colcon_core.package_identification:_identify(src/realsense_pointcloud) by extensions ['ignore', 'ignore_ament_install']
[0.142s] Level 1:colcon.colcon_core.package_identification:_identify(src/realsense_pointcloud) by extension 'ignore'
[0.142s] Level 1:colcon.colcon_core.package_identification:_identify(src/realsense_pointcloud) by extension 'ignore_ament_install'
[0.142s] Level 1:colcon.colcon_core.package_identification:_identify(src/realsense_pointcloud) by extensions ['colcon_pkg']
[0.142s] Level 1:colcon.colcon_core.package_identification:_identify(src/realsense_pointcloud) by extension 'colcon_pkg'
[0.142s] Level 1:colcon.colcon_core.package_identification:_identify(src/realsense_pointcloud) by extensions ['colcon_meta']
[0.142s] Level 1:colcon.colcon_core.package_identification:_identify(src/realsense_pointcloud) by extension 'colcon_meta'
[0.142s] Level 1:colcon.colcon_core.package_identification:_identify(src/realsense_pointcloud) by extensions ['ros']
[0.142s] Level 1:colcon.colcon_core.package_identification:_identify(src/realsense_pointcloud) by extension 'ros'
[0.143s] DEBUG:colcon.colcon_core.package_identification:Package 'src/realsense_pointcloud' with type 'ros.ament_python' and name 'realsense_pointcloud_py'
[0.143s] Level 1:colcon.colcon_core.package_discovery:discover_packages(recursive) using defaults
[0.143s] Level 1:colcon.colcon_core.package_discovery:discover_packages(ignore) discover
[0.143s] Level 1:colcon.colcon_core.package_discovery:discover_packages(ignore) using defaults
[0.143s] Level 1:colcon.colcon_core.package_discovery:discover_packages(path) discover
[0.143s] Level 1:colcon.colcon_core.package_discovery:discover_packages(path) using defaults
[0.157s] Level 1:colcon.colcon_core.package_discovery:discover_packages(prefix_path) check parameters
[0.157s] Level 1:colcon.colcon_core.package_discovery:discover_packages(prefix_path) discover
[0.159s] DEBUG:colcon.colcon_installed_package_information.package_discovery:Found 6 installed packages in /home/aaron/workspaces/cliffhangers_ws/install
[0.160s] DEBUG:colcon.colcon_installed_package_information.package_discovery:Found 405 installed packages in /opt/ros/jazzy
[0.162s] Level 1:colcon.colcon_core.package_discovery:discover_packages(prefix_path) using defaults
[0.204s] Level 5:colcon.colcon_core.verb:set package 'climbbot3_description' build argument 'cmake_args' from command line to 'None'
[0.204s] Level 5:colcon.colcon_core.verb:set package 'climbbot3_description' build argument 'cmake_target' from command line to 'None'
[0.204s] Level 5:colcon.colcon_core.verb:set package 'climbbot3_description' build argument 'cmake_target_skip_unavailable' from command line to 'False'
[0.204s] Level 5:colcon.colcon_core.verb:set package 'climbbot3_description' build argument 'cmake_clean_cache' from command line to 'False'
[0.204s] Level 5:colcon.colcon_core.verb:set package 'climbbot3_description' build argument 'cmake_clean_first' from command line to 'False'
[0.204s] Level 5:colcon.colcon_core.verb:set package 'climbbot3_description' build argument 'cmake_force_configure' from command line to 'False'
[0.204s] Level 5:colcon.colcon_core.verb:set package 'climbbot3_description' build argument 'ament_cmake_args' from command line to 'None'
[0.204s] Level 5:colcon.colcon_core.verb:set package 'climbbot3_description' build argument 'catkin_cmake_args' from command line to 'None'
[0.204s] Level 5:colcon.colcon_core.verb:set package 'climbbot3_description' build argument 'catkin_skip_building_tests' from command line to 'False'
[0.204s] DEBUG:colcon.colcon_core.verb:Building package 'climbbot3_description' with the following arguments: {'ament_cmake_args': None, 'build_base': '/home/aaron/workspaces/cliffhangers_ws/build/climbbot3_description', 'catkin_cmake_args': None, 'catkin_skip_building_tests': False, 'cmake_args': None, 'cmake_clean_cache': False, 'cmake_clean_first': False, 'cmake_force_configure': False, 'cmake_target': None, 'cmake_target_skip_unavailable': False, 'install_base': '/home/aaron/workspaces/cliffhangers_ws/install/climbbot3_description', 'merge_install': False, 'path': '/home/aaron/workspaces/cliffhangers_ws/src/climbbot3_description', 'symlink_install': False, 'test_result_base': None}
[0.204s] Level 5:colcon.colcon_core.verb:set package 'climbbot3_gz' build argument 'cmake_args' from command line to 'None'
[0.204s] Level 5:colcon.colcon_core.verb:set package 'climbbot3_gz' build argument 'cmake_target' from command line to 'None'
[0.204s] Level 5:colcon.colcon_core.verb:set package 'climbbot3_gz' build argument 'cmake_target_skip_unavailable' from command line to 'False'
[0.204s] Level 5:colcon.colcon_core.verb:set package 'climbbot3_gz' build argument 'cmake_clean_cache' from command line to 'False'
[0.204s] Level 5:colcon.colcon_core.verb:set package 'climbbot3_gz' build argument 'cmake_clean_first' from command line to 'False'
[0.204s] Level 5:colcon.colcon_core.verb:set package 'climbbot3_gz' build argument 'cmake_force_configure' from command line to 'False'
[0.204s] Level 5:colcon.colcon_core.verb:set package 'climbbot3_gz' build argument 'ament_cmake_args' from command line to 'None'
[0.204s] Level 5:colcon.colcon_core.verb:set package 'climbbot3_gz' build argument 'catkin_cmake_args' from command line to 'None'
[0.204s] Level 5:colcon.colcon_core.verb:set package 'climbbot3_gz' build argument 'catkin_skip_building_tests' from command line to 'False'
[0.204s] DEBUG:colcon.colcon_core.verb:Building package 'climbbot3_gz' with the following arguments: {'ament_cmake_args': None, 'build_base': '/home/aaron/workspaces/cliffhangers_ws/build/climbbot3_gz', 'catkin_cmake_args': None, 'catkin_skip_building_tests': False, 'cmake_args': None, 'cmake_clean_cache': False, 'cmake_clean_first': False, 'cmake_force_configure': False, 'cmake_target': None, 'cmake_target_skip_unavailable': False, 'install_base': '/home/aaron/workspaces/cliffhangers_ws/install/climbbot3_gz', 'merge_install': False, 'path': '/home/aaron/workspaces/cliffhangers_ws/src/climbbot3_gz', 'symlink_install': False, 'test_result_base': None}
[0.204s] Level 5:colcon.colcon_core.verb:set package 'climbing_robot_3_moveit' build argument 'cmake_args' from command line to 'None'
[0.205s] Level 5:colcon.colcon_core.verb:set package 'climbing_robot_3_moveit' build argument 'cmake_target' from command line to 'None'
[0.205s] Level 5:colcon.colcon_core.verb:set package 'climbing_robot_3_moveit' build argument 'cmake_target_skip_unavailable' from command line to 'False'
[0.205s] Level 5:colcon.colcon_core.verb:set package 'climbing_robot_3_moveit' build argument 'cmake_clean_cache' from command line to 'False'
[0.205s] Level 5:colcon.colcon_core.verb:set package 'climbing_robot_3_moveit' build argument 'cmake_clean_first' from command line to 'False'
[0.205s] Level 5:colcon.colcon_core.verb:set package 'climbing_robot_3_moveit' build argument 'cmake_force_configure' from command line to 'False'
[0.205s] Level 5:colcon.colcon_core.verb:set package 'climbing_robot_3_moveit' build argument 'ament_cmake_args' from command line to 'None'
[0.205s] Level 5:colcon.colcon_core.verb:set package 'climbing_robot_3_moveit' build argument 'catkin_cmake_args' from command line to 'None'
[0.205s] Level 5:colcon.colcon_core.verb:set package 'climbing_robot_3_moveit' build argument 'catkin_skip_building_tests' from command line to 'False'
[0.205s] DEBUG:colcon.colcon_core.verb:Building package 'climbing_robot_3_moveit' with the following arguments: {'ament_cmake_args': None, 'build_base': '/home/aaron/workspaces/cliffhangers_ws/build/climbing_robot_3_moveit', 'catkin_cmake_args': None, 'catkin_skip_building_tests': False, 'cmake_args': None, 'cmake_clean_cache': False, 'cmake_clean_first': False, 'cmake_force_configure': False, 'cmake_target': None, 'cmake_target_skip_unavailable': False, 'install_base': '/home/aaron/workspaces/cliffhangers_ws/install/climbing_robot_3_moveit', 'merge_install': False, 'path': '/home/aaron/workspaces/cliffhangers_ws/src/climbing_robot_3_moveit', 'symlink_install': False, 'test_result_base': None}
[0.205s] Level 5:colcon.colcon_core.verb:set package 'esp_comms' build argument 'cmake_args' from command line to 'None'
[0.205s] Level 5:colcon.colcon_core.verb:set package 'esp_comms' build argument 'cmake_target' from command line to 'None'
[0.205s] Level 5:colcon.colcon_core.verb:set package 'esp_comms' build argument 'cmake_target_skip_unavailable' from command line to 'False'
[0.205s] Level 5:colcon.colcon_core.verb:set package 'esp_comms' build argument 'cmake_clean_cache' from command line to 'False'
[0.205s] Level 5:colcon.colcon_core.verb:set package 'esp_comms' build argument 'cmake_clean_first' from command line to 'False'
[0.205s] Level 5:colcon.colcon_core.verb:set package 'esp_comms' build argument 'cmake_force_configure' from command line to 'False'
[0.205s] Level 5:colcon.colcon_core.verb:set package 'esp_comms' build argument 'ament_cmake_args' from command line to 'None'
[0.205s] Level 5:colcon.colcon_core.verb:set package 'esp_comms' build argument 'catkin_cmake_args' from command line to 'None'
[0.205s] Level 5:colcon.colcon_core.verb:set package 'esp_comms' build argument 'catkin_skip_building_tests' from command line to 'False'
[0.205s] DEBUG:colcon.colcon_core.verb:Building package 'esp_comms' with the following arguments: {'ament_cmake_args': None, 'build_base': '/home/aaron/workspaces/cliffhangers_ws/build/esp_comms', 'catkin_cmake_args': None, 'catkin_skip_building_tests': False, 'cmake_args': None, 'cmake_clean_cache': False, 'cmake_clean_first': False, 'cmake_force_configure': False, 'cmake_target': None, 'cmake_target_skip_unavailable': False, 'install_base': '/home/aaron/workspaces/cliffhangers_ws/install/esp_comms', 'merge_install': False, 'path': '/home/aaron/workspaces/cliffhangers_ws/src/esp_comms', 'symlink_install': False, 'test_result_base': None}
[0.205s] Level 5:colcon.colcon_core.verb:set package 'realsense_pointcloud_py' build argument 'cmake_args' from command line to 'None'
[0.205s] Level 5:colcon.colcon_core.verb:set package 'realsense_pointcloud_py' build argument 'cmake_target' from command line to 'None'
[0.205s] Level 5:colcon.colcon_core.verb:set package 'realsense_pointcloud_py' build argument 'cmake_target_skip_unavailable' from command line to 'False'
[0.205s] Level 5:colcon.colcon_core.verb:set package 'realsense_pointcloud_py' build argument 'cmake_clean_cache' from command line to 'False'
[0.205s] Level 5:colcon.colcon_core.verb:set package 'realsense_pointcloud_py' build argument 'cmake_clean_first' from command line to 'False'
[0.205s] Level 5:colcon.colcon_core.verb:set package 'realsense_pointcloud_py' build argument 'cmake_force_configure' from command line to 'False'
[0.205s] Level 5:colcon.colcon_core.verb:set package 'realsense_pointcloud_py' build argument 'ament_cmake_args' from command line to 'None'
[0.205s] Level 5:colcon.colcon_core.verb:set package 'realsense_pointcloud_py' build argument 'catkin_cmake_args' from command line to 'None'
[0.205s] Level 5:colcon.colcon_core.verb:set package 'realsense_pointcloud_py' build argument 'catkin_skip_building_tests' from command line to 'False'
[0.205s] DEBUG:colcon.colcon_core.verb:Building package 'realsense_pointcloud_py' with the following arguments: {'ament_cmake_args': None, 'build_base': '/home/aaron/workspaces/cliffhangers_ws/build/realsense_pointcloud_py', 'catkin_cmake_args': None, 'catkin_skip_building_tests': False, 'cmake_args': None, 'cmake_clean_cache': False, 'cmake_clean_first': False, 'cmake_force_configure': False, 'cmake_target': None, 'cmake_target_skip_unavailable': False, 'install_base': '/home/aaron/workspaces/cliffhangers_ws/install/realsense_pointcloud_py', 'merge_install': False, 'path': '/home/aaron/workspaces/cliffhangers_ws/src/realsense_pointcloud', 'symlink_install': False, 'test_result_base': None}
[0.206s] Level 5:colcon.colcon_core.verb:set package 'climbbot3_moveit' build argument 'cmake_args' from command line to 'None'
[0.206s] Level 5:colcon.colcon_core.verb:set package 'climbbot3_moveit' build argument 'cmake_target' from command line to 'None'
[0.206s] Level 5:colcon.colcon_core.verb:set package 'climbbot3_moveit' build argument 'cmake_target_skip_unavailable' from command line to 'False'
[0.206s] Level 5:colcon.colcon_core.verb:set package 'climbbot3_moveit' build argument 'cmake_clean_cache' from command line to 'False'
[0.206s] Level 5:colcon.colcon_core.verb:set package 'climbbot3_moveit' build argument 'cmake_clean_first' from command line to 'False'
[0.206s] Level 5:colcon.colcon_core.verb:set package 'climbbot3_moveit' build argument 'cmake_force_configure' from command line to 'False'
[0.206s] Level 5:colcon.colcon_core.verb:set package 'climbbot3_moveit' build argument 'ament_cmake_args' from command line to 'None'
[0.206s] Level 5:colcon.colcon_core.verb:set package 'climbbot3_moveit' build argument 'catkin_cmake_args' from command line to 'None'
[0.206s] Level 5:colcon.colcon_core.verb:set package 'climbbot3_moveit' build argument 'catkin_skip_building_tests' from command line to 'False'
[0.206s] DEBUG:colcon.colcon_core.verb:Building package 'climbbot3_moveit' with the following arguments: {'ament_cmake_args': None, 'build_base': '/home/aaron/workspaces/cliffhangers_ws/build/climbbot3_moveit', 'catkin_cmake_args': None, 'catkin_skip_building_tests': False, 'cmake_args': None, 'cmake_clean_cache': False, 'cmake_clean_first': False, 'cmake_force_configure': False, 'cmake_target': None, 'cmake_target_skip_unavailable': False, 'install_base': '/home/aaron/workspaces/cliffhangers_ws/install/climbbot3_moveit', 'merge_install': False, 'path': '/home/aaron/workspaces/cliffhangers_ws/src/climbbot3_moveit', 'symlink_install': False, 'test_result_base': None}
[0.206s] INFO:colcon.colcon_core.executor:Executing jobs using 'parallel' executor
[0.207s] DEBUG:colcon.colcon_parallel_executor.executor.parallel:run_until_complete
[0.207s] INFO:colcon.colcon_ros.task.ament_cmake.build:Building ROS package in '/home/aaron/workspaces/cliffhangers_ws/src/climbbot3_description' with build type 'ament_cmake'
[0.207s] INFO:colcon.colcon_cmake.task.cmake.build:Building CMake package in '/home/aaron/workspaces/cliffhangers_ws/src/climbbot3_description'
[0.209s] INFO:colcon.colcon_core.plugin_system:Skipping extension 'colcon_core.shell.bat': Not used on non-Windows systems
[0.209s] INFO:colcon.colcon_core.shell:Skip shell extension 'powershell' for command environment: Not usable outside of PowerShell
[0.209s] DEBUG:colcon.colcon_core.shell:Skip shell extension 'dsv' for command environment
[0.212s] INFO:colcon.colcon_ros.task.ament_cmake.build:Building ROS package in '/home/aaron/workspaces/cliffhangers_ws/src/climbbot3_gz' with build type 'ament_cmake'
[0.213s] INFO:colcon.colcon_cmake.task.cmake.build:Building CMake package in '/home/aaron/workspaces/cliffhangers_ws/src/climbbot3_gz'
[0.213s] INFO:colcon.colcon_core.shell:Skip shell extension 'powershell' for command environment: Not usable outside of PowerShell
[0.213s] DEBUG:colcon.colcon_core.shell:Skip shell extension 'dsv' for command environment
[0.216s] INFO:colcon.colcon_ros.task.ament_cmake.build:Building ROS package in '/home/aaron/workspaces/cliffhangers_ws/src/climbing_robot_3_moveit' with build type 'ament_cmake'
[0.216s] INFO:colcon.colcon_cmake.task.cmake.build:Building CMake package in '/home/aaron/workspaces/cliffhangers_ws/src/climbing_robot_3_moveit'
[0.216s] INFO:colcon.colcon_core.shell:Skip shell extension 'powershell' for command environment: Not usable outside of PowerShell
[0.216s] DEBUG:colcon.colcon_core.shell:Skip shell extension 'dsv' for command environment
[0.219s] INFO:colcon.colcon_ros.task.ament_python.build:Building ROS package in '/home/aaron/workspaces/cliffhangers_ws/src/esp_comms' with build type 'ament_python'
[0.219s] Level 1:colcon.colcon_core.shell:create_environment_hook('esp_comms', 'ament_prefix_path')
[0.219s] INFO:colcon.colcon_core.shell:Creating environment hook '/home/aaron/workspaces/cliffhangers_ws/install/esp_comms/share/esp_comms/hook/ament_prefix_path.ps1'
[0.220s] INFO:colcon.colcon_core.shell:Creating environment descriptor '/home/aaron/workspaces/cliffhangers_ws/install/esp_comms/share/esp_comms/hook/ament_prefix_path.dsv'
[0.220s] INFO:colcon.colcon_core.shell:Creating environment hook '/home/aaron/workspaces/cliffhangers_ws/install/esp_comms/share/esp_comms/hook/ament_prefix_path.sh'
[0.221s] INFO:colcon.colcon_core.shell:Skip shell extension 'powershell' for command environment: Not usable outside of PowerShell
[0.221s] DEBUG:colcon.colcon_core.shell:Skip shell extension 'dsv' for command environment
[0.224s] INFO:colcon.colcon_ros.task.ament_python.build:Building ROS package in '/home/aaron/workspaces/cliffhangers_ws/src/realsense_pointcloud' with build type 'ament_python'
[0.224s] Level 1:colcon.colcon_core.shell:create_environment_hook('realsense_pointcloud_py', 'ament_prefix_path')
[0.224s] INFO:colcon.colcon_core.shell:Creating environment hook '/home/aaron/workspaces/cliffhangers_ws/install/realsense_pointcloud_py/share/realsense_pointcloud_py/hook/ament_prefix_path.ps1'
[0.224s] INFO:colcon.colcon_core.shell:Creating environment descriptor '/home/aaron/workspaces/cliffhangers_ws/install/realsense_pointcloud_py/share/realsense_pointcloud_py/hook/ament_prefix_path.dsv'
[0.225s] INFO:colcon.colcon_core.shell:Creating environment hook '/home/aaron/workspaces/cliffhangers_ws/install/realsense_pointcloud_py/share/realsense_pointcloud_py/hook/ament_prefix_path.sh'
[0.225s] INFO:colcon.colcon_core.shell:Skip shell extension 'powershell' for command environment: Not usable outside of PowerShell
[0.225s] DEBUG:colcon.colcon_core.shell:Skip shell extension 'dsv' for command environment
[0.234s] DEBUG:colcon.colcon_core.event_handler.log_command:Invoking command in '/home/aaron/workspaces/cliffhangers_ws/build/climbbot3_description': CMAKE_PREFIX_PATH=${CMAKE_PREFIX_PATH}:/home/aaron/workspaces/cliffhangers_ws/install/realsense_pointcloud_py:/home/aaron/workspaces/cliffhangers_ws/install/esp_comms:/opt/ros/jazzy DEBUGINFOD_URLS=https://debuginfod.ubuntu.com /usr/bin/cmake --build /home/aaron/workspaces/cliffhangers_ws/build/climbbot3_description -- -j8 -l8
[0.241s] DEBUG:colcon.colcon_core.event_handler.log_command:Invoking command in '/home/aaron/workspaces/cliffhangers_ws/build/climbbot3_gz': CMAKE_PREFIX_PATH=${CMAKE_PREFIX_PATH}:/home/aaron/workspaces/cliffhangers_ws/install/realsense_pointcloud_py:/home/aaron/workspaces/cliffhangers_ws/install/esp_comms:/opt/ros/jazzy DEBUGINFOD_URLS=https://debuginfod.ubuntu.com /usr/bin/cmake --build /home/aaron/workspaces/cliffhangers_ws/build/climbbot3_gz -- -j8 -l8
[0.247s] DEBUG:colcon.colcon_core.event_handler.log_command:Invoking command in '/home/aaron/workspaces/cliffhangers_ws/build/climbing_robot_3_moveit': CMAKE_PREFIX_PATH=${CMAKE_PREFIX_PATH}:/home/aaron/workspaces/cliffhangers_ws/install/realsense_pointcloud_py:/home/aaron/workspaces/cliffhangers_ws/install/esp_comms:/opt/ros/jazzy DEBUGINFOD_URLS=https://debuginfod.ubuntu.com /usr/bin/cmake --build /home/aaron/workspaces/cliffhangers_ws/build/climbing_robot_3_moveit -- -j8 -l8
[0.430s] INFO:colcon.colcon_core.task.python.build:Building Python package in '/home/aaron/workspaces/cliffhangers_ws/src/esp_comms'
[0.431s] INFO:colcon.colcon_core.shell:Skip shell extension 'powershell' for command environment: Not usable outside of PowerShell
[0.431s] DEBUG:colcon.colcon_core.shell:Skip shell extension 'dsv' for command environment
[0.446s] DEBUG:colcon.colcon_core.event_handler.log_command:Invoked command in '/home/aaron/workspaces/cliffhangers_ws/build/climbbot3_description' returned '0': CMAKE_PREFIX_PATH=${CMAKE_PREFIX_PATH}:/home/aaron/workspaces/cliffhangers_ws/install/realsense_pointcloud_py:/home/aaron/workspaces/cliffhangers_ws/install/esp_comms:/opt/ros/jazzy DEBUGINFOD_URLS=https://debuginfod.ubuntu.com /usr/bin/cmake --build /home/aaron/workspaces/cliffhangers_ws/build/climbbot3_description -- -j8 -l8
[0.467s] DEBUG:colcon.colcon_core.event_handler.log_command:Invoking command in '/home/aaron/workspaces/cliffhangers_ws/build/climbbot3_description': CMAKE_PREFIX_PATH=${CMAKE_PREFIX_PATH}:/home/aaron/workspaces/cliffhangers_ws/install/realsense_pointcloud_py:/home/aaron/workspaces/cliffhangers_ws/install/esp_comms:/opt/ros/jazzy DEBUGINFOD_URLS=https://debuginfod.ubuntu.com /usr/bin/cmake --install /home/aaron/workspaces/cliffhangers_ws/build/climbbot3_description
[0.644s] INFO:colcon.colcon_core.task.python.build:Building Python package in '/home/aaron/workspaces/cliffhangers_ws/src/realsense_pointcloud'
[0.645s] INFO:colcon.colcon_core.shell:Skip shell extension 'powershell' for command environment: Not usable outside of PowerShell
[0.645s] DEBUG:colcon.colcon_core.shell:Skip shell extension 'dsv' for command environment
[0.660s] DEBUG:colcon.colcon_core.event_handler.log_command:Invoked command in '/home/aaron/workspaces/cliffhangers_ws/build/climbbot3_gz' returned '0': CMAKE_PREFIX_PATH=${CMAKE_PREFIX_PATH}:/home/aaron/workspaces/cliffhangers_ws/install/realsense_pointcloud_py:/home/aaron/workspaces/cliffhangers_ws/install/esp_comms:/opt/ros/jazzy DEBUGINFOD_URLS=https://debuginfod.ubuntu.com /usr/bin/cmake --build /home/aaron/workspaces/cliffhangers_ws/build/climbbot3_gz -- -j8 -l8
[0.672s] DEBUG:colcon.colcon_core.event_handler.log_command:Invoking command in '/home/aaron/workspaces/cliffhangers_ws/build/climbbot3_gz': CMAKE_PREFIX_PATH=${CMAKE_PREFIX_PATH}:/home/aaron/workspaces/cliffhangers_ws/install/realsense_pointcloud_py:/home/aaron/workspaces/cliffhangers_ws/install/esp_comms:/opt/ros/jazzy DEBUGINFOD_URLS=https://debuginfod.ubuntu.com /usr/bin/cmake --install /home/aaron/workspaces/cliffhangers_ws/build/climbbot3_gz
[0.672s] DEBUG:colcon.colcon_core.event_handler.log_command:Invoked command in '/home/aaron/workspaces/cliffhangers_ws/build/climbing_robot_3_moveit' returned '0': CMAKE_PREFIX_PATH=${CMAKE_PREFIX_PATH}:/home/aaron/workspaces/cliffhangers_ws/install/realsense_pointcloud_py:/home/aaron/workspaces/cliffhangers_ws/install/esp_comms:/opt/ros/jazzy DEBUGINFOD_URLS=https://debuginfod.ubuntu.com /usr/bin/cmake --build /home/aaron/workspaces/cliffhangers_ws/build/climbing_robot_3_moveit -- -j8 -l8
[0.675s] DEBUG:colcon.colcon_core.event_handler.log_command:Invoking command in '/home/aaron/workspaces/cliffhangers_ws/build/climbing_robot_3_moveit': CMAKE_PREFIX_PATH=${CMAKE_PREFIX_PATH}:/home/aaron/workspaces/cliffhangers_ws/install/realsense_pointcloud_py:/home/aaron/workspaces/cliffhangers_ws/install/esp_comms:/opt/ros/jazzy DEBUGINFOD_URLS=https://debuginfod.ubuntu.com /usr/bin/cmake --install /home/aaron/workspaces/cliffhangers_ws/build/climbing_robot_3_moveit
[0.690s] Level 1:colcon.colcon_core.environment:create_environment_scripts_only(climbbot3_description)
[0.702s] Level 1:colcon.colcon_core.environment:checking '/home/aaron/workspaces/cliffhangers_ws/install/climbbot3_description' for CMake module files
[0.703s] Level 1:colcon.colcon_core.environment:checking '/home/aaron/workspaces/cliffhangers_ws/install/climbbot3_description' for CMake config files
[0.706s] DEBUG:colcon.colcon_core.event_handler.log_command:Invoked command in '/home/aaron/workspaces/cliffhangers_ws/build/climbbot3_description' returned '0': CMAKE_PREFIX_PATH=${CMAKE_PREFIX_PATH}:/home/aaron/workspaces/cliffhangers_ws/install/realsense_pointcloud_py:/home/aaron/workspaces/cliffhangers_ws/install/esp_comms:/opt/ros/jazzy DEBUGINFOD_URLS=https://debuginfod.ubuntu.com /usr/bin/cmake --install /home/aaron/workspaces/cliffhangers_ws/build/climbbot3_description
[0.708s] Level 1:colcon.colcon_core.shell:create_environment_hook('climbbot3_description', 'cmake_prefix_path')
[0.708s] INFO:colcon.colcon_core.shell:Creating environment hook '/home/aaron/workspaces/cliffhangers_ws/install/climbbot3_description/share/climbbot3_description/hook/cmake_prefix_path.ps1'
[0.709s] INFO:colcon.colcon_core.shell:Creating environment descriptor '/home/aaron/workspaces/cliffhangers_ws/install/climbbot3_description/share/climbbot3_description/hook/cmake_prefix_path.dsv'
[0.713s] INFO:colcon.colcon_core.shell:Creating environment hook '/home/aaron/workspaces/cliffhangers_ws/install/climbbot3_description/share/climbbot3_description/hook/cmake_prefix_path.sh'
[0.714s] Level 1:colcon.colcon_core.environment:checking '/home/aaron/workspaces/cliffhangers_ws/install/climbbot3_description/bin'
[0.714s] Level 1:colcon.colcon_core.environment:checking '/home/aaron/workspaces/cliffhangers_ws/install/climbbot3_description/lib/pkgconfig/climbbot3_description.pc'
[0.714s] Level 1:colcon.colcon_core.environment:checking '/home/aaron/workspaces/cliffhangers_ws/install/climbbot3_description/lib/python3.12/site-packages'
[0.715s] Level 1:colcon.colcon_core.environment:checking '/home/aaron/workspaces/cliffhangers_ws/install/climbbot3_description/bin'
[0.715s] INFO:colcon.colcon_core.shell:Creating package script '/home/aaron/workspaces/cliffhangers_ws/install/climbbot3_description/share/climbbot3_description/package.ps1'
[0.716s] INFO:colcon.colcon_core.shell:Creating package descriptor '/home/aaron/workspaces/cliffhangers_ws/install/climbbot3_description/share/climbbot3_description/package.dsv'
[0.717s] INFO:colcon.colcon_core.shell:Creating package script '/home/aaron/workspaces/cliffhangers_ws/install/climbbot3_description/share/climbbot3_description/package.sh'
[0.723s] INFO:colcon.colcon_core.shell:Creating package script '/home/aaron/workspaces/cliffhangers_ws/install/climbbot3_description/share/climbbot3_description/package.bash'
[0.724s] INFO:colcon.colcon_core.shell:Creating package script '/home/aaron/workspaces/cliffhangers_ws/install/climbbot3_description/share/climbbot3_description/package.zsh'
[0.724s] Level 1:colcon.colcon_core.environment:create_file_with_runtime_dependencies(/home/aaron/workspaces/cliffhangers_ws/install/climbbot3_description/share/colcon-core/packages/climbbot3_description)
[0.725s] Level 1:colcon.colcon_core.environment:create_environment_scripts_only(climbbot3_description)
[0.725s] Level 1:colcon.colcon_core.environment:checking '/home/aaron/workspaces/cliffhangers_ws/install/climbbot3_description' for CMake module files
[0.741s] Level 1:colcon.colcon_core.environment:checking '/home/aaron/workspaces/cliffhangers_ws/install/climbbot3_description' for CMake config files
[0.741s] Level 1:colcon.colcon_core.shell:create_environment_hook('climbbot3_description', 'cmake_prefix_path')
[0.741s] INFO:colcon.colcon_core.shell:Creating environment hook '/home/aaron/workspaces/cliffhangers_ws/install/climbbot3_description/share/climbbot3_description/hook/cmake_prefix_path.ps1'
[0.742s] INFO:colcon.colcon_core.shell:Creating environment descriptor '/home/aaron/workspaces/cliffhangers_ws/install/climbbot3_description/share/climbbot3_description/hook/cmake_prefix_path.dsv'
[0.742s] INFO:colcon.colcon_core.shell:Creating environment hook '/home/aaron/workspaces/cliffhangers_ws/install/climbbot3_description/share/climbbot3_description/hook/cmake_prefix_path.sh'
[0.743s] Level 1:colcon.colcon_core.environment:checking '/home/aaron/workspaces/cliffhangers_ws/install/climbbot3_description/bin'
[0.743s] Level 1:colcon.colcon_core.environment:checking '/home/aaron/workspaces/cliffhangers_ws/install/climbbot3_description/lib/pkgconfig/climbbot3_description.pc'
[0.743s] Level 1:colcon.colcon_core.environment:checking '/home/aaron/workspaces/cliffhangers_ws/install/climbbot3_description/lib/python3.12/site-packages'
[0.743s] Level 1:colcon.colcon_core.environment:checking '/home/aaron/workspaces/cliffhangers_ws/install/climbbot3_description/bin'
[0.744s] INFO:colcon.colcon_core.shell:Creating package script '/home/aaron/workspaces/cliffhangers_ws/install/climbbot3_description/share/climbbot3_description/package.ps1'
[0.751s] INFO:colcon.colcon_core.shell:Creating package descriptor '/home/aaron/workspaces/cliffhangers_ws/install/climbbot3_description/share/climbbot3_description/package.dsv'
[0.752s] INFO:colcon.colcon_core.shell:Creating package script '/home/aaron/workspaces/cliffhangers_ws/install/climbbot3_description/share/climbbot3_description/package.sh'
[0.752s] INFO:colcon.colcon_core.shell:Creating package script '/home/aaron/workspaces/cliffhangers_ws/install/climbbot3_description/share/climbbot3_description/package.bash'
[0.752s] INFO:colcon.colcon_core.shell:Creating package script '/home/aaron/workspaces/cliffhangers_ws/install/climbbot3_description/share/climbbot3_description/package.zsh'
[0.753s] Level 1:colcon.colcon_core.environment:create_file_with_runtime_dependencies(/home/aaron/workspaces/cliffhangers_ws/install/climbbot3_description/share/colcon-core/packages/climbbot3_description)
[0.753s] INFO:colcon.colcon_ros.task.ament_cmake.build:Building ROS package in '/home/aaron/workspaces/cliffhangers_ws/src/climbbot3_moveit' with build type 'ament_cmake'
[0.753s] INFO:colcon.colcon_cmake.task.cmake.build:Building CMake package in '/home/aaron/workspaces/cliffhangers_ws/src/climbbot3_moveit'
[0.754s] INFO:colcon.colcon_core.shell:Skip shell extension 'powershell' for command environment: Not usable outside of PowerShell
[0.754s] DEBUG:colcon.colcon_core.shell:Skip shell extension 'dsv' for command environment
[0.779s] Level 1:colcon.colcon_core.environment:create_environment_scripts_only(climbing_robot_3_moveit)
[0.779s] Level 1:colcon.colcon_core.environment:checking '/home/aaron/workspaces/cliffhangers_ws/install/climbing_robot_3_moveit' for CMake module files
[0.782s] Level 1:colcon.colcon_core.environment:checking '/home/aaron/workspaces/cliffhangers_ws/install/climbing_robot_3_moveit' for CMake config files
[0.787s] Level 1:colcon.colcon_core.shell:create_environment_hook('climbing_robot_3_moveit', 'cmake_prefix_path')
[0.788s] INFO:colcon.colcon_core.shell:Creating environment hook '/home/aaron/workspaces/cliffhangers_ws/install/climbing_robot_3_moveit/share/climbing_robot_3_moveit/hook/cmake_prefix_path.ps1'
[0.791s] INFO:colcon.colcon_core.shell:Creating environment descriptor '/home/aaron/workspaces/cliffhangers_ws/install/climbing_robot_3_moveit/share/climbing_robot_3_moveit/hook/cmake_prefix_path.dsv'
[0.796s] INFO:colcon.colcon_core.shell:Creating environment hook '/home/aaron/workspaces/cliffhangers_ws/install/climbing_robot_3_moveit/share/climbing_robot_3_moveit/hook/cmake_prefix_path.sh'
[0.802s] Level 1:colcon.colcon_core.environment:checking '/home/aaron/workspaces/cliffhangers_ws/install/climbing_robot_3_moveit/bin'
[0.802s] Level 1:colcon.colcon_core.environment:checking '/home/aaron/workspaces/cliffhangers_ws/install/climbing_robot_3_moveit/lib/pkgconfig/climbing_robot_3_moveit.pc'
[0.804s] Level 1:colcon.colcon_core.environment:checking '/home/aaron/workspaces/cliffhangers_ws/install/climbing_robot_3_moveit/lib/python3.12/site-packages'
[0.804s] Level 1:colcon.colcon_core.environment:checking '/home/aaron/workspaces/cliffhangers_ws/install/climbing_robot_3_moveit/bin'
[0.804s] INFO:colcon.colcon_core.shell:Creating package script '/home/aaron/workspaces/cliffhangers_ws/install/climbing_robot_3_moveit/share/climbing_robot_3_moveit/package.ps1'
[0.808s] INFO:colcon.colcon_core.shell:Creating package descriptor '/home/aaron/workspaces/cliffhangers_ws/install/climbing_robot_3_moveit/share/climbing_robot_3_moveit/package.dsv'
[0.815s] INFO:colcon.colcon_core.shell:Creating package script '/home/aaron/workspaces/cliffhangers_ws/install/climbing_robot_3_moveit/share/climbing_robot_3_moveit/package.sh'
[0.825s] INFO:colcon.colcon_core.shell:Creating package script '/home/aaron/workspaces/cliffhangers_ws/install/climbing_robot_3_moveit/share/climbing_robot_3_moveit/package.bash'
[0.830s] INFO:colcon.colcon_core.shell:Creating package script '/home/aaron/workspaces/cliffhangers_ws/install/climbing_robot_3_moveit/share/climbing_robot_3_moveit/package.zsh'
[0.833s] Level 1:colcon.colcon_core.environment:create_file_with_runtime_dependencies(/home/aaron/workspaces/cliffhangers_ws/install/climbing_robot_3_moveit/share/colcon-core/packages/climbing_robot_3_moveit)
[0.836s] Level 1:colcon.colcon_core.environment:create_environment_scripts_only(climbing_robot_3_moveit)
[0.836s] Level 1:colcon.colcon_core.environment:checking '/home/aaron/workspaces/cliffhangers_ws/install/climbing_robot_3_moveit' for CMake module files
[0.836s] DEBUG:colcon.colcon_core.event_handler.log_command:Invoked command in '/home/aaron/workspaces/cliffhangers_ws/build/climbing_robot_3_moveit' returned '0': CMAKE_PREFIX_PATH=${CMAKE_PREFIX_PATH}:/home/aaron/workspaces/cliffhangers_ws/install/realsense_pointcloud_py:/home/aaron/workspaces/cliffhangers_ws/install/esp_comms:/opt/ros/jazzy DEBUGINFOD_URLS=https://debuginfod.ubuntu.com /usr/bin/cmake --install /home/aaron/workspaces/cliffhangers_ws/build/climbing_robot_3_moveit
[0.837s] Level 1:colcon.colcon_core.environment:checking '/home/aaron/workspaces/cliffhangers_ws/install/climbing_robot_3_moveit' for CMake config files
[0.837s] Level 1:colcon.colcon_core.shell:create_environment_hook('climbing_robot_3_moveit', 'cmake_prefix_path')
[0.838s] INFO:colcon.colcon_core.shell:Creating environment hook '/home/aaron/workspaces/cliffhangers_ws/install/climbing_robot_3_moveit/share/climbing_robot_3_moveit/hook/cmake_prefix_path.ps1'
[0.838s] INFO:colcon.colcon_core.shell:Creating environment descriptor '/home/aaron/workspaces/cliffhangers_ws/install/climbing_robot_3_moveit/share/climbing_robot_3_moveit/hook/cmake_prefix_path.dsv'
[0.838s] INFO:colcon.colcon_core.shell:Creating environment hook '/home/aaron/workspaces/cliffhangers_ws/install/climbing_robot_3_moveit/share/climbing_robot_3_moveit/hook/cmake_prefix_path.sh'
[0.839s] Level 1:colcon.colcon_core.environment:checking '/home/aaron/workspaces/cliffhangers_ws/install/climbing_robot_3_moveit/bin'
[0.839s] Level 1:colcon.colcon_core.environment:checking '/home/aaron/workspaces/cliffhangers_ws/install/climbing_robot_3_moveit/lib/pkgconfig/climbing_robot_3_moveit.pc'
[0.839s] Level 1:colcon.colcon_core.environment:checking '/home/aaron/workspaces/cliffhangers_ws/install/climbing_robot_3_moveit/lib/python3.12/site-packages'
[0.840s] Level 1:colcon.colcon_core.environment:checking '/home/aaron/workspaces/cliffhangers_ws/install/climbing_robot_3_moveit/bin'
[0.840s] INFO:colcon.colcon_core.shell:Creating package script '/home/aaron/workspaces/cliffhangers_ws/install/climbing_robot_3_moveit/share/climbing_robot_3_moveit/package.ps1'
[0.840s] INFO:colcon.colcon_core.shell:Creating package descriptor '/home/aaron/workspaces/cliffhangers_ws/install/climbing_robot_3_moveit/share/climbing_robot_3_moveit/package.dsv'
[0.841s] INFO:colcon.colcon_core.shell:Creating package script '/home/aaron/workspaces/cliffhangers_ws/install/climbing_robot_3_moveit/share/climbing_robot_3_moveit/package.sh'
[0.841s] INFO:colcon.colcon_core.shell:Creating package script '/home/aaron/workspaces/cliffhangers_ws/install/climbing_robot_3_moveit/share/climbing_robot_3_moveit/package.bash'
[0.842s] INFO:colcon.colcon_core.shell:Creating package script '/home/aaron/workspaces/cliffhangers_ws/install/climbing_robot_3_moveit/share/climbing_robot_3_moveit/package.zsh'
[0.842s] Level 1:colcon.colcon_core.environment:create_file_with_runtime_dependencies(/home/aaron/workspaces/cliffhangers_ws/install/climbing_robot_3_moveit/share/colcon-core/packages/climbing_robot_3_moveit)
[0.843s] Level 1:colcon.colcon_core.environment:create_environment_scripts_only(climbbot3_gz)
[0.843s] Level 1:colcon.colcon_core.environment:checking '/home/aaron/workspaces/cliffhangers_ws/install/climbbot3_gz' for CMake module files
[0.845s] Level 1:colcon.colcon_core.environment:checking '/home/aaron/workspaces/cliffhangers_ws/install/climbbot3_gz' for CMake config files
[0.846s] DEBUG:colcon.colcon_core.event_handler.log_command:Invoked command in '/home/aaron/workspaces/cliffhangers_ws/build/climbbot3_gz' returned '0': CMAKE_PREFIX_PATH=${CMAKE_PREFIX_PATH}:/home/aaron/workspaces/cliffhangers_ws/install/realsense_pointcloud_py:/home/aaron/workspaces/cliffhangers_ws/install/esp_comms:/opt/ros/jazzy DEBUGINFOD_URLS=https://debuginfod.ubuntu.com /usr/bin/cmake --install /home/aaron/workspaces/cliffhangers_ws/build/climbbot3_gz
[0.846s] Level 1:colcon.colcon_core.shell:create_environment_hook('climbbot3_gz', 'cmake_prefix_path')
[0.846s] INFO:colcon.colcon_core.shell:Creating environment hook '/home/aaron/workspaces/cliffhangers_ws/install/climbbot3_gz/share/climbbot3_gz/hook/cmake_prefix_path.ps1'
[0.847s] INFO:colcon.colcon_core.shell:Creating environment descriptor '/home/aaron/workspaces/cliffhangers_ws/install/climbbot3_gz/share/climbbot3_gz/hook/cmake_prefix_path.dsv'
[0.847s] INFO:colcon.colcon_core.shell:Creating environment hook '/home/aaron/workspaces/cliffhangers_ws/install/climbbot3_gz/share/climbbot3_gz/hook/cmake_prefix_path.sh'
[0.848s] Level 1:colcon.colcon_core.environment:checking '/home/aaron/workspaces/cliffhangers_ws/install/climbbot3_gz/bin'
[0.848s] Level 1:colcon.colcon_core.environment:checking '/home/aaron/workspaces/cliffhangers_ws/install/climbbot3_gz/lib/pkgconfig/climbbot3_gz.pc'
[0.848s] Level 1:colcon.colcon_core.environment:checking '/home/aaron/workspaces/cliffhangers_ws/install/climbbot3_gz/lib/python3.12/site-packages'
[0.848s] Level 1:colcon.colcon_core.environment:checking '/home/aaron/workspaces/cliffhangers_ws/install/climbbot3_gz/bin'
[0.849s] INFO:colcon.colcon_core.shell:Creating package script '/home/aaron/workspaces/cliffhangers_ws/install/climbbot3_gz/share/climbbot3_gz/package.ps1'
[0.849s] INFO:colcon.colcon_core.shell:Creating package descriptor '/home/aaron/workspaces/cliffhangers_ws/install/climbbot3_gz/share/climbbot3_gz/package.dsv'
[0.850s] INFO:colcon.colcon_core.shell:Creating package script '/home/aaron/workspaces/cliffhangers_ws/install/climbbot3_gz/share/climbbot3_gz/package.sh'
[0.850s] INFO:colcon.colcon_core.shell:Creating package script '/home/aaron/workspaces/cliffhangers_ws/install/climbbot3_gz/share/climbbot3_gz/package.bash'
[0.850s] INFO:colcon.colcon_core.shell:Creating package script '/home/aaron/workspaces/cliffhangers_ws/install/climbbot3_gz/share/climbbot3_gz/package.zsh'
[0.851s] Level 1:colcon.colcon_core.environment:create_file_with_runtime_dependencies(/home/aaron/workspaces/cliffhangers_ws/install/climbbot3_gz/share/colcon-core/packages/climbbot3_gz)
[0.851s] Level 1:colcon.colcon_core.environment:create_environment_scripts_only(climbbot3_gz)
[0.851s] Level 1:colcon.colcon_core.environment:checking '/home/aaron/workspaces/cliffhangers_ws/install/climbbot3_gz' for CMake module files
[0.852s] Level 1:colcon.colcon_core.environment:checking '/home/aaron/workspaces/cliffhangers_ws/install/climbbot3_gz' for CMake config files
[0.852s] Level 1:colcon.colcon_core.shell:create_environment_hook('climbbot3_gz', 'cmake_prefix_path')
[0.852s] INFO:colcon.colcon_core.shell:Creating environment hook '/home/aaron/workspaces/cliffhangers_ws/install/climbbot3_gz/share/climbbot3_gz/hook/cmake_prefix_path.ps1'
[0.853s] INFO:colcon.colcon_core.shell:Creating environment descriptor '/home/aaron/workspaces/cliffhangers_ws/install/climbbot3_gz/share/climbbot3_gz/hook/cmake_prefix_path.dsv'
[0.853s] INFO:colcon.colcon_core.shell:Creating environment hook '/home/aaron/workspaces/cliffhangers_ws/install/climbbot3_gz/share/climbbot3_gz/hook/cmake_prefix_path.sh'
[0.854s] Level 1:colcon.colcon_core.environment:checking '/home/aaron/workspaces/cliffhangers_ws/install/climbbot3_gz/bin'
[0.854s] Level 1:colcon.colcon_core.environment:checking '/home/aaron/workspaces/cliffhangers_ws/install/climbbot3_gz/lib/pkgconfig/climbbot3_gz.pc'
[0.854s] Level 1:colcon.colcon_core.environment:checking '/home/aaron/workspaces/cliffhangers_ws/install/climbbot3_gz/lib/python3.12/site-packages'
[0.854s] Level 1:colcon.colcon_core.environment:checking '/home/aaron/workspaces/cliffhangers_ws/install/climbbot3_gz/bin'
[0.854s] INFO:colcon.colcon_core.shell:Creating package script '/home/aaron/workspaces/cliffhangers_ws/install/climbbot3_gz/share/climbbot3_gz/package.ps1'
[0.855s] INFO:colcon.colcon_core.shell:Creating package descriptor '/home/aaron/workspaces/cliffhangers_ws/install/climbbot3_gz/share/climbbot3_gz/package.dsv'
[0.855s] INFO:colcon.colcon_core.shell:Creating package script '/home/aaron/workspaces/cliffhangers_ws/install/climbbot3_gz/share/climbbot3_gz/package.sh'
[0.856s] INFO:colcon.colcon_core.shell:Creating package script '/home/aaron/workspaces/cliffhangers_ws/install/climbbot3_gz/share/climbbot3_gz/package.bash'
[0.856s] INFO:colcon.colcon_core.shell:Creating package script '/home/aaron/workspaces/cliffhangers_ws/install/climbbot3_gz/share/climbbot3_gz/package.zsh'
[0.857s] Level 1:colcon.colcon_core.environment:create_file_with_runtime_dependencies(/home/aaron/workspaces/cliffhangers_ws/install/climbbot3_gz/share/colcon-core/packages/climbbot3_gz)
[0.862s] DEBUG:colcon.colcon_core.event_handler.log_command:Invoking command in '/home/aaron/workspaces/cliffhangers_ws/build/climbbot3_moveit': CMAKE_PREFIX_PATH=/home/aaron/workspaces/cliffhangers_ws/install/climbbot3_description:/home/aaron/workspaces/cliffhangers_ws/install/climbing_robot_3_moveit:/home/aaron/workspaces/cliffhangers_ws/install/climbbot3_moveit:/home/aaron/workspaces/cliffhangers_ws/install/climbbot3_gz:/opt/ros/jazzy/opt/gz_sim_vendor:/opt/ros/jazzy/opt/gz_sensors_vendor:/opt/ros/jazzy/opt/gz_physics_vendor:/opt/ros/jazzy/opt/sdformat_vendor:/opt/ros/jazzy/opt/gz_gui_vendor:/opt/ros/jazzy/opt/gz_transport_vendor:/opt/ros/jazzy/opt/gz_rendering_vendor:/opt/ros/jazzy/opt/gz_plugin_vendor:/opt/ros/jazzy/opt/gz_fuel_tools_vendor:/opt/ros/jazzy/opt/gz_msgs_vendor:/opt/ros/jazzy/opt/gz_common_vendor:/opt/ros/jazzy/opt/gz_math_vendor:/opt/ros/jazzy/opt/gz_utils_vendor:/opt/ros/jazzy/opt/gz_tools_vendor:/opt/ros/jazzy/opt/gz_ogre_next_vendor:/opt/ros/jazzy/opt/gz_dartsim_vendor:/opt/ros/jazzy/opt/gz_cmake_vendor:/home/aaron/workspaces/cliffhangers_ws/install/realsense_pointcloud_py:/home/aaron/workspaces/cliffhangers_ws/install/esp_comms:/opt/ros/jazzy DEBUGINFOD_URLS=https://debuginfod.ubuntu.com /usr/bin/cmake --build /home/aaron/workspaces/cliffhangers_ws/build/climbbot3_moveit -- -j8 -l8
[0.917s] DEBUG:colcon.colcon_core.event_handler.log_command:Invoked command in '/home/aaron/workspaces/cliffhangers_ws/build/climbbot3_moveit' returned '0': CMAKE_PREFIX_PATH=/home/aaron/workspaces/cliffhangers_ws/install/climbbot3_description:/home/aaron/workspaces/cliffhangers_ws/install/climbing_robot_3_moveit:/home/aaron/workspaces/cliffhangers_ws/install/climbbot3_moveit:/home/aaron/workspaces/cliffhangers_ws/install/climbbot3_gz:/opt/ros/jazzy/opt/gz_sim_vendor:/opt/ros/jazzy/opt/gz_sensors_vendor:/opt/ros/jazzy/opt/gz_physics_vendor:/opt/ros/jazzy/opt/sdformat_vendor:/opt/ros/jazzy/opt/gz_gui_vendor:/opt/ros/jazzy/opt/gz_transport_vendor:/opt/ros/jazzy/opt/gz_rendering_vendor:/opt/ros/jazzy/opt/gz_plugin_vendor:/opt/ros/jazzy/opt/gz_fuel_tools_vendor:/opt/ros/jazzy/opt/gz_msgs_vendor:/opt/ros/jazzy/opt/gz_common_vendor:/opt/ros/jazzy/opt/gz_math_vendor:/opt/ros/jazzy/opt/gz_utils_vendor:/opt/ros/jazzy/opt/gz_tools_vendor:/opt/ros/jazzy/opt/gz_ogre_next_vendor:/opt/ros/jazzy/opt/gz_dartsim_vendor:/opt/ros/jazzy/opt/gz_cmake_vendor:/home/aaron/workspaces/cliffhangers_ws/install/realsense_pointcloud_py:/home/aaron/workspaces/cliffhangers_ws/install/esp_comms:/opt/ros/jazzy DEBUGINFOD_URLS=https://debuginfod.ubuntu.com /usr/bin/cmake --build /home/aaron/workspaces/cliffhangers_ws/build/climbbot3_moveit -- -j8 -l8
[0.918s] DEBUG:colcon.colcon_core.event_handler.log_command:Invoking command in '/home/aaron/workspaces/cliffhangers_ws/build/climbbot3_moveit': CMAKE_PREFIX_PATH=/home/aaron/workspaces/cliffhangers_ws/install/climbbot3_description:/home/aaron/workspaces/cliffhangers_ws/install/climbing_robot_3_moveit:/home/aaron/workspaces/cliffhangers_ws/install/climbbot3_moveit:/home/aaron/workspaces/cliffhangers_ws/install/climbbot3_gz:/opt/ros/jazzy/opt/gz_sim_vendor:/opt/ros/jazzy/opt/gz_sensors_vendor:/opt/ros/jazzy/opt/gz_physics_vendor:/opt/ros/jazzy/opt/sdformat_vendor:/opt/ros/jazzy/opt/gz_gui_vendor:/opt/ros/jazzy/opt/gz_transport_vendor:/opt/ros/jazzy/opt/gz_rendering_vendor:/opt/ros/jazzy/opt/gz_plugin_vendor:/opt/ros/jazzy/opt/gz_fuel_tools_vendor:/opt/ros/jazzy/opt/gz_msgs_vendor:/opt/ros/jazzy/opt/gz_common_vendor:/opt/ros/jazzy/opt/gz_math_vendor:/opt/ros/jazzy/opt/gz_utils_vendor:/opt/ros/jazzy/opt/gz_tools_vendor:/opt/ros/jazzy/opt/gz_ogre_next_vendor:/opt/ros/jazzy/opt/gz_dartsim_vendor:/opt/ros/jazzy/opt/gz_cmake_vendor:/home/aaron/workspaces/cliffhangers_ws/install/realsense_pointcloud_py:/home/aaron/workspaces/cliffhangers_ws/install/esp_comms:/opt/ros/jazzy DEBUGINFOD_URLS=https://debuginfod.ubuntu.com /usr/bin/cmake --install /home/aaron/workspaces/cliffhangers_ws/build/climbbot3_moveit
[0.930s] Level 1:colcon.colcon_core.environment:create_environment_scripts_only(climbbot3_moveit)
[0.931s] Level 1:colcon.colcon_core.environment:checking '/home/aaron/workspaces/cliffhangers_ws/install/climbbot3_moveit' for CMake module files
[0.931s] DEBUG:colcon.colcon_core.event_handler.log_command:Invoked command in '/home/aaron/workspaces/cliffhangers_ws/build/climbbot3_moveit' returned '0': CMAKE_PREFIX_PATH=/home/aaron/workspaces/cliffhangers_ws/install/climbbot3_description:/home/aaron/workspaces/cliffhangers_ws/install/climbing_robot_3_moveit:/home/aaron/workspaces/cliffhangers_ws/install/climbbot3_moveit:/home/aaron/workspaces/cliffhangers_ws/install/climbbot3_gz:/opt/ros/jazzy/opt/gz_sim_vendor:/opt/ros/jazzy/opt/gz_sensors_vendor:/opt/ros/jazzy/opt/gz_physics_vendor:/opt/ros/jazzy/opt/sdformat_vendor:/opt/ros/jazzy/opt/gz_gui_vendor:/opt/ros/jazzy/opt/gz_transport_vendor:/opt/ros/jazzy/opt/gz_rendering_vendor:/opt/ros/jazzy/opt/gz_plugin_vendor:/opt/ros/jazzy/opt/gz_fuel_tools_vendor:/opt/ros/jazzy/opt/gz_msgs_vendor:/opt/ros/jazzy/opt/gz_common_vendor:/opt/ros/jazzy/opt/gz_math_vendor:/opt/ros/jazzy/opt/gz_utils_vendor:/opt/ros/jazzy/opt/gz_tools_vendor:/opt/ros/jazzy/opt/gz_ogre_next_vendor:/opt/ros/jazzy/opt/gz_dartsim_vendor:/opt/ros/jazzy/opt/gz_cmake_vendor:/home/aaron/workspaces/cliffhangers_ws/install/realsense_pointcloud_py:/home/aaron/workspaces/cliffhangers_ws/install/esp_comms:/opt/ros/jazzy DEBUGINFOD_URLS=https://debuginfod.ubuntu.com /usr/bin/cmake --install /home/aaron/workspaces/cliffhangers_ws/build/climbbot3_moveit
[0.932s] Level 1:colcon.colcon_core.environment:checking '/home/aaron/workspaces/cliffhangers_ws/install/climbbot3_moveit' for CMake config files
[0.932s] Level 1:colcon.colcon_core.shell:create_environment_hook('climbbot3_moveit', 'cmake_prefix_path')
[0.933s] INFO:colcon.colcon_core.shell:Creating environment hook '/home/aaron/workspaces/cliffhangers_ws/install/climbbot3_moveit/share/climbbot3_moveit/hook/cmake_prefix_path.ps1'
[0.933s] INFO:colcon.colcon_core.shell:Creating environment descriptor '/home/aaron/workspaces/cliffhangers_ws/install/climbbot3_moveit/share/climbbot3_moveit/hook/cmake_prefix_path.dsv'
[0.933s] INFO:colcon.colcon_core.shell:Creating environment hook '/home/aaron/workspaces/cliffhangers_ws/install/climbbot3_moveit/share/climbbot3_moveit/hook/cmake_prefix_path.sh'
[0.934s] Level 1:colcon.colcon_core.environment:checking '/home/aaron/workspaces/cliffhangers_ws/install/climbbot3_moveit/lib'
[0.934s] Level 1:colcon.colcon_core.environment:checking '/home/aaron/workspaces/cliffhangers_ws/install/climbbot3_moveit/bin'
[0.934s] Level 1:colcon.colcon_core.environment:checking '/home/aaron/workspaces/cliffhangers_ws/install/climbbot3_moveit/lib/pkgconfig/climbbot3_moveit.pc'
[0.935s] Level 1:colcon.colcon_core.environment:checking '/home/aaron/workspaces/cliffhangers_ws/install/climbbot3_moveit/lib/python3.12/site-packages'
[0.935s] Level 1:colcon.colcon_core.environment:checking '/home/aaron/workspaces/cliffhangers_ws/install/climbbot3_moveit/bin'
[0.935s] INFO:colcon.colcon_core.shell:Creating package script '/home/aaron/workspaces/cliffhangers_ws/install/climbbot3_moveit/share/climbbot3_moveit/package.ps1'
[0.936s] INFO:colcon.colcon_core.shell:Creating package descriptor '/home/aaron/workspaces/cliffhangers_ws/install/climbbot3_moveit/share/climbbot3_moveit/package.dsv'
[0.936s] INFO:colcon.colcon_core.shell:Creating package script '/home/aaron/workspaces/cliffhangers_ws/install/climbbot3_moveit/share/climbbot3_moveit/package.sh'
[0.937s] INFO:colcon.colcon_core.shell:Creating package script '/home/aaron/workspaces/cliffhangers_ws/install/climbbot3_moveit/share/climbbot3_moveit/package.bash'
[0.937s] INFO:colcon.colcon_core.shell:Creating package script '/home/aaron/workspaces/cliffhangers_ws/install/climbbot3_moveit/share/climbbot3_moveit/package.zsh'
[0.937s] Level 1:colcon.colcon_core.environment:create_file_with_runtime_dependencies(/home/aaron/workspaces/cliffhangers_ws/install/climbbot3_moveit/share/colcon-core/packages/climbbot3_moveit)
[0.938s] Level 1:colcon.colcon_core.environment:create_environment_scripts_only(climbbot3_moveit)
[0.938s] Level 1:colcon.colcon_core.environment:checking '/home/aaron/workspaces/cliffhangers_ws/install/climbbot3_moveit' for CMake module files
[0.939s] Level 1:colcon.colcon_core.environment:checking '/home/aaron/workspaces/cliffhangers_ws/install/climbbot3_moveit' for CMake config files
[0.939s] Level 1:colcon.colcon_core.shell:create_environment_hook('climbbot3_moveit', 'cmake_prefix_path')
[0.939s] INFO:colcon.colcon_core.shell:Creating environment hook '/home/aaron/workspaces/cliffhangers_ws/install/climbbot3_moveit/share/climbbot3_moveit/hook/cmake_prefix_path.ps1'
[0.940s] INFO:colcon.colcon_core.shell:Creating environment descriptor '/home/aaron/workspaces/cliffhangers_ws/install/climbbot3_moveit/share/climbbot3_moveit/hook/cmake_prefix_path.dsv'
[0.940s] INFO:colcon.colcon_core.shell:Creating environment hook '/home/aaron/workspaces/cliffhangers_ws/install/climbbot3_moveit/share/climbbot3_moveit/hook/cmake_prefix_path.sh'
[0.941s] Level 1:colcon.colcon_core.environment:checking '/home/aaron/workspaces/cliffhangers_ws/install/climbbot3_moveit/lib'
[0.941s] Level 1:colcon.colcon_core.environment:checking '/home/aaron/workspaces/cliffhangers_ws/install/climbbot3_moveit/bin'
[0.941s] Level 1:colcon.colcon_core.environment:checking '/home/aaron/workspaces/cliffhangers_ws/install/climbbot3_moveit/lib/pkgconfig/climbbot3_moveit.pc'
[0.941s] Level 1:colcon.colcon_core.environment:checking '/home/aaron/workspaces/cliffhangers_ws/install/climbbot3_moveit/lib/python3.12/site-packages'
[0.941s] Level 1:colcon.colcon_core.environment:checking '/home/aaron/workspaces/cliffhangers_ws/install/climbbot3_moveit/bin'
[0.941s] INFO:colcon.colcon_core.shell:Creating package script '/home/aaron/workspaces/cliffhangers_ws/install/climbbot3_moveit/share/climbbot3_moveit/package.ps1'
[0.942s] INFO:colcon.colcon_core.shell:Creating package descriptor '/home/aaron/workspaces/cliffhangers_ws/install/climbbot3_moveit/share/climbbot3_moveit/package.dsv'
[0.943s] INFO:colcon.colcon_core.shell:Creating package script '/home/aaron/workspaces/cliffhangers_ws/install/climbbot3_moveit/share/climbbot3_moveit/package.sh'
[0.943s] INFO:colcon.colcon_core.shell:Creating package script '/home/aaron/workspaces/cliffhangers_ws/install/climbbot3_moveit/share/climbbot3_moveit/package.bash'
[0.943s] INFO:colcon.colcon_core.shell:Creating package script '/home/aaron/workspaces/cliffhangers_ws/install/climbbot3_moveit/share/climbbot3_moveit/package.zsh'
[0.944s] Level 1:colcon.colcon_core.environment:create_file_with_runtime_dependencies(/home/aaron/workspaces/cliffhangers_ws/install/climbbot3_moveit/share/colcon-core/packages/climbbot3_moveit)
[1.192s] DEBUG:colcon.colcon_core.event_handler.log_command:Invoking command in '/home/aaron/workspaces/cliffhangers_ws/src/esp_comms': DEBUGINFOD_URLS=https://debuginfod.ubuntu.com PYTHONPATH=/home/aaron/workspaces/cliffhangers_ws/build/esp_comms/prefix_override:/usr/lib/python3/dist-packages/colcon_core/task/python/colcon_distutils_commands:/home/aaron/workspaces/cliffhangers_ws/install/esp_comms/lib/python3.12/site-packages:${PYTHONPATH} /usr/bin/python3 -W ignore:setup.py install is deprecated -W ignore:easy_install command is deprecated setup.py egg_info --egg-base ../../build/esp_comms build --build-base /home/aaron/workspaces/cliffhangers_ws/build/esp_comms/build install --record /home/aaron/workspaces/cliffhangers_ws/build/esp_comms/install.log --single-version-externally-managed install_data
[1.231s] DEBUG:colcon.colcon_core.event_handler.log_command:Invoking command in '/home/aaron/workspaces/cliffhangers_ws/src/realsense_pointcloud': DEBUGINFOD_URLS=https://debuginfod.ubuntu.com PYTHONPATH=/home/aaron/workspaces/cliffhangers_ws/build/realsense_pointcloud_py/prefix_override:/usr/lib/python3/dist-packages/colcon_core/task/python/colcon_distutils_commands:/home/aaron/workspaces/cliffhangers_ws/install/realsense_pointcloud_py/lib/python3.12/site-packages:${PYTHONPATH} /usr/bin/python3 -W ignore:setup.py install is deprecated -W ignore:easy_install command is deprecated setup.py egg_info --egg-base ../../build/realsense_pointcloud_py build --build-base /home/aaron/workspaces/cliffhangers_ws/build/realsense_pointcloud_py/build install --record /home/aaron/workspaces/cliffhangers_ws/build/realsense_pointcloud_py/install.log --single-version-externally-managed install_data
[1.626s] Level 1:colcon.colcon_core.environment:checking '/home/aaron/workspaces/cliffhangers_ws/install/esp_comms' for CMake module files
[1.627s] DEBUG:colcon.colcon_core.event_handler.log_command:Invoked command in '/home/aaron/workspaces/cliffhangers_ws/src/esp_comms' returned '0': DEBUGINFOD_URLS=https://debuginfod.ubuntu.com PYTHONPATH=/home/aaron/workspaces/cliffhangers_ws/build/esp_comms/prefix_override:/usr/lib/python3/dist-packages/colcon_core/task/python/colcon_distutils_commands:/home/aaron/workspaces/cliffhangers_ws/install/esp_comms/lib/python3.12/site-packages:${PYTHONPATH} /usr/bin/python3 -W ignore:setup.py install is deprecated -W ignore:easy_install command is deprecated setup.py egg_info --egg-base ../../build/esp_comms build --build-base /home/aaron/workspaces/cliffhangers_ws/build/esp_comms/build install --record /home/aaron/workspaces/cliffhangers_ws/build/esp_comms/install.log --single-version-externally-managed install_data
[1.628s] Level 1:colcon.colcon_core.environment:checking '/home/aaron/workspaces/cliffhangers_ws/install/esp_comms' for CMake config files
[1.629s] Level 1:colcon.colcon_core.environment:checking '/home/aaron/workspaces/cliffhangers_ws/install/esp_comms/lib'
[1.630s] Level 1:colcon.colcon_core.environment:checking '/home/aaron/workspaces/cliffhangers_ws/install/esp_comms/bin'
[1.630s] Level 1:colcon.colcon_core.environment:checking '/home/aaron/workspaces/cliffhangers_ws/install/esp_comms/lib/pkgconfig/esp_comms.pc'
[1.631s] Level 1:colcon.colcon_core.environment:checking '/home/aaron/workspaces/cliffhangers_ws/install/esp_comms/lib/python3.12/site-packages'
[1.631s] Level 1:colcon.colcon_core.shell:create_environment_hook('esp_comms', 'pythonpath')
[1.632s] INFO:colcon.colcon_core.shell:Creating environment hook '/home/aaron/workspaces/cliffhangers_ws/install/esp_comms/share/esp_comms/hook/pythonpath.ps1'
[1.633s] INFO:colcon.colcon_core.shell:Creating environment descriptor '/home/aaron/workspaces/cliffhangers_ws/install/esp_comms/share/esp_comms/hook/pythonpath.dsv'
[1.634s] INFO:colcon.colcon_core.shell:Creating environment hook '/home/aaron/workspaces/cliffhangers_ws/install/esp_comms/share/esp_comms/hook/pythonpath.sh'
[1.638s] Level 1:colcon.colcon_core.environment:checking '/home/aaron/workspaces/cliffhangers_ws/install/esp_comms/bin'
[1.638s] Level 1:colcon.colcon_core.environment:create_environment_scripts_only(esp_comms)
[1.639s] INFO:colcon.colcon_core.shell:Creating package script '/home/aaron/workspaces/cliffhangers_ws/install/esp_comms/share/esp_comms/package.ps1'
[1.640s] INFO:colcon.colcon_core.shell:Creating package descriptor '/home/aaron/workspaces/cliffhangers_ws/install/esp_comms/share/esp_comms/package.dsv'
[1.642s] INFO:colcon.colcon_core.shell:Creating package script '/home/aaron/workspaces/cliffhangers_ws/install/esp_comms/share/esp_comms/package.sh'
[1.643s] INFO:colcon.colcon_core.shell:Creating package script '/home/aaron/workspaces/cliffhangers_ws/install/esp_comms/share/esp_comms/package.bash'
[1.643s] INFO:colcon.colcon_core.shell:Creating package script '/home/aaron/workspaces/cliffhangers_ws/install/esp_comms/share/esp_comms/package.zsh'
[1.644s] Level 1:colcon.colcon_core.environment:create_file_with_runtime_dependencies(/home/aaron/workspaces/cliffhangers_ws/install/esp_comms/share/colcon-core/packages/esp_comms)
[1.669s] Level 1:colcon.colcon_core.environment:checking '/home/aaron/workspaces/cliffhangers_ws/install/realsense_pointcloud_py' for CMake module files
[1.670s] DEBUG:colcon.colcon_core.event_handler.log_command:Invoked command in '/home/aaron/workspaces/cliffhangers_ws/src/realsense_pointcloud' returned '0': DEBUGINFOD_URLS=https://debuginfod.ubuntu.com PYTHONPATH=/home/aaron/workspaces/cliffhangers_ws/build/realsense_pointcloud_py/prefix_override:/usr/lib/python3/dist-packages/colcon_core/task/python/colcon_distutils_commands:/home/aaron/workspaces/cliffhangers_ws/install/realsense_pointcloud_py/lib/python3.12/site-packages:${PYTHONPATH} /usr/bin/python3 -W ignore:setup.py install is deprecated -W ignore:easy_install command is deprecated setup.py egg_info --egg-base ../../build/realsense_pointcloud_py build --build-base /home/aaron/workspaces/cliffhangers_ws/build/realsense_pointcloud_py/build install --record /home/aaron/workspaces/cliffhangers_ws/build/realsense_pointcloud_py/install.log --single-version-externally-managed install_data
[1.671s] Level 1:colcon.colcon_core.environment:checking '/home/aaron/workspaces/cliffhangers_ws/install/realsense_pointcloud_py' for CMake config files
[1.672s] Level 1:colcon.colcon_core.environment:checking '/home/aaron/workspaces/cliffhangers_ws/install/realsense_pointcloud_py/lib'
[1.672s] Level 1:colcon.colcon_core.environment:checking '/home/aaron/workspaces/cliffhangers_ws/install/realsense_pointcloud_py/bin'
[1.672s] Level 1:colcon.colcon_core.environment:checking '/home/aaron/workspaces/cliffhangers_ws/install/realsense_pointcloud_py/lib/pkgconfig/realsense_pointcloud_py.pc'
[1.673s] Level 1:colcon.colcon_core.environment:checking '/home/aaron/workspaces/cliffhangers_ws/install/realsense_pointcloud_py/lib/python3.12/site-packages'
[1.673s] Level 1:colcon.colcon_core.shell:create_environment_hook('realsense_pointcloud_py', 'pythonpath')
[1.674s] INFO:colcon.colcon_core.shell:Creating environment hook '/home/aaron/workspaces/cliffhangers_ws/install/realsense_pointcloud_py/share/realsense_pointcloud_py/hook/pythonpath.ps1'
[1.675s] INFO:colcon.colcon_core.shell:Creating environment descriptor '/home/aaron/workspaces/cliffhangers_ws/install/realsense_pointcloud_py/share/realsense_pointcloud_py/hook/pythonpath.dsv'
[1.676s] INFO:colcon.colcon_core.shell:Creating environment hook '/home/aaron/workspaces/cliffhangers_ws/install/realsense_pointcloud_py/share/realsense_pointcloud_py/hook/pythonpath.sh'
[1.677s] Level 1:colcon.colcon_core.environment:checking '/home/aaron/workspaces/cliffhangers_ws/install/realsense_pointcloud_py/bin'
[1.677s] Level 1:colcon.colcon_core.environment:create_environment_scripts_only(realsense_pointcloud_py)
[1.678s] INFO:colcon.colcon_core.shell:Creating package script '/home/aaron/workspaces/cliffhangers_ws/install/realsense_pointcloud_py/share/realsense_pointcloud_py/package.ps1'
[1.679s] INFO:colcon.colcon_core.shell:Creating package descriptor '/home/aaron/workspaces/cliffhangers_ws/install/realsense_pointcloud_py/share/realsense_pointcloud_py/package.dsv'
[1.680s] INFO:colcon.colcon_core.shell:Creating package script '/home/aaron/workspaces/cliffhangers_ws/install/realsense_pointcloud_py/share/realsense_pointcloud_py/package.sh'
[1.681s] INFO:colcon.colcon_core.shell:Creating package script '/home/aaron/workspaces/cliffhangers_ws/install/realsense_pointcloud_py/share/realsense_pointcloud_py/package.bash'
[1.682s] INFO:colcon.colcon_core.shell:Creating package script '/home/aaron/workspaces/cliffhangers_ws/install/realsense_pointcloud_py/share/realsense_pointcloud_py/package.zsh'
[1.682s] Level 1:colcon.colcon_core.environment:create_file_with_runtime_dependencies(/home/aaron/workspaces/cliffhangers_ws/install/realsense_pointcloud_py/share/colcon-core/packages/realsense_pointcloud_py)
[1.683s] DEBUG:colcon.colcon_parallel_executor.executor.parallel:closing loop
[1.683s] DEBUG:colcon.colcon_parallel_executor.executor.parallel:loop closed
[1.683s] DEBUG:colcon.colcon_parallel_executor.executor.parallel:run_until_complete finished with '0'
[1.684s] DEBUG:colcon.colcon_core.event_reactor:joining thread
[1.698s] INFO:colcon.colcon_core.plugin_system:Skipping extension 'colcon_notification.desktop_notification.terminal_notifier': Not used on non-Darwin systems
[1.698s] INFO:colcon.colcon_core.plugin_system:Skipping extension 'colcon_notification.desktop_notification.win32': Not used on non-Windows systems
[1.698s] INFO:colcon.colcon_notification.desktop_notification:Sending desktop notification using 'notify2'
[1.726s] DEBUG:colcon.colcon_core.event_reactor:joined thread
[1.727s] INFO:colcon.colcon_core.shell:Creating prefix script '/home/aaron/workspaces/cliffhangers_ws/install/local_setup.ps1'
[1.729s] INFO:colcon.colcon_core.shell:Creating prefix util module '/home/aaron/workspaces/cliffhangers_ws/install/_local_setup_util_ps1.py'
[1.731s] INFO:colcon.colcon_core.shell:Creating prefix chain script '/home/aaron/workspaces/cliffhangers_ws/install/setup.ps1'
[1.734s] INFO:colcon.colcon_core.shell:Creating prefix script '/home/aaron/workspaces/cliffhangers_ws/install/local_setup.sh'
[1.735s] INFO:colcon.colcon_core.shell:Creating prefix util module '/home/aaron/workspaces/cliffhangers_ws/install/_local_setup_util_sh.py'
[1.737s] INFO:colcon.colcon_core.shell:Creating prefix chain script '/home/aaron/workspaces/cliffhangers_ws/install/setup.sh'
[1.740s] INFO:colcon.colcon_core.shell:Creating prefix script '/home/aaron/workspaces/cliffhangers_ws/install/local_setup.bash'
[1.741s] INFO:colcon.colcon_core.shell:Creating prefix chain script '/home/aaron/workspaces/cliffhangers_ws/install/setup.bash'
[1.743s] INFO:colcon.colcon_core.shell:Creating prefix script '/home/aaron/workspaces/cliffhangers_ws/install/local_setup.zsh'
[1.743s] INFO:colcon.colcon_core.shell:Creating prefix chain script '/home/aaron/workspaces/cliffhangers_ws/install/setup.zsh'
