[0.089s] DEBUG:colcon:Command line arguments: ['/usr/bin/colcon', 'build']
[0.089s] DEBUG:colcon:Parsed command line arguments: Namespace(log_base=None, log_level=None, verb_name='build', build_base='build', install_base='install', merge_install=False, symlink_install=False, test_result_base=None, continue_on_error=False, executor='parallel', parallel_workers=8, event_handlers=None, ignore_user_meta=False, metas=['./colcon.meta'], base_paths=['.'], packages_ignore=None, packages_ignore_regex=None, paths=None, packages_up_to=None, packages_up_to_regex=None, packages_above=None, packages_above_and_dependencies=None, packages_above_depth=None, packages_select_by_dep=None, packages_skip_by_dep=None, packages_skip_up_to=None, packages_select_build_failed=False, packages_skip_build_finished=False, packages_select_test_failures=False, packages_skip_test_passed=False, packages_select=None, packages_skip=None, packages_select_regex=None, packages_skip_regex=None, packages_start=None, packages_end=None, allow_overriding=[], cmake_args=None, cmake_target=None, cmake_target_skip_unavailable=False, cmake_clean_cache=False, cmake_clean_first=False, cmake_force_configure=False, ament_cmake_args=None, catkin_cmake_args=None, catkin_skip_building_tests=False, mixin_files=None, mixin=None, verb_parser=<colcon_mixin.mixin.mixin_argument.MixinArgumentDecorator object at 0x775b775ac0b0>, verb_extension=<colcon_core.verb.build.BuildVerb object at 0x775b7752dd00>, main=<bound method BuildVerb.main of <colcon_core.verb.build.BuildVerb object at 0x775b7752dd00>>, mixin_verb=('build',))
[0.120s] Level 1:colcon.colcon_core.package_discovery:discover_packages(colcon_meta) check parameters
[0.120s] Level 1:colcon.colcon_core.package_discovery:discover_packages(recursive) check parameters
[0.120s] Level 1:colcon.colcon_core.package_discovery:discover_packages(ignore) check parameters
[0.120s] Level 1:colcon.colcon_core.package_discovery:discover_packages(path) check parameters
[0.120s] Level 1:colcon.colcon_core.package_discovery:discover_packages(colcon_meta) discover
[0.120s] Level 1:colcon.colcon_core.package_discovery:discover_packages(recursive) discover
[0.120s] INFO:colcon.colcon_core.package_discovery:Crawling recursively for packages in '/home/aaron/workspaces/cliffhangers_ws'
[0.120s] Level 1:colcon.colcon_core.package_identification:_identify(.) by extensions ['ignore', 'ignore_ament_install']
[0.120s] Level 1:colcon.colcon_core.package_identification:_identify(.) by extension 'ignore'
[0.120s] Level 1:colcon.colcon_core.package_identification:_identify(.) by extension 'ignore_ament_install'
[0.120s] Level 1:colcon.colcon_core.package_identification:_identify(.) by extensions ['colcon_pkg']
[0.120s] Level 1:colcon.colcon_core.package_identification:_identify(.) by extension 'colcon_pkg'
[0.120s] Level 1:colcon.colcon_core.package_identification:_identify(.) by extensions ['colcon_meta']
[0.120s] Level 1:colcon.colcon_core.package_identification:_identify(.) by extension 'colcon_meta'
[0.120s] Level 1:colcon.colcon_core.package_identification:_identify(.) by extensions ['ros']
[0.120s] Level 1:colcon.colcon_core.package_identification:_identify(.) by extension 'ros'
[0.140s] Level 1:colcon.colcon_core.package_identification:_identify(.) by extensions ['cmake', 'python']
[0.140s] Level 1:colcon.colcon_core.package_identification:_identify(.) by extension 'cmake'
[0.140s] Level 1:colcon.colcon_core.package_identification:_identify(.) by extension 'python'
[0.141s] Level 1:colcon.colcon_core.package_identification:_identify(.) by extensions ['python_setup_py']
[0.141s] Level 1:colcon.colcon_core.package_identification:_identify(.) by extension 'python_setup_py'
[0.141s] Level 1:colcon.colcon_core.package_identification:_identify(build) by extensions ['ignore', 'ignore_ament_install']
[0.141s] Level 1:colcon.colcon_core.package_identification:_identify(build) by extension 'ignore'
[0.141s] Level 1:colcon.colcon_core.package_identification:_identify(build) ignored
[0.141s] Level 1:colcon.colcon_core.package_identification:_identify(install) by extensions ['ignore', 'ignore_ament_install']
[0.141s] Level 1:colcon.colcon_core.package_identification:_identify(install) by extension 'ignore'
[0.141s] Level 1:colcon.colcon_core.package_identification:_identify(install) ignored
[0.141s] Level 1:colcon.colcon_core.package_identification:_identify(log) by extensions ['ignore', 'ignore_ament_install']
[0.141s] Level 1:colcon.colcon_core.package_identification:_identify(log) by extension 'ignore'
[0.141s] Level 1:colcon.colcon_core.package_identification:_identify(log) ignored
[0.141s] Level 1:colcon.colcon_core.package_identification:_identify(src) by extensions ['ignore', 'ignore_ament_install']
[0.141s] Level 1:colcon.colcon_core.package_identification:_identify(src) by extension 'ignore'
[0.141s] Level 1:colcon.colcon_core.package_identification:_identify(src) by extension 'ignore_ament_install'
[0.141s] Level 1:colcon.colcon_core.package_identification:_identify(src) by extensions ['colcon_pkg']
[0.141s] Level 1:colcon.colcon_core.package_identification:_identify(src) by extension 'colcon_pkg'
[0.141s] Level 1:colcon.colcon_core.package_identification:_identify(src) by extensions ['colcon_meta']
[0.141s] Level 1:colcon.colcon_core.package_identification:_identify(src) by extension 'colcon_meta'
[0.141s] Level 1:colcon.colcon_core.package_identification:_identify(src) by extensions ['ros']
[0.141s] Level 1:colcon.colcon_core.package_identification:_identify(src) by extension 'ros'
[0.141s] Level 1:colcon.colcon_core.package_identification:_identify(src) by extensions ['cmake', 'python']
[0.141s] Level 1:colcon.colcon_core.package_identification:_identify(src) by extension 'cmake'
[0.141s] Level 1:colcon.colcon_core.package_identification:_identify(src) by extension 'python'
[0.142s] Level 1:colcon.colcon_core.package_identification:_identify(src) by extensions ['python_setup_py']
[0.142s] Level 1:colcon.colcon_core.package_identification:_identify(src) by extension 'python_setup_py'
[0.142s] Level 1:colcon.colcon_core.package_identification:_identify(src/climbbot3_description) by extensions ['ignore', 'ignore_ament_install']
[0.142s] Level 1:colcon.colcon_core.package_identification:_identify(src/climbbot3_description) by extension 'ignore'
[0.142s] Level 1:colcon.colcon_core.package_identification:_identify(src/climbbot3_description) by extension 'ignore_ament_install'
[0.142s] Level 1:colcon.colcon_core.package_identification:_identify(src/climbbot3_description) by extensions ['colcon_pkg']
[0.142s] Level 1:colcon.colcon_core.package_identification:_identify(src/climbbot3_description) by extension 'colcon_pkg'
[0.142s] Level 1:colcon.colcon_core.package_identification:_identify(src/climbbot3_description) by extensions ['colcon_meta']
[0.142s] Level 1:colcon.colcon_core.package_identification:_identify(src/climbbot3_description) by extension 'colcon_meta'
[0.142s] Level 1:colcon.colcon_core.package_identification:_identify(src/climbbot3_description) by extensions ['ros']
[0.142s] Level 1:colcon.colcon_core.package_identification:_identify(src/climbbot3_description) by extension 'ros'
[0.144s] DEBUG:colcon.colcon_core.package_identification:Package 'src/climbbot3_description' with type 'ros.ament_cmake' and name 'climbbot3_description'
[0.144s] Level 1:colcon.colcon_core.package_identification:_identify(src/climbbot3_gz) by extensions ['ignore', 'ignore_ament_install']
[0.144s] Level 1:colcon.colcon_core.package_identification:_identify(src/climbbot3_gz) by extension 'ignore'
[0.144s] Level 1:colcon.colcon_core.package_identification:_identify(src/climbbot3_gz) by extension 'ignore_ament_install'
[0.144s] Level 1:colcon.colcon_core.package_identification:_identify(src/climbbot3_gz) by extensions ['colcon_pkg']
[0.144s] Level 1:colcon.colcon_core.package_identification:_identify(src/climbbot3_gz) by extension 'colcon_pkg'
[0.144s] Level 1:colcon.colcon_core.package_identification:_identify(src/climbbot3_gz) by extensions ['colcon_meta']
[0.144s] Level 1:colcon.colcon_core.package_identification:_identify(src/climbbot3_gz) by extension 'colcon_meta'
[0.144s] Level 1:colcon.colcon_core.package_identification:_identify(src/climbbot3_gz) by extensions ['ros']
[0.144s] Level 1:colcon.colcon_core.package_identification:_identify(src/climbbot3_gz) by extension 'ros'
[0.145s] DEBUG:colcon.colcon_core.package_identification:Package 'src/climbbot3_gz' with type 'ros.ament_cmake' and name 'climbbot3_gz'
[0.145s] Level 1:colcon.colcon_core.package_identification:_identify(src/climbbot3_moveit) by extensions ['ignore', 'ignore_ament_install']
[0.145s] Level 1:colcon.colcon_core.package_identification:_identify(src/climbbot3_moveit) by extension 'ignore'
[0.145s] Level 1:colcon.colcon_core.package_identification:_identify(src/climbbot3_moveit) by extension 'ignore_ament_install'
[0.145s] Level 1:colcon.colcon_core.package_identification:_identify(src/climbbot3_moveit) by extensions ['colcon_pkg']
[0.145s] Level 1:colcon.colcon_core.package_identification:_identify(src/climbbot3_moveit) by extension 'colcon_pkg'
[0.145s] Level 1:colcon.colcon_core.package_identification:_identify(src/climbbot3_moveit) by extensions ['colcon_meta']
[0.145s] Level 1:colcon.colcon_core.package_identification:_identify(src/climbbot3_moveit) by extension 'colcon_meta'
[0.145s] Level 1:colcon.colcon_core.package_identification:_identify(src/climbbot3_moveit) by extensions ['ros']
[0.145s] Level 1:colcon.colcon_core.package_identification:_identify(src/climbbot3_moveit) by extension 'ros'
[0.146s] DEBUG:colcon.colcon_core.package_identification:Package 'src/climbbot3_moveit' with type 'ros.ament_cmake' and name 'climbbot3_moveit'
[0.146s] Level 1:colcon.colcon_core.package_identification:_identify(src/climbing_robot_3_moveit) by extensions ['ignore', 'ignore_ament_install']
[0.146s] Level 1:colcon.colcon_core.package_identification:_identify(src/climbing_robot_3_moveit) by extension 'ignore'
[0.146s] Level 1:colcon.colcon_core.package_identification:_identify(src/climbing_robot_3_moveit) by extension 'ignore_ament_install'
[0.146s] Level 1:colcon.colcon_core.package_identification:_identify(src/climbing_robot_3_moveit) by extensions ['colcon_pkg']
[0.146s] Level 1:colcon.colcon_core.package_identification:_identify(src/climbing_robot_3_moveit) by extension 'colcon_pkg'
[0.146s] Level 1:colcon.colcon_core.package_identification:_identify(src/climbing_robot_3_moveit) by extensions ['colcon_meta']
[0.146s] Level 1:colcon.colcon_core.package_identification:_identify(src/climbing_robot_3_moveit) by extension 'colcon_meta'
[0.146s] Level 1:colcon.colcon_core.package_identification:_identify(src/climbing_robot_3_moveit) by extensions ['ros']
[0.146s] Level 1:colcon.colcon_core.package_identification:_identify(src/climbing_robot_3_moveit) by extension 'ros'
[0.147s] DEBUG:colcon.colcon_core.package_identification:Package 'src/climbing_robot_3_moveit' with type 'ros.ament_cmake' and name 'climbing_robot_3_moveit'
[0.147s] Level 1:colcon.colcon_core.package_identification:_identify(src/esp_comms) by extensions ['ignore', 'ignore_ament_install']
[0.147s] Level 1:colcon.colcon_core.package_identification:_identify(src/esp_comms) by extension 'ignore'
[0.147s] Level 1:colcon.colcon_core.package_identification:_identify(src/esp_comms) by extension 'ignore_ament_install'
[0.147s] Level 1:colcon.colcon_core.package_identification:_identify(src/esp_comms) by extensions ['colcon_pkg']
[0.147s] Level 1:colcon.colcon_core.package_identification:_identify(src/esp_comms) by extension 'colcon_pkg'
[0.147s] Level 1:colcon.colcon_core.package_identification:_identify(src/esp_comms) by extensions ['colcon_meta']
[0.147s] Level 1:colcon.colcon_core.package_identification:_identify(src/esp_comms) by extension 'colcon_meta'
[0.147s] Level 1:colcon.colcon_core.package_identification:_identify(src/esp_comms) by extensions ['ros']
[0.147s] Level 1:colcon.colcon_core.package_identification:_identify(src/esp_comms) by extension 'ros'
[0.148s] DEBUG:colcon.colcon_core.package_identification:Package 'src/esp_comms' with type 'ros.ament_python' and name 'esp_comms'
[0.148s] Level 1:colcon.colcon_core.package_identification:_identify(src/pymoveit2) by extensions ['ignore', 'ignore_ament_install']
[0.148s] Level 1:colcon.colcon_core.package_identification:_identify(src/pymoveit2) by extension 'ignore'
[0.148s] Level 1:colcon.colcon_core.package_identification:_identify(src/pymoveit2) by extension 'ignore_ament_install'
[0.148s] Level 1:colcon.colcon_core.package_identification:_identify(src/pymoveit2) by extensions ['colcon_pkg']
[0.148s] Level 1:colcon.colcon_core.package_identification:_identify(src/pymoveit2) by extension 'colcon_pkg'
[0.148s] Level 1:colcon.colcon_core.package_identification:_identify(src/pymoveit2) by extensions ['colcon_meta']
[0.148s] Level 1:colcon.colcon_core.package_identification:_identify(src/pymoveit2) by extension 'colcon_meta'
[0.148s] Level 1:colcon.colcon_core.package_identification:_identify(src/pymoveit2) by extensions ['ros']
[0.148s] Level 1:colcon.colcon_core.package_identification:_identify(src/pymoveit2) by extension 'ros'
[0.148s] Level 1:colcon.colcon_core.package_identification:_identify(src/pymoveit2) by extensions ['cmake', 'python']
[0.148s] Level 1:colcon.colcon_core.package_identification:_identify(src/pymoveit2) by extension 'cmake'
[0.148s] Level 1:colcon.colcon_core.package_identification:_identify(src/pymoveit2) by extension 'python'
[0.148s] Level 1:colcon.colcon_core.package_identification:_identify(src/pymoveit2) by extensions ['python_setup_py']
[0.148s] Level 1:colcon.colcon_core.package_identification:_identify(src/pymoveit2) by extension 'python_setup_py'
[0.148s] Level 1:colcon.colcon_core.package_identification:_identify(src/realsense_pointcloud) by extensions ['ignore', 'ignore_ament_install']
[0.148s] Level 1:colcon.colcon_core.package_identification:_identify(src/realsense_pointcloud) by extension 'ignore'
[0.148s] Level 1:colcon.colcon_core.package_identification:_identify(src/realsense_pointcloud) by extension 'ignore_ament_install'
[0.148s] Level 1:colcon.colcon_core.package_identification:_identify(src/realsense_pointcloud) by extensions ['colcon_pkg']
[0.148s] Level 1:colcon.colcon_core.package_identification:_identify(src/realsense_pointcloud) by extension 'colcon_pkg'
[0.148s] Level 1:colcon.colcon_core.package_identification:_identify(src/realsense_pointcloud) by extensions ['colcon_meta']
[0.148s] Level 1:colcon.colcon_core.package_identification:_identify(src/realsense_pointcloud) by extension 'colcon_meta'
[0.148s] Level 1:colcon.colcon_core.package_identification:_identify(src/realsense_pointcloud) by extensions ['ros']
[0.148s] Level 1:colcon.colcon_core.package_identification:_identify(src/realsense_pointcloud) by extension 'ros'
[0.149s] DEBUG:colcon.colcon_core.package_identification:Package 'src/realsense_pointcloud' with type 'ros.ament_python' and name 'realsense_pointcloud_py'
[0.149s] Level 1:colcon.colcon_core.package_discovery:discover_packages(recursive) using defaults
[0.149s] Level 1:colcon.colcon_core.package_discovery:discover_packages(ignore) discover
[0.149s] Level 1:colcon.colcon_core.package_discovery:discover_packages(ignore) using defaults
[0.149s] Level 1:colcon.colcon_core.package_discovery:discover_packages(path) discover
[0.149s] Level 1:colcon.colcon_core.package_discovery:discover_packages(path) using defaults
[0.163s] Level 1:colcon.colcon_core.package_discovery:discover_packages(prefix_path) check parameters
[0.164s] Level 1:colcon.colcon_core.package_discovery:discover_packages(prefix_path) discover
[0.165s] DEBUG:colcon.colcon_installed_package_information.package_discovery:Found 6 installed packages in /home/aaron/workspaces/cliffhangers_ws/install
[0.167s] DEBUG:colcon.colcon_installed_package_information.package_discovery:Found 405 installed packages in /opt/ros/jazzy
[0.168s] Level 1:colcon.colcon_core.package_discovery:discover_packages(prefix_path) using defaults
[0.209s] Level 5:colcon.colcon_core.verb:set package 'climbbot3_description' build argument 'cmake_args' from command line to 'None'
[0.209s] Level 5:colcon.colcon_core.verb:set package 'climbbot3_description' build argument 'cmake_target' from command line to 'None'
[0.209s] Level 5:colcon.colcon_core.verb:set package 'climbbot3_description' build argument 'cmake_target_skip_unavailable' from command line to 'False'
[0.209s] Level 5:colcon.colcon_core.verb:set package 'climbbot3_description' build argument 'cmake_clean_cache' from command line to 'False'
[0.209s] Level 5:colcon.colcon_core.verb:set package 'climbbot3_description' build argument 'cmake_clean_first' from command line to 'False'
[0.209s] Level 5:colcon.colcon_core.verb:set package 'climbbot3_description' build argument 'cmake_force_configure' from command line to 'False'
[0.209s] Level 5:colcon.colcon_core.verb:set package 'climbbot3_description' build argument 'ament_cmake_args' from command line to 'None'
[0.209s] Level 5:colcon.colcon_core.verb:set package 'climbbot3_description' build argument 'catkin_cmake_args' from command line to 'None'
[0.209s] Level 5:colcon.colcon_core.verb:set package 'climbbot3_description' build argument 'catkin_skip_building_tests' from command line to 'False'
[0.209s] DEBUG:colcon.colcon_core.verb:Building package 'climbbot3_description' with the following arguments: {'ament_cmake_args': None, 'build_base': '/home/aaron/workspaces/cliffhangers_ws/build/climbbot3_description', 'catkin_cmake_args': None, 'catkin_skip_building_tests': False, 'cmake_args': None, 'cmake_clean_cache': False, 'cmake_clean_first': False, 'cmake_force_configure': False, 'cmake_target': None, 'cmake_target_skip_unavailable': False, 'install_base': '/home/aaron/workspaces/cliffhangers_ws/install/climbbot3_description', 'merge_install': False, 'path': '/home/aaron/workspaces/cliffhangers_ws/src/climbbot3_description', 'symlink_install': False, 'test_result_base': None}
[0.210s] Level 5:colcon.colcon_core.verb:set package 'climbbot3_gz' build argument 'cmake_args' from command line to 'None'
[0.210s] Level 5:colcon.colcon_core.verb:set package 'climbbot3_gz' build argument 'cmake_target' from command line to 'None'
[0.210s] Level 5:colcon.colcon_core.verb:set package 'climbbot3_gz' build argument 'cmake_target_skip_unavailable' from command line to 'False'
[0.210s] Level 5:colcon.colcon_core.verb:set package 'climbbot3_gz' build argument 'cmake_clean_cache' from command line to 'False'
[0.210s] Level 5:colcon.colcon_core.verb:set package 'climbbot3_gz' build argument 'cmake_clean_first' from command line to 'False'
[0.210s] Level 5:colcon.colcon_core.verb:set package 'climbbot3_gz' build argument 'cmake_force_configure' from command line to 'False'
[0.210s] Level 5:colcon.colcon_core.verb:set package 'climbbot3_gz' build argument 'ament_cmake_args' from command line to 'None'
[0.210s] Level 5:colcon.colcon_core.verb:set package 'climbbot3_gz' build argument 'catkin_cmake_args' from command line to 'None'
[0.210s] Level 5:colcon.colcon_core.verb:set package 'climbbot3_gz' build argument 'catkin_skip_building_tests' from command line to 'False'
[0.210s] DEBUG:colcon.colcon_core.verb:Building package 'climbbot3_gz' with the following arguments: {'ament_cmake_args': None, 'build_base': '/home/aaron/workspaces/cliffhangers_ws/build/climbbot3_gz', 'catkin_cmake_args': None, 'catkin_skip_building_tests': False, 'cmake_args': None, 'cmake_clean_cache': False, 'cmake_clean_first': False, 'cmake_force_configure': False, 'cmake_target': None, 'cmake_target_skip_unavailable': False, 'install_base': '/home/aaron/workspaces/cliffhangers_ws/install/climbbot3_gz', 'merge_install': False, 'path': '/home/aaron/workspaces/cliffhangers_ws/src/climbbot3_gz', 'symlink_install': False, 'test_result_base': None}
[0.210s] Level 5:colcon.colcon_core.verb:set package 'climbing_robot_3_moveit' build argument 'cmake_args' from command line to 'None'
[0.210s] Level 5:colcon.colcon_core.verb:set package 'climbing_robot_3_moveit' build argument 'cmake_target' from command line to 'None'
[0.210s] Level 5:colcon.colcon_core.verb:set package 'climbing_robot_3_moveit' build argument 'cmake_target_skip_unavailable' from command line to 'False'
[0.210s] Level 5:colcon.colcon_core.verb:set package 'climbing_robot_3_moveit' build argument 'cmake_clean_cache' from command line to 'False'
[0.210s] Level 5:colcon.colcon_core.verb:set package 'climbing_robot_3_moveit' build argument 'cmake_clean_first' from command line to 'False'
[0.210s] Level 5:colcon.colcon_core.verb:set package 'climbing_robot_3_moveit' build argument 'cmake_force_configure' from command line to 'False'
[0.210s] Level 5:colcon.colcon_core.verb:set package 'climbing_robot_3_moveit' build argument 'ament_cmake_args' from command line to 'None'
[0.210s] Level 5:colcon.colcon_core.verb:set package 'climbing_robot_3_moveit' build argument 'catkin_cmake_args' from command line to 'None'
[0.210s] Level 5:colcon.colcon_core.verb:set package 'climbing_robot_3_moveit' build argument 'catkin_skip_building_tests' from command line to 'False'
[0.210s] DEBUG:colcon.colcon_core.verb:Building package 'climbing_robot_3_moveit' with the following arguments: {'ament_cmake_args': None, 'build_base': '/home/aaron/workspaces/cliffhangers_ws/build/climbing_robot_3_moveit', 'catkin_cmake_args': None, 'catkin_skip_building_tests': False, 'cmake_args': None, 'cmake_clean_cache': False, 'cmake_clean_first': False, 'cmake_force_configure': False, 'cmake_target': None, 'cmake_target_skip_unavailable': False, 'install_base': '/home/aaron/workspaces/cliffhangers_ws/install/climbing_robot_3_moveit', 'merge_install': False, 'path': '/home/aaron/workspaces/cliffhangers_ws/src/climbing_robot_3_moveit', 'symlink_install': False, 'test_result_base': None}
[0.210s] Level 5:colcon.colcon_core.verb:set package 'esp_comms' build argument 'cmake_args' from command line to 'None'
[0.210s] Level 5:colcon.colcon_core.verb:set package 'esp_comms' build argument 'cmake_target' from command line to 'None'
[0.210s] Level 5:colcon.colcon_core.verb:set package 'esp_comms' build argument 'cmake_target_skip_unavailable' from command line to 'False'
[0.210s] Level 5:colcon.colcon_core.verb:set package 'esp_comms' build argument 'cmake_clean_cache' from command line to 'False'
[0.210s] Level 5:colcon.colcon_core.verb:set package 'esp_comms' build argument 'cmake_clean_first' from command line to 'False'
[0.210s] Level 5:colcon.colcon_core.verb:set package 'esp_comms' build argument 'cmake_force_configure' from command line to 'False'
[0.210s] Level 5:colcon.colcon_core.verb:set package 'esp_comms' build argument 'ament_cmake_args' from command line to 'None'
[0.210s] Level 5:colcon.colcon_core.verb:set package 'esp_comms' build argument 'catkin_cmake_args' from command line to 'None'
[0.210s] Level 5:colcon.colcon_core.verb:set package 'esp_comms' build argument 'catkin_skip_building_tests' from command line to 'False'
[0.210s] DEBUG:colcon.colcon_core.verb:Building package 'esp_comms' with the following arguments: {'ament_cmake_args': None, 'build_base': '/home/aaron/workspaces/cliffhangers_ws/build/esp_comms', 'catkin_cmake_args': None, 'catkin_skip_building_tests': False, 'cmake_args': None, 'cmake_clean_cache': False, 'cmake_clean_first': False, 'cmake_force_configure': False, 'cmake_target': None, 'cmake_target_skip_unavailable': False, 'install_base': '/home/aaron/workspaces/cliffhangers_ws/install/esp_comms', 'merge_install': False, 'path': '/home/aaron/workspaces/cliffhangers_ws/src/esp_comms', 'symlink_install': False, 'test_result_base': None}
[0.211s] Level 5:colcon.colcon_core.verb:set package 'realsense_pointcloud_py' build argument 'cmake_args' from command line to 'None'
[0.211s] Level 5:colcon.colcon_core.verb:set package 'realsense_pointcloud_py' build argument 'cmake_target' from command line to 'None'
[0.211s] Level 5:colcon.colcon_core.verb:set package 'realsense_pointcloud_py' build argument 'cmake_target_skip_unavailable' from command line to 'False'
[0.211s] Level 5:colcon.colcon_core.verb:set package 'realsense_pointcloud_py' build argument 'cmake_clean_cache' from command line to 'False'
[0.211s] Level 5:colcon.colcon_core.verb:set package 'realsense_pointcloud_py' build argument 'cmake_clean_first' from command line to 'False'
[0.211s] Level 5:colcon.colcon_core.verb:set package 'realsense_pointcloud_py' build argument 'cmake_force_configure' from command line to 'False'
[0.211s] Level 5:colcon.colcon_core.verb:set package 'realsense_pointcloud_py' build argument 'ament_cmake_args' from command line to 'None'
[0.211s] Level 5:colcon.colcon_core.verb:set package 'realsense_pointcloud_py' build argument 'catkin_cmake_args' from command line to 'None'
[0.211s] Level 5:colcon.colcon_core.verb:set package 'realsense_pointcloud_py' build argument 'catkin_skip_building_tests' from command line to 'False'
[0.211s] DEBUG:colcon.colcon_core.verb:Building package 'realsense_pointcloud_py' with the following arguments: {'ament_cmake_args': None, 'build_base': '/home/aaron/workspaces/cliffhangers_ws/build/realsense_pointcloud_py', 'catkin_cmake_args': None, 'catkin_skip_building_tests': False, 'cmake_args': None, 'cmake_clean_cache': False, 'cmake_clean_first': False, 'cmake_force_configure': False, 'cmake_target': None, 'cmake_target_skip_unavailable': False, 'install_base': '/home/aaron/workspaces/cliffhangers_ws/install/realsense_pointcloud_py', 'merge_install': False, 'path': '/home/aaron/workspaces/cliffhangers_ws/src/realsense_pointcloud', 'symlink_install': False, 'test_result_base': None}
[0.211s] Level 5:colcon.colcon_core.verb:set package 'climbbot3_moveit' build argument 'cmake_args' from command line to 'None'
[0.211s] Level 5:colcon.colcon_core.verb:set package 'climbbot3_moveit' build argument 'cmake_target' from command line to 'None'
[0.211s] Level 5:colcon.colcon_core.verb:set package 'climbbot3_moveit' build argument 'cmake_target_skip_unavailable' from command line to 'False'
[0.211s] Level 5:colcon.colcon_core.verb:set package 'climbbot3_moveit' build argument 'cmake_clean_cache' from command line to 'False'
[0.211s] Level 5:colcon.colcon_core.verb:set package 'climbbot3_moveit' build argument 'cmake_clean_first' from command line to 'False'
[0.211s] Level 5:colcon.colcon_core.verb:set package 'climbbot3_moveit' build argument 'cmake_force_configure' from command line to 'False'
[0.211s] Level 5:colcon.colcon_core.verb:set package 'climbbot3_moveit' build argument 'ament_cmake_args' from command line to 'None'
[0.211s] Level 5:colcon.colcon_core.verb:set package 'climbbot3_moveit' build argument 'catkin_cmake_args' from command line to 'None'
[0.211s] Level 5:colcon.colcon_core.verb:set package 'climbbot3_moveit' build argument 'catkin_skip_building_tests' from command line to 'False'
[0.211s] DEBUG:colcon.colcon_core.verb:Building package 'climbbot3_moveit' with the following arguments: {'ament_cmake_args': None, 'build_base': '/home/aaron/workspaces/cliffhangers_ws/build/climbbot3_moveit', 'catkin_cmake_args': None, 'catkin_skip_building_tests': False, 'cmake_args': None, 'cmake_clean_cache': False, 'cmake_clean_first': False, 'cmake_force_configure': False, 'cmake_target': None, 'cmake_target_skip_unavailable': False, 'install_base': '/home/aaron/workspaces/cliffhangers_ws/install/climbbot3_moveit', 'merge_install': False, 'path': '/home/aaron/workspaces/cliffhangers_ws/src/climbbot3_moveit', 'symlink_install': False, 'test_result_base': None}
[0.211s] INFO:colcon.colcon_core.executor:Executing jobs using 'parallel' executor
[0.212s] DEBUG:colcon.colcon_parallel_executor.executor.parallel:run_until_complete
[0.212s] INFO:colcon.colcon_ros.task.ament_cmake.build:Building ROS package in '/home/aaron/workspaces/cliffhangers_ws/src/climbbot3_description' with build type 'ament_cmake'
[0.212s] INFO:colcon.colcon_cmake.task.cmake.build:Building CMake package in '/home/aaron/workspaces/cliffhangers_ws/src/climbbot3_description'
[0.214s] INFO:colcon.colcon_core.plugin_system:Skipping extension 'colcon_core.shell.bat': Not used on non-Windows systems
[0.214s] INFO:colcon.colcon_core.shell:Skip shell extension 'powershell' for command environment: Not usable outside of PowerShell
[0.214s] DEBUG:colcon.colcon_core.shell:Skip shell extension 'dsv' for command environment
[0.218s] INFO:colcon.colcon_ros.task.ament_cmake.build:Building ROS package in '/home/aaron/workspaces/cliffhangers_ws/src/climbbot3_gz' with build type 'ament_cmake'
[0.218s] INFO:colcon.colcon_cmake.task.cmake.build:Building CMake package in '/home/aaron/workspaces/cliffhangers_ws/src/climbbot3_gz'
[0.218s] INFO:colcon.colcon_core.shell:Skip shell extension 'powershell' for command environment: Not usable outside of PowerShell
[0.218s] DEBUG:colcon.colcon_core.shell:Skip shell extension 'dsv' for command environment
[0.222s] INFO:colcon.colcon_ros.task.ament_cmake.build:Building ROS package in '/home/aaron/workspaces/cliffhangers_ws/src/climbing_robot_3_moveit' with build type 'ament_cmake'
[0.222s] INFO:colcon.colcon_cmake.task.cmake.build:Building CMake package in '/home/aaron/workspaces/cliffhangers_ws/src/climbing_robot_3_moveit'
[0.222s] INFO:colcon.colcon_core.shell:Skip shell extension 'powershell' for command environment: Not usable outside of PowerShell
[0.222s] DEBUG:colcon.colcon_core.shell:Skip shell extension 'dsv' for command environment
[0.225s] INFO:colcon.colcon_ros.task.ament_python.build:Building ROS package in '/home/aaron/workspaces/cliffhangers_ws/src/esp_comms' with build type 'ament_python'
[0.225s] Level 1:colcon.colcon_core.shell:create_environment_hook('esp_comms', 'ament_prefix_path')
[0.225s] INFO:colcon.colcon_core.shell:Creating environment hook '/home/aaron/workspaces/cliffhangers_ws/install/esp_comms/share/esp_comms/hook/ament_prefix_path.ps1'
[0.226s] INFO:colcon.colcon_core.shell:Creating environment descriptor '/home/aaron/workspaces/cliffhangers_ws/install/esp_comms/share/esp_comms/hook/ament_prefix_path.dsv'
[0.226s] INFO:colcon.colcon_core.shell:Creating environment hook '/home/aaron/workspaces/cliffhangers_ws/install/esp_comms/share/esp_comms/hook/ament_prefix_path.sh'
[0.226s] INFO:colcon.colcon_core.shell:Skip shell extension 'powershell' for command environment: Not usable outside of PowerShell
[0.226s] DEBUG:colcon.colcon_core.shell:Skip shell extension 'dsv' for command environment
[0.229s] INFO:colcon.colcon_ros.task.ament_python.build:Building ROS package in '/home/aaron/workspaces/cliffhangers_ws/src/realsense_pointcloud' with build type 'ament_python'
[0.229s] Level 1:colcon.colcon_core.shell:create_environment_hook('realsense_pointcloud_py', 'ament_prefix_path')
[0.229s] INFO:colcon.colcon_core.shell:Creating environment hook '/home/aaron/workspaces/cliffhangers_ws/install/realsense_pointcloud_py/share/realsense_pointcloud_py/hook/ament_prefix_path.ps1'
[0.230s] INFO:colcon.colcon_core.shell:Creating environment descriptor '/home/aaron/workspaces/cliffhangers_ws/install/realsense_pointcloud_py/share/realsense_pointcloud_py/hook/ament_prefix_path.dsv'
[0.230s] INFO:colcon.colcon_core.shell:Creating environment hook '/home/aaron/workspaces/cliffhangers_ws/install/realsense_pointcloud_py/share/realsense_pointcloud_py/hook/ament_prefix_path.sh'
[0.230s] INFO:colcon.colcon_core.shell:Skip shell extension 'powershell' for command environment: Not usable outside of PowerShell
[0.230s] DEBUG:colcon.colcon_core.shell:Skip shell extension 'dsv' for command environment
[0.238s] DEBUG:colcon.colcon_core.event_handler.log_command:Invoking command in '/home/aaron/workspaces/cliffhangers_ws/build/climbbot3_description': CMAKE_PREFIX_PATH=${CMAKE_PREFIX_PATH}:/home/aaron/workspaces/cliffhangers_ws/install/realsense_pointcloud_py:/home/aaron/workspaces/cliffhangers_ws/install/esp_comms:/opt/ros/jazzy DEBUGINFOD_URLS=https://debuginfod.ubuntu.com /usr/bin/cmake --build /home/aaron/workspaces/cliffhangers_ws/build/climbbot3_description -- -j8 -l8
[0.242s] DEBUG:colcon.colcon_core.event_handler.log_command:Invoking command in '/home/aaron/workspaces/cliffhangers_ws/build/climbbot3_gz': CMAKE_PREFIX_PATH=${CMAKE_PREFIX_PATH}:/home/aaron/workspaces/cliffhangers_ws/install/realsense_pointcloud_py:/home/aaron/workspaces/cliffhangers_ws/install/esp_comms:/opt/ros/jazzy DEBUGINFOD_URLS=https://debuginfod.ubuntu.com /usr/bin/cmake --build /home/aaron/workspaces/cliffhangers_ws/build/climbbot3_gz -- -j8 -l8
[0.244s] DEBUG:colcon.colcon_core.event_handler.log_command:Invoking command in '/home/aaron/workspaces/cliffhangers_ws/build/climbing_robot_3_moveit': CMAKE_PREFIX_PATH=${CMAKE_PREFIX_PATH}:/home/aaron/workspaces/cliffhangers_ws/install/realsense_pointcloud_py:/home/aaron/workspaces/cliffhangers_ws/install/esp_comms:/opt/ros/jazzy DEBUGINFOD_URLS=https://debuginfod.ubuntu.com /usr/bin/cmake --build /home/aaron/workspaces/cliffhangers_ws/build/climbing_robot_3_moveit -- -j8 -l8
[0.431s] INFO:colcon.colcon_core.task.python.build:Building Python package in '/home/aaron/workspaces/cliffhangers_ws/src/esp_comms'
[0.431s] INFO:colcon.colcon_core.shell:Skip shell extension 'powershell' for command environment: Not usable outside of PowerShell
[0.431s] DEBUG:colcon.colcon_core.shell:Skip shell extension 'dsv' for command environment
[0.446s] DEBUG:colcon.colcon_core.event_handler.log_command:Invoked command in '/home/aaron/workspaces/cliffhangers_ws/build/climbbot3_description' returned '0': CMAKE_PREFIX_PATH=${CMAKE_PREFIX_PATH}:/home/aaron/workspaces/cliffhangers_ws/install/realsense_pointcloud_py:/home/aaron/workspaces/cliffhangers_ws/install/esp_comms:/opt/ros/jazzy DEBUGINFOD_URLS=https://debuginfod.ubuntu.com /usr/bin/cmake --build /home/aaron/workspaces/cliffhangers_ws/build/climbbot3_description -- -j8 -l8
[0.466s] DEBUG:colcon.colcon_core.event_handler.log_command:Invoking command in '/home/aaron/workspaces/cliffhangers_ws/build/climbbot3_description': CMAKE_PREFIX_PATH=${CMAKE_PREFIX_PATH}:/home/aaron/workspaces/cliffhangers_ws/install/realsense_pointcloud_py:/home/aaron/workspaces/cliffhangers_ws/install/esp_comms:/opt/ros/jazzy DEBUGINFOD_URLS=https://debuginfod.ubuntu.com /usr/bin/cmake --install /home/aaron/workspaces/cliffhangers_ws/build/climbbot3_description
[0.467s] DEBUG:colcon.colcon_core.event_handler.log_command:Invoked command in '/home/aaron/workspaces/cliffhangers_ws/build/climbbot3_gz' returned '0': CMAKE_PREFIX_PATH=${CMAKE_PREFIX_PATH}:/home/aaron/workspaces/cliffhangers_ws/install/realsense_pointcloud_py:/home/aaron/workspaces/cliffhangers_ws/install/esp_comms:/opt/ros/jazzy DEBUGINFOD_URLS=https://debuginfod.ubuntu.com /usr/bin/cmake --build /home/aaron/workspaces/cliffhangers_ws/build/climbbot3_gz -- -j8 -l8
[0.470s] DEBUG:colcon.colcon_core.event_handler.log_command:Invoking command in '/home/aaron/workspaces/cliffhangers_ws/build/climbbot3_gz': CMAKE_PREFIX_PATH=${CMAKE_PREFIX_PATH}:/home/aaron/workspaces/cliffhangers_ws/install/realsense_pointcloud_py:/home/aaron/workspaces/cliffhangers_ws/install/esp_comms:/opt/ros/jazzy DEBUGINFOD_URLS=https://debuginfod.ubuntu.com /usr/bin/cmake --install /home/aaron/workspaces/cliffhangers_ws/build/climbbot3_gz
[0.471s] DEBUG:colcon.colcon_core.event_handler.log_command:Invoked command in '/home/aaron/workspaces/cliffhangers_ws/build/climbing_robot_3_moveit' returned '0': CMAKE_PREFIX_PATH=${CMAKE_PREFIX_PATH}:/home/aaron/workspaces/cliffhangers_ws/install/realsense_pointcloud_py:/home/aaron/workspaces/cliffhangers_ws/install/esp_comms:/opt/ros/jazzy DEBUGINFOD_URLS=https://debuginfod.ubuntu.com /usr/bin/cmake --build /home/aaron/workspaces/cliffhangers_ws/build/climbing_robot_3_moveit -- -j8 -l8
[0.474s] DEBUG:colcon.colcon_core.event_handler.log_command:Invoking command in '/home/aaron/workspaces/cliffhangers_ws/build/climbing_robot_3_moveit': CMAKE_PREFIX_PATH=${CMAKE_PREFIX_PATH}:/home/aaron/workspaces/cliffhangers_ws/install/realsense_pointcloud_py:/home/aaron/workspaces/cliffhangers_ws/install/esp_comms:/opt/ros/jazzy DEBUGINFOD_URLS=https://debuginfod.ubuntu.com /usr/bin/cmake --install /home/aaron/workspaces/cliffhangers_ws/build/climbing_robot_3_moveit
[0.664s] INFO:colcon.colcon_core.task.python.build:Building Python package in '/home/aaron/workspaces/cliffhangers_ws/src/realsense_pointcloud'
[0.665s] INFO:colcon.colcon_core.shell:Skip shell extension 'powershell' for command environment: Not usable outside of PowerShell
[0.665s] DEBUG:colcon.colcon_core.shell:Skip shell extension 'dsv' for command environment
[0.690s] Level 1:colcon.colcon_core.environment:create_environment_scripts_only(climbbot3_description)
[0.723s] Level 1:colcon.colcon_core.environment:checking '/home/aaron/workspaces/cliffhangers_ws/install/climbbot3_description' for CMake module files
[0.727s] Level 1:colcon.colcon_core.environment:checking '/home/aaron/workspaces/cliffhangers_ws/install/climbbot3_description' for CMake config files
[0.737s] Level 1:colcon.colcon_core.shell:create_environment_hook('climbbot3_description', 'cmake_prefix_path')
[0.737s] INFO:colcon.colcon_core.shell:Creating environment hook '/home/aaron/workspaces/cliffhangers_ws/install/climbbot3_description/share/climbbot3_description/hook/cmake_prefix_path.ps1'
[0.740s] INFO:colcon.colcon_core.shell:Creating environment descriptor '/home/aaron/workspaces/cliffhangers_ws/install/climbbot3_description/share/climbbot3_description/hook/cmake_prefix_path.dsv'
[0.742s] DEBUG:colcon.colcon_core.event_handler.log_command:Invoked command in '/home/aaron/workspaces/cliffhangers_ws/build/climbbot3_description' returned '0': CMAKE_PREFIX_PATH=${CMAKE_PREFIX_PATH}:/home/aaron/workspaces/cliffhangers_ws/install/realsense_pointcloud_py:/home/aaron/workspaces/cliffhangers_ws/install/esp_comms:/opt/ros/jazzy DEBUGINFOD_URLS=https://debuginfod.ubuntu.com /usr/bin/cmake --install /home/aaron/workspaces/cliffhangers_ws/build/climbbot3_description
[0.743s] INFO:colcon.colcon_core.shell:Creating environment hook '/home/aaron/workspaces/cliffhangers_ws/install/climbbot3_description/share/climbbot3_description/hook/cmake_prefix_path.sh'
[0.747s] Level 1:colcon.colcon_core.environment:checking '/home/aaron/workspaces/cliffhangers_ws/install/climbbot3_description/bin'
[0.747s] Level 1:colcon.colcon_core.environment:checking '/home/aaron/workspaces/cliffhangers_ws/install/climbbot3_description/lib/pkgconfig/climbbot3_description.pc'
[0.748s] Level 1:colcon.colcon_core.environment:checking '/home/aaron/workspaces/cliffhangers_ws/install/climbbot3_description/lib/python3.12/site-packages'
[0.748s] Level 1:colcon.colcon_core.environment:checking '/home/aaron/workspaces/cliffhangers_ws/install/climbbot3_description/bin'
[0.748s] INFO:colcon.colcon_core.shell:Creating package script '/home/aaron/workspaces/cliffhangers_ws/install/climbbot3_description/share/climbbot3_description/package.ps1'
[0.750s] INFO:colcon.colcon_core.shell:Creating package descriptor '/home/aaron/workspaces/cliffhangers_ws/install/climbbot3_description/share/climbbot3_description/package.dsv'
[0.753s] INFO:colcon.colcon_core.shell:Creating package script '/home/aaron/workspaces/cliffhangers_ws/install/climbbot3_description/share/climbbot3_description/package.sh'
[0.754s] INFO:colcon.colcon_core.shell:Creating package script '/home/aaron/workspaces/cliffhangers_ws/install/climbbot3_description/share/climbbot3_description/package.bash'
[0.755s] INFO:colcon.colcon_core.shell:Creating package script '/home/aaron/workspaces/cliffhangers_ws/install/climbbot3_description/share/climbbot3_description/package.zsh'
[0.757s] Level 1:colcon.colcon_core.environment:create_file_with_runtime_dependencies(/home/aaron/workspaces/cliffhangers_ws/install/climbbot3_description/share/colcon-core/packages/climbbot3_description)
[0.759s] Level 1:colcon.colcon_core.environment:create_environment_scripts_only(climbbot3_description)
[0.759s] Level 1:colcon.colcon_core.environment:checking '/home/aaron/workspaces/cliffhangers_ws/install/climbbot3_description' for CMake module files
[0.761s] Level 1:colcon.colcon_core.environment:checking '/home/aaron/workspaces/cliffhangers_ws/install/climbbot3_description' for CMake config files
[0.766s] Level 1:colcon.colcon_core.shell:create_environment_hook('climbbot3_description', 'cmake_prefix_path')
[0.767s] INFO:colcon.colcon_core.shell:Creating environment hook '/home/aaron/workspaces/cliffhangers_ws/install/climbbot3_description/share/climbbot3_description/hook/cmake_prefix_path.ps1'
[0.768s] INFO:colcon.colcon_core.shell:Creating environment descriptor '/home/aaron/workspaces/cliffhangers_ws/install/climbbot3_description/share/climbbot3_description/hook/cmake_prefix_path.dsv'
[0.768s] INFO:colcon.colcon_core.shell:Creating environment hook '/home/aaron/workspaces/cliffhangers_ws/install/climbbot3_description/share/climbbot3_description/hook/cmake_prefix_path.sh'
[0.769s] Level 1:colcon.colcon_core.environment:checking '/home/aaron/workspaces/cliffhangers_ws/install/climbbot3_description/bin'
[0.769s] Level 1:colcon.colcon_core.environment:checking '/home/aaron/workspaces/cliffhangers_ws/install/climbbot3_description/lib/pkgconfig/climbbot3_description.pc'
[0.770s] Level 1:colcon.colcon_core.environment:checking '/home/aaron/workspaces/cliffhangers_ws/install/climbbot3_description/lib/python3.12/site-packages'
[0.770s] Level 1:colcon.colcon_core.environment:checking '/home/aaron/workspaces/cliffhangers_ws/install/climbbot3_description/bin'
[0.770s] INFO:colcon.colcon_core.shell:Creating package script '/home/aaron/workspaces/cliffhangers_ws/install/climbbot3_description/share/climbbot3_description/package.ps1'
[0.771s] INFO:colcon.colcon_core.shell:Creating package descriptor '/home/aaron/workspaces/cliffhangers_ws/install/climbbot3_description/share/climbbot3_description/package.dsv'
[0.771s] INFO:colcon.colcon_core.shell:Creating package script '/home/aaron/workspaces/cliffhangers_ws/install/climbbot3_description/share/climbbot3_description/package.sh'
[0.772s] INFO:colcon.colcon_core.shell:Creating package script '/home/aaron/workspaces/cliffhangers_ws/install/climbbot3_description/share/climbbot3_description/package.bash'
[0.772s] INFO:colcon.colcon_core.shell:Creating package script '/home/aaron/workspaces/cliffhangers_ws/install/climbbot3_description/share/climbbot3_description/package.zsh'
[0.773s] Level 1:colcon.colcon_core.environment:create_file_with_runtime_dependencies(/home/aaron/workspaces/cliffhangers_ws/install/climbbot3_description/share/colcon-core/packages/climbbot3_description)
[0.773s] Level 1:colcon.colcon_core.environment:create_environment_scripts_only(climbing_robot_3_moveit)
[0.774s] Level 1:colcon.colcon_core.environment:checking '/home/aaron/workspaces/cliffhangers_ws/install/climbing_robot_3_moveit' for CMake module files
[0.775s] Level 1:colcon.colcon_core.environment:checking '/home/aaron/workspaces/cliffhangers_ws/install/climbing_robot_3_moveit' for CMake config files
[0.775s] DEBUG:colcon.colcon_core.event_handler.log_command:Invoked command in '/home/aaron/workspaces/cliffhangers_ws/build/climbing_robot_3_moveit' returned '0': CMAKE_PREFIX_PATH=${CMAKE_PREFIX_PATH}:/home/aaron/workspaces/cliffhangers_ws/install/realsense_pointcloud_py:/home/aaron/workspaces/cliffhangers_ws/install/esp_comms:/opt/ros/jazzy DEBUGINFOD_URLS=https://debuginfod.ubuntu.com /usr/bin/cmake --install /home/aaron/workspaces/cliffhangers_ws/build/climbing_robot_3_moveit
[0.775s] Level 1:colcon.colcon_core.shell:create_environment_hook('climbing_robot_3_moveit', 'cmake_prefix_path')
[0.776s] INFO:colcon.colcon_core.shell:Creating environment hook '/home/aaron/workspaces/cliffhangers_ws/install/climbing_robot_3_moveit/share/climbing_robot_3_moveit/hook/cmake_prefix_path.ps1'
[0.776s] INFO:colcon.colcon_core.shell:Creating environment descriptor '/home/aaron/workspaces/cliffhangers_ws/install/climbing_robot_3_moveit/share/climbing_robot_3_moveit/hook/cmake_prefix_path.dsv'
[0.777s] INFO:colcon.colcon_core.shell:Creating environment hook '/home/aaron/workspaces/cliffhangers_ws/install/climbing_robot_3_moveit/share/climbing_robot_3_moveit/hook/cmake_prefix_path.sh'
[0.777s] Level 1:colcon.colcon_core.environment:checking '/home/aaron/workspaces/cliffhangers_ws/install/climbing_robot_3_moveit/bin'
[0.777s] Level 1:colcon.colcon_core.environment:checking '/home/aaron/workspaces/cliffhangers_ws/install/climbing_robot_3_moveit/lib/pkgconfig/climbing_robot_3_moveit.pc'
[0.778s] Level 1:colcon.colcon_core.environment:checking '/home/aaron/workspaces/cliffhangers_ws/install/climbing_robot_3_moveit/lib/python3.12/site-packages'
[0.778s] Level 1:colcon.colcon_core.environment:checking '/home/aaron/workspaces/cliffhangers_ws/install/climbing_robot_3_moveit/bin'
[0.778s] INFO:colcon.colcon_core.shell:Creating package script '/home/aaron/workspaces/cliffhangers_ws/install/climbing_robot_3_moveit/share/climbing_robot_3_moveit/package.ps1'
[0.778s] INFO:colcon.colcon_core.shell:Creating package descriptor '/home/aaron/workspaces/cliffhangers_ws/install/climbing_robot_3_moveit/share/climbing_robot_3_moveit/package.dsv'
[0.779s] INFO:colcon.colcon_core.shell:Creating package script '/home/aaron/workspaces/cliffhangers_ws/install/climbing_robot_3_moveit/share/climbing_robot_3_moveit/package.sh'
[0.779s] INFO:colcon.colcon_core.shell:Creating package script '/home/aaron/workspaces/cliffhangers_ws/install/climbing_robot_3_moveit/share/climbing_robot_3_moveit/package.bash'
[0.779s] INFO:colcon.colcon_core.shell:Creating package script '/home/aaron/workspaces/cliffhangers_ws/install/climbing_robot_3_moveit/share/climbing_robot_3_moveit/package.zsh'
[0.780s] Level 1:colcon.colcon_core.environment:create_file_with_runtime_dependencies(/home/aaron/workspaces/cliffhangers_ws/install/climbing_robot_3_moveit/share/colcon-core/packages/climbing_robot_3_moveit)
[0.780s] Level 1:colcon.colcon_core.environment:create_environment_scripts_only(climbing_robot_3_moveit)
[0.780s] Level 1:colcon.colcon_core.environment:checking '/home/aaron/workspaces/cliffhangers_ws/install/climbing_robot_3_moveit' for CMake module files
[0.781s] Level 1:colcon.colcon_core.environment:checking '/home/aaron/workspaces/cliffhangers_ws/install/climbing_robot_3_moveit' for CMake config files
[0.781s] Level 1:colcon.colcon_core.shell:create_environment_hook('climbing_robot_3_moveit', 'cmake_prefix_path')
[0.781s] INFO:colcon.colcon_core.shell:Creating environment hook '/home/aaron/workspaces/cliffhangers_ws/install/climbing_robot_3_moveit/share/climbing_robot_3_moveit/hook/cmake_prefix_path.ps1'
[0.782s] INFO:colcon.colcon_core.shell:Creating environment descriptor '/home/aaron/workspaces/cliffhangers_ws/install/climbing_robot_3_moveit/share/climbing_robot_3_moveit/hook/cmake_prefix_path.dsv'
[0.782s] INFO:colcon.colcon_core.shell:Creating environment hook '/home/aaron/workspaces/cliffhangers_ws/install/climbing_robot_3_moveit/share/climbing_robot_3_moveit/hook/cmake_prefix_path.sh'
[0.782s] Level 1:colcon.colcon_core.environment:checking '/home/aaron/workspaces/cliffhangers_ws/install/climbing_robot_3_moveit/bin'
[0.782s] Level 1:colcon.colcon_core.environment:checking '/home/aaron/workspaces/cliffhangers_ws/install/climbing_robot_3_moveit/lib/pkgconfig/climbing_robot_3_moveit.pc'
[0.783s] Level 1:colcon.colcon_core.environment:checking '/home/aaron/workspaces/cliffhangers_ws/install/climbing_robot_3_moveit/lib/python3.12/site-packages'
[0.783s] Level 1:colcon.colcon_core.environment:checking '/home/aaron/workspaces/cliffhangers_ws/install/climbing_robot_3_moveit/bin'
[0.783s] INFO:colcon.colcon_core.shell:Creating package script '/home/aaron/workspaces/cliffhangers_ws/install/climbing_robot_3_moveit/share/climbing_robot_3_moveit/package.ps1'
[0.784s] INFO:colcon.colcon_core.shell:Creating package descriptor '/home/aaron/workspaces/cliffhangers_ws/install/climbing_robot_3_moveit/share/climbing_robot_3_moveit/package.dsv'
[0.784s] INFO:colcon.colcon_core.shell:Creating package script '/home/aaron/workspaces/cliffhangers_ws/install/climbing_robot_3_moveit/share/climbing_robot_3_moveit/package.sh'
[0.785s] INFO:colcon.colcon_core.shell:Creating package script '/home/aaron/workspaces/cliffhangers_ws/install/climbing_robot_3_moveit/share/climbing_robot_3_moveit/package.bash'
[0.785s] INFO:colcon.colcon_core.shell:Creating package script '/home/aaron/workspaces/cliffhangers_ws/install/climbing_robot_3_moveit/share/climbing_robot_3_moveit/package.zsh'
[0.786s] Level 1:colcon.colcon_core.environment:create_file_with_runtime_dependencies(/home/aaron/workspaces/cliffhangers_ws/install/climbing_robot_3_moveit/share/colcon-core/packages/climbing_robot_3_moveit)
[0.786s] INFO:colcon.colcon_ros.task.ament_cmake.build:Building ROS package in '/home/aaron/workspaces/cliffhangers_ws/src/climbbot3_moveit' with build type 'ament_cmake'
[0.786s] INFO:colcon.colcon_cmake.task.cmake.build:Building CMake package in '/home/aaron/workspaces/cliffhangers_ws/src/climbbot3_moveit'
[0.787s] INFO:colcon.colcon_core.shell:Skip shell extension 'powershell' for command environment: Not usable outside of PowerShell
[0.787s] DEBUG:colcon.colcon_core.shell:Skip shell extension 'dsv' for command environment
[0.792s] Level 1:colcon.colcon_core.environment:create_environment_scripts_only(climbbot3_gz)
[0.792s] Level 1:colcon.colcon_core.environment:checking '/home/aaron/workspaces/cliffhangers_ws/install/climbbot3_gz' for CMake module files
[0.792s] DEBUG:colcon.colcon_core.event_handler.log_command:Invoked command in '/home/aaron/workspaces/cliffhangers_ws/build/climbbot3_gz' returned '0': CMAKE_PREFIX_PATH=${CMAKE_PREFIX_PATH}:/home/aaron/workspaces/cliffhangers_ws/install/realsense_pointcloud_py:/home/aaron/workspaces/cliffhangers_ws/install/esp_comms:/opt/ros/jazzy DEBUGINFOD_URLS=https://debuginfod.ubuntu.com /usr/bin/cmake --install /home/aaron/workspaces/cliffhangers_ws/build/climbbot3_gz
[0.793s] Level 1:colcon.colcon_core.environment:checking '/home/aaron/workspaces/cliffhangers_ws/install/climbbot3_gz' for CMake config files
[0.793s] Level 1:colcon.colcon_core.shell:create_environment_hook('climbbot3_gz', 'cmake_prefix_path')
[0.793s] INFO:colcon.colcon_core.shell:Creating environment hook '/home/aaron/workspaces/cliffhangers_ws/install/climbbot3_gz/share/climbbot3_gz/hook/cmake_prefix_path.ps1'
[0.794s] INFO:colcon.colcon_core.shell:Creating environment descriptor '/home/aaron/workspaces/cliffhangers_ws/install/climbbot3_gz/share/climbbot3_gz/hook/cmake_prefix_path.dsv'
[0.794s] INFO:colcon.colcon_core.shell:Creating environment hook '/home/aaron/workspaces/cliffhangers_ws/install/climbbot3_gz/share/climbbot3_gz/hook/cmake_prefix_path.sh'
[0.795s] Level 1:colcon.colcon_core.environment:checking '/home/aaron/workspaces/cliffhangers_ws/install/climbbot3_gz/bin'
[0.795s] Level 1:colcon.colcon_core.environment:checking '/home/aaron/workspaces/cliffhangers_ws/install/climbbot3_gz/lib/pkgconfig/climbbot3_gz.pc'
[0.795s] Level 1:colcon.colcon_core.environment:checking '/home/aaron/workspaces/cliffhangers_ws/install/climbbot3_gz/lib/python3.12/site-packages'
[0.796s] Level 1:colcon.colcon_core.environment:checking '/home/aaron/workspaces/cliffhangers_ws/install/climbbot3_gz/bin'
[0.796s] INFO:colcon.colcon_core.shell:Creating package script '/home/aaron/workspaces/cliffhangers_ws/install/climbbot3_gz/share/climbbot3_gz/package.ps1'
[0.796s] INFO:colcon.colcon_core.shell:Creating package descriptor '/home/aaron/workspaces/cliffhangers_ws/install/climbbot3_gz/share/climbbot3_gz/package.dsv'
[0.797s] INFO:colcon.colcon_core.shell:Creating package script '/home/aaron/workspaces/cliffhangers_ws/install/climbbot3_gz/share/climbbot3_gz/package.sh'
[0.797s] INFO:colcon.colcon_core.shell:Creating package script '/home/aaron/workspaces/cliffhangers_ws/install/climbbot3_gz/share/climbbot3_gz/package.bash'
[0.797s] INFO:colcon.colcon_core.shell:Creating package script '/home/aaron/workspaces/cliffhangers_ws/install/climbbot3_gz/share/climbbot3_gz/package.zsh'
[0.798s] Level 1:colcon.colcon_core.environment:create_file_with_runtime_dependencies(/home/aaron/workspaces/cliffhangers_ws/install/climbbot3_gz/share/colcon-core/packages/climbbot3_gz)
[0.798s] Level 1:colcon.colcon_core.environment:create_environment_scripts_only(climbbot3_gz)
[0.798s] Level 1:colcon.colcon_core.environment:checking '/home/aaron/workspaces/cliffhangers_ws/install/climbbot3_gz' for CMake module files
[0.799s] Level 1:colcon.colcon_core.environment:checking '/home/aaron/workspaces/cliffhangers_ws/install/climbbot3_gz' for CMake config files
[0.799s] Level 1:colcon.colcon_core.shell:create_environment_hook('climbbot3_gz', 'cmake_prefix_path')
[0.800s] INFO:colcon.colcon_core.shell:Creating environment hook '/home/aaron/workspaces/cliffhangers_ws/install/climbbot3_gz/share/climbbot3_gz/hook/cmake_prefix_path.ps1'
[0.800s] INFO:colcon.colcon_core.shell:Creating environment descriptor '/home/aaron/workspaces/cliffhangers_ws/install/climbbot3_gz/share/climbbot3_gz/hook/cmake_prefix_path.dsv'
[0.800s] INFO:colcon.colcon_core.shell:Creating environment hook '/home/aaron/workspaces/cliffhangers_ws/install/climbbot3_gz/share/climbbot3_gz/hook/cmake_prefix_path.sh'
[0.801s] Level 1:colcon.colcon_core.environment:checking '/home/aaron/workspaces/cliffhangers_ws/install/climbbot3_gz/bin'
[0.801s] Level 1:colcon.colcon_core.environment:checking '/home/aaron/workspaces/cliffhangers_ws/install/climbbot3_gz/lib/pkgconfig/climbbot3_gz.pc'
[0.801s] Level 1:colcon.colcon_core.environment:checking '/home/aaron/workspaces/cliffhangers_ws/install/climbbot3_gz/lib/python3.12/site-packages'
[0.802s] Level 1:colcon.colcon_core.environment:checking '/home/aaron/workspaces/cliffhangers_ws/install/climbbot3_gz/bin'
[0.802s] INFO:colcon.colcon_core.shell:Creating package script '/home/aaron/workspaces/cliffhangers_ws/install/climbbot3_gz/share/climbbot3_gz/package.ps1'
[0.802s] INFO:colcon.colcon_core.shell:Creating package descriptor '/home/aaron/workspaces/cliffhangers_ws/install/climbbot3_gz/share/climbbot3_gz/package.dsv'
[0.803s] INFO:colcon.colcon_core.shell:Creating package script '/home/aaron/workspaces/cliffhangers_ws/install/climbbot3_gz/share/climbbot3_gz/package.sh'
[0.803s] INFO:colcon.colcon_core.shell:Creating package script '/home/aaron/workspaces/cliffhangers_ws/install/climbbot3_gz/share/climbbot3_gz/package.bash'
[0.804s] INFO:colcon.colcon_core.shell:Creating package script '/home/aaron/workspaces/cliffhangers_ws/install/climbbot3_gz/share/climbbot3_gz/package.zsh'
[0.804s] Level 1:colcon.colcon_core.environment:create_file_with_runtime_dependencies(/home/aaron/workspaces/cliffhangers_ws/install/climbbot3_gz/share/colcon-core/packages/climbbot3_gz)
[0.809s] DEBUG:colcon.colcon_core.event_handler.log_command:Invoking command in '/home/aaron/workspaces/cliffhangers_ws/build/climbbot3_moveit': CMAKE_PREFIX_PATH=/home/aaron/workspaces/cliffhangers_ws/install/climbbot3_description:/home/aaron/workspaces/cliffhangers_ws/install/climbing_robot_3_moveit:/home/aaron/workspaces/cliffhangers_ws/install/climbbot3_moveit:/home/aaron/workspaces/cliffhangers_ws/install/climbbot3_gz:/opt/ros/jazzy/opt/gz_sim_vendor:/opt/ros/jazzy/opt/gz_sensors_vendor:/opt/ros/jazzy/opt/gz_physics_vendor:/opt/ros/jazzy/opt/sdformat_vendor:/opt/ros/jazzy/opt/gz_gui_vendor:/opt/ros/jazzy/opt/gz_transport_vendor:/opt/ros/jazzy/opt/gz_rendering_vendor:/opt/ros/jazzy/opt/gz_plugin_vendor:/opt/ros/jazzy/opt/gz_fuel_tools_vendor:/opt/ros/jazzy/opt/gz_msgs_vendor:/opt/ros/jazzy/opt/gz_common_vendor:/opt/ros/jazzy/opt/gz_math_vendor:/opt/ros/jazzy/opt/gz_utils_vendor:/opt/ros/jazzy/opt/gz_tools_vendor:/opt/ros/jazzy/opt/gz_ogre_next_vendor:/opt/ros/jazzy/opt/gz_dartsim_vendor:/opt/ros/jazzy/opt/gz_cmake_vendor:/home/aaron/workspaces/cliffhangers_ws/install/realsense_pointcloud_py:/home/aaron/workspaces/cliffhangers_ws/install/esp_comms:/opt/ros/jazzy DEBUGINFOD_URLS=https://debuginfod.ubuntu.com /usr/bin/cmake --build /home/aaron/workspaces/cliffhangers_ws/build/climbbot3_moveit -- -j8 -l8
[0.858s] DEBUG:colcon.colcon_core.event_handler.log_command:Invoked command in '/home/aaron/workspaces/cliffhangers_ws/build/climbbot3_moveit' returned '0': CMAKE_PREFIX_PATH=/home/aaron/workspaces/cliffhangers_ws/install/climbbot3_description:/home/aaron/workspaces/cliffhangers_ws/install/climbing_robot_3_moveit:/home/aaron/workspaces/cliffhangers_ws/install/climbbot3_moveit:/home/aaron/workspaces/cliffhangers_ws/install/climbbot3_gz:/opt/ros/jazzy/opt/gz_sim_vendor:/opt/ros/jazzy/opt/gz_sensors_vendor:/opt/ros/jazzy/opt/gz_physics_vendor:/opt/ros/jazzy/opt/sdformat_vendor:/opt/ros/jazzy/opt/gz_gui_vendor:/opt/ros/jazzy/opt/gz_transport_vendor:/opt/ros/jazzy/opt/gz_rendering_vendor:/opt/ros/jazzy/opt/gz_plugin_vendor:/opt/ros/jazzy/opt/gz_fuel_tools_vendor:/opt/ros/jazzy/opt/gz_msgs_vendor:/opt/ros/jazzy/opt/gz_common_vendor:/opt/ros/jazzy/opt/gz_math_vendor:/opt/ros/jazzy/opt/gz_utils_vendor:/opt/ros/jazzy/opt/gz_tools_vendor:/opt/ros/jazzy/opt/gz_ogre_next_vendor:/opt/ros/jazzy/opt/gz_dartsim_vendor:/opt/ros/jazzy/opt/gz_cmake_vendor:/home/aaron/workspaces/cliffhangers_ws/install/realsense_pointcloud_py:/home/aaron/workspaces/cliffhangers_ws/install/esp_comms:/opt/ros/jazzy DEBUGINFOD_URLS=https://debuginfod.ubuntu.com /usr/bin/cmake --build /home/aaron/workspaces/cliffhangers_ws/build/climbbot3_moveit -- -j8 -l8
[0.859s] DEBUG:colcon.colcon_core.event_handler.log_command:Invoking command in '/home/aaron/workspaces/cliffhangers_ws/build/climbbot3_moveit': CMAKE_PREFIX_PATH=/home/aaron/workspaces/cliffhangers_ws/install/climbbot3_description:/home/aaron/workspaces/cliffhangers_ws/install/climbing_robot_3_moveit:/home/aaron/workspaces/cliffhangers_ws/install/climbbot3_moveit:/home/aaron/workspaces/cliffhangers_ws/install/climbbot3_gz:/opt/ros/jazzy/opt/gz_sim_vendor:/opt/ros/jazzy/opt/gz_sensors_vendor:/opt/ros/jazzy/opt/gz_physics_vendor:/opt/ros/jazzy/opt/sdformat_vendor:/opt/ros/jazzy/opt/gz_gui_vendor:/opt/ros/jazzy/opt/gz_transport_vendor:/opt/ros/jazzy/opt/gz_rendering_vendor:/opt/ros/jazzy/opt/gz_plugin_vendor:/opt/ros/jazzy/opt/gz_fuel_tools_vendor:/opt/ros/jazzy/opt/gz_msgs_vendor:/opt/ros/jazzy/opt/gz_common_vendor:/opt/ros/jazzy/opt/gz_math_vendor:/opt/ros/jazzy/opt/gz_utils_vendor:/opt/ros/jazzy/opt/gz_tools_vendor:/opt/ros/jazzy/opt/gz_ogre_next_vendor:/opt/ros/jazzy/opt/gz_dartsim_vendor:/opt/ros/jazzy/opt/gz_cmake_vendor:/home/aaron/workspaces/cliffhangers_ws/install/realsense_pointcloud_py:/home/aaron/workspaces/cliffhangers_ws/install/esp_comms:/opt/ros/jazzy DEBUGINFOD_URLS=https://debuginfod.ubuntu.com /usr/bin/cmake --install /home/aaron/workspaces/cliffhangers_ws/build/climbbot3_moveit
[0.887s] Level 1:colcon.colcon_core.environment:create_environment_scripts_only(climbbot3_moveit)
[0.887s] Level 1:colcon.colcon_core.environment:checking '/home/aaron/workspaces/cliffhangers_ws/install/climbbot3_moveit' for CMake module files
[0.892s] Level 1:colcon.colcon_core.environment:checking '/home/aaron/workspaces/cliffhangers_ws/install/climbbot3_moveit' for CMake config files
[0.893s] DEBUG:colcon.colcon_core.event_handler.log_command:Invoked command in '/home/aaron/workspaces/cliffhangers_ws/build/climbbot3_moveit' returned '0': CMAKE_PREFIX_PATH=/home/aaron/workspaces/cliffhangers_ws/install/climbbot3_description:/home/aaron/workspaces/cliffhangers_ws/install/climbing_robot_3_moveit:/home/aaron/workspaces/cliffhangers_ws/install/climbbot3_moveit:/home/aaron/workspaces/cliffhangers_ws/install/climbbot3_gz:/opt/ros/jazzy/opt/gz_sim_vendor:/opt/ros/jazzy/opt/gz_sensors_vendor:/opt/ros/jazzy/opt/gz_physics_vendor:/opt/ros/jazzy/opt/sdformat_vendor:/opt/ros/jazzy/opt/gz_gui_vendor:/opt/ros/jazzy/opt/gz_transport_vendor:/opt/ros/jazzy/opt/gz_rendering_vendor:/opt/ros/jazzy/opt/gz_plugin_vendor:/opt/ros/jazzy/opt/gz_fuel_tools_vendor:/opt/ros/jazzy/opt/gz_msgs_vendor:/opt/ros/jazzy/opt/gz_common_vendor:/opt/ros/jazzy/opt/gz_math_vendor:/opt/ros/jazzy/opt/gz_utils_vendor:/opt/ros/jazzy/opt/gz_tools_vendor:/opt/ros/jazzy/opt/gz_ogre_next_vendor:/opt/ros/jazzy/opt/gz_dartsim_vendor:/opt/ros/jazzy/opt/gz_cmake_vendor:/home/aaron/workspaces/cliffhangers_ws/install/realsense_pointcloud_py:/home/aaron/workspaces/cliffhangers_ws/install/esp_comms:/opt/ros/jazzy DEBUGINFOD_URLS=https://debuginfod.ubuntu.com /usr/bin/cmake --install /home/aaron/workspaces/cliffhangers_ws/build/climbbot3_moveit
[0.893s] Level 1:colcon.colcon_core.shell:create_environment_hook('climbbot3_moveit', 'cmake_prefix_path')
[0.894s] INFO:colcon.colcon_core.shell:Creating environment hook '/home/aaron/workspaces/cliffhangers_ws/install/climbbot3_moveit/share/climbbot3_moveit/hook/cmake_prefix_path.ps1'
[0.894s] INFO:colcon.colcon_core.shell:Creating environment descriptor '/home/aaron/workspaces/cliffhangers_ws/install/climbbot3_moveit/share/climbbot3_moveit/hook/cmake_prefix_path.dsv'
[0.895s] INFO:colcon.colcon_core.shell:Creating environment hook '/home/aaron/workspaces/cliffhangers_ws/install/climbbot3_moveit/share/climbbot3_moveit/hook/cmake_prefix_path.sh'
[0.895s] Level 1:colcon.colcon_core.environment:checking '/home/aaron/workspaces/cliffhangers_ws/install/climbbot3_moveit/lib'
[0.895s] Level 1:colcon.colcon_core.environment:checking '/home/aaron/workspaces/cliffhangers_ws/install/climbbot3_moveit/bin'
[0.896s] Level 1:colcon.colcon_core.environment:checking '/home/aaron/workspaces/cliffhangers_ws/install/climbbot3_moveit/lib/pkgconfig/climbbot3_moveit.pc'
[0.896s] Level 1:colcon.colcon_core.environment:checking '/home/aaron/workspaces/cliffhangers_ws/install/climbbot3_moveit/lib/python3.12/site-packages'
[0.896s] Level 1:colcon.colcon_core.environment:checking '/home/aaron/workspaces/cliffhangers_ws/install/climbbot3_moveit/bin'
[0.896s] INFO:colcon.colcon_core.shell:Creating package script '/home/aaron/workspaces/cliffhangers_ws/install/climbbot3_moveit/share/climbbot3_moveit/package.ps1'
[0.897s] INFO:colcon.colcon_core.shell:Creating package descriptor '/home/aaron/workspaces/cliffhangers_ws/install/climbbot3_moveit/share/climbbot3_moveit/package.dsv'
[0.897s] INFO:colcon.colcon_core.shell:Creating package script '/home/aaron/workspaces/cliffhangers_ws/install/climbbot3_moveit/share/climbbot3_moveit/package.sh'
[0.898s] INFO:colcon.colcon_core.shell:Creating package script '/home/aaron/workspaces/cliffhangers_ws/install/climbbot3_moveit/share/climbbot3_moveit/package.bash'
[0.898s] INFO:colcon.colcon_core.shell:Creating package script '/home/aaron/workspaces/cliffhangers_ws/install/climbbot3_moveit/share/climbbot3_moveit/package.zsh'
[0.899s] Level 1:colcon.colcon_core.environment:create_file_with_runtime_dependencies(/home/aaron/workspaces/cliffhangers_ws/install/climbbot3_moveit/share/colcon-core/packages/climbbot3_moveit)
[0.900s] Level 1:colcon.colcon_core.environment:create_environment_scripts_only(climbbot3_moveit)
[0.900s] Level 1:colcon.colcon_core.environment:checking '/home/aaron/workspaces/cliffhangers_ws/install/climbbot3_moveit' for CMake module files
[0.901s] Level 1:colcon.colcon_core.environment:checking '/home/aaron/workspaces/cliffhangers_ws/install/climbbot3_moveit' for CMake config files
[0.901s] Level 1:colcon.colcon_core.shell:create_environment_hook('climbbot3_moveit', 'cmake_prefix_path')
[0.901s] INFO:colcon.colcon_core.shell:Creating environment hook '/home/aaron/workspaces/cliffhangers_ws/install/climbbot3_moveit/share/climbbot3_moveit/hook/cmake_prefix_path.ps1'
[0.902s] INFO:colcon.colcon_core.shell:Creating environment descriptor '/home/aaron/workspaces/cliffhangers_ws/install/climbbot3_moveit/share/climbbot3_moveit/hook/cmake_prefix_path.dsv'
[0.902s] INFO:colcon.colcon_core.shell:Creating environment hook '/home/aaron/workspaces/cliffhangers_ws/install/climbbot3_moveit/share/climbbot3_moveit/hook/cmake_prefix_path.sh'
[0.903s] Level 1:colcon.colcon_core.environment:checking '/home/aaron/workspaces/cliffhangers_ws/install/climbbot3_moveit/lib'
[0.903s] Level 1:colcon.colcon_core.environment:checking '/home/aaron/workspaces/cliffhangers_ws/install/climbbot3_moveit/bin'
[0.903s] Level 1:colcon.colcon_core.environment:checking '/home/aaron/workspaces/cliffhangers_ws/install/climbbot3_moveit/lib/pkgconfig/climbbot3_moveit.pc'
[0.904s] Level 1:colcon.colcon_core.environment:checking '/home/aaron/workspaces/cliffhangers_ws/install/climbbot3_moveit/lib/python3.12/site-packages'
[0.904s] Level 1:colcon.colcon_core.environment:checking '/home/aaron/workspaces/cliffhangers_ws/install/climbbot3_moveit/bin'
[0.904s] INFO:colcon.colcon_core.shell:Creating package script '/home/aaron/workspaces/cliffhangers_ws/install/climbbot3_moveit/share/climbbot3_moveit/package.ps1'
[0.905s] INFO:colcon.colcon_core.shell:Creating package descriptor '/home/aaron/workspaces/cliffhangers_ws/install/climbbot3_moveit/share/climbbot3_moveit/package.dsv'
[0.905s] INFO:colcon.colcon_core.shell:Creating package script '/home/aaron/workspaces/cliffhangers_ws/install/climbbot3_moveit/share/climbbot3_moveit/package.sh'
[0.906s] INFO:colcon.colcon_core.shell:Creating package script '/home/aaron/workspaces/cliffhangers_ws/install/climbbot3_moveit/share/climbbot3_moveit/package.bash'
[0.907s] INFO:colcon.colcon_core.shell:Creating package script '/home/aaron/workspaces/cliffhangers_ws/install/climbbot3_moveit/share/climbbot3_moveit/package.zsh'
[0.907s] Level 1:colcon.colcon_core.environment:create_file_with_runtime_dependencies(/home/aaron/workspaces/cliffhangers_ws/install/climbbot3_moveit/share/colcon-core/packages/climbbot3_moveit)
[1.175s] DEBUG:colcon.colcon_core.event_handler.log_command:Invoking command in '/home/aaron/workspaces/cliffhangers_ws/src/esp_comms': DEBUGINFOD_URLS=https://debuginfod.ubuntu.com PYTHONPATH=/home/aaron/workspaces/cliffhangers_ws/build/esp_comms/prefix_override:/usr/lib/python3/dist-packages/colcon_core/task/python/colcon_distutils_commands:/home/aaron/workspaces/cliffhangers_ws/install/esp_comms/lib/python3.12/site-packages:${PYTHONPATH} /usr/bin/python3 -W ignore:setup.py install is deprecated -W ignore:easy_install command is deprecated setup.py egg_info --egg-base ../../build/esp_comms build --build-base /home/aaron/workspaces/cliffhangers_ws/build/esp_comms/build install --record /home/aaron/workspaces/cliffhangers_ws/build/esp_comms/install.log --single-version-externally-managed install_data
[1.283s] DEBUG:colcon.colcon_core.event_handler.log_command:Invoking command in '/home/aaron/workspaces/cliffhangers_ws/src/realsense_pointcloud': DEBUGINFOD_URLS=https://debuginfod.ubuntu.com PYTHONPATH=/home/aaron/workspaces/cliffhangers_ws/build/realsense_pointcloud_py/prefix_override:/usr/lib/python3/dist-packages/colcon_core/task/python/colcon_distutils_commands:/home/aaron/workspaces/cliffhangers_ws/install/realsense_pointcloud_py/lib/python3.12/site-packages:${PYTHONPATH} /usr/bin/python3 -W ignore:setup.py install is deprecated -W ignore:easy_install command is deprecated setup.py egg_info --egg-base ../../build/realsense_pointcloud_py build --build-base /home/aaron/workspaces/cliffhangers_ws/build/realsense_pointcloud_py/build install --record /home/aaron/workspaces/cliffhangers_ws/build/realsense_pointcloud_py/install.log --single-version-externally-managed install_data
[1.609s] Level 1:colcon.colcon_core.environment:checking '/home/aaron/workspaces/cliffhangers_ws/install/esp_comms' for CMake module files
[1.611s] DEBUG:colcon.colcon_core.event_handler.log_command:Invoked command in '/home/aaron/workspaces/cliffhangers_ws/src/esp_comms' returned '0': DEBUGINFOD_URLS=https://debuginfod.ubuntu.com PYTHONPATH=/home/aaron/workspaces/cliffhangers_ws/build/esp_comms/prefix_override:/usr/lib/python3/dist-packages/colcon_core/task/python/colcon_distutils_commands:/home/aaron/workspaces/cliffhangers_ws/install/esp_comms/lib/python3.12/site-packages:${PYTHONPATH} /usr/bin/python3 -W ignore:setup.py install is deprecated -W ignore:easy_install command is deprecated setup.py egg_info --egg-base ../../build/esp_comms build --build-base /home/aaron/workspaces/cliffhangers_ws/build/esp_comms/build install --record /home/aaron/workspaces/cliffhangers_ws/build/esp_comms/install.log --single-version-externally-managed install_data
[1.612s] Level 1:colcon.colcon_core.environment:checking '/home/aaron/workspaces/cliffhangers_ws/install/esp_comms' for CMake config files
[1.614s] Level 1:colcon.colcon_core.environment:checking '/home/aaron/workspaces/cliffhangers_ws/install/esp_comms/lib'
[1.614s] Level 1:colcon.colcon_core.environment:checking '/home/aaron/workspaces/cliffhangers_ws/install/esp_comms/bin'
[1.615s] Level 1:colcon.colcon_core.environment:checking '/home/aaron/workspaces/cliffhangers_ws/install/esp_comms/lib/pkgconfig/esp_comms.pc'
[1.616s] Level 1:colcon.colcon_core.environment:checking '/home/aaron/workspaces/cliffhangers_ws/install/esp_comms/lib/python3.12/site-packages'
[1.616s] Level 1:colcon.colcon_core.shell:create_environment_hook('esp_comms', 'pythonpath')
[1.617s] INFO:colcon.colcon_core.shell:Creating environment hook '/home/aaron/workspaces/cliffhangers_ws/install/esp_comms/share/esp_comms/hook/pythonpath.ps1'
[1.618s] INFO:colcon.colcon_core.shell:Creating environment descriptor '/home/aaron/workspaces/cliffhangers_ws/install/esp_comms/share/esp_comms/hook/pythonpath.dsv'
[1.619s] INFO:colcon.colcon_core.shell:Creating environment hook '/home/aaron/workspaces/cliffhangers_ws/install/esp_comms/share/esp_comms/hook/pythonpath.sh'
[1.621s] Level 1:colcon.colcon_core.environment:checking '/home/aaron/workspaces/cliffhangers_ws/install/esp_comms/bin'
[1.621s] Level 1:colcon.colcon_core.environment:create_environment_scripts_only(esp_comms)
[1.622s] INFO:colcon.colcon_core.shell:Creating package script '/home/aaron/workspaces/cliffhangers_ws/install/esp_comms/share/esp_comms/package.ps1'
[1.623s] INFO:colcon.colcon_core.shell:Creating package descriptor '/home/aaron/workspaces/cliffhangers_ws/install/esp_comms/share/esp_comms/package.dsv'
[1.624s] INFO:colcon.colcon_core.shell:Creating package script '/home/aaron/workspaces/cliffhangers_ws/install/esp_comms/share/esp_comms/package.sh'
[1.625s] INFO:colcon.colcon_core.shell:Creating package script '/home/aaron/workspaces/cliffhangers_ws/install/esp_comms/share/esp_comms/package.bash'
[1.625s] INFO:colcon.colcon_core.shell:Creating package script '/home/aaron/workspaces/cliffhangers_ws/install/esp_comms/share/esp_comms/package.zsh'
[1.626s] Level 1:colcon.colcon_core.environment:create_file_with_runtime_dependencies(/home/aaron/workspaces/cliffhangers_ws/install/esp_comms/share/colcon-core/packages/esp_comms)
[1.738s] Level 1:colcon.colcon_core.environment:checking '/home/aaron/workspaces/cliffhangers_ws/install/realsense_pointcloud_py' for CMake module files
[1.740s] DEBUG:colcon.colcon_core.event_handler.log_command:Invoked command in '/home/aaron/workspaces/cliffhangers_ws/src/realsense_pointcloud' returned '0': DEBUGINFOD_URLS=https://debuginfod.ubuntu.com PYTHONPATH=/home/aaron/workspaces/cliffhangers_ws/build/realsense_pointcloud_py/prefix_override:/usr/lib/python3/dist-packages/colcon_core/task/python/colcon_distutils_commands:/home/aaron/workspaces/cliffhangers_ws/install/realsense_pointcloud_py/lib/python3.12/site-packages:${PYTHONPATH} /usr/bin/python3 -W ignore:setup.py install is deprecated -W ignore:easy_install command is deprecated setup.py egg_info --egg-base ../../build/realsense_pointcloud_py build --build-base /home/aaron/workspaces/cliffhangers_ws/build/realsense_pointcloud_py/build install --record /home/aaron/workspaces/cliffhangers_ws/build/realsense_pointcloud_py/install.log --single-version-externally-managed install_data
[1.741s] Level 1:colcon.colcon_core.environment:checking '/home/aaron/workspaces/cliffhangers_ws/install/realsense_pointcloud_py' for CMake config files
[1.742s] Level 1:colcon.colcon_core.environment:checking '/home/aaron/workspaces/cliffhangers_ws/install/realsense_pointcloud_py/lib'
[1.743s] Level 1:colcon.colcon_core.environment:checking '/home/aaron/workspaces/cliffhangers_ws/install/realsense_pointcloud_py/bin'
[1.743s] Level 1:colcon.colcon_core.environment:checking '/home/aaron/workspaces/cliffhangers_ws/install/realsense_pointcloud_py/lib/pkgconfig/realsense_pointcloud_py.pc'
[1.744s] Level 1:colcon.colcon_core.environment:checking '/home/aaron/workspaces/cliffhangers_ws/install/realsense_pointcloud_py/lib/python3.12/site-packages'
[1.744s] Level 1:colcon.colcon_core.shell:create_environment_hook('realsense_pointcloud_py', 'pythonpath')
[1.745s] INFO:colcon.colcon_core.shell:Creating environment hook '/home/aaron/workspaces/cliffhangers_ws/install/realsense_pointcloud_py/share/realsense_pointcloud_py/hook/pythonpath.ps1'
[1.746s] INFO:colcon.colcon_core.shell:Creating environment descriptor '/home/aaron/workspaces/cliffhangers_ws/install/realsense_pointcloud_py/share/realsense_pointcloud_py/hook/pythonpath.dsv'
[1.747s] INFO:colcon.colcon_core.shell:Creating environment hook '/home/aaron/workspaces/cliffhangers_ws/install/realsense_pointcloud_py/share/realsense_pointcloud_py/hook/pythonpath.sh'
[1.749s] Level 1:colcon.colcon_core.environment:checking '/home/aaron/workspaces/cliffhangers_ws/install/realsense_pointcloud_py/bin'
[1.749s] Level 1:colcon.colcon_core.environment:create_environment_scripts_only(realsense_pointcloud_py)
[1.750s] INFO:colcon.colcon_core.shell:Creating package script '/home/aaron/workspaces/cliffhangers_ws/install/realsense_pointcloud_py/share/realsense_pointcloud_py/package.ps1'
[1.751s] INFO:colcon.colcon_core.shell:Creating package descriptor '/home/aaron/workspaces/cliffhangers_ws/install/realsense_pointcloud_py/share/realsense_pointcloud_py/package.dsv'
[1.752s] INFO:colcon.colcon_core.shell:Creating package script '/home/aaron/workspaces/cliffhangers_ws/install/realsense_pointcloud_py/share/realsense_pointcloud_py/package.sh'
[1.753s] INFO:colcon.colcon_core.shell:Creating package script '/home/aaron/workspaces/cliffhangers_ws/install/realsense_pointcloud_py/share/realsense_pointcloud_py/package.bash'
[1.754s] INFO:colcon.colcon_core.shell:Creating package script '/home/aaron/workspaces/cliffhangers_ws/install/realsense_pointcloud_py/share/realsense_pointcloud_py/package.zsh'
[1.755s] Level 1:colcon.colcon_core.environment:create_file_with_runtime_dependencies(/home/aaron/workspaces/cliffhangers_ws/install/realsense_pointcloud_py/share/colcon-core/packages/realsense_pointcloud_py)
[1.755s] DEBUG:colcon.colcon_parallel_executor.executor.parallel:closing loop
[1.755s] DEBUG:colcon.colcon_parallel_executor.executor.parallel:loop closed
[1.756s] DEBUG:colcon.colcon_parallel_executor.executor.parallel:run_until_complete finished with '0'
[1.756s] DEBUG:colcon.colcon_core.event_reactor:joining thread
[1.770s] INFO:colcon.colcon_core.plugin_system:Skipping extension 'colcon_notification.desktop_notification.terminal_notifier': Not used on non-Darwin systems
[1.771s] INFO:colcon.colcon_core.plugin_system:Skipping extension 'colcon_notification.desktop_notification.win32': Not used on non-Windows systems
[1.771s] INFO:colcon.colcon_notification.desktop_notification:Sending desktop notification using 'notify2'
[1.804s] DEBUG:colcon.colcon_core.event_reactor:joined thread
[1.805s] INFO:colcon.colcon_core.shell:Creating prefix script '/home/aaron/workspaces/cliffhangers_ws/install/local_setup.ps1'
[1.806s] INFO:colcon.colcon_core.shell:Creating prefix util module '/home/aaron/workspaces/cliffhangers_ws/install/_local_setup_util_ps1.py'
[1.809s] INFO:colcon.colcon_core.shell:Creating prefix chain script '/home/aaron/workspaces/cliffhangers_ws/install/setup.ps1'
[1.811s] INFO:colcon.colcon_core.shell:Creating prefix script '/home/aaron/workspaces/cliffhangers_ws/install/local_setup.sh'
[1.812s] INFO:colcon.colcon_core.shell:Creating prefix util module '/home/aaron/workspaces/cliffhangers_ws/install/_local_setup_util_sh.py'
[1.812s] INFO:colcon.colcon_core.shell:Creating prefix chain script '/home/aaron/workspaces/cliffhangers_ws/install/setup.sh'
[1.813s] INFO:colcon.colcon_core.shell:Creating prefix script '/home/aaron/workspaces/cliffhangers_ws/install/local_setup.bash'
[1.814s] INFO:colcon.colcon_core.shell:Creating prefix chain script '/home/aaron/workspaces/cliffhangers_ws/install/setup.bash'
[1.815s] INFO:colcon.colcon_core.shell:Creating prefix script '/home/aaron/workspaces/cliffhangers_ws/install/local_setup.zsh'
[1.815s] INFO:colcon.colcon_core.shell:Creating prefix chain script '/home/aaron/workspaces/cliffhangers_ws/install/setup.zsh'
