[0.012s] Invoking command in '/home/aaron/workspaces/cliffhangers_ws/build/climbing_robot_3_moveit': DEBUGINFOD_URLS=https://debuginfod.ubuntu.com /usr/bin/cmake /home/aaron/workspaces/cliffhangers_ws/src/climbing_robot_3_moveit -DCMAKE_INSTALL_PREFIX=/home/aaron/workspaces/cliffhangers_ws/install/climbing_robot_3_moveit
[0.180s] -- The C compiler identification is GNU 13.3.0
[0.265s] -- The CXX compiler identification is GNU 13.3.0
[0.278s] -- Detecting C compiler ABI info
[0.354s] -- Detecting C compiler ABI info - done
[0.367s] -- Check for working C compiler: /usr/bin/cc - skipped
[0.368s] -- Detecting C compile features
[0.368s] -- Detecting C compile features - done
[0.377s] -- Detecting CXX compiler ABI info
[0.468s] -- Detecting CXX compiler ABI info - done
[0.477s] -- Check for working CXX compiler: /usr/bin/c++ - skipped
[0.478s] -- Detecting CXX compile features
[0.478s] -- Detecting CXX compile features - done
[0.484s] [31mCMake Error at CMakeLists.txt:4 (find_package):
[0.484s]   By not providing "Findament_cmake.cmake" in CMAKE_MODULE_PATH this project
[0.484s]   has asked CMake to find a package configuration file provided by
[0.484s]   "ament_cmake", but CMake did not find one.
[0.484s] 
[0.484s]   Could not find a package configuration file provided by "ament_cmake" with
[0.484s]   any of the following names:
[0.484s] 
[0.484s]     ament_cmakeConfig.cmake
[0.484s]     ament_cmake-config.cmake
[0.484s] 
[0.484s]   Add the installation prefix of "ament_cmake" to CMAKE_PREFIX_PATH or set
[0.484s]   "ament_cmake_DIR" to a directory containing one of the above files.  If
[0.484s]   "ament_cmake" provides a separate development package or SDK, be sure it
[0.485s]   has been installed.
[0.485s] 
[0.485s] [0m
[0.485s] -- Configuring incomplete, errors occurred!
[0.487s] Invoked command in '/home/aaron/workspaces/cliffhangers_ws/build/climbing_robot_3_moveit' returned '1': DEBUGINFOD_URLS=https://debuginfod.ubuntu.com /usr/bin/cmake /home/aaron/workspaces/cliffhangers_ws/src/climbing_robot_3_moveit -DCMAKE_INSTALL_PREFIX=/home/aaron/workspaces/cliffhangers_ws/install/climbing_robot_3_moveit
