[1.091s] Invoking command in '/home/aaron/workspaces/cliffhangers_ws/src/esp_comms': DEBUGINFOD_URLS=https://debuginfod.ubuntu.com PS1=(myenv) \[\e]0;\u@\h: \w\a\]${debian_chroot:+($debian_chroot)}\[\033[01;32m\]\u@\h\[\033[00m\]:\[\033[01;34m\]\w\[\033[00m\]\$ PYTHONPATH=/home/aaron/workspaces/cliffhangers_ws/build/esp_comms/prefix_override:/usr/lib/python3/dist-packages/colcon_core/task/python/colcon_distutils_commands:/home/aaron/workspaces/cliffhangers_ws/install/esp_comms/lib/python3.12/site-packages:${PYTHONPATH} VIRTUAL_ENV_PROMPT=(myenv) /usr/bin/python3 -W ignore:setup.py install is deprecated -W ignore:easy_install command is deprecated setup.py egg_info --egg-base ../../build/esp_comms build --build-base /home/aaron/workspaces/cliffhangers_ws/build/esp_comms/build install --record /home/aaron/workspaces/cliffhangers_ws/build/esp_comms/install.log --single-version-externally-managed install_data
[1.438s] running egg_info
[1.451s] writing ../../build/esp_comms/esp_comms.egg-info/PKG-INFO
[1.451s] writing dependency_links to ../../build/esp_comms/esp_comms.egg-info/dependency_links.txt
[1.455s] writing entry points to ../../build/esp_comms/esp_comms.egg-info/entry_points.txt
[1.455s] writing requirements to ../../build/esp_comms/esp_comms.egg-info/requires.txt
[1.455s] writing top-level names to ../../build/esp_comms/esp_comms.egg-info/top_level.txt
[1.477s] reading manifest file '../../build/esp_comms/esp_comms.egg-info/SOURCES.txt'
[1.477s] writing manifest file '../../build/esp_comms/esp_comms.egg-info/SOURCES.txt'
[1.478s] running build
[1.478s] running build_py
[1.478s] running install
[1.491s] running install_lib
[1.502s] running install_data
[1.502s] running install_egg_info
[1.518s] removing '/home/aaron/workspaces/cliffhangers_ws/install/esp_comms/lib/python3.12/site-packages/esp_comms-0.0.0-py3.12.egg-info' (and everything under it)
[1.518s] Copying ../../build/esp_comms/esp_comms.egg-info to /home/aaron/workspaces/cliffhangers_ws/install/esp_comms/lib/python3.12/site-packages/esp_comms-0.0.0-py3.12.egg-info
[1.518s] running install_scripts
[1.618s] Installing rpi_esp_comms script to /home/aaron/workspaces/cliffhangers_ws/install/esp_comms/lib/esp_comms
[1.619s] writing list of installed files to '/home/aaron/workspaces/cliffhangers_ws/build/esp_comms/install.log'
[1.657s] Invoked command in '/home/aaron/workspaces/cliffhangers_ws/src/esp_comms' returned '0': DEBUGINFOD_URLS=https://debuginfod.ubuntu.com PS1=(myenv) \[\e]0;\u@\h: \w\a\]${debian_chroot:+($debian_chroot)}\[\033[01;32m\]\u@\h\[\033[00m\]:\[\033[01;34m\]\w\[\033[00m\]\$ PYTHONPATH=/home/aaron/workspaces/cliffhangers_ws/build/esp_comms/prefix_override:/usr/lib/python3/dist-packages/colcon_core/task/python/colcon_distutils_commands:/home/aaron/workspaces/cliffhangers_ws/install/esp_comms/lib/python3.12/site-packages:${PYTHONPATH} VIRTUAL_ENV_PROMPT=(myenv) /usr/bin/python3 -W ignore:setup.py install is deprecated -W ignore:easy_install command is deprecated setup.py egg_info --egg-base ../../build/esp_comms build --build-base /home/aaron/workspaces/cliffhangers_ws/build/esp_comms/build install --record /home/aaron/workspaces/cliffhangers_ws/build/esp_comms/install.log --single-version-externally-managed install_data
